ERROR - 2023-09-25 21:08:21 --> Table 'klinik.checkin' doesn't exist
CRITICAL - 2023-09-25 21:08:21 --> Call to a member function getResult() on bool
#0 C:\xampp\htdocs\klinik\app\Controllers\Home.php(300): App\Models\M_model->tampil('checkin')
#1 C:\xampp\htdocs\klinik\system\CodeIgniter.php(832): App\Controllers\Home->tambah_in()
#2 C:\xampp\htdocs\klinik\system\CodeIgniter.php(419): CodeIgniter\CodeIgniter->runController(Object(App\Controllers\Home))
#3 C:\xampp\htdocs\klinik\system\CodeIgniter.php(326): CodeIgniter\CodeIgniter->handleRequest(NULL, Object(Config\Cache), false)
#4 C:\xampp\htdocs\klinik\public\index.php(37): CodeIgniter\CodeIgniter->run()
#5 C:\xampp\htdocs\klinik\system\Commands\Server\rewrite.php(43): require_once('C:\\xampp\\htdocs...')
#6 {main}
ERROR - 2023-09-25 21:24:41 --> Table 'klinik.checkin' doesn't exist
CRITICAL - 2023-09-25 21:24:41 --> Call to a member function getResult() on bool
#0 C:\xampp\htdocs\klinik\app\Controllers\Home.php(337): App\Models\M_model->tampil('checkin')
#1 C:\xampp\htdocs\klinik\system\CodeIgniter.php(832): App\Controllers\Home->tambah_in()
#2 C:\xampp\htdocs\klinik\system\CodeIgniter.php(419): CodeIgniter\CodeIgniter->runController(Object(App\Controllers\Home))
#3 C:\xampp\htdocs\klinik\system\CodeIgniter.php(326): CodeIgniter\CodeIgniter->handleRequest(NULL, Object(Config\Cache), false)
#4 C:\xampp\htdocs\klinik\public\index.php(37): CodeIgniter\CodeIgniter->run()
#5 C:\xampp\htdocs\klinik\system\Commands\Server\rewrite.php(43): require_once('C:\\xampp\\htdocs...')
#6 {main}
ERROR - 2023-09-25 21:30:58 --> Table 'klinik.checkin' doesn't exist
ERROR - 2023-09-25 21:30:58 --> Table 'klinik.checkin' doesn't exist
CRITICAL - 2023-09-25 21:30:58 --> Call to a member function getResult() on bool
#0 C:\xampp\htdocs\klinik\app\Controllers\Home.php(334): App\Models\M_model->tampil('checkin')
#1 C:\xampp\htdocs\klinik\system\CodeIgniter.php(832): App\Controllers\Home->checkin()
#2 C:\xampp\htdocs\klinik\system\CodeIgniter.php(419): CodeIgniter\CodeIgniter->runController(Object(App\Controllers\Home))
#3 C:\xampp\htdocs\klinik\system\CodeIgniter.php(326): CodeIgniter\CodeIgniter->handleRequest(NULL, Object(Config\Cache), false)
#4 C:\xampp\htdocs\klinik\public\index.php(37): CodeIgniter\CodeIgniter->run()
#5 C:\xampp\htdocs\klinik\system\Commands\Server\rewrite.php(43): require_once('C:\\xampp\\htdocs...')
#6 {main}
ERROR - 2023-09-25 21:31:59 --> Table 'klinik.checkin' doesn't exist
CRITICAL - 2023-09-25 21:31:59 --> Call to a member function getResult() on bool
#0 C:\xampp\htdocs\klinik\app\Controllers\Home.php(334): App\Models\M_model->tampil('checkin')
#1 C:\xampp\htdocs\klinik\system\CodeIgniter.php(832): App\Controllers\Home->checkin()
#2 C:\xampp\htdocs\klinik\system\CodeIgniter.php(419): CodeIgniter\CodeIgniter->runController(Object(App\Controllers\Home))
#3 C:\xampp\htdocs\klinik\system\CodeIgniter.php(326): CodeIgniter\CodeIgniter->handleRequest(NULL, Object(Config\Cache), false)
#4 C:\xampp\htdocs\klinik\public\index.php(37): CodeIgniter\CodeIgniter->run()
#5 C:\xampp\htdocs\klinik\system\Commands\Server\rewrite.php(43): require_once('C:\\xampp\\htdocs...')
#6 {main}
ERROR - 2023-09-25 21:48:46 --> Table 'klinik.checkin' doesn't exist
CRITICAL - 2023-09-25 21:48:46 --> Call to a member function getResult() on bool
#0 C:\xampp\htdocs\klinik\app\Controllers\Home.php(374): App\Models\M_model->tampil('checkin')
#1 C:\xampp\htdocs\klinik\system\CodeIgniter.php(832): App\Controllers\Home->checkin()
#2 C:\xampp\htdocs\klinik\system\CodeIgniter.php(419): CodeIgniter\CodeIgniter->runController(Object(App\Controllers\Home))
#3 C:\xampp\htdocs\klinik\system\CodeIgniter.php(326): CodeIgniter\CodeIgniter->handleRequest(NULL, Object(Config\Cache), false)
#4 C:\xampp\htdocs\klinik\public\index.php(37): CodeIgniter\CodeIgniter->run()
#5 C:\xampp\htdocs\klinik\system\Commands\Server\rewrite.php(43): require_once('C:\\xampp\\htdocs...')
#6 {main}
