CRITICAL - 2023-11-10 03:49:53 --> Invalid file: header.php
#0 C:\xampp\htdocs\tcc\system\View\View.php(198): CodeIgniter\Exceptions\FrameworkException::forInvalidFile('header.php')
#1 C:\xampp\htdocs\tcc\system\Common.php(1089): CodeIgniter\View\View->render('header', Array, true)
#2 C:\xampp\htdocs\tcc\app\Controllers\Home.php(37): view('header')
#3 C:\xampp\htdocs\tcc\system\CodeIgniter.php(832): App\Controllers\Home->login()
#4 C:\xampp\htdocs\tcc\system\CodeIgniter.php(419): CodeIgniter\CodeIgniter->runController(Object(App\Controllers\Home))
#5 C:\xampp\htdocs\tcc\system\CodeIgniter.php(326): CodeIgniter\CodeIgniter->handleRequest(NULL, Object(Config\Cache), false)
#6 C:\xampp\htdocs\tcc\public\index.php(37): CodeIgniter\CodeIgniter->run()
#7 C:\xampp\htdocs\tcc\system\Commands\Server\rewrite.php(43): require_once('C:\\xampp\\htdocs...')
#8 {main}
CRITICAL - 2023-11-10 03:53:15 --> Invalid file: header.php
#0 C:\xampp\htdocs\tcc\system\View\View.php(198): CodeIgniter\Exceptions\FrameworkException::forInvalidFile('header.php')
#1 C:\xampp\htdocs\tcc\system\Common.php(1089): CodeIgniter\View\View->render('header', Array, true)
#2 C:\xampp\htdocs\tcc\app\Controllers\Home.php(37): view('header')
#3 C:\xampp\htdocs\tcc\system\CodeIgniter.php(832): App\Controllers\Home->login()
#4 C:\xampp\htdocs\tcc\system\CodeIgniter.php(419): CodeIgniter\CodeIgniter->runController(Object(App\Controllers\Home))
#5 C:\xampp\htdocs\tcc\system\CodeIgniter.php(326): CodeIgniter\CodeIgniter->handleRequest(NULL, Object(Config\Cache), false)
#6 C:\xampp\htdocs\tcc\public\index.php(37): CodeIgniter\CodeIgniter->run()
#7 C:\xampp\htdocs\tcc\system\Commands\Server\rewrite.php(43): require_once('C:\\xampp\\htdocs...')
#8 {main}
CRITICAL - 2023-11-10 03:53:19 --> Invalid file: header.php
#0 C:\xampp\htdocs\tcc\system\View\View.php(198): CodeIgniter\Exceptions\FrameworkException::forInvalidFile('header.php')
#1 C:\xampp\htdocs\tcc\system\Common.php(1089): CodeIgniter\View\View->render('header', Array, true)
#2 C:\xampp\htdocs\tcc\app\Controllers\Home.php(37): view('header')
#3 C:\xampp\htdocs\tcc\system\CodeIgniter.php(832): App\Controllers\Home->login()
#4 C:\xampp\htdocs\tcc\system\CodeIgniter.php(419): CodeIgniter\CodeIgniter->runController(Object(App\Controllers\Home))
#5 C:\xampp\htdocs\tcc\system\CodeIgniter.php(326): CodeIgniter\CodeIgniter->handleRequest(NULL, Object(Config\Cache), false)
#6 C:\xampp\htdocs\tcc\public\index.php(37): CodeIgniter\CodeIgniter->run()
#7 C:\xampp\htdocs\tcc\system\Commands\Server\rewrite.php(43): require_once('C:\\xampp\\htdocs...')
#8 {main}
CRITICAL - 2023-11-10 03:53:22 --> Invalid file: header.php
#0 C:\xampp\htdocs\tcc\system\View\View.php(198): CodeIgniter\Exceptions\FrameworkException::forInvalidFile('header.php')
#1 C:\xampp\htdocs\tcc\system\Common.php(1089): CodeIgniter\View\View->render('header', Array, true)
#2 C:\xampp\htdocs\tcc\app\Controllers\Home.php(37): view('header')
#3 C:\xampp\htdocs\tcc\system\CodeIgniter.php(832): App\Controllers\Home->login()
#4 C:\xampp\htdocs\tcc\system\CodeIgniter.php(419): CodeIgniter\CodeIgniter->runController(Object(App\Controllers\Home))
#5 C:\xampp\htdocs\tcc\system\CodeIgniter.php(326): CodeIgniter\CodeIgniter->handleRequest(NULL, Object(Config\Cache), false)
#6 C:\xampp\htdocs\tcc\public\index.php(37): CodeIgniter\CodeIgniter->run()
#7 C:\xampp\htdocs\tcc\system\Commands\Server\rewrite.php(43): require_once('C:\\xampp\\htdocs...')
#8 {main}
CRITICAL - 2023-11-10 03:53:55 --> Invalid file: header.php
#0 C:\xampp\htdocs\tcc\system\View\View.php(198): CodeIgniter\Exceptions\FrameworkException::forInvalidFile('header.php')
#1 C:\xampp\htdocs\tcc\system\Common.php(1089): CodeIgniter\View\View->render('header', Array, true)
#2 C:\xampp\htdocs\tcc\app\Controllers\Home.php(37): view('header')
#3 C:\xampp\htdocs\tcc\system\CodeIgniter.php(832): App\Controllers\Home->login()
#4 C:\xampp\htdocs\tcc\system\CodeIgniter.php(419): CodeIgniter\CodeIgniter->runController(Object(App\Controllers\Home))
#5 C:\xampp\htdocs\tcc\system\CodeIgniter.php(326): CodeIgniter\CodeIgniter->handleRequest(NULL, Object(Config\Cache), false)
#6 C:\xampp\htdocs\tcc\public\index.php(37): CodeIgniter\CodeIgniter->run()
#7 C:\xampp\htdocs\tcc\system\Commands\Server\rewrite.php(43): require_once('C:\\xampp\\htdocs...')
#8 {main}
CRITICAL - 2023-11-10 03:53:57 --> Invalid file: header.php
#0 C:\xampp\htdocs\tcc\system\View\View.php(198): CodeIgniter\Exceptions\FrameworkException::forInvalidFile('header.php')
#1 C:\xampp\htdocs\tcc\system\Common.php(1089): CodeIgniter\View\View->render('header', Array, true)
#2 C:\xampp\htdocs\tcc\app\Controllers\Home.php(37): view('header')
#3 C:\xampp\htdocs\tcc\system\CodeIgniter.php(832): App\Controllers\Home->login()
#4 C:\xampp\htdocs\tcc\system\CodeIgniter.php(419): CodeIgniter\CodeIgniter->runController(Object(App\Controllers\Home))
#5 C:\xampp\htdocs\tcc\system\CodeIgniter.php(326): CodeIgniter\CodeIgniter->handleRequest(NULL, Object(Config\Cache), false)
#6 C:\xampp\htdocs\tcc\public\index.php(37): CodeIgniter\CodeIgniter->run()
#7 C:\xampp\htdocs\tcc\system\Commands\Server\rewrite.php(43): require_once('C:\\xampp\\htdocs...')
#8 {main}
CRITICAL - 2023-11-10 03:54:00 --> Invalid file: header.php
#0 C:\xampp\htdocs\tcc\system\View\View.php(198): CodeIgniter\Exceptions\FrameworkException::forInvalidFile('header.php')
#1 C:\xampp\htdocs\tcc\system\Common.php(1089): CodeIgniter\View\View->render('header', Array, true)
#2 C:\xampp\htdocs\tcc\app\Controllers\Home.php(37): view('header')
#3 C:\xampp\htdocs\tcc\system\CodeIgniter.php(832): App\Controllers\Home->login()
#4 C:\xampp\htdocs\tcc\system\CodeIgniter.php(419): CodeIgniter\CodeIgniter->runController(Object(App\Controllers\Home))
#5 C:\xampp\htdocs\tcc\system\CodeIgniter.php(326): CodeIgniter\CodeIgniter->handleRequest(NULL, Object(Config\Cache), false)
#6 C:\xampp\htdocs\tcc\public\index.php(37): CodeIgniter\CodeIgniter->run()
#7 C:\xampp\htdocs\tcc\system\Commands\Server\rewrite.php(43): require_once('C:\\xampp\\htdocs...')
#8 {main}
CRITICAL - 2023-11-10 03:54:01 --> Invalid file: header.php
#0 C:\xampp\htdocs\tcc\system\View\View.php(198): CodeIgniter\Exceptions\FrameworkException::forInvalidFile('header.php')
#1 C:\xampp\htdocs\tcc\system\Common.php(1089): CodeIgniter\View\View->render('header', Array, true)
#2 C:\xampp\htdocs\tcc\app\Controllers\Home.php(37): view('header')
#3 C:\xampp\htdocs\tcc\system\CodeIgniter.php(832): App\Controllers\Home->login()
#4 C:\xampp\htdocs\tcc\system\CodeIgniter.php(419): CodeIgniter\CodeIgniter->runController(Object(App\Controllers\Home))
#5 C:\xampp\htdocs\tcc\system\CodeIgniter.php(326): CodeIgniter\CodeIgniter->handleRequest(NULL, Object(Config\Cache), false)
#6 C:\xampp\htdocs\tcc\public\index.php(37): CodeIgniter\CodeIgniter->run()
#7 C:\xampp\htdocs\tcc\system\Commands\Server\rewrite.php(43): require_once('C:\\xampp\\htdocs...')
#8 {main}
CRITICAL - 2023-11-10 03:55:51 --> Invalid file: header.php
#0 C:\xampp\htdocs\tcc\system\View\View.php(198): CodeIgniter\Exceptions\FrameworkException::forInvalidFile('header.php')
#1 C:\xampp\htdocs\tcc\system\Common.php(1089): CodeIgniter\View\View->render('header', Array, true)
#2 C:\xampp\htdocs\tcc\app\Controllers\Home.php(37): view('header')
#3 C:\xampp\htdocs\tcc\system\CodeIgniter.php(832): App\Controllers\Home->login()
#4 C:\xampp\htdocs\tcc\system\CodeIgniter.php(419): CodeIgniter\CodeIgniter->runController(Object(App\Controllers\Home))
#5 C:\xampp\htdocs\tcc\system\CodeIgniter.php(326): CodeIgniter\CodeIgniter->handleRequest(NULL, Object(Config\Cache), false)
#6 C:\xampp\htdocs\tcc\public\index.php(37): CodeIgniter\CodeIgniter->run()
#7 C:\xampp\htdocs\tcc\system\Commands\Server\rewrite.php(43): require_once('C:\\xampp\\htdocs...')
#8 {main}
CRITICAL - 2023-11-10 03:55:53 --> Invalid file: header.php
#0 C:\xampp\htdocs\tcc\system\View\View.php(198): CodeIgniter\Exceptions\FrameworkException::forInvalidFile('header.php')
#1 C:\xampp\htdocs\tcc\system\Common.php(1089): CodeIgniter\View\View->render('header', Array, true)
#2 C:\xampp\htdocs\tcc\app\Controllers\Home.php(37): view('header')
#3 C:\xampp\htdocs\tcc\system\CodeIgniter.php(832): App\Controllers\Home->login()
#4 C:\xampp\htdocs\tcc\system\CodeIgniter.php(419): CodeIgniter\CodeIgniter->runController(Object(App\Controllers\Home))
#5 C:\xampp\htdocs\tcc\system\CodeIgniter.php(326): CodeIgniter\CodeIgniter->handleRequest(NULL, Object(Config\Cache), false)
#6 C:\xampp\htdocs\tcc\public\index.php(37): CodeIgniter\CodeIgniter->run()
#7 C:\xampp\htdocs\tcc\system\Commands\Server\rewrite.php(43): require_once('C:\\xampp\\htdocs...')
#8 {main}
CRITICAL - 2023-11-10 03:56:17 --> mysqli_query() expects parameter 1 to be mysqli, null given
#0 [internal function]: CodeIgniter\Debug\Exceptions->errorHandler(2, 'mysqli_query() ...', 'C:\\xampp\\htdocs...', 61, Array)
#1 C:\xampp\htdocs\tcc\app\Views\template\header.php(61): mysqli_query(NULL, 'SELECT * FROM l...')
#2 C:\xampp\htdocs\tcc\system\View\View.php(210): include('C:\\xampp\\htdocs...')
#3 C:\xampp\htdocs\tcc\system\View\View.php(213): CodeIgniter\View\View->CodeIgniter\View\{closure}()
#4 C:\xampp\htdocs\tcc\system\Common.php(1089): CodeIgniter\View\View->render('template/header', Array, true)
#5 C:\xampp\htdocs\tcc\app\Controllers\Home.php(37): view('template/header')
#6 C:\xampp\htdocs\tcc\system\CodeIgniter.php(832): App\Controllers\Home->login()
#7 C:\xampp\htdocs\tcc\system\CodeIgniter.php(419): CodeIgniter\CodeIgniter->runController(Object(App\Controllers\Home))
#8 C:\xampp\htdocs\tcc\system\CodeIgniter.php(326): CodeIgniter\CodeIgniter->handleRequest(NULL, Object(Config\Cache), false)
#9 C:\xampp\htdocs\tcc\public\index.php(37): CodeIgniter\CodeIgniter->run()
#10 C:\xampp\htdocs\tcc\system\Commands\Server\rewrite.php(43): require_once('C:\\xampp\\htdocs...')
#11 {main}
CRITICAL - 2023-11-10 03:59:17 --> mysqli_query() expects parameter 1 to be mysqli, null given
#0 [internal function]: CodeIgniter\Debug\Exceptions->errorHandler(2, 'mysqli_query() ...', 'C:\\xampp\\htdocs...', 61, Array)
#1 C:\xampp\htdocs\tcc\app\Views\template\header.php(61): mysqli_query(NULL, 'SELECT * FROM l...')
#2 C:\xampp\htdocs\tcc\system\View\View.php(210): include('C:\\xampp\\htdocs...')
#3 C:\xampp\htdocs\tcc\system\View\View.php(213): CodeIgniter\View\View->CodeIgniter\View\{closure}()
#4 C:\xampp\htdocs\tcc\system\Common.php(1089): CodeIgniter\View\View->render('template/header', Array, true)
#5 C:\xampp\htdocs\tcc\app\Controllers\Home.php(37): view('template/header')
#6 C:\xampp\htdocs\tcc\system\CodeIgniter.php(832): App\Controllers\Home->login()
#7 C:\xampp\htdocs\tcc\system\CodeIgniter.php(419): CodeIgniter\CodeIgniter->runController(Object(App\Controllers\Home))
#8 C:\xampp\htdocs\tcc\system\CodeIgniter.php(326): CodeIgniter\CodeIgniter->handleRequest(NULL, Object(Config\Cache), false)
#9 C:\xampp\htdocs\tcc\public\index.php(37): CodeIgniter\CodeIgniter->run()
#10 C:\xampp\htdocs\tcc\system\Commands\Server\rewrite.php(43): require_once('C:\\xampp\\htdocs...')
#11 {main}
CRITICAL - 2023-11-10 03:59:24 --> mysqli_query() expects parameter 1 to be mysqli, null given
#0 [internal function]: CodeIgniter\Debug\Exceptions->errorHandler(2, 'mysqli_query() ...', 'C:\\xampp\\htdocs...', 61, Array)
#1 C:\xampp\htdocs\tcc\app\Views\template\header.php(61): mysqli_query(NULL, 'SELECT * FROM l...')
#2 C:\xampp\htdocs\tcc\system\View\View.php(210): include('C:\\xampp\\htdocs...')
#3 C:\xampp\htdocs\tcc\system\View\View.php(213): CodeIgniter\View\View->CodeIgniter\View\{closure}()
#4 C:\xampp\htdocs\tcc\system\Common.php(1089): CodeIgniter\View\View->render('template/header', Array, true)
#5 C:\xampp\htdocs\tcc\app\Controllers\Home.php(37): view('template/header')
#6 C:\xampp\htdocs\tcc\system\CodeIgniter.php(832): App\Controllers\Home->login()
#7 C:\xampp\htdocs\tcc\system\CodeIgniter.php(419): CodeIgniter\CodeIgniter->runController(Object(App\Controllers\Home))
#8 C:\xampp\htdocs\tcc\system\CodeIgniter.php(326): CodeIgniter\CodeIgniter->handleRequest(NULL, Object(Config\Cache), false)
#9 C:\xampp\htdocs\tcc\public\index.php(37): CodeIgniter\CodeIgniter->run()
#10 C:\xampp\htdocs\tcc\system\Commands\Server\rewrite.php(43): require_once('C:\\xampp\\htdocs...')
#11 {main}
CRITICAL - 2023-11-10 04:03:44 --> mysqli_query() expects parameter 1 to be mysqli, null given
#0 [internal function]: CodeIgniter\Debug\Exceptions->errorHandler(2, 'mysqli_query() ...', 'C:\\xampp\\htdocs...', 61, Array)
#1 C:\xampp\htdocs\tcc\app\Views\template\header.php(61): mysqli_query(NULL, 'SELECT * FROM l...')
#2 C:\xampp\htdocs\tcc\system\View\View.php(210): include('C:\\xampp\\htdocs...')
#3 C:\xampp\htdocs\tcc\system\View\View.php(213): CodeIgniter\View\View->CodeIgniter\View\{closure}()
#4 C:\xampp\htdocs\tcc\system\Common.php(1089): CodeIgniter\View\View->render('template/header', Array, true)
#5 C:\xampp\htdocs\tcc\app\Controllers\Home.php(37): view('template/header')
#6 C:\xampp\htdocs\tcc\system\CodeIgniter.php(832): App\Controllers\Home->login()
#7 C:\xampp\htdocs\tcc\system\CodeIgniter.php(419): CodeIgniter\CodeIgniter->runController(Object(App\Controllers\Home))
#8 C:\xampp\htdocs\tcc\system\CodeIgniter.php(326): CodeIgniter\CodeIgniter->handleRequest(NULL, Object(Config\Cache), false)
#9 C:\xampp\htdocs\tcc\public\index.php(37): CodeIgniter\CodeIgniter->run()
#10 C:\xampp\htdocs\tcc\system\Commands\Server\rewrite.php(43): require_once('C:\\xampp\\htdocs...')
#11 {main}
CRITICAL - 2023-11-10 04:07:31 --> mysqli_query() expects parameter 1 to be mysqli, null given
#0 [internal function]: CodeIgniter\Debug\Exceptions->errorHandler(2, 'mysqli_query() ...', 'C:\\xampp\\htdocs...', 61, Array)
#1 C:\xampp\htdocs\tcc\app\Views\template\header.php(61): mysqli_query(NULL, 'SELECT * FROM l...')
#2 C:\xampp\htdocs\tcc\system\View\View.php(210): include('C:\\xampp\\htdocs...')
#3 C:\xampp\htdocs\tcc\system\View\View.php(213): CodeIgniter\View\View->CodeIgniter\View\{closure}()
#4 C:\xampp\htdocs\tcc\system\Common.php(1089): CodeIgniter\View\View->render('template/header', Array, true)
#5 C:\xampp\htdocs\tcc\app\Controllers\Home.php(37): view('template/header')
#6 C:\xampp\htdocs\tcc\system\CodeIgniter.php(832): App\Controllers\Home->login()
#7 C:\xampp\htdocs\tcc\system\CodeIgniter.php(419): CodeIgniter\CodeIgniter->runController(Object(App\Controllers\Home))
#8 C:\xampp\htdocs\tcc\system\CodeIgniter.php(326): CodeIgniter\CodeIgniter->handleRequest(NULL, Object(Config\Cache), false)
#9 C:\xampp\htdocs\tcc\public\index.php(37): CodeIgniter\CodeIgniter->run()
#10 C:\xampp\htdocs\tcc\system\Commands\Server\rewrite.php(43): require_once('C:\\xampp\\htdocs...')
#11 {main}
CRITICAL - 2023-11-10 04:07:33 --> mysqli_query() expects parameter 1 to be mysqli, null given
#0 [internal function]: CodeIgniter\Debug\Exceptions->errorHandler(2, 'mysqli_query() ...', 'C:\\xampp\\htdocs...', 61, Array)
#1 C:\xampp\htdocs\tcc\app\Views\template\header.php(61): mysqli_query(NULL, 'SELECT * FROM l...')
#2 C:\xampp\htdocs\tcc\system\View\View.php(210): include('C:\\xampp\\htdocs...')
#3 C:\xampp\htdocs\tcc\system\View\View.php(213): CodeIgniter\View\View->CodeIgniter\View\{closure}()
#4 C:\xampp\htdocs\tcc\system\Common.php(1089): CodeIgniter\View\View->render('template/header', Array, true)
#5 C:\xampp\htdocs\tcc\app\Controllers\Home.php(37): view('template/header')
#6 C:\xampp\htdocs\tcc\system\CodeIgniter.php(832): App\Controllers\Home->login()
#7 C:\xampp\htdocs\tcc\system\CodeIgniter.php(419): CodeIgniter\CodeIgniter->runController(Object(App\Controllers\Home))
#8 C:\xampp\htdocs\tcc\system\CodeIgniter.php(326): CodeIgniter\CodeIgniter->handleRequest(NULL, Object(Config\Cache), false)
#9 C:\xampp\htdocs\tcc\public\index.php(37): CodeIgniter\CodeIgniter->run()
#10 C:\xampp\htdocs\tcc\system\Commands\Server\rewrite.php(43): require_once('C:\\xampp\\htdocs...')
#11 {main}
CRITICAL - 2023-11-10 04:07:36 --> mysqli_query() expects parameter 1 to be mysqli, null given
#0 [internal function]: CodeIgniter\Debug\Exceptions->errorHandler(2, 'mysqli_query() ...', 'C:\\xampp\\htdocs...', 61, Array)
#1 C:\xampp\htdocs\tcc\app\Views\template\header.php(61): mysqli_query(NULL, 'SELECT * FROM l...')
#2 C:\xampp\htdocs\tcc\system\View\View.php(210): include('C:\\xampp\\htdocs...')
#3 C:\xampp\htdocs\tcc\system\View\View.php(213): CodeIgniter\View\View->CodeIgniter\View\{closure}()
#4 C:\xampp\htdocs\tcc\system\Common.php(1089): CodeIgniter\View\View->render('template/header', Array, true)
#5 C:\xampp\htdocs\tcc\app\Controllers\Home.php(37): view('template/header')
#6 C:\xampp\htdocs\tcc\system\CodeIgniter.php(832): App\Controllers\Home->login()
#7 C:\xampp\htdocs\tcc\system\CodeIgniter.php(419): CodeIgniter\CodeIgniter->runController(Object(App\Controllers\Home))
#8 C:\xampp\htdocs\tcc\system\CodeIgniter.php(326): CodeIgniter\CodeIgniter->handleRequest(NULL, Object(Config\Cache), false)
#9 C:\xampp\htdocs\tcc\public\index.php(37): CodeIgniter\CodeIgniter->run()
#10 C:\xampp\htdocs\tcc\system\Commands\Server\rewrite.php(43): require_once('C:\\xampp\\htdocs...')
#11 {main}
CRITICAL - 2023-11-10 04:07:39 --> mysqli_query() expects parameter 1 to be mysqli, null given
#0 [internal function]: CodeIgniter\Debug\Exceptions->errorHandler(2, 'mysqli_query() ...', 'C:\\xampp\\htdocs...', 61, Array)
#1 C:\xampp\htdocs\tcc\app\Views\template\header.php(61): mysqli_query(NULL, 'SELECT * FROM l...')
#2 C:\xampp\htdocs\tcc\system\View\View.php(210): include('C:\\xampp\\htdocs...')
#3 C:\xampp\htdocs\tcc\system\View\View.php(213): CodeIgniter\View\View->CodeIgniter\View\{closure}()
#4 C:\xampp\htdocs\tcc\system\Common.php(1089): CodeIgniter\View\View->render('template/header', Array, true)
#5 C:\xampp\htdocs\tcc\app\Controllers\Home.php(37): view('template/header')
#6 C:\xampp\htdocs\tcc\system\CodeIgniter.php(832): App\Controllers\Home->login()
#7 C:\xampp\htdocs\tcc\system\CodeIgniter.php(419): CodeIgniter\CodeIgniter->runController(Object(App\Controllers\Home))
#8 C:\xampp\htdocs\tcc\system\CodeIgniter.php(326): CodeIgniter\CodeIgniter->handleRequest(NULL, Object(Config\Cache), false)
#9 C:\xampp\htdocs\tcc\public\index.php(37): CodeIgniter\CodeIgniter->run()
#10 C:\xampp\htdocs\tcc\system\Commands\Server\rewrite.php(43): require_once('C:\\xampp\\htdocs...')
#11 {main}
CRITICAL - 2023-11-10 04:07:40 --> mysqli_query() expects parameter 1 to be mysqli, null given
#0 [internal function]: CodeIgniter\Debug\Exceptions->errorHandler(2, 'mysqli_query() ...', 'C:\\xampp\\htdocs...', 61, Array)
#1 C:\xampp\htdocs\tcc\app\Views\template\header.php(61): mysqli_query(NULL, 'SELECT * FROM l...')
#2 C:\xampp\htdocs\tcc\system\View\View.php(210): include('C:\\xampp\\htdocs...')
#3 C:\xampp\htdocs\tcc\system\View\View.php(213): CodeIgniter\View\View->CodeIgniter\View\{closure}()
#4 C:\xampp\htdocs\tcc\system\Common.php(1089): CodeIgniter\View\View->render('template/header', Array, true)
#5 C:\xampp\htdocs\tcc\app\Controllers\Home.php(37): view('template/header')
#6 C:\xampp\htdocs\tcc\system\CodeIgniter.php(832): App\Controllers\Home->login()
#7 C:\xampp\htdocs\tcc\system\CodeIgniter.php(419): CodeIgniter\CodeIgniter->runController(Object(App\Controllers\Home))
#8 C:\xampp\htdocs\tcc\system\CodeIgniter.php(326): CodeIgniter\CodeIgniter->handleRequest(NULL, Object(Config\Cache), false)
#9 C:\xampp\htdocs\tcc\public\index.php(37): CodeIgniter\CodeIgniter->run()
#10 C:\xampp\htdocs\tcc\system\Commands\Server\rewrite.php(43): require_once('C:\\xampp\\htdocs...')
#11 {main}
CRITICAL - 2023-11-10 04:08:12 --> mysqli_query() expects parameter 1 to be mysqli, null given
#0 [internal function]: CodeIgniter\Debug\Exceptions->errorHandler(2, 'mysqli_query() ...', 'C:\\xampp\\htdocs...', 87, Array)
#1 C:\xampp\htdocs\tcc\app\Views\template\header.php(87): mysqli_query(NULL, 'SELECT * FROM l...')
#2 C:\xampp\htdocs\tcc\system\View\View.php(210): include('C:\\xampp\\htdocs...')
#3 C:\xampp\htdocs\tcc\system\View\View.php(213): CodeIgniter\View\View->CodeIgniter\View\{closure}()
#4 C:\xampp\htdocs\tcc\system\Common.php(1089): CodeIgniter\View\View->render('template/header', Array, true)
#5 C:\xampp\htdocs\tcc\app\Controllers\Home.php(37): view('template/header')
#6 C:\xampp\htdocs\tcc\system\CodeIgniter.php(832): App\Controllers\Home->login()
#7 C:\xampp\htdocs\tcc\system\CodeIgniter.php(419): CodeIgniter\CodeIgniter->runController(Object(App\Controllers\Home))
#8 C:\xampp\htdocs\tcc\system\CodeIgniter.php(326): CodeIgniter\CodeIgniter->handleRequest(NULL, Object(Config\Cache), false)
#9 C:\xampp\htdocs\tcc\public\index.php(37): CodeIgniter\CodeIgniter->run()
#10 C:\xampp\htdocs\tcc\system\Commands\Server\rewrite.php(43): require_once('C:\\xampp\\htdocs...')
#11 {main}
CRITICAL - 2023-11-10 04:15:13 --> require(config.php): failed to open stream: No such file or directory
#0 C:\xampp\htdocs\tcc\app\Views\login.php(6): CodeIgniter\Debug\Exceptions->errorHandler(2, 'require(config....', 'C:\\xampp\\htdocs...', 6, Array)
#1 C:\xampp\htdocs\tcc\app\Views\login.php(6): require()
#2 C:\xampp\htdocs\tcc\system\View\View.php(210): include('C:\\xampp\\htdocs...')
#3 C:\xampp\htdocs\tcc\system\View\View.php(213): CodeIgniter\View\View->CodeIgniter\View\{closure}()
#4 C:\xampp\htdocs\tcc\system\Common.php(1089): CodeIgniter\View\View->render('login', Array, true)
#5 C:\xampp\htdocs\tcc\app\Controllers\Home.php(38): view('login')
#6 C:\xampp\htdocs\tcc\system\CodeIgniter.php(832): App\Controllers\Home->login()
#7 C:\xampp\htdocs\tcc\system\CodeIgniter.php(419): CodeIgniter\CodeIgniter->runController(Object(App\Controllers\Home))
#8 C:\xampp\htdocs\tcc\system\CodeIgniter.php(326): CodeIgniter\CodeIgniter->handleRequest(NULL, Object(Config\Cache), false)
#9 C:\xampp\htdocs\tcc\public\index.php(37): CodeIgniter\CodeIgniter->run()
#10 C:\xampp\htdocs\tcc\system\Commands\Server\rewrite.php(43): require_once('C:\\xampp\\htdocs...')
#11 {main}
ERROR - 2023-11-10 04:41:07 --> Table 'tokoacc.user' doesn't exist
CRITICAL - 2023-11-10 04:41:07 --> Call to a member function getRowArray() on bool
#0 C:\xampp\htdocs\tcc\app\Controllers\Home.php(52): App\Models\M_model->getarray('user', Array)
#1 C:\xampp\htdocs\tcc\system\CodeIgniter.php(832): App\Controllers\Home->aksi_login()
#2 C:\xampp\htdocs\tcc\system\CodeIgniter.php(419): CodeIgniter\CodeIgniter->runController(Object(App\Controllers\Home))
#3 C:\xampp\htdocs\tcc\system\CodeIgniter.php(326): CodeIgniter\CodeIgniter->handleRequest(NULL, Object(Config\Cache), false)
#4 C:\xampp\htdocs\tcc\public\index.php(37): CodeIgniter\CodeIgniter->run()
#5 C:\xampp\htdocs\tcc\system\Commands\Server\rewrite.php(43): require_once('C:\\xampp\\htdocs...')
#6 {main}
ERROR - 2023-11-10 04:42:11 --> Table 'tokoacc.user' doesn't exist
CRITICAL - 2023-11-10 04:42:11 --> Call to a member function getRowArray() on bool
#0 C:\xampp\htdocs\tcc\app\Controllers\Home.php(52): App\Models\M_model->getarray('user', Array)
#1 C:\xampp\htdocs\tcc\system\CodeIgniter.php(832): App\Controllers\Home->aksi_login()
#2 C:\xampp\htdocs\tcc\system\CodeIgniter.php(419): CodeIgniter\CodeIgniter->runController(Object(App\Controllers\Home))
#3 C:\xampp\htdocs\tcc\system\CodeIgniter.php(326): CodeIgniter\CodeIgniter->handleRequest(NULL, Object(Config\Cache), false)
#4 C:\xampp\htdocs\tcc\public\index.php(37): CodeIgniter\CodeIgniter->run()
#5 C:\xampp\htdocs\tcc\system\Commands\Server\rewrite.php(43): require_once('C:\\xampp\\htdocs...')
#6 {main}
ERROR - 2023-11-10 04:43:12 --> Table 'tokoacc.user' doesn't exist
CRITICAL - 2023-11-10 04:43:12 --> Call to a member function getRowArray() on bool
#0 C:\xampp\htdocs\tcc\app\Controllers\Home.php(52): App\Models\M_model->getarray('user', Array)
#1 C:\xampp\htdocs\tcc\system\CodeIgniter.php(832): App\Controllers\Home->aksi_login()
#2 C:\xampp\htdocs\tcc\system\CodeIgniter.php(419): CodeIgniter\CodeIgniter->runController(Object(App\Controllers\Home))
#3 C:\xampp\htdocs\tcc\system\CodeIgniter.php(326): CodeIgniter\CodeIgniter->handleRequest(NULL, Object(Config\Cache), false)
#4 C:\xampp\htdocs\tcc\public\index.php(37): CodeIgniter\CodeIgniter->run()
#5 C:\xampp\htdocs\tcc\system\Commands\Server\rewrite.php(43): require_once('C:\\xampp\\htdocs...')
#6 {main}
ERROR - 2023-11-10 04:44:18 --> Unknown column 'username' in 'where clause'
CRITICAL - 2023-11-10 04:44:18 --> Call to a member function getRowArray() on bool
#0 C:\xampp\htdocs\tcc\app\Controllers\Home.php(52): App\Models\M_model->getarray('login', Array)
#1 C:\xampp\htdocs\tcc\system\CodeIgniter.php(832): App\Controllers\Home->aksi_login()
#2 C:\xampp\htdocs\tcc\system\CodeIgniter.php(419): CodeIgniter\CodeIgniter->runController(Object(App\Controllers\Home))
#3 C:\xampp\htdocs\tcc\system\CodeIgniter.php(326): CodeIgniter\CodeIgniter->handleRequest(NULL, Object(Config\Cache), false)
#4 C:\xampp\htdocs\tcc\public\index.php(37): CodeIgniter\CodeIgniter->run()
#5 C:\xampp\htdocs\tcc\system\Commands\Server\rewrite.php(43): require_once('C:\\xampp\\htdocs...')
#6 {main}
ERROR - 2023-11-10 04:44:21 --> Unknown column 'username' in 'where clause'
CRITICAL - 2023-11-10 04:44:21 --> Call to a member function getRowArray() on bool
#0 C:\xampp\htdocs\tcc\app\Controllers\Home.php(52): App\Models\M_model->getarray('login', Array)
#1 C:\xampp\htdocs\tcc\system\CodeIgniter.php(832): App\Controllers\Home->aksi_login()
#2 C:\xampp\htdocs\tcc\system\CodeIgniter.php(419): CodeIgniter\CodeIgniter->runController(Object(App\Controllers\Home))
#3 C:\xampp\htdocs\tcc\system\CodeIgniter.php(326): CodeIgniter\CodeIgniter->handleRequest(NULL, Object(Config\Cache), false)
#4 C:\xampp\htdocs\tcc\public\index.php(37): CodeIgniter\CodeIgniter->run()
#5 C:\xampp\htdocs\tcc\system\Commands\Server\rewrite.php(43): require_once('C:\\xampp\\htdocs...')
#6 {main}
ERROR - 2023-11-10 04:44:25 --> Unknown column 'username' in 'where clause'
CRITICAL - 2023-11-10 04:44:25 --> Call to a member function getRowArray() on bool
#0 C:\xampp\htdocs\tcc\app\Controllers\Home.php(52): App\Models\M_model->getarray('login', Array)
#1 C:\xampp\htdocs\tcc\system\CodeIgniter.php(832): App\Controllers\Home->aksi_login()
#2 C:\xampp\htdocs\tcc\system\CodeIgniter.php(419): CodeIgniter\CodeIgniter->runController(Object(App\Controllers\Home))
#3 C:\xampp\htdocs\tcc\system\CodeIgniter.php(326): CodeIgniter\CodeIgniter->handleRequest(NULL, Object(Config\Cache), false)
#4 C:\xampp\htdocs\tcc\public\index.php(37): CodeIgniter\CodeIgniter->run()
#5 C:\xampp\htdocs\tcc\system\Commands\Server\rewrite.php(43): require_once('C:\\xampp\\htdocs...')
#6 {main}
ERROR - 2023-11-10 04:45:22 --> Table 'tokoacc.user' doesn't exist
CRITICAL - 2023-11-10 04:45:22 --> Call to a member function getRowArray() on bool
#0 C:\xampp\htdocs\tcc\app\Controllers\Home.php(52): App\Models\M_model->getarray('user', Array)
#1 C:\xampp\htdocs\tcc\system\CodeIgniter.php(832): App\Controllers\Home->aksi_login()
#2 C:\xampp\htdocs\tcc\system\CodeIgniter.php(419): CodeIgniter\CodeIgniter->runController(Object(App\Controllers\Home))
#3 C:\xampp\htdocs\tcc\system\CodeIgniter.php(326): CodeIgniter\CodeIgniter->handleRequest(NULL, Object(Config\Cache), false)
#4 C:\xampp\htdocs\tcc\public\index.php(37): CodeIgniter\CodeIgniter->run()
#5 C:\xampp\htdocs\tcc\system\Commands\Server\rewrite.php(43): require_once('C:\\xampp\\htdocs...')
#6 {main}
ERROR - 2023-11-10 04:45:30 --> Table 'tokoacc.user' doesn't exist
CRITICAL - 2023-11-10 04:45:30 --> Call to a member function getRowArray() on bool
#0 C:\xampp\htdocs\tcc\app\Controllers\Home.php(52): App\Models\M_model->getarray('user', Array)
#1 C:\xampp\htdocs\tcc\system\CodeIgniter.php(832): App\Controllers\Home->aksi_login()
#2 C:\xampp\htdocs\tcc\system\CodeIgniter.php(419): CodeIgniter\CodeIgniter->runController(Object(App\Controllers\Home))
#3 C:\xampp\htdocs\tcc\system\CodeIgniter.php(326): CodeIgniter\CodeIgniter->handleRequest(NULL, Object(Config\Cache), false)
#4 C:\xampp\htdocs\tcc\public\index.php(37): CodeIgniter\CodeIgniter->run()
#5 C:\xampp\htdocs\tcc\system\Commands\Server\rewrite.php(43): require_once('C:\\xampp\\htdocs...')
#6 {main}
ERROR - 2023-11-10 04:47:35 --> Table 'tokoacc.user' doesn't exist
CRITICAL - 2023-11-10 04:47:35 --> Call to a member function getRowArray() on bool
#0 C:\xampp\htdocs\tcc\app\Controllers\Home.php(52): App\Models\M_model->getarray('user', Array)
#1 C:\xampp\htdocs\tcc\system\CodeIgniter.php(832): App\Controllers\Home->aksi_login()
#2 C:\xampp\htdocs\tcc\system\CodeIgniter.php(419): CodeIgniter\CodeIgniter->runController(Object(App\Controllers\Home))
#3 C:\xampp\htdocs\tcc\system\CodeIgniter.php(326): CodeIgniter\CodeIgniter->handleRequest(NULL, Object(Config\Cache), false)
#4 C:\xampp\htdocs\tcc\public\index.php(37): CodeIgniter\CodeIgniter->run()
#5 C:\xampp\htdocs\tcc\system\Commands\Server\rewrite.php(43): require_once('C:\\xampp\\htdocs...')
#6 {main}
CRITICAL - 2023-11-10 04:50:46 --> Invalid file: dashboard.php
#0 C:\xampp\htdocs\tcc\system\View\View.php(198): CodeIgniter\Exceptions\FrameworkException::forInvalidFile('dashboard.php')
#1 C:\xampp\htdocs\tcc\system\Common.php(1089): CodeIgniter\View\View->render('dashboard', Array, true)
#2 C:\xampp\htdocs\tcc\app\Controllers\Home.php(25): view('dashboard')
#3 C:\xampp\htdocs\tcc\system\CodeIgniter.php(832): App\Controllers\Home->index()
#4 C:\xampp\htdocs\tcc\system\CodeIgniter.php(419): CodeIgniter\CodeIgniter->runController(Object(App\Controllers\Home))
#5 C:\xampp\htdocs\tcc\system\CodeIgniter.php(326): CodeIgniter\CodeIgniter->handleRequest(NULL, Object(Config\Cache), false)
#6 C:\xampp\htdocs\tcc\public\index.php(37): CodeIgniter\CodeIgniter->run()
#7 C:\xampp\htdocs\tcc\system\Commands\Server\rewrite.php(43): require_once('C:\\xampp\\htdocs...')
#8 {main}
CRITICAL - 2023-11-10 04:52:19 --> Invalid file: dashboard.php
#0 C:\xampp\htdocs\tcc\system\View\View.php(198): CodeIgniter\Exceptions\FrameworkException::forInvalidFile('dashboard.php')
#1 C:\xampp\htdocs\tcc\system\Common.php(1089): CodeIgniter\View\View->render('dashboard', Array, true)
#2 C:\xampp\htdocs\tcc\app\Controllers\Home.php(25): view('dashboard')
#3 C:\xampp\htdocs\tcc\system\CodeIgniter.php(832): App\Controllers\Home->index()
#4 C:\xampp\htdocs\tcc\system\CodeIgniter.php(419): CodeIgniter\CodeIgniter->runController(Object(App\Controllers\Home))
#5 C:\xampp\htdocs\tcc\system\CodeIgniter.php(326): CodeIgniter\CodeIgniter->handleRequest(NULL, Object(Config\Cache), false)
#6 C:\xampp\htdocs\tcc\public\index.php(37): CodeIgniter\CodeIgniter->run()
#7 C:\xampp\htdocs\tcc\system\Commands\Server\rewrite.php(43): require_once('C:\\xampp\\htdocs...')
#8 {main}
CRITICAL - 2023-11-10 04:52:58 --> mysqli_query() expects parameter 1 to be mysqli, null given
#0 [internal function]: CodeIgniter\Debug\Exceptions->errorHandler(2, 'mysqli_query() ...', 'C:\\xampp\\htdocs...', 3, Array)
#1 C:\xampp\htdocs\tcc\app\Views\index.php(3): mysqli_query(NULL, 'SELECT * FROM b...')
#2 C:\xampp\htdocs\tcc\system\View\View.php(210): include('C:\\xampp\\htdocs...')
#3 C:\xampp\htdocs\tcc\system\View\View.php(213): CodeIgniter\View\View->CodeIgniter\View\{closure}()
#4 C:\xampp\htdocs\tcc\system\Common.php(1089): CodeIgniter\View\View->render('index', Array, true)
#5 C:\xampp\htdocs\tcc\app\Controllers\Home.php(24): view('index')
#6 C:\xampp\htdocs\tcc\system\CodeIgniter.php(832): App\Controllers\Home->index()
#7 C:\xampp\htdocs\tcc\system\CodeIgniter.php(419): CodeIgniter\CodeIgniter->runController(Object(App\Controllers\Home))
#8 C:\xampp\htdocs\tcc\system\CodeIgniter.php(326): CodeIgniter\CodeIgniter->handleRequest(NULL, Object(Config\Cache), false)
#9 C:\xampp\htdocs\tcc\public\index.php(37): CodeIgniter\CodeIgniter->run()
#10 C:\xampp\htdocs\tcc\system\Commands\Server\rewrite.php(43): require_once('C:\\xampp\\htdocs...')
#11 {main}
CRITICAL - 2023-11-10 04:53:14 --> mysqli_num_rows() expects parameter 1 to be mysqli_result, null given
#0 [internal function]: CodeIgniter\Debug\Exceptions->errorHandler(2, 'mysqli_num_rows...', 'C:\\xampp\\htdocs...', 25, Array)
#1 C:\xampp\htdocs\tcc\app\Views\index.php(25): mysqli_num_rows(NULL)
#2 C:\xampp\htdocs\tcc\system\View\View.php(210): include('C:\\xampp\\htdocs...')
#3 C:\xampp\htdocs\tcc\system\View\View.php(213): CodeIgniter\View\View->CodeIgniter\View\{closure}()
#4 C:\xampp\htdocs\tcc\system\Common.php(1089): CodeIgniter\View\View->render('index', Array, true)
#5 C:\xampp\htdocs\tcc\app\Controllers\Home.php(24): view('index')
#6 C:\xampp\htdocs\tcc\system\CodeIgniter.php(832): App\Controllers\Home->index()
#7 C:\xampp\htdocs\tcc\system\CodeIgniter.php(419): CodeIgniter\CodeIgniter->runController(Object(App\Controllers\Home))
#8 C:\xampp\htdocs\tcc\system\CodeIgniter.php(326): CodeIgniter\CodeIgniter->handleRequest(NULL, Object(Config\Cache), false)
#9 C:\xampp\htdocs\tcc\public\index.php(37): CodeIgniter\CodeIgniter->run()
#10 C:\xampp\htdocs\tcc\system\Commands\Server\rewrite.php(43): require_once('C:\\xampp\\htdocs...')
#11 {main}
CRITICAL - 2023-11-10 04:53:37 --> mysqli_query() expects parameter 1 to be mysqli, null given
#0 [internal function]: CodeIgniter\Debug\Exceptions->errorHandler(2, 'mysqli_query() ...', 'C:\\xampp\\htdocs...', 95, Array)
#1 C:\xampp\htdocs\tcc\app\Views\index.php(95): mysqli_query(NULL, 'SELECT * FROM k...')
#2 C:\xampp\htdocs\tcc\system\View\View.php(210): include('C:\\xampp\\htdocs...')
#3 C:\xampp\htdocs\tcc\system\View\View.php(213): CodeIgniter\View\View->CodeIgniter\View\{closure}()
#4 C:\xampp\htdocs\tcc\system\Common.php(1089): CodeIgniter\View\View->render('index', Array, true)
#5 C:\xampp\htdocs\tcc\app\Controllers\Home.php(24): view('index')
#6 C:\xampp\htdocs\tcc\system\CodeIgniter.php(832): App\Controllers\Home->index()
#7 C:\xampp\htdocs\tcc\system\CodeIgniter.php(419): CodeIgniter\CodeIgniter->runController(Object(App\Controllers\Home))
#8 C:\xampp\htdocs\tcc\system\CodeIgniter.php(326): CodeIgniter\CodeIgniter->handleRequest(NULL, Object(Config\Cache), false)
#9 C:\xampp\htdocs\tcc\public\index.php(37): CodeIgniter\CodeIgniter->run()
#10 C:\xampp\htdocs\tcc\system\Commands\Server\rewrite.php(43): require_once('C:\\xampp\\htdocs...')
#11 {main}
CRITICAL - 2023-11-10 04:54:18 --> Call to a member function fetch_assoc() on null
#0 C:\xampp\htdocs\tcc\system\View\View.php(210): include()
#1 C:\xampp\htdocs\tcc\system\View\View.php(213): CodeIgniter\View\View->CodeIgniter\View\{closure}()
#2 C:\xampp\htdocs\tcc\system\Common.php(1089): CodeIgniter\View\View->render('index', Array, true)
#3 C:\xampp\htdocs\tcc\app\Controllers\Home.php(24): view('index')
#4 C:\xampp\htdocs\tcc\system\CodeIgniter.php(832): App\Controllers\Home->index()
#5 C:\xampp\htdocs\tcc\system\CodeIgniter.php(419): CodeIgniter\CodeIgniter->runController(Object(App\Controllers\Home))
#6 C:\xampp\htdocs\tcc\system\CodeIgniter.php(326): CodeIgniter\CodeIgniter->handleRequest(NULL, Object(Config\Cache), false)
#7 C:\xampp\htdocs\tcc\public\index.php(37): CodeIgniter\CodeIgniter->run()
#8 C:\xampp\htdocs\tcc\system\Commands\Server\rewrite.php(43): require_once('C:\\xampp\\htdocs...')
#9 {main}
CRITICAL - 2023-11-10 05:07:55 --> mysqli_query() expects parameter 1 to be mysqli, null given
#0 [internal function]: CodeIgniter\Debug\Exceptions->errorHandler(2, 'mysqli_query() ...', 'C:\\xampp\\htdocs...', 72, Array)
#1 C:\xampp\htdocs\tcc\app\Views\index.php(72): mysqli_query(NULL, 'INSERT INTO ker...')
#2 C:\xampp\htdocs\tcc\system\View\View.php(210): include('C:\\xampp\\htdocs...')
#3 C:\xampp\htdocs\tcc\system\View\View.php(213): CodeIgniter\View\View->CodeIgniter\View\{closure}()
#4 C:\xampp\htdocs\tcc\system\Common.php(1089): CodeIgniter\View\View->render('index', Array, true)
#5 C:\xampp\htdocs\tcc\app\Controllers\Home.php(24): view('index')
#6 C:\xampp\htdocs\tcc\system\CodeIgniter.php(832): App\Controllers\Home->index()
#7 C:\xampp\htdocs\tcc\system\CodeIgniter.php(419): CodeIgniter\CodeIgniter->runController(Object(App\Controllers\Home))
#8 C:\xampp\htdocs\tcc\system\CodeIgniter.php(326): CodeIgniter\CodeIgniter->handleRequest(NULL, Object(Config\Cache), false)
#9 C:\xampp\htdocs\tcc\public\index.php(37): CodeIgniter\CodeIgniter->run()
#10 C:\xampp\htdocs\tcc\system\Commands\Server\rewrite.php(43): require_once('C:\\xampp\\htdocs...')
#11 {main}
CRITICAL - 2023-11-10 05:08:21 --> mysqli_error() expects parameter 1 to be mysqli, null given
#0 [internal function]: CodeIgniter\Debug\Exceptions->errorHandler(2, 'mysqli_error() ...', 'C:\\xampp\\htdocs...', 77, Array)
#1 C:\xampp\htdocs\tcc\app\Views\index.php(77): mysqli_error(NULL)
#2 C:\xampp\htdocs\tcc\system\View\View.php(210): include('C:\\xampp\\htdocs...')
#3 C:\xampp\htdocs\tcc\system\View\View.php(213): CodeIgniter\View\View->CodeIgniter\View\{closure}()
#4 C:\xampp\htdocs\tcc\system\Common.php(1089): CodeIgniter\View\View->render('index', Array, true)
#5 C:\xampp\htdocs\tcc\app\Controllers\Home.php(24): view('index')
#6 C:\xampp\htdocs\tcc\system\CodeIgniter.php(832): App\Controllers\Home->index()
#7 C:\xampp\htdocs\tcc\system\CodeIgniter.php(419): CodeIgniter\CodeIgniter->runController(Object(App\Controllers\Home))
#8 C:\xampp\htdocs\tcc\system\CodeIgniter.php(326): CodeIgniter\CodeIgniter->handleRequest(NULL, Object(Config\Cache), false)
#9 C:\xampp\htdocs\tcc\public\index.php(37): CodeIgniter\CodeIgniter->run()
#10 C:\xampp\htdocs\tcc\system\Commands\Server\rewrite.php(43): require_once('C:\\xampp\\htdocs...')
#11 {main}
CRITICAL - 2023-11-10 05:08:29 --> mysqli_close() expects parameter 1 to be mysqli, null given
#0 [internal function]: CodeIgniter\Debug\Exceptions->errorHandler(2, 'mysqli_close() ...', 'C:\\xampp\\htdocs...', 80, Array)
#1 C:\xampp\htdocs\tcc\app\Views\index.php(80): mysqli_close(NULL)
#2 C:\xampp\htdocs\tcc\system\View\View.php(210): include('C:\\xampp\\htdocs...')
#3 C:\xampp\htdocs\tcc\system\View\View.php(213): CodeIgniter\View\View->CodeIgniter\View\{closure}()
#4 C:\xampp\htdocs\tcc\system\Common.php(1089): CodeIgniter\View\View->render('index', Array, true)
#5 C:\xampp\htdocs\tcc\app\Controllers\Home.php(24): view('index')
#6 C:\xampp\htdocs\tcc\system\CodeIgniter.php(832): App\Controllers\Home->index()
#7 C:\xampp\htdocs\tcc\system\CodeIgniter.php(419): CodeIgniter\CodeIgniter->runController(Object(App\Controllers\Home))
#8 C:\xampp\htdocs\tcc\system\CodeIgniter.php(326): CodeIgniter\CodeIgniter->handleRequest(NULL, Object(Config\Cache), false)
#9 C:\xampp\htdocs\tcc\public\index.php(37): CodeIgniter\CodeIgniter->run()
#10 C:\xampp\htdocs\tcc\system\Commands\Server\rewrite.php(43): require_once('C:\\xampp\\htdocs...')
#11 {main}
CRITICAL - 2023-11-10 05:17:22 --> include(template/header.php): failed to open stream: No such file or directory
#0 C:\xampp\htdocs\tcc\app\Views\barang\barang.php(1): CodeIgniter\Debug\Exceptions->errorHandler(2, 'include(templat...', 'C:\\xampp\\htdocs...', 1, Array)
#1 C:\xampp\htdocs\tcc\app\Views\barang\barang.php(1): include()
#2 C:\xampp\htdocs\tcc\system\View\View.php(210): include('C:\\xampp\\htdocs...')
#3 C:\xampp\htdocs\tcc\system\View\View.php(213): CodeIgniter\View\View->CodeIgniter\View\{closure}()
#4 C:\xampp\htdocs\tcc\system\Common.php(1089): CodeIgniter\View\View->render('barang/barang', Array, true)
#5 C:\xampp\htdocs\tcc\app\Controllers\Home.php(34): view('barang/barang')
#6 C:\xampp\htdocs\tcc\system\CodeIgniter.php(832): App\Controllers\Home->barang()
#7 C:\xampp\htdocs\tcc\system\CodeIgniter.php(419): CodeIgniter\CodeIgniter->runController(Object(App\Controllers\Home))
#8 C:\xampp\htdocs\tcc\system\CodeIgniter.php(326): CodeIgniter\CodeIgniter->handleRequest(NULL, Object(Config\Cache), false)
#9 C:\xampp\htdocs\tcc\public\index.php(37): CodeIgniter\CodeIgniter->run()
#10 C:\xampp\htdocs\tcc\system\Commands\Server\rewrite.php(43): require_once('C:\\xampp\\htdocs...')
#11 {main}
CRITICAL - 2023-11-10 05:18:01 --> mysqli_query() expects parameter 1 to be mysqli, null given
#0 [internal function]: CodeIgniter\Debug\Exceptions->errorHandler(2, 'mysqli_query() ...', 'C:\\xampp\\htdocs...', 14, Array)
#1 C:\xampp\htdocs\tcc\app\Views\barang\barang.php(14): mysqli_query(NULL, 'SELECT max(id_b...')
#2 C:\xampp\htdocs\tcc\system\View\View.php(210): include('C:\\xampp\\htdocs...')
#3 C:\xampp\htdocs\tcc\system\View\View.php(213): CodeIgniter\View\View->CodeIgniter\View\{closure}()
#4 C:\xampp\htdocs\tcc\system\Common.php(1089): CodeIgniter\View\View->render('barang/barang', Array, true)
#5 C:\xampp\htdocs\tcc\app\Controllers\Home.php(35): view('barang/barang')
#6 C:\xampp\htdocs\tcc\system\CodeIgniter.php(832): App\Controllers\Home->barang()
#7 C:\xampp\htdocs\tcc\system\CodeIgniter.php(419): CodeIgniter\CodeIgniter->runController(Object(App\Controllers\Home))
#8 C:\xampp\htdocs\tcc\system\CodeIgniter.php(326): CodeIgniter\CodeIgniter->handleRequest(NULL, Object(Config\Cache), false)
#9 C:\xampp\htdocs\tcc\public\index.php(37): CodeIgniter\CodeIgniter->run()
#10 C:\xampp\htdocs\tcc\system\Commands\Server\rewrite.php(43): require_once('C:\\xampp\\htdocs...')
#11 {main}
CRITICAL - 2023-11-10 05:18:16 --> mysqli_query() expects parameter 1 to be mysqli, null given
#0 [internal function]: CodeIgniter\Debug\Exceptions->errorHandler(2, 'mysqli_query() ...', 'C:\\xampp\\htdocs...', 86, Array)
#1 C:\xampp\htdocs\tcc\app\Views\barang\barang.php(86): mysqli_query(NULL, 'select * from b...')
#2 C:\xampp\htdocs\tcc\system\View\View.php(210): include('C:\\xampp\\htdocs...')
#3 C:\xampp\htdocs\tcc\system\View\View.php(213): CodeIgniter\View\View->CodeIgniter\View\{closure}()
#4 C:\xampp\htdocs\tcc\system\Common.php(1089): CodeIgniter\View\View->render('barang/barang', Array, true)
#5 C:\xampp\htdocs\tcc\app\Controllers\Home.php(35): view('barang/barang')
#6 C:\xampp\htdocs\tcc\system\CodeIgniter.php(832): App\Controllers\Home->barang()
#7 C:\xampp\htdocs\tcc\system\CodeIgniter.php(419): CodeIgniter\CodeIgniter->runController(Object(App\Controllers\Home))
#8 C:\xampp\htdocs\tcc\system\CodeIgniter.php(326): CodeIgniter\CodeIgniter->handleRequest(NULL, Object(Config\Cache), false)
#9 C:\xampp\htdocs\tcc\public\index.php(37): CodeIgniter\CodeIgniter->run()
#10 C:\xampp\htdocs\tcc\system\Commands\Server\rewrite.php(43): require_once('C:\\xampp\\htdocs...')
#11 {main}
CRITICAL - 2023-11-10 05:18:28 --> syntax error, unexpected '}', expecting end of file
#0 C:\xampp\htdocs\tcc\system\View\View.php(213): CodeIgniter\View\View->CodeIgniter\View\{closure}()
#1 C:\xampp\htdocs\tcc\system\Common.php(1089): CodeIgniter\View\View->render('barang/barang', Array, true)
#2 C:\xampp\htdocs\tcc\app\Controllers\Home.php(35): view('barang/barang')
#3 C:\xampp\htdocs\tcc\system\CodeIgniter.php(832): App\Controllers\Home->barang()
#4 C:\xampp\htdocs\tcc\system\CodeIgniter.php(419): CodeIgniter\CodeIgniter->runController(Object(App\Controllers\Home))
#5 C:\xampp\htdocs\tcc\system\CodeIgniter.php(326): CodeIgniter\CodeIgniter->handleRequest(NULL, Object(Config\Cache), false)
#6 C:\xampp\htdocs\tcc\public\index.php(37): CodeIgniter\CodeIgniter->run()
#7 C:\xampp\htdocs\tcc\system\Commands\Server\rewrite.php(43): require_once('C:\\xampp\\htdocs...')
#8 {main}
CRITICAL - 2023-11-10 05:18:44 --> include(config.php): failed to open stream: No such file or directory
#0 C:\xampp\htdocs\tcc\app\Views\barang\barang.php(114): CodeIgniter\Debug\Exceptions->errorHandler(2, 'include(config....', 'C:\\xampp\\htdocs...', 114, Array)
#1 C:\xampp\htdocs\tcc\app\Views\barang\barang.php(114): include()
#2 C:\xampp\htdocs\tcc\system\View\View.php(210): include('C:\\xampp\\htdocs...')
#3 C:\xampp\htdocs\tcc\system\View\View.php(213): CodeIgniter\View\View->CodeIgniter\View\{closure}()
#4 C:\xampp\htdocs\tcc\system\Common.php(1089): CodeIgniter\View\View->render('barang/barang', Array, true)
#5 C:\xampp\htdocs\tcc\app\Controllers\Home.php(35): view('barang/barang')
#6 C:\xampp\htdocs\tcc\system\CodeIgniter.php(832): App\Controllers\Home->barang()
#7 C:\xampp\htdocs\tcc\system\CodeIgniter.php(419): CodeIgniter\CodeIgniter->runController(Object(App\Controllers\Home))
#8 C:\xampp\htdocs\tcc\system\CodeIgniter.php(326): CodeIgniter\CodeIgniter->handleRequest(NULL, Object(Config\Cache), false)
#9 C:\xampp\htdocs\tcc\public\index.php(37): CodeIgniter\CodeIgniter->run()
#10 C:\xampp\htdocs\tcc\system\Commands\Server\rewrite.php(43): require_once('C:\\xampp\\htdocs...')
#11 {main}
CRITICAL - 2023-11-10 18:19:21 --> include(template/footer.php): failed to open stream: No such file or directory
#0 C:\xampp\htdocs\tcc\app\Views\barang\barang.php(122): CodeIgniter\Debug\Exceptions->errorHandler(2, 'include(templat...', 'C:\\xampp\\htdocs...', 122, Array)
#1 C:\xampp\htdocs\tcc\app\Views\barang\barang.php(122): include()
#2 C:\xampp\htdocs\tcc\system\View\View.php(210): include('C:\\xampp\\htdocs...')
#3 C:\xampp\htdocs\tcc\system\View\View.php(213): CodeIgniter\View\View->CodeIgniter\View\{closure}()
#4 C:\xampp\htdocs\tcc\system\Common.php(1089): CodeIgniter\View\View->render('barang/barang', Array, true)
#5 C:\xampp\htdocs\tcc\app\Controllers\Home.php(35): view('barang/barang')
#6 C:\xampp\htdocs\tcc\system\CodeIgniter.php(832): App\Controllers\Home->barang()
#7 C:\xampp\htdocs\tcc\system\CodeIgniter.php(419): CodeIgniter\CodeIgniter->runController(Object(App\Controllers\Home))
#8 C:\xampp\htdocs\tcc\system\CodeIgniter.php(326): CodeIgniter\CodeIgniter->handleRequest(NULL, Object(Config\Cache), false)
#9 C:\xampp\htdocs\tcc\public\index.php(37): CodeIgniter\CodeIgniter->run()
#10 C:\xampp\htdocs\tcc\system\Commands\Server\rewrite.php(43): require_once('C:\\xampp\\htdocs...')
#11 {main}
