CRITICAL - 2023-08-02 06:59:55 --> syntax error, unexpected end of file
#0 C:\xampp\htdocs\in\system\View\View.php(213): CodeIgniter\View\View->CodeIgniter\View\{closure}()
#1 C:\xampp\htdocs\in\system\Common.php(1089): CodeIgniter\View\View->render('navbar', Array, true)
#2 C:\xampp\htdocs\in\app\Controllers\Home.php(187): view('navbar')
#3 C:\xampp\htdocs\in\system\CodeIgniter.php(832): App\Controllers\Home->user()
#4 C:\xampp\htdocs\in\system\CodeIgniter.php(419): CodeIgniter\CodeIgniter->runController(Object(App\Controllers\Home))
#5 C:\xampp\htdocs\in\system\CodeIgniter.php(326): CodeIgniter\CodeIgniter->handleRequest(NULL, Object(Config\Cache), false)
#6 C:\xampp\htdocs\in\public\index.php(37): CodeIgniter\CodeIgniter->run()
#7 C:\xampp\htdocs\in\system\Commands\Server\rewrite.php(43): require_once('C:\\xampp\\htdocs...')
#8 {main}
ERROR - 2023-08-02 07:20:42 --> Unknown column 'nama_barang' in 'field list'
ERROR - 2023-08-02 07:21:44 --> Unknown column 'nama_barang' in 'NEW'
ERROR - 2023-08-02 07:24:06 --> Unknown column 'nama_barang' in 'NEW'
ERROR - 2023-08-02 07:26:49 --> Unknown column 'nama_barang' in 'NEW'
ERROR - 2023-08-02 07:57:28 --> Unknown column 'id' in 'where clause'
ERROR - 2023-08-02 08:03:20 --> Unknown column 'stok' in 'field list'
ERROR - 2023-08-02 08:04:13 --> Unknown column 'id' in 'where clause'
ERROR - 2023-08-02 08:04:53 --> Unknown column 'nama_barang' in 'field list'
ERROR - 2023-08-02 08:05:06 --> Unknown column 'nama_barang' in 'field list'
ERROR - 2023-08-02 08:06:10 --> Unknown column 'id' in 'where clause'
ERROR - 2023-08-02 08:09:06 --> Unknown column 'nama_barang' in 'field list'
ERROR - 2023-08-02 08:11:46 --> Unknown column 'id' in 'where clause'
ERROR - 2023-08-02 08:29:14 --> Unknown column 'id' in 'where clause'
ERROR - 2023-08-02 08:31:54 --> Unknown column 'id' in 'where clause'
ERROR - 2023-08-02 08:44:15 --> Unknown column 'id' in 'where clause'
ERROR - 2023-08-02 08:51:53 --> Unknown column 'id' in 'where clause'
ERROR - 2023-08-02 08:55:55 --> Unknown column 'id' in 'where clause'
ERROR - 2023-08-02 08:57:10 --> Unknown column 'id' in 'where clause'
