CRITICAL - 2023-07-17 19:58:40 --> Invalid file: tambah_p.php
#0 C:\xampp\htdocs\in\system\View\View.php(198): CodeIgniter\Exceptions\FrameworkException::forInvalidFile('tambah_p.php')
#1 C:\xampp\htdocs\in\system\Common.php(1089): CodeIgniter\View\View->render('tambah_p', Array, true)
#2 C:\xampp\htdocs\in\app\Controllers\Home.php(77): view('tambah_p', Array)
#3 C:\xampp\htdocs\in\system\CodeIgniter.php(832): App\Controllers\Home->tambah_p()
#4 C:\xampp\htdocs\in\system\CodeIgniter.php(419): CodeIgniter\CodeIgniter->runController(Object(App\Controllers\Home))
#5 C:\xampp\htdocs\in\system\CodeIgniter.php(326): CodeIgniter\CodeIgniter->handleRequest(NULL, Object(Config\Cache), false)
#6 C:\xampp\htdocs\in\public\index.php(37): CodeIgniter\CodeIgniter->run()
#7 C:\xampp\htdocs\in\system\Commands\Server\rewrite.php(43): require_once('C:\\xampp\\htdocs...')
#8 {main}
ERROR - 2023-07-17 20:14:26 --> Unknown column 'jr' in 'field list'
ERROR - 2023-07-17 20:22:07 --> Table 'inventaris.siswa' doesn't exist
CRITICAL - 2023-07-17 20:22:07 --> Call to a member function getResult() on bool
#0 C:\xampp\htdocs\in\app\Controllers\Home.php(219): App\Models\M_model->tampil('siswa')
#1 C:\xampp\htdocs\in\system\CodeIgniter.php(832): App\Controllers\Home->siswa()
#2 C:\xampp\htdocs\in\system\CodeIgniter.php(419): CodeIgniter\CodeIgniter->runController(Object(App\Controllers\Home))
#3 C:\xampp\htdocs\in\system\CodeIgniter.php(326): CodeIgniter\CodeIgniter->handleRequest(NULL, Object(Config\Cache), false)
#4 C:\xampp\htdocs\in\public\index.php(37): CodeIgniter\CodeIgniter->run()
#5 C:\xampp\htdocs\in\system\Commands\Server\rewrite.php(43): require_once('C:\\xampp\\htdocs...')
#6 {main}
CRITICAL - 2023-07-17 20:35:14 --> Invalid argument supplied for foreach()
#0 C:\xampp\htdocs\in\app\Views\rombel.php(21): CodeIgniter\Debug\Exceptions->errorHandler(2, 'Invalid argumen...', 'C:\\xampp\\htdocs...', 21, Array)
#1 C:\xampp\htdocs\in\system\View\View.php(210): include('C:\\xampp\\htdocs...')
#2 C:\xampp\htdocs\in\system\View\View.php(213): CodeIgniter\View\View->CodeIgniter\View\{closure}()
#3 C:\xampp\htdocs\in\system\Common.php(1089): CodeIgniter\View\View->render('rombel', Array, true)
#4 C:\xampp\htdocs\in\app\Controllers\Home.php(155): view('rombel', Array)
#5 C:\xampp\htdocs\in\system\CodeIgniter.php(832): App\Controllers\Home->rombel()
#6 C:\xampp\htdocs\in\system\CodeIgniter.php(419): CodeIgniter\CodeIgniter->runController(Object(App\Controllers\Home))
#7 C:\xampp\htdocs\in\system\CodeIgniter.php(326): CodeIgniter\CodeIgniter->handleRequest(NULL, Object(Config\Cache), false)
#8 C:\xampp\htdocs\in\public\index.php(37): CodeIgniter\CodeIgniter->run()
#9 C:\xampp\htdocs\in\system\Commands\Server\rewrite.php(43): require_once('C:\\xampp\\htdocs...')
#10 {main}
CRITICAL - 2023-07-17 20:36:22 --> Invalid file: tambah_rombel.php
#0 C:\xampp\htdocs\in\system\View\View.php(198): CodeIgniter\Exceptions\FrameworkException::forInvalidFile('tambah_rombel.p...')
#1 C:\xampp\htdocs\in\system\Common.php(1089): CodeIgniter\View\View->render('tambah_rombel', Array, true)
#2 C:\xampp\htdocs\in\app\Controllers\Home.php(165): view('tambah_rombel', Array)
#3 C:\xampp\htdocs\in\system\CodeIgniter.php(832): App\Controllers\Home->tambah_rombel()
#4 C:\xampp\htdocs\in\system\CodeIgniter.php(419): CodeIgniter\CodeIgniter->runController(Object(App\Controllers\Home))
#5 C:\xampp\htdocs\in\system\CodeIgniter.php(326): CodeIgniter\CodeIgniter->handleRequest(NULL, Object(Config\Cache), false)
#6 C:\xampp\htdocs\in\public\index.php(37): CodeIgniter\CodeIgniter->run()
#7 C:\xampp\htdocs\in\system\Commands\Server\rewrite.php(43): require_once('C:\\xampp\\htdocs...')
#8 {main}
ERROR - 2023-07-17 20:39:38 --> Column 'nama_barang' cannot be null
