CRITICAL - 2023-11-21 06:44:57 --> mysqli_query() expects parameter 1 to be mysqli, null given
#0 [internal function]: CodeIgniter\Debug\Exceptions->errorHandler(2, 'mysqli_query() ...', 'C:\\xampp\\htdocs...', 6, Array)
#1 C:\xampp\htdocs\tokoo\app\Views\laporan.php(6): mysqli_query(NULL, 'SELECT * FROM l...')
#2 C:\xampp\htdocs\tokoo\system\View\View.php(210): include('C:\\xampp\\htdocs...')
#3 C:\xampp\htdocs\tokoo\system\View\View.php(213): CodeIgniter\View\View->CodeIgniter\View\{closure}()
#4 C:\xampp\htdocs\tokoo\system\Common.php(1089): CodeIgniter\View\View->render('laporan', Array, true)
#5 C:\xampp\htdocs\tokoo\app\Controllers\Home.php(56): view('laporan')
#6 C:\xampp\htdocs\tokoo\system\CodeIgniter.php(832): App\Controllers\Home->laporanku()
#7 C:\xampp\htdocs\tokoo\system\CodeIgniter.php(419): CodeIgniter\CodeIgniter->runController(Object(App\Controllers\Home))
#8 C:\xampp\htdocs\tokoo\system\CodeIgniter.php(326): CodeIgniter\CodeIgniter->handleRequest(NULL, Object(Config\Cache), false)
#9 C:\xampp\htdocs\tokoo\public\index.php(37): CodeIgniter\CodeIgniter->run()
#10 C:\xampp\htdocs\tokoo\system\Commands\Server\rewrite.php(43): require_once('C:\\xampp\\htdocs...')
#11 {main}
CRITICAL - 2023-11-21 06:45:41 --> mysqli_query() expects parameter 1 to be mysqli, null given
#0 [internal function]: CodeIgniter\Debug\Exceptions->errorHandler(2, 'mysqli_query() ...', 'C:\\xampp\\htdocs...', 6, Array)
#1 C:\xampp\htdocs\tokoo\app\Views\laporan.php(6): mysqli_query(NULL, 'SELECT * FROM l...')
#2 C:\xampp\htdocs\tokoo\system\View\View.php(210): include('C:\\xampp\\htdocs...')
#3 C:\xampp\htdocs\tokoo\system\View\View.php(213): CodeIgniter\View\View->CodeIgniter\View\{closure}()
#4 C:\xampp\htdocs\tokoo\system\Common.php(1089): CodeIgniter\View\View->render('laporan', Array, true)
#5 C:\xampp\htdocs\tokoo\app\Controllers\Home.php(56): view('laporan')
#6 C:\xampp\htdocs\tokoo\system\CodeIgniter.php(832): App\Controllers\Home->laporanku()
#7 C:\xampp\htdocs\tokoo\system\CodeIgniter.php(419): CodeIgniter\CodeIgniter->runController(Object(App\Controllers\Home))
#8 C:\xampp\htdocs\tokoo\system\CodeIgniter.php(326): CodeIgniter\CodeIgniter->handleRequest(NULL, Object(Config\Cache), false)
#9 C:\xampp\htdocs\tokoo\public\index.php(37): CodeIgniter\CodeIgniter->run()
#10 C:\xampp\htdocs\tokoo\system\Commands\Server\rewrite.php(43): require_once('C:\\xampp\\htdocs...')
#11 {main}
CRITICAL - 2023-11-21 07:48:44 --> mysqli_query() expects parameter 1 to be mysqli, null given
#0 [internal function]: CodeIgniter\Debug\Exceptions->errorHandler(2, 'mysqli_query() ...', 'C:\\xampp\\htdocs...', 41, Array)
#1 C:\xampp\htdocs\tokoo\app\Views\edit.php(41): mysqli_query(NULL, 'SELECT * FROM b...')
#2 C:\xampp\htdocs\tokoo\system\View\View.php(210): include('C:\\xampp\\htdocs...')
#3 C:\xampp\htdocs\tokoo\system\View\View.php(213): CodeIgniter\View\View->CodeIgniter\View\{closure}()
#4 C:\xampp\htdocs\tokoo\system\Common.php(1089): CodeIgniter\View\View->render('edit', Array, true)
#5 C:\xampp\htdocs\tokoo\app\Controllers\Home.php(47): view('edit')
#6 C:\xampp\htdocs\tokoo\system\CodeIgniter.php(832): App\Controllers\Home->edit()
#7 C:\xampp\htdocs\tokoo\system\CodeIgniter.php(419): CodeIgniter\CodeIgniter->runController(Object(App\Controllers\Home))
#8 C:\xampp\htdocs\tokoo\system\CodeIgniter.php(326): CodeIgniter\CodeIgniter->handleRequest(NULL, Object(Config\Cache), false)
#9 C:\xampp\htdocs\tokoo\public\index.php(37): CodeIgniter\CodeIgniter->run()
#10 C:\xampp\htdocs\tokoo\system\Commands\Server\rewrite.php(43): require_once('C:\\xampp\\htdocs...')
#11 {main}
CRITICAL - 2023-11-21 07:50:19 --> mysqli_query() expects parameter 1 to be mysqli, null given
#0 [internal function]: CodeIgniter\Debug\Exceptions->errorHandler(2, 'mysqli_query() ...', 'C:\\xampp\\htdocs...', 17, Array)
#1 C:\xampp\htdocs\tokoo\app\Views\edit.php(17): mysqli_query(NULL, 'UPDATE barang S...')
#2 C:\xampp\htdocs\tokoo\system\View\View.php(210): include('C:\\xampp\\htdocs...')
#3 C:\xampp\htdocs\tokoo\system\View\View.php(213): CodeIgniter\View\View->CodeIgniter\View\{closure}()
#4 C:\xampp\htdocs\tokoo\system\Common.php(1089): CodeIgniter\View\View->render('edit', Array, true)
#5 C:\xampp\htdocs\tokoo\app\Controllers\Home.php(47): view('edit')
#6 C:\xampp\htdocs\tokoo\system\CodeIgniter.php(832): App\Controllers\Home->edit()
#7 C:\xampp\htdocs\tokoo\system\CodeIgniter.php(419): CodeIgniter\CodeIgniter->runController(Object(App\Controllers\Home))
#8 C:\xampp\htdocs\tokoo\system\CodeIgniter.php(326): CodeIgniter\CodeIgniter->handleRequest(NULL, Object(Config\Cache), false)
#9 C:\xampp\htdocs\tokoo\public\index.php(37): CodeIgniter\CodeIgniter->run()
#10 C:\xampp\htdocs\tokoo\system\Commands\Server\rewrite.php(43): require_once('C:\\xampp\\htdocs...')
#11 {main}
CRITICAL - 2023-11-21 08:38:25 --> mysqli_fetch_array() expects parameter 1 to be mysqli_result, bool given
#0 [internal function]: CodeIgniter\Debug\Exceptions->errorHandler(2, 'mysqli_fetch_ar...', 'C:\\xampp\\htdocs...', 57, Array)
#1 C:\xampp\htdocs\tokoo\app\Views\hal\edit.php(57): mysqli_fetch_array(false)
#2 C:\xampp\htdocs\tokoo\system\View\View.php(210): include('C:\\xampp\\htdocs...')
#3 C:\xampp\htdocs\tokoo\system\View\View.php(213): CodeIgniter\View\View->CodeIgniter\View\{closure}()
#4 C:\xampp\htdocs\tokoo\system\Common.php(1089): CodeIgniter\View\View->render('hal/edit', Array, true)
#5 C:\xampp\htdocs\tokoo\app\Controllers\Home.php(47): view('hal/edit')
#6 C:\xampp\htdocs\tokoo\system\CodeIgniter.php(832): App\Controllers\Home->edit()
#7 C:\xampp\htdocs\tokoo\system\CodeIgniter.php(419): CodeIgniter\CodeIgniter->runController(Object(App\Controllers\Home))
#8 C:\xampp\htdocs\tokoo\system\CodeIgniter.php(326): CodeIgniter\CodeIgniter->handleRequest(NULL, Object(Config\Cache), false)
#9 C:\xampp\htdocs\tokoo\public\index.php(37): CodeIgniter\CodeIgniter->run()
#10 C:\xampp\htdocs\tokoo\system\Commands\Server\rewrite.php(43): require_once('C:\\xampp\\htdocs...')
#11 {main}
CRITICAL - 2023-11-21 08:41:25 --> mysqli_fetch_array() expects parameter 1 to be mysqli_result, bool given
#0 [internal function]: CodeIgniter\Debug\Exceptions->errorHandler(2, 'mysqli_fetch_ar...', 'C:\\xampp\\htdocs...', 43, Array)
#1 C:\xampp\htdocs\tokoo\app\Views\hal\edit.php(43): mysqli_fetch_array(false)
#2 C:\xampp\htdocs\tokoo\system\View\View.php(210): include('C:\\xampp\\htdocs...')
#3 C:\xampp\htdocs\tokoo\system\View\View.php(213): CodeIgniter\View\View->CodeIgniter\View\{closure}()
#4 C:\xampp\htdocs\tokoo\system\Common.php(1089): CodeIgniter\View\View->render('hal/edit', Array, true)
#5 C:\xampp\htdocs\tokoo\app\Controllers\Home.php(47): view('hal/edit')
#6 C:\xampp\htdocs\tokoo\system\CodeIgniter.php(832): App\Controllers\Home->edit()
#7 C:\xampp\htdocs\tokoo\system\CodeIgniter.php(419): CodeIgniter\CodeIgniter->runController(Object(App\Controllers\Home))
#8 C:\xampp\htdocs\tokoo\system\CodeIgniter.php(326): CodeIgniter\CodeIgniter->handleRequest(NULL, Object(Config\Cache), false)
#9 C:\xampp\htdocs\tokoo\public\index.php(37): CodeIgniter\CodeIgniter->run()
#10 C:\xampp\htdocs\tokoo\system\Commands\Server\rewrite.php(43): require_once('C:\\xampp\\htdocs...')
#11 {main}
CRITICAL - 2023-11-21 08:41:31 --> mysqli_fetch_array() expects parameter 1 to be mysqli_result, bool given
#0 [internal function]: CodeIgniter\Debug\Exceptions->errorHandler(2, 'mysqli_fetch_ar...', 'C:\\xampp\\htdocs...', 43, Array)
#1 C:\xampp\htdocs\tokoo\app\Views\hal\edit.php(43): mysqli_fetch_array(false)
#2 C:\xampp\htdocs\tokoo\system\View\View.php(210): include('C:\\xampp\\htdocs...')
#3 C:\xampp\htdocs\tokoo\system\View\View.php(213): CodeIgniter\View\View->CodeIgniter\View\{closure}()
#4 C:\xampp\htdocs\tokoo\system\Common.php(1089): CodeIgniter\View\View->render('hal/edit', Array, true)
#5 C:\xampp\htdocs\tokoo\app\Controllers\Home.php(47): view('hal/edit')
#6 C:\xampp\htdocs\tokoo\system\CodeIgniter.php(832): App\Controllers\Home->edit()
#7 C:\xampp\htdocs\tokoo\system\CodeIgniter.php(419): CodeIgniter\CodeIgniter->runController(Object(App\Controllers\Home))
#8 C:\xampp\htdocs\tokoo\system\CodeIgniter.php(326): CodeIgniter\CodeIgniter->handleRequest(NULL, Object(Config\Cache), false)
#9 C:\xampp\htdocs\tokoo\public\index.php(37): CodeIgniter\CodeIgniter->run()
#10 C:\xampp\htdocs\tokoo\system\Commands\Server\rewrite.php(43): require_once('C:\\xampp\\htdocs...')
#11 {main}
CRITICAL - 2023-11-21 08:42:02 --> mysqli_fetch_array() expects parameter 1 to be mysqli_result, bool given
#0 [internal function]: CodeIgniter\Debug\Exceptions->errorHandler(2, 'mysqli_fetch_ar...', 'C:\\xampp\\htdocs...', 72, Array)
#1 C:\xampp\htdocs\tokoo\app\Views\hal\edit.php(72): mysqli_fetch_array(false)
#2 C:\xampp\htdocs\tokoo\system\View\View.php(210): include('C:\\xampp\\htdocs...')
#3 C:\xampp\htdocs\tokoo\system\View\View.php(213): CodeIgniter\View\View->CodeIgniter\View\{closure}()
#4 C:\xampp\htdocs\tokoo\system\Common.php(1089): CodeIgniter\View\View->render('hal/edit', Array, true)
#5 C:\xampp\htdocs\tokoo\app\Controllers\Home.php(47): view('hal/edit')
#6 C:\xampp\htdocs\tokoo\system\CodeIgniter.php(832): App\Controllers\Home->edit()
#7 C:\xampp\htdocs\tokoo\system\CodeIgniter.php(419): CodeIgniter\CodeIgniter->runController(Object(App\Controllers\Home))
#8 C:\xampp\htdocs\tokoo\system\CodeIgniter.php(326): CodeIgniter\CodeIgniter->handleRequest(NULL, Object(Config\Cache), false)
#9 C:\xampp\htdocs\tokoo\public\index.php(37): CodeIgniter\CodeIgniter->run()
#10 C:\xampp\htdocs\tokoo\system\Commands\Server\rewrite.php(43): require_once('C:\\xampp\\htdocs...')
#11 {main}
CRITICAL - 2023-11-21 08:42:14 --> mysqli_fetch_array() expects parameter 1 to be mysqli_result, bool given
#0 [internal function]: CodeIgniter\Debug\Exceptions->errorHandler(2, 'mysqli_fetch_ar...', 'C:\\xampp\\htdocs...', 87, Array)
#1 C:\xampp\htdocs\tokoo\app\Views\hal\edit.php(87): mysqli_fetch_array(false)
#2 C:\xampp\htdocs\tokoo\system\View\View.php(210): include('C:\\xampp\\htdocs...')
#3 C:\xampp\htdocs\tokoo\system\View\View.php(213): CodeIgniter\View\View->CodeIgniter\View\{closure}()
#4 C:\xampp\htdocs\tokoo\system\Common.php(1089): CodeIgniter\View\View->render('hal/edit', Array, true)
#5 C:\xampp\htdocs\tokoo\app\Controllers\Home.php(47): view('hal/edit')
#6 C:\xampp\htdocs\tokoo\system\CodeIgniter.php(832): App\Controllers\Home->edit()
#7 C:\xampp\htdocs\tokoo\system\CodeIgniter.php(419): CodeIgniter\CodeIgniter->runController(Object(App\Controllers\Home))
#8 C:\xampp\htdocs\tokoo\system\CodeIgniter.php(326): CodeIgniter\CodeIgniter->handleRequest(NULL, Object(Config\Cache), false)
#9 C:\xampp\htdocs\tokoo\public\index.php(37): CodeIgniter\CodeIgniter->run()
#10 C:\xampp\htdocs\tokoo\system\Commands\Server\rewrite.php(43): require_once('C:\\xampp\\htdocs...')
#11 {main}
CRITICAL - 2023-11-21 08:42:25 --> mysqli_fetch_array() expects parameter 1 to be mysqli_result, bool given
#0 [internal function]: CodeIgniter\Debug\Exceptions->errorHandler(2, 'mysqli_fetch_ar...', 'C:\\xampp\\htdocs...', 102, Array)
#1 C:\xampp\htdocs\tokoo\app\Views\hal\edit.php(102): mysqli_fetch_array(false)
#2 C:\xampp\htdocs\tokoo\system\View\View.php(210): include('C:\\xampp\\htdocs...')
#3 C:\xampp\htdocs\tokoo\system\View\View.php(213): CodeIgniter\View\View->CodeIgniter\View\{closure}()
#4 C:\xampp\htdocs\tokoo\system\Common.php(1089): CodeIgniter\View\View->render('hal/edit', Array, true)
#5 C:\xampp\htdocs\tokoo\app\Controllers\Home.php(47): view('hal/edit')
#6 C:\xampp\htdocs\tokoo\system\CodeIgniter.php(832): App\Controllers\Home->edit()
#7 C:\xampp\htdocs\tokoo\system\CodeIgniter.php(419): CodeIgniter\CodeIgniter->runController(Object(App\Controllers\Home))
#8 C:\xampp\htdocs\tokoo\system\CodeIgniter.php(326): CodeIgniter\CodeIgniter->handleRequest(NULL, Object(Config\Cache), false)
#9 C:\xampp\htdocs\tokoo\public\index.php(37): CodeIgniter\CodeIgniter->run()
#10 C:\xampp\htdocs\tokoo\system\Commands\Server\rewrite.php(43): require_once('C:\\xampp\\htdocs...')
#11 {main}
CRITICAL - 2023-11-21 08:42:31 --> mysqli_fetch_array() expects parameter 1 to be mysqli_result, bool given
#0 [internal function]: CodeIgniter\Debug\Exceptions->errorHandler(2, 'mysqli_fetch_ar...', 'C:\\xampp\\htdocs...', 117, Array)
#1 C:\xampp\htdocs\tokoo\app\Views\hal\edit.php(117): mysqli_fetch_array(false)
#2 C:\xampp\htdocs\tokoo\system\View\View.php(210): include('C:\\xampp\\htdocs...')
#3 C:\xampp\htdocs\tokoo\system\View\View.php(213): CodeIgniter\View\View->CodeIgniter\View\{closure}()
#4 C:\xampp\htdocs\tokoo\system\Common.php(1089): CodeIgniter\View\View->render('hal/edit', Array, true)
#5 C:\xampp\htdocs\tokoo\app\Controllers\Home.php(47): view('hal/edit')
#6 C:\xampp\htdocs\tokoo\system\CodeIgniter.php(832): App\Controllers\Home->edit()
#7 C:\xampp\htdocs\tokoo\system\CodeIgniter.php(419): CodeIgniter\CodeIgniter->runController(Object(App\Controllers\Home))
#8 C:\xampp\htdocs\tokoo\system\CodeIgniter.php(326): CodeIgniter\CodeIgniter->handleRequest(NULL, Object(Config\Cache), false)
#9 C:\xampp\htdocs\tokoo\public\index.php(37): CodeIgniter\CodeIgniter->run()
#10 C:\xampp\htdocs\tokoo\system\Commands\Server\rewrite.php(43): require_once('C:\\xampp\\htdocs...')
#11 {main}
CRITICAL - 2023-11-21 08:42:36 --> mysqli_fetch_array() expects parameter 1 to be mysqli_result, bool given
#0 [internal function]: CodeIgniter\Debug\Exceptions->errorHandler(2, 'mysqli_fetch_ar...', 'C:\\xampp\\htdocs...', 132, Array)
#1 C:\xampp\htdocs\tokoo\app\Views\hal\edit.php(132): mysqli_fetch_array(false)
#2 C:\xampp\htdocs\tokoo\system\View\View.php(210): include('C:\\xampp\\htdocs...')
#3 C:\xampp\htdocs\tokoo\system\View\View.php(213): CodeIgniter\View\View->CodeIgniter\View\{closure}()
#4 C:\xampp\htdocs\tokoo\system\Common.php(1089): CodeIgniter\View\View->render('hal/edit', Array, true)
#5 C:\xampp\htdocs\tokoo\app\Controllers\Home.php(47): view('hal/edit')
#6 C:\xampp\htdocs\tokoo\system\CodeIgniter.php(832): App\Controllers\Home->edit()
#7 C:\xampp\htdocs\tokoo\system\CodeIgniter.php(419): CodeIgniter\CodeIgniter->runController(Object(App\Controllers\Home))
#8 C:\xampp\htdocs\tokoo\system\CodeIgniter.php(326): CodeIgniter\CodeIgniter->handleRequest(NULL, Object(Config\Cache), false)
#9 C:\xampp\htdocs\tokoo\public\index.php(37): CodeIgniter\CodeIgniter->run()
#10 C:\xampp\htdocs\tokoo\system\Commands\Server\rewrite.php(43): require_once('C:\\xampp\\htdocs...')
#11 {main}
CRITICAL - 2023-11-21 08:42:40 --> mysqli_fetch_array() expects parameter 1 to be mysqli_result, bool given
#0 [internal function]: CodeIgniter\Debug\Exceptions->errorHandler(2, 'mysqli_fetch_ar...', 'C:\\xampp\\htdocs...', 147, Array)
#1 C:\xampp\htdocs\tokoo\app\Views\hal\edit.php(147): mysqli_fetch_array(false)
#2 C:\xampp\htdocs\tokoo\system\View\View.php(210): include('C:\\xampp\\htdocs...')
#3 C:\xampp\htdocs\tokoo\system\View\View.php(213): CodeIgniter\View\View->CodeIgniter\View\{closure}()
#4 C:\xampp\htdocs\tokoo\system\Common.php(1089): CodeIgniter\View\View->render('hal/edit', Array, true)
#5 C:\xampp\htdocs\tokoo\app\Controllers\Home.php(47): view('hal/edit')
#6 C:\xampp\htdocs\tokoo\system\CodeIgniter.php(832): App\Controllers\Home->edit()
#7 C:\xampp\htdocs\tokoo\system\CodeIgniter.php(419): CodeIgniter\CodeIgniter->runController(Object(App\Controllers\Home))
#8 C:\xampp\htdocs\tokoo\system\CodeIgniter.php(326): CodeIgniter\CodeIgniter->handleRequest(NULL, Object(Config\Cache), false)
#9 C:\xampp\htdocs\tokoo\public\index.php(37): CodeIgniter\CodeIgniter->run()
#10 C:\xampp\htdocs\tokoo\system\Commands\Server\rewrite.php(43): require_once('C:\\xampp\\htdocs...')
#11 {main}
CRITICAL - 2023-11-21 08:42:45 --> mysqli_fetch_array() expects parameter 1 to be mysqli_result, bool given
#0 [internal function]: CodeIgniter\Debug\Exceptions->errorHandler(2, 'mysqli_fetch_ar...', 'C:\\xampp\\htdocs...', 162, Array)
#1 C:\xampp\htdocs\tokoo\app\Views\hal\edit.php(162): mysqli_fetch_array(false)
#2 C:\xampp\htdocs\tokoo\system\View\View.php(210): include('C:\\xampp\\htdocs...')
#3 C:\xampp\htdocs\tokoo\system\View\View.php(213): CodeIgniter\View\View->CodeIgniter\View\{closure}()
#4 C:\xampp\htdocs\tokoo\system\Common.php(1089): CodeIgniter\View\View->render('hal/edit', Array, true)
#5 C:\xampp\htdocs\tokoo\app\Controllers\Home.php(47): view('hal/edit')
#6 C:\xampp\htdocs\tokoo\system\CodeIgniter.php(832): App\Controllers\Home->edit()
#7 C:\xampp\htdocs\tokoo\system\CodeIgniter.php(419): CodeIgniter\CodeIgniter->runController(Object(App\Controllers\Home))
#8 C:\xampp\htdocs\tokoo\system\CodeIgniter.php(326): CodeIgniter\CodeIgniter->handleRequest(NULL, Object(Config\Cache), false)
#9 C:\xampp\htdocs\tokoo\public\index.php(37): CodeIgniter\CodeIgniter->run()
#10 C:\xampp\htdocs\tokoo\system\Commands\Server\rewrite.php(43): require_once('C:\\xampp\\htdocs...')
#11 {main}
CRITICAL - 2023-11-21 08:42:50 --> mysqli_fetch_array() expects parameter 1 to be mysqli_result, bool given
#0 [internal function]: CodeIgniter\Debug\Exceptions->errorHandler(2, 'mysqli_fetch_ar...', 'C:\\xampp\\htdocs...', 177, Array)
#1 C:\xampp\htdocs\tokoo\app\Views\hal\edit.php(177): mysqli_fetch_array(false)
#2 C:\xampp\htdocs\tokoo\system\View\View.php(210): include('C:\\xampp\\htdocs...')
#3 C:\xampp\htdocs\tokoo\system\View\View.php(213): CodeIgniter\View\View->CodeIgniter\View\{closure}()
#4 C:\xampp\htdocs\tokoo\system\Common.php(1089): CodeIgniter\View\View->render('hal/edit', Array, true)
#5 C:\xampp\htdocs\tokoo\app\Controllers\Home.php(47): view('hal/edit')
#6 C:\xampp\htdocs\tokoo\system\CodeIgniter.php(832): App\Controllers\Home->edit()
#7 C:\xampp\htdocs\tokoo\system\CodeIgniter.php(419): CodeIgniter\CodeIgniter->runController(Object(App\Controllers\Home))
#8 C:\xampp\htdocs\tokoo\system\CodeIgniter.php(326): CodeIgniter\CodeIgniter->handleRequest(NULL, Object(Config\Cache), false)
#9 C:\xampp\htdocs\tokoo\public\index.php(37): CodeIgniter\CodeIgniter->run()
#10 C:\xampp\htdocs\tokoo\system\Commands\Server\rewrite.php(43): require_once('C:\\xampp\\htdocs...')
#11 {main}
CRITICAL - 2023-11-21 08:42:55 --> mysqli_fetch_array() expects parameter 1 to be mysqli_result, bool given
#0 [internal function]: CodeIgniter\Debug\Exceptions->errorHandler(2, 'mysqli_fetch_ar...', 'C:\\xampp\\htdocs...', 192, Array)
#1 C:\xampp\htdocs\tokoo\app\Views\hal\edit.php(192): mysqli_fetch_array(false)
#2 C:\xampp\htdocs\tokoo\system\View\View.php(210): include('C:\\xampp\\htdocs...')
#3 C:\xampp\htdocs\tokoo\system\View\View.php(213): CodeIgniter\View\View->CodeIgniter\View\{closure}()
#4 C:\xampp\htdocs\tokoo\system\Common.php(1089): CodeIgniter\View\View->render('hal/edit', Array, true)
#5 C:\xampp\htdocs\tokoo\app\Controllers\Home.php(47): view('hal/edit')
#6 C:\xampp\htdocs\tokoo\system\CodeIgniter.php(832): App\Controllers\Home->edit()
#7 C:\xampp\htdocs\tokoo\system\CodeIgniter.php(419): CodeIgniter\CodeIgniter->runController(Object(App\Controllers\Home))
#8 C:\xampp\htdocs\tokoo\system\CodeIgniter.php(326): CodeIgniter\CodeIgniter->handleRequest(NULL, Object(Config\Cache), false)
#9 C:\xampp\htdocs\tokoo\public\index.php(37): CodeIgniter\CodeIgniter->run()
#10 C:\xampp\htdocs\tokoo\system\Commands\Server\rewrite.php(43): require_once('C:\\xampp\\htdocs...')
#11 {main}
CRITICAL - 2023-11-21 08:43:03 --> mysqli_fetch_array() expects parameter 1 to be mysqli_result, bool given
#0 [internal function]: CodeIgniter\Debug\Exceptions->errorHandler(2, 'mysqli_fetch_ar...', 'C:\\xampp\\htdocs...', 207, Array)
#1 C:\xampp\htdocs\tokoo\app\Views\hal\edit.php(207): mysqli_fetch_array(false)
#2 C:\xampp\htdocs\tokoo\system\View\View.php(210): include('C:\\xampp\\htdocs...')
#3 C:\xampp\htdocs\tokoo\system\View\View.php(213): CodeIgniter\View\View->CodeIgniter\View\{closure}()
#4 C:\xampp\htdocs\tokoo\system\Common.php(1089): CodeIgniter\View\View->render('hal/edit', Array, true)
#5 C:\xampp\htdocs\tokoo\app\Controllers\Home.php(47): view('hal/edit')
#6 C:\xampp\htdocs\tokoo\system\CodeIgniter.php(832): App\Controllers\Home->edit()
#7 C:\xampp\htdocs\tokoo\system\CodeIgniter.php(419): CodeIgniter\CodeIgniter->runController(Object(App\Controllers\Home))
#8 C:\xampp\htdocs\tokoo\system\CodeIgniter.php(326): CodeIgniter\CodeIgniter->handleRequest(NULL, Object(Config\Cache), false)
#9 C:\xampp\htdocs\tokoo\public\index.php(37): CodeIgniter\CodeIgniter->run()
#10 C:\xampp\htdocs\tokoo\system\Commands\Server\rewrite.php(43): require_once('C:\\xampp\\htdocs...')
#11 {main}
CRITICAL - 2023-11-21 08:43:08 --> mysqli_fetch_array() expects parameter 1 to be mysqli_result, bool given
#0 [internal function]: CodeIgniter\Debug\Exceptions->errorHandler(2, 'mysqli_fetch_ar...', 'C:\\xampp\\htdocs...', 222, Array)
#1 C:\xampp\htdocs\tokoo\app\Views\hal\edit.php(222): mysqli_fetch_array(false)
#2 C:\xampp\htdocs\tokoo\system\View\View.php(210): include('C:\\xampp\\htdocs...')
#3 C:\xampp\htdocs\tokoo\system\View\View.php(213): CodeIgniter\View\View->CodeIgniter\View\{closure}()
#4 C:\xampp\htdocs\tokoo\system\Common.php(1089): CodeIgniter\View\View->render('hal/edit', Array, true)
#5 C:\xampp\htdocs\tokoo\app\Controllers\Home.php(47): view('hal/edit')
#6 C:\xampp\htdocs\tokoo\system\CodeIgniter.php(832): App\Controllers\Home->edit()
#7 C:\xampp\htdocs\tokoo\system\CodeIgniter.php(419): CodeIgniter\CodeIgniter->runController(Object(App\Controllers\Home))
#8 C:\xampp\htdocs\tokoo\system\CodeIgniter.php(326): CodeIgniter\CodeIgniter->handleRequest(NULL, Object(Config\Cache), false)
#9 C:\xampp\htdocs\tokoo\public\index.php(37): CodeIgniter\CodeIgniter->run()
#10 C:\xampp\htdocs\tokoo\system\Commands\Server\rewrite.php(43): require_once('C:\\xampp\\htdocs...')
#11 {main}
CRITICAL - 2023-11-21 08:43:13 --> mysqli_fetch_array() expects parameter 1 to be mysqli_result, bool given
#0 [internal function]: CodeIgniter\Debug\Exceptions->errorHandler(2, 'mysqli_fetch_ar...', 'C:\\xampp\\htdocs...', 237, Array)
#1 C:\xampp\htdocs\tokoo\app\Views\hal\edit.php(237): mysqli_fetch_array(false)
#2 C:\xampp\htdocs\tokoo\system\View\View.php(210): include('C:\\xampp\\htdocs...')
#3 C:\xampp\htdocs\tokoo\system\View\View.php(213): CodeIgniter\View\View->CodeIgniter\View\{closure}()
#4 C:\xampp\htdocs\tokoo\system\Common.php(1089): CodeIgniter\View\View->render('hal/edit', Array, true)
#5 C:\xampp\htdocs\tokoo\app\Controllers\Home.php(47): view('hal/edit')
#6 C:\xampp\htdocs\tokoo\system\CodeIgniter.php(832): App\Controllers\Home->edit()
#7 C:\xampp\htdocs\tokoo\system\CodeIgniter.php(419): CodeIgniter\CodeIgniter->runController(Object(App\Controllers\Home))
#8 C:\xampp\htdocs\tokoo\system\CodeIgniter.php(326): CodeIgniter\CodeIgniter->handleRequest(NULL, Object(Config\Cache), false)
#9 C:\xampp\htdocs\tokoo\public\index.php(37): CodeIgniter\CodeIgniter->run()
#10 C:\xampp\htdocs\tokoo\system\Commands\Server\rewrite.php(43): require_once('C:\\xampp\\htdocs...')
#11 {main}
CRITICAL - 2023-11-21 08:43:27 --> mysqli_fetch_array() expects parameter 1 to be mysqli_result, bool given
#0 [internal function]: CodeIgniter\Debug\Exceptions->errorHandler(2, 'mysqli_fetch_ar...', 'C:\\xampp\\htdocs...', 252, Array)
#1 C:\xampp\htdocs\tokoo\app\Views\hal\edit.php(252): mysqli_fetch_array(false)
#2 C:\xampp\htdocs\tokoo\system\View\View.php(210): include('C:\\xampp\\htdocs...')
#3 C:\xampp\htdocs\tokoo\system\View\View.php(213): CodeIgniter\View\View->CodeIgniter\View\{closure}()
#4 C:\xampp\htdocs\tokoo\system\Common.php(1089): CodeIgniter\View\View->render('hal/edit', Array, true)
#5 C:\xampp\htdocs\tokoo\app\Controllers\Home.php(47): view('hal/edit')
#6 C:\xampp\htdocs\tokoo\system\CodeIgniter.php(832): App\Controllers\Home->edit()
#7 C:\xampp\htdocs\tokoo\system\CodeIgniter.php(419): CodeIgniter\CodeIgniter->runController(Object(App\Controllers\Home))
#8 C:\xampp\htdocs\tokoo\system\CodeIgniter.php(326): CodeIgniter\CodeIgniter->handleRequest(NULL, Object(Config\Cache), false)
#9 C:\xampp\htdocs\tokoo\public\index.php(37): CodeIgniter\CodeIgniter->run()
#10 C:\xampp\htdocs\tokoo\system\Commands\Server\rewrite.php(43): require_once('C:\\xampp\\htdocs...')
#11 {main}
CRITICAL - 2023-11-21 08:43:41 --> mysqli_fetch_array() expects parameter 1 to be mysqli_result, bool given
#0 [internal function]: CodeIgniter\Debug\Exceptions->errorHandler(2, 'mysqli_fetch_ar...', 'C:\\xampp\\htdocs...', 282, Array)
#1 C:\xampp\htdocs\tokoo\app\Views\hal\edit.php(282): mysqli_fetch_array(false)
#2 C:\xampp\htdocs\tokoo\system\View\View.php(210): include('C:\\xampp\\htdocs...')
#3 C:\xampp\htdocs\tokoo\system\View\View.php(213): CodeIgniter\View\View->CodeIgniter\View\{closure}()
#4 C:\xampp\htdocs\tokoo\system\Common.php(1089): CodeIgniter\View\View->render('hal/edit', Array, true)
#5 C:\xampp\htdocs\tokoo\app\Controllers\Home.php(47): view('hal/edit')
#6 C:\xampp\htdocs\tokoo\system\CodeIgniter.php(832): App\Controllers\Home->edit()
#7 C:\xampp\htdocs\tokoo\system\CodeIgniter.php(419): CodeIgniter\CodeIgniter->runController(Object(App\Controllers\Home))
#8 C:\xampp\htdocs\tokoo\system\CodeIgniter.php(326): CodeIgniter\CodeIgniter->handleRequest(NULL, Object(Config\Cache), false)
#9 C:\xampp\htdocs\tokoo\public\index.php(37): CodeIgniter\CodeIgniter->run()
#10 C:\xampp\htdocs\tokoo\system\Commands\Server\rewrite.php(43): require_once('C:\\xampp\\htdocs...')
#11 {main}
CRITICAL - 2023-11-21 08:43:47 --> mysqli_fetch_array() expects parameter 1 to be mysqli_result, bool given
#0 [internal function]: CodeIgniter\Debug\Exceptions->errorHandler(2, 'mysqli_fetch_ar...', 'C:\\xampp\\htdocs...', 297, Array)
#1 C:\xampp\htdocs\tokoo\app\Views\hal\edit.php(297): mysqli_fetch_array(false)
#2 C:\xampp\htdocs\tokoo\system\View\View.php(210): include('C:\\xampp\\htdocs...')
#3 C:\xampp\htdocs\tokoo\system\View\View.php(213): CodeIgniter\View\View->CodeIgniter\View\{closure}()
#4 C:\xampp\htdocs\tokoo\system\Common.php(1089): CodeIgniter\View\View->render('hal/edit', Array, true)
#5 C:\xampp\htdocs\tokoo\app\Controllers\Home.php(47): view('hal/edit')
#6 C:\xampp\htdocs\tokoo\system\CodeIgniter.php(832): App\Controllers\Home->edit()
#7 C:\xampp\htdocs\tokoo\system\CodeIgniter.php(419): CodeIgniter\CodeIgniter->runController(Object(App\Controllers\Home))
#8 C:\xampp\htdocs\tokoo\system\CodeIgniter.php(326): CodeIgniter\CodeIgniter->handleRequest(NULL, Object(Config\Cache), false)
#9 C:\xampp\htdocs\tokoo\public\index.php(37): CodeIgniter\CodeIgniter->run()
#10 C:\xampp\htdocs\tokoo\system\Commands\Server\rewrite.php(43): require_once('C:\\xampp\\htdocs...')
#11 {main}
CRITICAL - 2023-11-21 08:43:59 --> mysqli_fetch_array() expects parameter 1 to be mysqli_result, bool given
#0 [internal function]: CodeIgniter\Debug\Exceptions->errorHandler(2, 'mysqli_fetch_ar...', 'C:\\xampp\\htdocs...', 342, Array)
#1 C:\xampp\htdocs\tokoo\app\Views\hal\edit.php(342): mysqli_fetch_array(false)
#2 C:\xampp\htdocs\tokoo\system\View\View.php(210): include('C:\\xampp\\htdocs...')
#3 C:\xampp\htdocs\tokoo\system\View\View.php(213): CodeIgniter\View\View->CodeIgniter\View\{closure}()
#4 C:\xampp\htdocs\tokoo\system\Common.php(1089): CodeIgniter\View\View->render('hal/edit', Array, true)
#5 C:\xampp\htdocs\tokoo\app\Controllers\Home.php(47): view('hal/edit')
#6 C:\xampp\htdocs\tokoo\system\CodeIgniter.php(832): App\Controllers\Home->edit()
#7 C:\xampp\htdocs\tokoo\system\CodeIgniter.php(419): CodeIgniter\CodeIgniter->runController(Object(App\Controllers\Home))
#8 C:\xampp\htdocs\tokoo\system\CodeIgniter.php(326): CodeIgniter\CodeIgniter->handleRequest(NULL, Object(Config\Cache), false)
#9 C:\xampp\htdocs\tokoo\public\index.php(37): CodeIgniter\CodeIgniter->run()
#10 C:\xampp\htdocs\tokoo\system\Commands\Server\rewrite.php(43): require_once('C:\\xampp\\htdocs...')
#11 {main}
CRITICAL - 2023-11-21 08:44:04 --> mysqli_fetch_array() expects parameter 1 to be mysqli_result, bool given
#0 [internal function]: CodeIgniter\Debug\Exceptions->errorHandler(2, 'mysqli_fetch_ar...', 'C:\\xampp\\htdocs...', 357, Array)
#1 C:\xampp\htdocs\tokoo\app\Views\hal\edit.php(357): mysqli_fetch_array(false)
#2 C:\xampp\htdocs\tokoo\system\View\View.php(210): include('C:\\xampp\\htdocs...')
#3 C:\xampp\htdocs\tokoo\system\View\View.php(213): CodeIgniter\View\View->CodeIgniter\View\{closure}()
#4 C:\xampp\htdocs\tokoo\system\Common.php(1089): CodeIgniter\View\View->render('hal/edit', Array, true)
#5 C:\xampp\htdocs\tokoo\app\Controllers\Home.php(47): view('hal/edit')
#6 C:\xampp\htdocs\tokoo\system\CodeIgniter.php(832): App\Controllers\Home->edit()
#7 C:\xampp\htdocs\tokoo\system\CodeIgniter.php(419): CodeIgniter\CodeIgniter->runController(Object(App\Controllers\Home))
#8 C:\xampp\htdocs\tokoo\system\CodeIgniter.php(326): CodeIgniter\CodeIgniter->handleRequest(NULL, Object(Config\Cache), false)
#9 C:\xampp\htdocs\tokoo\public\index.php(37): CodeIgniter\CodeIgniter->run()
#10 C:\xampp\htdocs\tokoo\system\Commands\Server\rewrite.php(43): require_once('C:\\xampp\\htdocs...')
#11 {main}
CRITICAL - 2023-11-21 08:44:23 --> mysqli_fetch_array() expects parameter 1 to be mysqli_result, bool given
#0 [internal function]: CodeIgniter\Debug\Exceptions->errorHandler(2, 'mysqli_fetch_ar...', 'C:\\xampp\\htdocs...', 57, Array)
#1 C:\xampp\htdocs\tokoo\app\Views\hal\edit.php(57): mysqli_fetch_array(false)
#2 C:\xampp\htdocs\tokoo\system\View\View.php(210): include('C:\\xampp\\htdocs...')
#3 C:\xampp\htdocs\tokoo\system\View\View.php(213): CodeIgniter\View\View->CodeIgniter\View\{closure}()
#4 C:\xampp\htdocs\tokoo\system\Common.php(1089): CodeIgniter\View\View->render('hal/edit', Array, true)
#5 C:\xampp\htdocs\tokoo\app\Controllers\Home.php(47): view('hal/edit')
#6 C:\xampp\htdocs\tokoo\system\CodeIgniter.php(832): App\Controllers\Home->edit()
#7 C:\xampp\htdocs\tokoo\system\CodeIgniter.php(419): CodeIgniter\CodeIgniter->runController(Object(App\Controllers\Home))
#8 C:\xampp\htdocs\tokoo\system\CodeIgniter.php(326): CodeIgniter\CodeIgniter->handleRequest(NULL, Object(Config\Cache), false)
#9 C:\xampp\htdocs\tokoo\public\index.php(37): CodeIgniter\CodeIgniter->run()
#10 C:\xampp\htdocs\tokoo\system\Commands\Server\rewrite.php(43): require_once('C:\\xampp\\htdocs...')
#11 {main}
CRITICAL - 2023-11-21 08:45:11 --> mysqli_fetch_array() expects parameter 1 to be mysqli_result, bool given
#0 [internal function]: CodeIgniter\Debug\Exceptions->errorHandler(2, 'mysqli_fetch_ar...', 'C:\\xampp\\htdocs...', 57, Array)
#1 C:\xampp\htdocs\tokoo\app\Views\hal\edit.php(57): mysqli_fetch_array(false)
#2 C:\xampp\htdocs\tokoo\system\View\View.php(210): include('C:\\xampp\\htdocs...')
#3 C:\xampp\htdocs\tokoo\system\View\View.php(213): CodeIgniter\View\View->CodeIgniter\View\{closure}()
#4 C:\xampp\htdocs\tokoo\system\Common.php(1089): CodeIgniter\View\View->render('hal/edit', Array, true)
#5 C:\xampp\htdocs\tokoo\app\Controllers\Home.php(47): view('hal/edit')
#6 C:\xampp\htdocs\tokoo\system\CodeIgniter.php(832): App\Controllers\Home->edit()
#7 C:\xampp\htdocs\tokoo\system\CodeIgniter.php(419): CodeIgniter\CodeIgniter->runController(Object(App\Controllers\Home))
#8 C:\xampp\htdocs\tokoo\system\CodeIgniter.php(326): CodeIgniter\CodeIgniter->handleRequest(NULL, Object(Config\Cache), false)
#9 C:\xampp\htdocs\tokoo\public\index.php(37): CodeIgniter\CodeIgniter->run()
#10 C:\xampp\htdocs\tokoo\system\Commands\Server\rewrite.php(43): require_once('C:\\xampp\\htdocs...')
#11 {main}
CRITICAL - 2023-11-21 08:48:55 --> mysqli_fetch_array() expects parameter 1 to be mysqli_result, bool given
#0 [internal function]: CodeIgniter\Debug\Exceptions->errorHandler(2, 'mysqli_fetch_ar...', 'C:\\xampp\\htdocs...', 57, Array)
#1 C:\xampp\htdocs\tokoo\app\Views\hal\edit.php(57): mysqli_fetch_array(false)
#2 C:\xampp\htdocs\tokoo\system\View\View.php(210): include('C:\\xampp\\htdocs...')
#3 C:\xampp\htdocs\tokoo\system\View\View.php(213): CodeIgniter\View\View->CodeIgniter\View\{closure}()
#4 C:\xampp\htdocs\tokoo\system\Common.php(1089): CodeIgniter\View\View->render('hal/edit', Array, true)
#5 C:\xampp\htdocs\tokoo\app\Controllers\Home.php(47): view('hal/edit')
#6 C:\xampp\htdocs\tokoo\system\CodeIgniter.php(832): App\Controllers\Home->edit()
#7 C:\xampp\htdocs\tokoo\system\CodeIgniter.php(419): CodeIgniter\CodeIgniter->runController(Object(App\Controllers\Home))
#8 C:\xampp\htdocs\tokoo\system\CodeIgniter.php(326): CodeIgniter\CodeIgniter->handleRequest(NULL, Object(Config\Cache), false)
#9 C:\xampp\htdocs\tokoo\public\index.php(37): CodeIgniter\CodeIgniter->run()
#10 C:\xampp\htdocs\tokoo\system\Commands\Server\rewrite.php(43): require_once('C:\\xampp\\htdocs...')
#11 {main}
CRITICAL - 2023-11-21 08:49:00 --> mysqli_fetch_array() expects parameter 1 to be mysqli_result, bool given
#0 [internal function]: CodeIgniter\Debug\Exceptions->errorHandler(2, 'mysqli_fetch_ar...', 'C:\\xampp\\htdocs...', 57, Array)
#1 C:\xampp\htdocs\tokoo\app\Views\hal\edit.php(57): mysqli_fetch_array(false)
#2 C:\xampp\htdocs\tokoo\system\View\View.php(210): include('C:\\xampp\\htdocs...')
#3 C:\xampp\htdocs\tokoo\system\View\View.php(213): CodeIgniter\View\View->CodeIgniter\View\{closure}()
#4 C:\xampp\htdocs\tokoo\system\Common.php(1089): CodeIgniter\View\View->render('hal/edit', Array, true)
#5 C:\xampp\htdocs\tokoo\app\Controllers\Home.php(47): view('hal/edit')
#6 C:\xampp\htdocs\tokoo\system\CodeIgniter.php(832): App\Controllers\Home->edit()
#7 C:\xampp\htdocs\tokoo\system\CodeIgniter.php(419): CodeIgniter\CodeIgniter->runController(Object(App\Controllers\Home))
#8 C:\xampp\htdocs\tokoo\system\CodeIgniter.php(326): CodeIgniter\CodeIgniter->handleRequest(NULL, Object(Config\Cache), false)
#9 C:\xampp\htdocs\tokoo\public\index.php(37): CodeIgniter\CodeIgniter->run()
#10 C:\xampp\htdocs\tokoo\system\Commands\Server\rewrite.php(43): require_once('C:\\xampp\\htdocs...')
#11 {main}
CRITICAL - 2023-11-21 08:49:35 --> mysqli_fetch_array() expects parameter 1 to be mysqli_result, bool given
#0 [internal function]: CodeIgniter\Debug\Exceptions->errorHandler(2, 'mysqli_fetch_ar...', 'C:\\xampp\\htdocs...', 57, Array)
#1 C:\xampp\htdocs\tokoo\app\Views\edit.php(57): mysqli_fetch_array(false)
#2 C:\xampp\htdocs\tokoo\system\View\View.php(210): include('C:\\xampp\\htdocs...')
#3 C:\xampp\htdocs\tokoo\system\View\View.php(213): CodeIgniter\View\View->CodeIgniter\View\{closure}()
#4 C:\xampp\htdocs\tokoo\system\Common.php(1089): CodeIgniter\View\View->render('edit', Array, true)
#5 C:\xampp\htdocs\tokoo\app\Controllers\Home.php(47): view('edit')
#6 C:\xampp\htdocs\tokoo\system\CodeIgniter.php(832): App\Controllers\Home->edit()
#7 C:\xampp\htdocs\tokoo\system\CodeIgniter.php(419): CodeIgniter\CodeIgniter->runController(Object(App\Controllers\Home))
#8 C:\xampp\htdocs\tokoo\system\CodeIgniter.php(326): CodeIgniter\CodeIgniter->handleRequest(NULL, Object(Config\Cache), false)
#9 C:\xampp\htdocs\tokoo\public\index.php(37): CodeIgniter\CodeIgniter->run()
#10 C:\xampp\htdocs\tokoo\system\Commands\Server\rewrite.php(43): require_once('C:\\xampp\\htdocs...')
#11 {main}
CRITICAL - 2023-11-21 08:49:40 --> mysqli_fetch_array() expects parameter 1 to be mysqli_result, bool given
#0 [internal function]: CodeIgniter\Debug\Exceptions->errorHandler(2, 'mysqli_fetch_ar...', 'C:\\xampp\\htdocs...', 57, Array)
#1 C:\xampp\htdocs\tokoo\app\Views\edit.php(57): mysqli_fetch_array(false)
#2 C:\xampp\htdocs\tokoo\system\View\View.php(210): include('C:\\xampp\\htdocs...')
#3 C:\xampp\htdocs\tokoo\system\View\View.php(213): CodeIgniter\View\View->CodeIgniter\View\{closure}()
#4 C:\xampp\htdocs\tokoo\system\Common.php(1089): CodeIgniter\View\View->render('edit', Array, true)
#5 C:\xampp\htdocs\tokoo\app\Controllers\Home.php(47): view('edit')
#6 C:\xampp\htdocs\tokoo\system\CodeIgniter.php(832): App\Controllers\Home->edit()
#7 C:\xampp\htdocs\tokoo\system\CodeIgniter.php(419): CodeIgniter\CodeIgniter->runController(Object(App\Controllers\Home))
#8 C:\xampp\htdocs\tokoo\system\CodeIgniter.php(326): CodeIgniter\CodeIgniter->handleRequest(NULL, Object(Config\Cache), false)
#9 C:\xampp\htdocs\tokoo\public\index.php(37): CodeIgniter\CodeIgniter->run()
#10 C:\xampp\htdocs\tokoo\system\Commands\Server\rewrite.php(43): require_once('C:\\xampp\\htdocs...')
#11 {main}
CRITICAL - 2023-11-21 08:51:50 --> mysqli_fetch_array() expects parameter 1 to be mysqli_result, bool given
#0 [internal function]: CodeIgniter\Debug\Exceptions->errorHandler(2, 'mysqli_fetch_ar...', 'C:\\xampp\\htdocs...', 57, Array)
#1 C:\xampp\htdocs\tokoo\app\Views\edit.php(57): mysqli_fetch_array(false)
#2 C:\xampp\htdocs\tokoo\system\View\View.php(210): include('C:\\xampp\\htdocs...')
#3 C:\xampp\htdocs\tokoo\system\View\View.php(213): CodeIgniter\View\View->CodeIgniter\View\{closure}()
#4 C:\xampp\htdocs\tokoo\system\Common.php(1089): CodeIgniter\View\View->render('edit', Array, true)
#5 C:\xampp\htdocs\tokoo\app\Controllers\Home.php(47): view('edit')
#6 C:\xampp\htdocs\tokoo\system\CodeIgniter.php(832): App\Controllers\Home->edit()
#7 C:\xampp\htdocs\tokoo\system\CodeIgniter.php(419): CodeIgniter\CodeIgniter->runController(Object(App\Controllers\Home))
#8 C:\xampp\htdocs\tokoo\system\CodeIgniter.php(326): CodeIgniter\CodeIgniter->handleRequest(NULL, Object(Config\Cache), false)
#9 C:\xampp\htdocs\tokoo\public\index.php(37): CodeIgniter\CodeIgniter->run()
#10 C:\xampp\htdocs\tokoo\system\Commands\Server\rewrite.php(43): require_once('C:\\xampp\\htdocs...')
#11 {main}
CRITICAL - 2023-11-21 08:52:13 --> mysqli_fetch_array() expects parameter 1 to be mysqli_result, bool given
#0 [internal function]: CodeIgniter\Debug\Exceptions->errorHandler(2, 'mysqli_fetch_ar...', 'C:\\xampp\\htdocs...', 57, Array)
#1 C:\xampp\htdocs\tokoo\app\Views\edit.php(57): mysqli_fetch_array(false)
#2 C:\xampp\htdocs\tokoo\system\View\View.php(210): include('C:\\xampp\\htdocs...')
#3 C:\xampp\htdocs\tokoo\system\View\View.php(213): CodeIgniter\View\View->CodeIgniter\View\{closure}()
#4 C:\xampp\htdocs\tokoo\system\Common.php(1089): CodeIgniter\View\View->render('edit', Array, true)
#5 C:\xampp\htdocs\tokoo\app\Controllers\Home.php(47): view('edit')
#6 C:\xampp\htdocs\tokoo\system\CodeIgniter.php(832): App\Controllers\Home->edit()
#7 C:\xampp\htdocs\tokoo\system\CodeIgniter.php(419): CodeIgniter\CodeIgniter->runController(Object(App\Controllers\Home))
#8 C:\xampp\htdocs\tokoo\system\CodeIgniter.php(326): CodeIgniter\CodeIgniter->handleRequest(NULL, Object(Config\Cache), false)
#9 C:\xampp\htdocs\tokoo\public\index.php(37): CodeIgniter\CodeIgniter->run()
#10 C:\xampp\htdocs\tokoo\system\Commands\Server\rewrite.php(43): require_once('C:\\xampp\\htdocs...')
#11 {main}
CRITICAL - 2023-11-21 08:53:16 --> mysqli_query() expects parameter 1 to be mysqli, null given
#0 [internal function]: CodeIgniter\Debug\Exceptions->errorHandler(2, 'mysqli_query() ...', 'C:\\xampp\\htdocs...', 41, Array)
#1 C:\xampp\htdocs\tokoo\app\Views\edit.php(41): mysqli_query(NULL, 'SELECT * FROM b...')
#2 C:\xampp\htdocs\tokoo\system\View\View.php(210): include('C:\\xampp\\htdocs...')
#3 C:\xampp\htdocs\tokoo\system\View\View.php(213): CodeIgniter\View\View->CodeIgniter\View\{closure}()
#4 C:\xampp\htdocs\tokoo\system\Common.php(1089): CodeIgniter\View\View->render('edit', Array, true)
#5 C:\xampp\htdocs\tokoo\app\Controllers\Home.php(47): view('edit')
#6 C:\xampp\htdocs\tokoo\system\CodeIgniter.php(832): App\Controllers\Home->edit()
#7 C:\xampp\htdocs\tokoo\system\CodeIgniter.php(419): CodeIgniter\CodeIgniter->runController(Object(App\Controllers\Home))
#8 C:\xampp\htdocs\tokoo\system\CodeIgniter.php(326): CodeIgniter\CodeIgniter->handleRequest(NULL, Object(Config\Cache), false)
#9 C:\xampp\htdocs\tokoo\public\index.php(37): CodeIgniter\CodeIgniter->run()
#10 C:\xampp\htdocs\tokoo\system\Commands\Server\rewrite.php(43): require_once('C:\\xampp\\htdocs...')
#11 {main}
CRITICAL - 2023-11-21 08:53:55 --> mysqli_fetch_array() expects parameter 1 to be mysqli_result, bool given
#0 [internal function]: CodeIgniter\Debug\Exceptions->errorHandler(2, 'mysqli_fetch_ar...', 'C:\\xampp\\htdocs...', 57, Array)
#1 C:\xampp\htdocs\tokoo\app\Views\edit.php(57): mysqli_fetch_array(false)
#2 C:\xampp\htdocs\tokoo\system\View\View.php(210): include('C:\\xampp\\htdocs...')
#3 C:\xampp\htdocs\tokoo\system\View\View.php(213): CodeIgniter\View\View->CodeIgniter\View\{closure}()
#4 C:\xampp\htdocs\tokoo\system\Common.php(1089): CodeIgniter\View\View->render('edit', Array, true)
#5 C:\xampp\htdocs\tokoo\app\Controllers\Home.php(47): view('edit')
#6 C:\xampp\htdocs\tokoo\system\CodeIgniter.php(832): App\Controllers\Home->edit()
#7 C:\xampp\htdocs\tokoo\system\CodeIgniter.php(419): CodeIgniter\CodeIgniter->runController(Object(App\Controllers\Home))
#8 C:\xampp\htdocs\tokoo\system\CodeIgniter.php(326): CodeIgniter\CodeIgniter->handleRequest(NULL, Object(Config\Cache), false)
#9 C:\xampp\htdocs\tokoo\public\index.php(37): CodeIgniter\CodeIgniter->run()
#10 C:\xampp\htdocs\tokoo\system\Commands\Server\rewrite.php(43): require_once('C:\\xampp\\htdocs...')
#11 {main}
CRITICAL - 2023-11-21 08:56:37 --> mysqli_fetch_array() expects parameter 1 to be mysqli_result, bool given
#0 [internal function]: CodeIgniter\Debug\Exceptions->errorHandler(2, 'mysqli_fetch_ar...', 'C:\\xampp\\htdocs...', 57, Array)
#1 C:\xampp\htdocs\tokoo\app\Views\edit.php(57): mysqli_fetch_array(false)
#2 C:\xampp\htdocs\tokoo\system\View\View.php(210): include('C:\\xampp\\htdocs...')
#3 C:\xampp\htdocs\tokoo\system\View\View.php(213): CodeIgniter\View\View->CodeIgniter\View\{closure}()
#4 C:\xampp\htdocs\tokoo\system\Common.php(1089): CodeIgniter\View\View->render('edit', Array, true)
#5 C:\xampp\htdocs\tokoo\app\Controllers\Home.php(48): view('edit')
#6 C:\xampp\htdocs\tokoo\system\CodeIgniter.php(832): App\Controllers\Home->edit()
#7 C:\xampp\htdocs\tokoo\system\CodeIgniter.php(419): CodeIgniter\CodeIgniter->runController(Object(App\Controllers\Home))
#8 C:\xampp\htdocs\tokoo\system\CodeIgniter.php(326): CodeIgniter\CodeIgniter->handleRequest(NULL, Object(Config\Cache), false)
#9 C:\xampp\htdocs\tokoo\public\index.php(37): CodeIgniter\CodeIgniter->run()
#10 C:\xampp\htdocs\tokoo\system\Commands\Server\rewrite.php(43): require_once('C:\\xampp\\htdocs...')
#11 {main}
CRITICAL - 2023-11-21 08:56:58 --> mysqli_fetch_array() expects parameter 1 to be mysqli_result, bool given
#0 [internal function]: CodeIgniter\Debug\Exceptions->errorHandler(2, 'mysqli_fetch_ar...', 'C:\\xampp\\htdocs...', 57, Array)
#1 C:\xampp\htdocs\tokoo\app\Views\edit.php(57): mysqli_fetch_array(false)
#2 C:\xampp\htdocs\tokoo\system\View\View.php(210): include('C:\\xampp\\htdocs...')
#3 C:\xampp\htdocs\tokoo\system\View\View.php(213): CodeIgniter\View\View->CodeIgniter\View\{closure}()
#4 C:\xampp\htdocs\tokoo\system\Common.php(1089): CodeIgniter\View\View->render('edit', Array, true)
#5 C:\xampp\htdocs\tokoo\app\Controllers\Home.php(48): view('edit')
#6 C:\xampp\htdocs\tokoo\system\CodeIgniter.php(832): App\Controllers\Home->edit()
#7 C:\xampp\htdocs\tokoo\system\CodeIgniter.php(419): CodeIgniter\CodeIgniter->runController(Object(App\Controllers\Home))
#8 C:\xampp\htdocs\tokoo\system\CodeIgniter.php(326): CodeIgniter\CodeIgniter->handleRequest(NULL, Object(Config\Cache), false)
#9 C:\xampp\htdocs\tokoo\public\index.php(37): CodeIgniter\CodeIgniter->run()
#10 C:\xampp\htdocs\tokoo\system\Commands\Server\rewrite.php(43): require_once('C:\\xampp\\htdocs...')
#11 {main}
CRITICAL - 2023-11-21 09:07:43 --> Too few arguments to function App\Controllers\Home::hapus_barang(), 0 passed in C:\xampp\htdocs\tokoo\system\CodeIgniter.php on line 832 and exactly 1 expected
#0 C:\xampp\htdocs\tokoo\system\CodeIgniter.php(832): App\Controllers\Home->hapus_barang()
#1 C:\xampp\htdocs\tokoo\system\CodeIgniter.php(419): CodeIgniter\CodeIgniter->runController(Object(App\Controllers\Home))
#2 C:\xampp\htdocs\tokoo\system\CodeIgniter.php(326): CodeIgniter\CodeIgniter->handleRequest(NULL, Object(Config\Cache), false)
#3 C:\xampp\htdocs\tokoo\public\index.php(37): CodeIgniter\CodeIgniter->run()
#4 C:\xampp\htdocs\tokoo\system\Commands\Server\rewrite.php(43): require_once('C:\\xampp\\htdocs...')
#5 {main}
CRITICAL - 2023-11-21 09:08:18 --> Too few arguments to function App\Controllers\Home::hapus_barang(), 0 passed in C:\xampp\htdocs\tokoo\system\CodeIgniter.php on line 832 and exactly 1 expected
#0 C:\xampp\htdocs\tokoo\system\CodeIgniter.php(832): App\Controllers\Home->hapus_barang()
#1 C:\xampp\htdocs\tokoo\system\CodeIgniter.php(419): CodeIgniter\CodeIgniter->runController(Object(App\Controllers\Home))
#2 C:\xampp\htdocs\tokoo\system\CodeIgniter.php(326): CodeIgniter\CodeIgniter->handleRequest(NULL, Object(Config\Cache), false)
#3 C:\xampp\htdocs\tokoo\public\index.php(37): CodeIgniter\CodeIgniter->run()
#4 C:\xampp\htdocs\tokoo\system\Commands\Server\rewrite.php(43): require_once('C:\\xampp\\htdocs...')
#5 {main}
CRITICAL - 2023-11-21 09:08:20 --> Too few arguments to function App\Controllers\Home::hapus_barang(), 0 passed in C:\xampp\htdocs\tokoo\system\CodeIgniter.php on line 832 and exactly 1 expected
#0 C:\xampp\htdocs\tokoo\system\CodeIgniter.php(832): App\Controllers\Home->hapus_barang()
#1 C:\xampp\htdocs\tokoo\system\CodeIgniter.php(419): CodeIgniter\CodeIgniter->runController(Object(App\Controllers\Home))
#2 C:\xampp\htdocs\tokoo\system\CodeIgniter.php(326): CodeIgniter\CodeIgniter->handleRequest(NULL, Object(Config\Cache), false)
#3 C:\xampp\htdocs\tokoo\public\index.php(37): CodeIgniter\CodeIgniter->run()
#4 C:\xampp\htdocs\tokoo\system\Commands\Server\rewrite.php(43): require_once('C:\\xampp\\htdocs...')
#5 {main}
CRITICAL - 2023-11-21 09:09:02 --> Too few arguments to function App\Controllers\Home::hapus_barang(), 0 passed in C:\xampp\htdocs\tokoo\system\CodeIgniter.php on line 832 and exactly 1 expected
#0 C:\xampp\htdocs\tokoo\system\CodeIgniter.php(832): App\Controllers\Home->hapus_barang()
#1 C:\xampp\htdocs\tokoo\system\CodeIgniter.php(419): CodeIgniter\CodeIgniter->runController(Object(App\Controllers\Home))
#2 C:\xampp\htdocs\tokoo\system\CodeIgniter.php(326): CodeIgniter\CodeIgniter->handleRequest(NULL, Object(Config\Cache), false)
#3 C:\xampp\htdocs\tokoo\public\index.php(37): CodeIgniter\CodeIgniter->run()
#4 C:\xampp\htdocs\tokoo\system\Commands\Server\rewrite.php(43): require_once('C:\\xampp\\htdocs...')
#5 {main}
CRITICAL - 2023-11-21 09:09:05 --> Too few arguments to function App\Controllers\Home::hapus_barang(), 0 passed in C:\xampp\htdocs\tokoo\system\CodeIgniter.php on line 832 and exactly 1 expected
#0 C:\xampp\htdocs\tokoo\system\CodeIgniter.php(832): App\Controllers\Home->hapus_barang()
#1 C:\xampp\htdocs\tokoo\system\CodeIgniter.php(419): CodeIgniter\CodeIgniter->runController(Object(App\Controllers\Home))
#2 C:\xampp\htdocs\tokoo\system\CodeIgniter.php(326): CodeIgniter\CodeIgniter->handleRequest(NULL, Object(Config\Cache), false)
#3 C:\xampp\htdocs\tokoo\public\index.php(37): CodeIgniter\CodeIgniter->run()
#4 C:\xampp\htdocs\tokoo\system\Commands\Server\rewrite.php(43): require_once('C:\\xampp\\htdocs...')
#5 {main}
CRITICAL - 2023-11-21 09:11:25 --> Too few arguments to function App\Controllers\Home::hapus_barang(), 0 passed in C:\xampp\htdocs\tokoo\system\CodeIgniter.php on line 832 and exactly 1 expected
#0 C:\xampp\htdocs\tokoo\system\CodeIgniter.php(832): App\Controllers\Home->hapus_barang()
#1 C:\xampp\htdocs\tokoo\system\CodeIgniter.php(419): CodeIgniter\CodeIgniter->runController(Object(App\Controllers\Home))
#2 C:\xampp\htdocs\tokoo\system\CodeIgniter.php(326): CodeIgniter\CodeIgniter->handleRequest(NULL, Object(Config\Cache), false)
#3 C:\xampp\htdocs\tokoo\public\index.php(37): CodeIgniter\CodeIgniter->run()
#4 C:\xampp\htdocs\tokoo\system\Commands\Server\rewrite.php(43): require_once('C:\\xampp\\htdocs...')
#5 {main}
CRITICAL - 2023-11-21 09:21:34 --> mysqli_fetch_array() expects parameter 1 to be mysqli_result, bool given
#0 [internal function]: CodeIgniter\Debug\Exceptions->errorHandler(2, 'mysqli_fetch_ar...', 'C:\\xampp\\htdocs...', 57, Array)
#1 C:\xampp\htdocs\tokoo\app\Views\edit.php(57): mysqli_fetch_array(false)
#2 C:\xampp\htdocs\tokoo\system\View\View.php(210): include('C:\\xampp\\htdocs...')
#3 C:\xampp\htdocs\tokoo\system\View\View.php(213): CodeIgniter\View\View->CodeIgniter\View\{closure}()
#4 C:\xampp\htdocs\tokoo\system\Common.php(1089): CodeIgniter\View\View->render('edit', Array, true)
#5 C:\xampp\htdocs\tokoo\app\Controllers\Home.php(57): view('edit')
#6 C:\xampp\htdocs\tokoo\system\CodeIgniter.php(832): App\Controllers\Home->edit()
#7 C:\xampp\htdocs\tokoo\system\CodeIgniter.php(419): CodeIgniter\CodeIgniter->runController(Object(App\Controllers\Home))
#8 C:\xampp\htdocs\tokoo\system\CodeIgniter.php(326): CodeIgniter\CodeIgniter->handleRequest(NULL, Object(Config\Cache), false)
#9 C:\xampp\htdocs\tokoo\public\index.php(37): CodeIgniter\CodeIgniter->run()
#10 C:\xampp\htdocs\tokoo\system\Commands\Server\rewrite.php(43): require_once('C:\\xampp\\htdocs...')
#11 {main}
CRITICAL - 2023-11-21 09:22:23 --> mysqli_fetch_array() expects parameter 1 to be mysqli_result, bool given
#0 [internal function]: CodeIgniter\Debug\Exceptions->errorHandler(2, 'mysqli_fetch_ar...', 'C:\\xampp\\htdocs...', 57, Array)
#1 C:\xampp\htdocs\tokoo\app\Views\edit.php(57): mysqli_fetch_array(false)
#2 C:\xampp\htdocs\tokoo\system\View\View.php(210): include('C:\\xampp\\htdocs...')
#3 C:\xampp\htdocs\tokoo\system\View\View.php(213): CodeIgniter\View\View->CodeIgniter\View\{closure}()
#4 C:\xampp\htdocs\tokoo\system\Common.php(1089): CodeIgniter\View\View->render('edit', Array, true)
#5 C:\xampp\htdocs\tokoo\app\Controllers\Home.php(57): view('edit')
#6 C:\xampp\htdocs\tokoo\system\CodeIgniter.php(832): App\Controllers\Home->edit()
#7 C:\xampp\htdocs\tokoo\system\CodeIgniter.php(419): CodeIgniter\CodeIgniter->runController(Object(App\Controllers\Home))
#8 C:\xampp\htdocs\tokoo\system\CodeIgniter.php(326): CodeIgniter\CodeIgniter->handleRequest(NULL, Object(Config\Cache), false)
#9 C:\xampp\htdocs\tokoo\public\index.php(37): CodeIgniter\CodeIgniter->run()
#10 C:\xampp\htdocs\tokoo\system\Commands\Server\rewrite.php(43): require_once('C:\\xampp\\htdocs...')
#11 {main}
CRITICAL - 2023-11-21 22:24:29 --> mysqli_fetch_array() expects parameter 1 to be mysqli_result, bool given
#0 [internal function]: CodeIgniter\Debug\Exceptions->errorHandler(2, 'mysqli_fetch_ar...', 'C:\\xampp\\htdocs...', 69, Array)
#1 C:\xampp\htdocs\tokoo\app\Views\edit.php(69): mysqli_fetch_array(false)
#2 C:\xampp\htdocs\tokoo\system\View\View.php(210): include('C:\\xampp\\htdocs...')
#3 C:\xampp\htdocs\tokoo\system\View\View.php(213): CodeIgniter\View\View->CodeIgniter\View\{closure}()
#4 C:\xampp\htdocs\tokoo\system\Common.php(1089): CodeIgniter\View\View->render('edit', Array, true)
#5 C:\xampp\htdocs\tokoo\app\Controllers\Home.php(57): view('edit')
#6 C:\xampp\htdocs\tokoo\system\CodeIgniter.php(832): App\Controllers\Home->edit()
#7 C:\xampp\htdocs\tokoo\system\CodeIgniter.php(419): CodeIgniter\CodeIgniter->runController(Object(App\Controllers\Home))
#8 C:\xampp\htdocs\tokoo\system\CodeIgniter.php(326): CodeIgniter\CodeIgniter->handleRequest(NULL, Object(Config\Cache), false)
#9 C:\xampp\htdocs\tokoo\public\index.php(37): CodeIgniter\CodeIgniter->run()
#10 C:\xampp\htdocs\tokoo\system\Commands\Server\rewrite.php(43): require_once('C:\\xampp\\htdocs...')
#11 {main}
CRITICAL - 2023-11-21 22:24:45 --> mysqli_fetch_array() expects parameter 1 to be mysqli_result, bool given
#0 [internal function]: CodeIgniter\Debug\Exceptions->errorHandler(2, 'mysqli_fetch_ar...', 'C:\\xampp\\htdocs...', 55, Array)
#1 C:\xampp\htdocs\tokoo\app\Views\edit.php(55): mysqli_fetch_array(false)
#2 C:\xampp\htdocs\tokoo\system\View\View.php(210): include('C:\\xampp\\htdocs...')
#3 C:\xampp\htdocs\tokoo\system\View\View.php(213): CodeIgniter\View\View->CodeIgniter\View\{closure}()
#4 C:\xampp\htdocs\tokoo\system\Common.php(1089): CodeIgniter\View\View->render('edit', Array, true)
#5 C:\xampp\htdocs\tokoo\app\Controllers\Home.php(57): view('edit')
#6 C:\xampp\htdocs\tokoo\system\CodeIgniter.php(832): App\Controllers\Home->edit()
#7 C:\xampp\htdocs\tokoo\system\CodeIgniter.php(419): CodeIgniter\CodeIgniter->runController(Object(App\Controllers\Home))
#8 C:\xampp\htdocs\tokoo\system\CodeIgniter.php(326): CodeIgniter\CodeIgniter->handleRequest(NULL, Object(Config\Cache), false)
#9 C:\xampp\htdocs\tokoo\public\index.php(37): CodeIgniter\CodeIgniter->run()
#10 C:\xampp\htdocs\tokoo\system\Commands\Server\rewrite.php(43): require_once('C:\\xampp\\htdocs...')
#11 {main}
CRITICAL - 2023-11-21 10:08:30 --> mysqli_query() expects parameter 1 to be mysqli, null given
#0 [internal function]: CodeIgniter\Debug\Exceptions->errorHandler(2, 'mysqli_query() ...', 'C:\\xampp\\htdocs...', 32, Array)
#1 C:\xampp\htdocs\tokoo\app\Views\delete.php(32): mysqli_query(NULL, 'SELECT * FROM b...')
#2 C:\xampp\htdocs\tokoo\system\View\View.php(210): include('C:\\xampp\\htdocs...')
#3 C:\xampp\htdocs\tokoo\system\View\View.php(213): CodeIgniter\View\View->CodeIgniter\View\{closure}()
#4 C:\xampp\htdocs\tokoo\system\Common.php(1089): CodeIgniter\View\View->render('delete', Array, true)
#5 C:\xampp\htdocs\tokoo\app\Controllers\Home.php(65): view('delete')
#6 C:\xampp\htdocs\tokoo\system\CodeIgniter.php(832): App\Controllers\Home->delete()
#7 C:\xampp\htdocs\tokoo\system\CodeIgniter.php(419): CodeIgniter\CodeIgniter->runController(Object(App\Controllers\Home))
#8 C:\xampp\htdocs\tokoo\system\CodeIgniter.php(326): CodeIgniter\CodeIgniter->handleRequest(NULL, Object(Config\Cache), false)
#9 C:\xampp\htdocs\tokoo\public\index.php(37): CodeIgniter\CodeIgniter->run()
#10 C:\xampp\htdocs\tokoo\system\Commands\Server\rewrite.php(43): require_once('C:\\xampp\\htdocs...')
#11 {main}
CRITICAL - 2023-11-21 23:09:05 --> mysqli_fetch_array() expects parameter 1 to be mysqli_result, bool given
#0 [internal function]: CodeIgniter\Debug\Exceptions->errorHandler(2, 'mysqli_fetch_ar...', 'C:\\xampp\\htdocs...', 46, Array)
#1 C:\xampp\htdocs\tokoo\app\Views\delete.php(46): mysqli_fetch_array(false)
#2 C:\xampp\htdocs\tokoo\system\View\View.php(210): include('C:\\xampp\\htdocs...')
#3 C:\xampp\htdocs\tokoo\system\View\View.php(213): CodeIgniter\View\View->CodeIgniter\View\{closure}()
#4 C:\xampp\htdocs\tokoo\system\Common.php(1089): CodeIgniter\View\View->render('delete', Array, true)
#5 C:\xampp\htdocs\tokoo\app\Controllers\Home.php(65): view('delete')
#6 C:\xampp\htdocs\tokoo\system\CodeIgniter.php(832): App\Controllers\Home->delete()
#7 C:\xampp\htdocs\tokoo\system\CodeIgniter.php(419): CodeIgniter\CodeIgniter->runController(Object(App\Controllers\Home))
#8 C:\xampp\htdocs\tokoo\system\CodeIgniter.php(326): CodeIgniter\CodeIgniter->handleRequest(NULL, Object(Config\Cache), false)
#9 C:\xampp\htdocs\tokoo\public\index.php(37): CodeIgniter\CodeIgniter->run()
#10 C:\xampp\htdocs\tokoo\system\Commands\Server\rewrite.php(43): require_once('C:\\xampp\\htdocs...')
#11 {main}
CRITICAL - 2023-11-21 10:09:26 --> syntax error, unexpected '<', expecting end of file
#0 C:\xampp\htdocs\tokoo\system\View\View.php(213): CodeIgniter\View\View->CodeIgniter\View\{closure}()
#1 C:\xampp\htdocs\tokoo\system\Common.php(1089): CodeIgniter\View\View->render('delete', Array, true)
#2 C:\xampp\htdocs\tokoo\app\Controllers\Home.php(65): view('delete')
#3 C:\xampp\htdocs\tokoo\system\CodeIgniter.php(832): App\Controllers\Home->delete()
#4 C:\xampp\htdocs\tokoo\system\CodeIgniter.php(419): CodeIgniter\CodeIgniter->runController(Object(App\Controllers\Home))
#5 C:\xampp\htdocs\tokoo\system\CodeIgniter.php(326): CodeIgniter\CodeIgniter->handleRequest(NULL, Object(Config\Cache), false)
#6 C:\xampp\htdocs\tokoo\public\index.php(37): CodeIgniter\CodeIgniter->run()
#7 C:\xampp\htdocs\tokoo\system\Commands\Server\rewrite.php(43): require_once('C:\\xampp\\htdocs...')
#8 {main}
CRITICAL - 2023-11-21 23:09:52 --> mysqli_fetch_array() expects parameter 1 to be mysqli_result, bool given
#0 [internal function]: CodeIgniter\Debug\Exceptions->errorHandler(2, 'mysqli_fetch_ar...', 'C:\\xampp\\htdocs...', 46, Array)
#1 C:\xampp\htdocs\tokoo\app\Views\delete.php(46): mysqli_fetch_array(false)
#2 C:\xampp\htdocs\tokoo\system\View\View.php(210): include('C:\\xampp\\htdocs...')
#3 C:\xampp\htdocs\tokoo\system\View\View.php(213): CodeIgniter\View\View->CodeIgniter\View\{closure}()
#4 C:\xampp\htdocs\tokoo\system\Common.php(1089): CodeIgniter\View\View->render('delete', Array, true)
#5 C:\xampp\htdocs\tokoo\app\Controllers\Home.php(65): view('delete')
#6 C:\xampp\htdocs\tokoo\system\CodeIgniter.php(832): App\Controllers\Home->delete()
#7 C:\xampp\htdocs\tokoo\system\CodeIgniter.php(419): CodeIgniter\CodeIgniter->runController(Object(App\Controllers\Home))
#8 C:\xampp\htdocs\tokoo\system\CodeIgniter.php(326): CodeIgniter\CodeIgniter->handleRequest(NULL, Object(Config\Cache), false)
#9 C:\xampp\htdocs\tokoo\public\index.php(37): CodeIgniter\CodeIgniter->run()
#10 C:\xampp\htdocs\tokoo\system\Commands\Server\rewrite.php(43): require_once('C:\\xampp\\htdocs...')
#11 {main}
CRITICAL - 2023-11-21 23:10:33 --> mysqli_fetch_array() expects parameter 1 to be mysqli_result, bool given
#0 [internal function]: CodeIgniter\Debug\Exceptions->errorHandler(2, 'mysqli_fetch_ar...', 'C:\\xampp\\htdocs...', 46, Array)
#1 C:\xampp\htdocs\tokoo\app\Views\delete.php(46): mysqli_fetch_array(false)
#2 C:\xampp\htdocs\tokoo\system\View\View.php(210): include('C:\\xampp\\htdocs...')
#3 C:\xampp\htdocs\tokoo\system\View\View.php(213): CodeIgniter\View\View->CodeIgniter\View\{closure}()
#4 C:\xampp\htdocs\tokoo\system\Common.php(1089): CodeIgniter\View\View->render('delete', Array, true)
#5 C:\xampp\htdocs\tokoo\app\Controllers\Home.php(65): view('delete')
#6 C:\xampp\htdocs\tokoo\system\CodeIgniter.php(832): App\Controllers\Home->delete()
#7 C:\xampp\htdocs\tokoo\system\CodeIgniter.php(419): CodeIgniter\CodeIgniter->runController(Object(App\Controllers\Home))
#8 C:\xampp\htdocs\tokoo\system\CodeIgniter.php(326): CodeIgniter\CodeIgniter->handleRequest(NULL, Object(Config\Cache), false)
#9 C:\xampp\htdocs\tokoo\public\index.php(37): CodeIgniter\CodeIgniter->run()
#10 C:\xampp\htdocs\tokoo\system\Commands\Server\rewrite.php(43): require_once('C:\\xampp\\htdocs...')
#11 {main}
CRITICAL - 2023-11-21 23:11:21 --> mysqli_fetch_array() expects parameter 1 to be mysqli_result, bool given
#0 [internal function]: CodeIgniter\Debug\Exceptions->errorHandler(2, 'mysqli_fetch_ar...', 'C:\\xampp\\htdocs...', 46, Array)
#1 C:\xampp\htdocs\tokoo\app\Views\delete.php(46): mysqli_fetch_array(false)
#2 C:\xampp\htdocs\tokoo\system\View\View.php(210): include('C:\\xampp\\htdocs...')
#3 C:\xampp\htdocs\tokoo\system\View\View.php(213): CodeIgniter\View\View->CodeIgniter\View\{closure}()
#4 C:\xampp\htdocs\tokoo\system\Common.php(1089): CodeIgniter\View\View->render('delete', Array, true)
#5 C:\xampp\htdocs\tokoo\app\Controllers\Home.php(65): view('delete')
#6 C:\xampp\htdocs\tokoo\system\CodeIgniter.php(832): App\Controllers\Home->delete()
#7 C:\xampp\htdocs\tokoo\system\CodeIgniter.php(419): CodeIgniter\CodeIgniter->runController(Object(App\Controllers\Home))
#8 C:\xampp\htdocs\tokoo\system\CodeIgniter.php(326): CodeIgniter\CodeIgniter->handleRequest(NULL, Object(Config\Cache), false)
#9 C:\xampp\htdocs\tokoo\public\index.php(37): CodeIgniter\CodeIgniter->run()
#10 C:\xampp\htdocs\tokoo\system\Commands\Server\rewrite.php(43): require_once('C:\\xampp\\htdocs...')
#11 {main}
CRITICAL - 2023-11-21 23:13:58 --> mysqli_fetch_array() expects parameter 1 to be mysqli_result, bool given
#0 [internal function]: CodeIgniter\Debug\Exceptions->errorHandler(2, 'mysqli_fetch_ar...', 'C:\\xampp\\htdocs...', 48, Array)
#1 C:\xampp\htdocs\tokoo\app\Views\delete.php(48): mysqli_fetch_array(false)
#2 C:\xampp\htdocs\tokoo\system\View\View.php(210): include('C:\\xampp\\htdocs...')
#3 C:\xampp\htdocs\tokoo\system\View\View.php(213): CodeIgniter\View\View->CodeIgniter\View\{closure}()
#4 C:\xampp\htdocs\tokoo\system\Common.php(1089): CodeIgniter\View\View->render('delete', Array, true)
#5 C:\xampp\htdocs\tokoo\app\Controllers\Home.php(65): view('delete')
#6 C:\xampp\htdocs\tokoo\system\CodeIgniter.php(832): App\Controllers\Home->delete()
#7 C:\xampp\htdocs\tokoo\system\CodeIgniter.php(419): CodeIgniter\CodeIgniter->runController(Object(App\Controllers\Home))
#8 C:\xampp\htdocs\tokoo\system\CodeIgniter.php(326): CodeIgniter\CodeIgniter->handleRequest(NULL, Object(Config\Cache), false)
#9 C:\xampp\htdocs\tokoo\public\index.php(37): CodeIgniter\CodeIgniter->run()
#10 C:\xampp\htdocs\tokoo\system\Commands\Server\rewrite.php(43): require_once('C:\\xampp\\htdocs...')
#11 {main}
CRITICAL - 2023-11-21 10:14:41 --> mysqli_query() expects parameter 1 to be mysqli, null given
#0 [internal function]: CodeIgniter\Debug\Exceptions->errorHandler(2, 'mysqli_query() ...', 'C:\\xampp\\htdocs...', 9, Array)
#1 C:\xampp\htdocs\tokoo\app\Views\delete.php(9): mysqli_query(NULL, 'DELETE FROM bar...')
#2 C:\xampp\htdocs\tokoo\system\View\View.php(210): include('C:\\xampp\\htdocs...')
#3 C:\xampp\htdocs\tokoo\system\View\View.php(213): CodeIgniter\View\View->CodeIgniter\View\{closure}()
#4 C:\xampp\htdocs\tokoo\system\Common.php(1089): CodeIgniter\View\View->render('delete', Array, true)
#5 C:\xampp\htdocs\tokoo\app\Controllers\Home.php(65): view('delete')
#6 C:\xampp\htdocs\tokoo\system\CodeIgniter.php(832): App\Controllers\Home->delete()
#7 C:\xampp\htdocs\tokoo\system\CodeIgniter.php(419): CodeIgniter\CodeIgniter->runController(Object(App\Controllers\Home))
#8 C:\xampp\htdocs\tokoo\system\CodeIgniter.php(326): CodeIgniter\CodeIgniter->handleRequest(NULL, Object(Config\Cache), false)
#9 C:\xampp\htdocs\tokoo\public\index.php(37): CodeIgniter\CodeIgniter->run()
#10 C:\xampp\htdocs\tokoo\system\Commands\Server\rewrite.php(43): require_once('C:\\xampp\\htdocs...')
#11 {main}
CRITICAL - 2023-11-21 18:28:35 --> Too few arguments to function App\Controllers\Home::hapus_barang(), 0 passed in C:\xampp\htdocs\tokoo\system\CodeIgniter.php on line 832 and exactly 1 expected
#0 C:\xampp\htdocs\tokoo\system\CodeIgniter.php(832): App\Controllers\Home->hapus_barang()
#1 C:\xampp\htdocs\tokoo\system\CodeIgniter.php(419): CodeIgniter\CodeIgniter->runController(Object(App\Controllers\Home))
#2 C:\xampp\htdocs\tokoo\system\CodeIgniter.php(326): CodeIgniter\CodeIgniter->handleRequest(NULL, Object(Config\Cache), false)
#3 C:\xampp\htdocs\tokoo\public\index.php(37): CodeIgniter\CodeIgniter->run()
#4 C:\xampp\htdocs\tokoo\system\Commands\Server\rewrite.php(43): require_once('C:\\xampp\\htdocs...')
#5 {main}
CRITICAL - 2023-11-21 18:29:21 --> Too few arguments to function App\Controllers\Home::hapus_barang(), 0 passed in C:\xampp\htdocs\tokoo\system\CodeIgniter.php on line 832 and exactly 1 expected
#0 C:\xampp\htdocs\tokoo\system\CodeIgniter.php(832): App\Controllers\Home->hapus_barang()
#1 C:\xampp\htdocs\tokoo\system\CodeIgniter.php(419): CodeIgniter\CodeIgniter->runController(Object(App\Controllers\Home))
#2 C:\xampp\htdocs\tokoo\system\CodeIgniter.php(326): CodeIgniter\CodeIgniter->handleRequest(NULL, Object(Config\Cache), false)
#3 C:\xampp\htdocs\tokoo\public\index.php(37): CodeIgniter\CodeIgniter->run()
#4 C:\xampp\htdocs\tokoo\system\Commands\Server\rewrite.php(43): require_once('C:\\xampp\\htdocs...')
#5 {main}
CRITICAL - 2023-11-21 18:31:02 --> Too few arguments to function App\Controllers\Home::hapus_barang(), 0 passed in C:\xampp\htdocs\tokoo\system\CodeIgniter.php on line 832 and exactly 1 expected
#0 C:\xampp\htdocs\tokoo\system\CodeIgniter.php(832): App\Controllers\Home->hapus_barang()
#1 C:\xampp\htdocs\tokoo\system\CodeIgniter.php(419): CodeIgniter\CodeIgniter->runController(Object(App\Controllers\Home))
#2 C:\xampp\htdocs\tokoo\system\CodeIgniter.php(326): CodeIgniter\CodeIgniter->handleRequest(NULL, Object(Config\Cache), false)
#3 C:\xampp\htdocs\tokoo\public\index.php(37): CodeIgniter\CodeIgniter->run()
#4 C:\xampp\htdocs\tokoo\system\Commands\Server\rewrite.php(43): require_once('C:\\xampp\\htdocs...')
#5 {main}
CRITICAL - 2023-11-21 18:32:47 --> Too few arguments to function App\Controllers\Home::hapus_barang(), 0 passed in C:\xampp\htdocs\tokoo\system\CodeIgniter.php on line 832 and exactly 1 expected
#0 C:\xampp\htdocs\tokoo\system\CodeIgniter.php(832): App\Controllers\Home->hapus_barang()
#1 C:\xampp\htdocs\tokoo\system\CodeIgniter.php(419): CodeIgniter\CodeIgniter->runController(Object(App\Controllers\Home))
#2 C:\xampp\htdocs\tokoo\system\CodeIgniter.php(326): CodeIgniter\CodeIgniter->handleRequest(NULL, Object(Config\Cache), false)
#3 C:\xampp\htdocs\tokoo\public\index.php(37): CodeIgniter\CodeIgniter->run()
#4 C:\xampp\htdocs\tokoo\system\Commands\Server\rewrite.php(43): require_once('C:\\xampp\\htdocs...')
#5 {main}
CRITICAL - 2023-11-21 18:33:57 --> Too few arguments to function App\Controllers\Home::hapus_barang(), 0 passed in C:\xampp\htdocs\tokoo\system\CodeIgniter.php on line 832 and exactly 1 expected
#0 C:\xampp\htdocs\tokoo\system\CodeIgniter.php(832): App\Controllers\Home->hapus_barang()
#1 C:\xampp\htdocs\tokoo\system\CodeIgniter.php(419): CodeIgniter\CodeIgniter->runController(Object(App\Controllers\Home))
#2 C:\xampp\htdocs\tokoo\system\CodeIgniter.php(326): CodeIgniter\CodeIgniter->handleRequest(NULL, Object(Config\Cache), false)
#3 C:\xampp\htdocs\tokoo\public\index.php(37): CodeIgniter\CodeIgniter->run()
#4 C:\xampp\htdocs\tokoo\system\Commands\Server\rewrite.php(43): require_once('C:\\xampp\\htdocs...')
#5 {main}
CRITICAL - 2023-11-21 20:04:23 --> Too few arguments to function App\Controllers\Home::hapus_barang(), 0 passed in C:\xampp\htdocs\tokoo\system\CodeIgniter.php on line 832 and exactly 1 expected
#0 C:\xampp\htdocs\tokoo\system\CodeIgniter.php(832): App\Controllers\Home->hapus_barang()
#1 C:\xampp\htdocs\tokoo\system\CodeIgniter.php(419): CodeIgniter\CodeIgniter->runController(Object(App\Controllers\Home))
#2 C:\xampp\htdocs\tokoo\system\CodeIgniter.php(326): CodeIgniter\CodeIgniter->handleRequest(NULL, Object(Config\Cache), false)
#3 C:\xampp\htdocs\tokoo\public\index.php(37): CodeIgniter\CodeIgniter->run()
#4 C:\xampp\htdocs\tokoo\system\Commands\Server\rewrite.php(43): require_once('C:\\xampp\\htdocs...')
#5 {main}
CRITICAL - 2023-11-21 20:05:00 --> Too few arguments to function App\Controllers\Home::hapus_barang(), 0 passed in C:\xampp\htdocs\tokoo\system\CodeIgniter.php on line 832 and exactly 1 expected
#0 C:\xampp\htdocs\tokoo\system\CodeIgniter.php(832): App\Controllers\Home->hapus_barang()
#1 C:\xampp\htdocs\tokoo\system\CodeIgniter.php(419): CodeIgniter\CodeIgniter->runController(Object(App\Controllers\Home))
#2 C:\xampp\htdocs\tokoo\system\CodeIgniter.php(326): CodeIgniter\CodeIgniter->handleRequest(NULL, Object(Config\Cache), false)
#3 C:\xampp\htdocs\tokoo\public\index.php(37): CodeIgniter\CodeIgniter->run()
#4 C:\xampp\htdocs\tokoo\system\Commands\Server\rewrite.php(43): require_once('C:\\xampp\\htdocs...')
#5 {main}
CRITICAL - 2023-11-21 20:05:57 --> Too few arguments to function App\Controllers\Home::hapus_barang(), 0 passed in C:\xampp\htdocs\tokoo\system\CodeIgniter.php on line 832 and exactly 1 expected
#0 C:\xampp\htdocs\tokoo\system\CodeIgniter.php(832): App\Controllers\Home->hapus_barang()
#1 C:\xampp\htdocs\tokoo\system\CodeIgniter.php(419): CodeIgniter\CodeIgniter->runController(Object(App\Controllers\Home))
#2 C:\xampp\htdocs\tokoo\system\CodeIgniter.php(326): CodeIgniter\CodeIgniter->handleRequest(NULL, Object(Config\Cache), false)
#3 C:\xampp\htdocs\tokoo\public\index.php(37): CodeIgniter\CodeIgniter->run()
#4 C:\xampp\htdocs\tokoo\system\Commands\Server\rewrite.php(43): require_once('C:\\xampp\\htdocs...')
#5 {main}
CRITICAL - 2023-11-21 20:06:05 --> Too few arguments to function App\Controllers\Home::hapus_barang(), 0 passed in C:\xampp\htdocs\tokoo\system\CodeIgniter.php on line 832 and exactly 1 expected
#0 C:\xampp\htdocs\tokoo\system\CodeIgniter.php(832): App\Controllers\Home->hapus_barang()
#1 C:\xampp\htdocs\tokoo\system\CodeIgniter.php(419): CodeIgniter\CodeIgniter->runController(Object(App\Controllers\Home))
#2 C:\xampp\htdocs\tokoo\system\CodeIgniter.php(326): CodeIgniter\CodeIgniter->handleRequest(NULL, Object(Config\Cache), false)
#3 C:\xampp\htdocs\tokoo\public\index.php(37): CodeIgniter\CodeIgniter->run()
#4 C:\xampp\htdocs\tokoo\system\Commands\Server\rewrite.php(43): require_once('C:\\xampp\\htdocs...')
#5 {main}
CRITICAL - 2023-11-21 20:06:13 --> Too few arguments to function App\Controllers\Home::hapus_barang(), 0 passed in C:\xampp\htdocs\tokoo\system\CodeIgniter.php on line 832 and exactly 1 expected
#0 C:\xampp\htdocs\tokoo\system\CodeIgniter.php(832): App\Controllers\Home->hapus_barang()
#1 C:\xampp\htdocs\tokoo\system\CodeIgniter.php(419): CodeIgniter\CodeIgniter->runController(Object(App\Controllers\Home))
#2 C:\xampp\htdocs\tokoo\system\CodeIgniter.php(326): CodeIgniter\CodeIgniter->handleRequest(NULL, Object(Config\Cache), false)
#3 C:\xampp\htdocs\tokoo\public\index.php(37): CodeIgniter\CodeIgniter->run()
#4 C:\xampp\htdocs\tokoo\system\Commands\Server\rewrite.php(43): require_once('C:\\xampp\\htdocs...')
#5 {main}
CRITICAL - 2023-11-21 20:07:03 --> Too few arguments to function App\Controllers\Home::hapus_barang(), 0 passed in C:\xampp\htdocs\tokoo\system\CodeIgniter.php on line 832 and exactly 1 expected
#0 C:\xampp\htdocs\tokoo\system\CodeIgniter.php(832): App\Controllers\Home->hapus_barang()
#1 C:\xampp\htdocs\tokoo\system\CodeIgniter.php(419): CodeIgniter\CodeIgniter->runController(Object(App\Controllers\Home))
#2 C:\xampp\htdocs\tokoo\system\CodeIgniter.php(326): CodeIgniter\CodeIgniter->handleRequest(NULL, Object(Config\Cache), false)
#3 C:\xampp\htdocs\tokoo\public\index.php(37): CodeIgniter\CodeIgniter->run()
#4 C:\xampp\htdocs\tokoo\system\Commands\Server\rewrite.php(43): require_once('C:\\xampp\\htdocs...')
#5 {main}
CRITICAL - 2023-11-21 20:10:23 --> Too few arguments to function App\Controllers\Home::hapus_barang(), 0 passed in C:\xampp\htdocs\tokoo\system\CodeIgniter.php on line 832 and exactly 1 expected
#0 C:\xampp\htdocs\tokoo\system\CodeIgniter.php(832): App\Controllers\Home->hapus_barang()
#1 C:\xampp\htdocs\tokoo\system\CodeIgniter.php(419): CodeIgniter\CodeIgniter->runController(Object(App\Controllers\Home))
#2 C:\xampp\htdocs\tokoo\system\CodeIgniter.php(326): CodeIgniter\CodeIgniter->handleRequest(NULL, Object(Config\Cache), false)
#3 C:\xampp\htdocs\tokoo\public\index.php(37): CodeIgniter\CodeIgniter->run()
#4 C:\xampp\htdocs\tokoo\system\Commands\Server\rewrite.php(43): require_once('C:\\xampp\\htdocs...')
#5 {main}
CRITICAL - 2023-11-21 20:12:07 --> Too few arguments to function App\Controllers\Home::hapus_barang(), 0 passed in C:\xampp\htdocs\tokoo\system\CodeIgniter.php on line 832 and exactly 1 expected
#0 C:\xampp\htdocs\tokoo\system\CodeIgniter.php(832): App\Controllers\Home->hapus_barang()
#1 C:\xampp\htdocs\tokoo\system\CodeIgniter.php(419): CodeIgniter\CodeIgniter->runController(Object(App\Controllers\Home))
#2 C:\xampp\htdocs\tokoo\system\CodeIgniter.php(326): CodeIgniter\CodeIgniter->handleRequest(NULL, Object(Config\Cache), false)
#3 C:\xampp\htdocs\tokoo\public\index.php(37): CodeIgniter\CodeIgniter->run()
#4 C:\xampp\htdocs\tokoo\system\Commands\Server\rewrite.php(43): require_once('C:\\xampp\\htdocs...')
#5 {main}
CRITICAL - 2023-11-21 20:58:34 --> Invalid file: barang.php
#0 C:\xampp\htdocs\tokoo\system\View\View.php(198): CodeIgniter\Exceptions\FrameworkException::forInvalidFile('barang.php')
#1 C:\xampp\htdocs\tokoo\system\Common.php(1089): CodeIgniter\View\View->render('barang', Array, true)
#2 C:\xampp\htdocs\tokoo\app\Controllers\Home.php(89): view('barang')
#3 C:\xampp\htdocs\tokoo\system\CodeIgniter.php(832): App\Controllers\Home->barang()
#4 C:\xampp\htdocs\tokoo\system\CodeIgniter.php(419): CodeIgniter\CodeIgniter->runController(Object(App\Controllers\Home))
#5 C:\xampp\htdocs\tokoo\system\CodeIgniter.php(326): CodeIgniter\CodeIgniter->handleRequest(NULL, Object(Config\Cache), false)
#6 C:\xampp\htdocs\tokoo\public\index.php(37): CodeIgniter\CodeIgniter->run()
#7 C:\xampp\htdocs\tokoo\system\Commands\Server\rewrite.php(43): require_once('C:\\xampp\\htdocs...')
#8 {main}
CRITICAL - 2023-11-21 21:01:19 --> include(template/header.php): failed to open stream: No such file or directory
#0 C:\xampp\htdocs\tokoo\app\Views\barang\barang.php(1): CodeIgniter\Debug\Exceptions->errorHandler(2, 'include(templat...', 'C:\\xampp\\htdocs...', 1, Array)
#1 C:\xampp\htdocs\tokoo\app\Views\barang\barang.php(1): include()
#2 C:\xampp\htdocs\tokoo\system\View\View.php(210): include('C:\\xampp\\htdocs...')
#3 C:\xampp\htdocs\tokoo\system\View\View.php(213): CodeIgniter\View\View->CodeIgniter\View\{closure}()
#4 C:\xampp\htdocs\tokoo\system\Common.php(1089): CodeIgniter\View\View->render('barang/barang', Array, true)
#5 C:\xampp\htdocs\tokoo\app\Controllers\Home.php(89): view('barang/barang')
#6 C:\xampp\htdocs\tokoo\system\CodeIgniter.php(832): App\Controllers\Home->barang()
#7 C:\xampp\htdocs\tokoo\system\CodeIgniter.php(419): CodeIgniter\CodeIgniter->runController(Object(App\Controllers\Home))
#8 C:\xampp\htdocs\tokoo\system\CodeIgniter.php(326): CodeIgniter\CodeIgniter->handleRequest(NULL, Object(Config\Cache), false)
#9 C:\xampp\htdocs\tokoo\public\index.php(37): CodeIgniter\CodeIgniter->run()
#10 C:\xampp\htdocs\tokoo\system\Commands\Server\rewrite.php(43): require_once('C:\\xampp\\htdocs...')
#11 {main}
CRITICAL - 2023-11-21 21:01:35 --> mysqli_query() expects parameter 1 to be mysqli, null given
#0 [internal function]: CodeIgniter\Debug\Exceptions->errorHandler(2, 'mysqli_query() ...', 'C:\\xampp\\htdocs...', 14, Array)
#1 C:\xampp\htdocs\tokoo\app\Views\barang\barang.php(14): mysqli_query(NULL, 'SELECT max(id_b...')
#2 C:\xampp\htdocs\tokoo\system\View\View.php(210): include('C:\\xampp\\htdocs...')
#3 C:\xampp\htdocs\tokoo\system\View\View.php(213): CodeIgniter\View\View->CodeIgniter\View\{closure}()
#4 C:\xampp\htdocs\tokoo\system\Common.php(1089): CodeIgniter\View\View->render('barang/barang', Array, true)
#5 C:\xampp\htdocs\tokoo\app\Controllers\Home.php(89): view('barang/barang')
#6 C:\xampp\htdocs\tokoo\system\CodeIgniter.php(832): App\Controllers\Home->barang()
#7 C:\xampp\htdocs\tokoo\system\CodeIgniter.php(419): CodeIgniter\CodeIgniter->runController(Object(App\Controllers\Home))
#8 C:\xampp\htdocs\tokoo\system\CodeIgniter.php(326): CodeIgniter\CodeIgniter->handleRequest(NULL, Object(Config\Cache), false)
#9 C:\xampp\htdocs\tokoo\public\index.php(37): CodeIgniter\CodeIgniter->run()
#10 C:\xampp\htdocs\tokoo\system\Commands\Server\rewrite.php(43): require_once('C:\\xampp\\htdocs...')
#11 {main}
ERROR - 2023-11-21 23:00:37 --> Table 'tokoacc.laporan' doesn't exist
ERROR - 2023-11-21 23:00:40 --> Table 'tokoacc.laporan' doesn't exist
