CRITICAL - 2023-07-22 04:00:05 --> Invalid file: menu.php
#0 C:\xampp\htdocs\in\system\View\View.php(198): CodeIgniter\Exceptions\FrameworkException::forInvalidFile('menu.php')
#1 C:\xampp\htdocs\in\system\Common.php(1089): CodeIgniter\View\View->render('menu', Array, true)
#2 C:\xampp\htdocs\in\app\Controllers\Home.php(819): view('menu')
#3 C:\xampp\htdocs\in\system\CodeIgniter.php(832): App\Controllers\Home->lbarang()
#4 C:\xampp\htdocs\in\system\CodeIgniter.php(419): CodeIgniter\CodeIgniter->runController(Object(App\Controllers\Home))
#5 C:\xampp\htdocs\in\system\CodeIgniter.php(326): CodeIgniter\CodeIgniter->handleRequest(NULL, Object(Config\Cache), false)
#6 C:\xampp\htdocs\in\public\index.php(37): CodeIgniter\CodeIgniter->run()
#7 C:\xampp\htdocs\in\system\Commands\Server\rewrite.php(43): require_once('C:\\xampp\\htdocs...')
#8 {main}
CRITICAL - 2023-07-22 04:03:32 --> Invalid file: menu.php
#0 C:\xampp\htdocs\in\system\View\View.php(198): CodeIgniter\Exceptions\FrameworkException::forInvalidFile('menu.php')
#1 C:\xampp\htdocs\in\system\Common.php(1089): CodeIgniter\View\View->render('menu', Array, true)
#2 C:\xampp\htdocs\in\app\Controllers\Home.php(819): view('menu')
#3 C:\xampp\htdocs\in\system\CodeIgniter.php(832): App\Controllers\Home->lbarang()
#4 C:\xampp\htdocs\in\system\CodeIgniter.php(419): CodeIgniter\CodeIgniter->runController(Object(App\Controllers\Home))
#5 C:\xampp\htdocs\in\system\CodeIgniter.php(326): CodeIgniter\CodeIgniter->handleRequest(NULL, Object(Config\Cache), false)
#6 C:\xampp\htdocs\in\public\index.php(37): CodeIgniter\CodeIgniter->run()
#7 C:\xampp\htdocs\in\system\Commands\Server\rewrite.php(43): require_once('C:\\xampp\\htdocs...')
#8 {main}
CRITICAL - 2023-07-22 04:10:48 --> Class 'App\Controllers\M_pj' not found
#0 C:\xampp\htdocs\in\system\CodeIgniter.php(832): App\Controllers\Home->cari_b()
#1 C:\xampp\htdocs\in\system\CodeIgniter.php(419): CodeIgniter\CodeIgniter->runController(Object(App\Controllers\Home))
#2 C:\xampp\htdocs\in\system\CodeIgniter.php(326): CodeIgniter\CodeIgniter->handleRequest(NULL, Object(Config\Cache), false)
#3 C:\xampp\htdocs\in\public\index.php(37): CodeIgniter\CodeIgniter->run()
#4 C:\xampp\htdocs\in\system\Commands\Server\rewrite.php(43): require_once('C:\\xampp\\htdocs...')
#5 {main}
ERROR - 2023-07-22 04:12:00 --> Unknown column 'barang.tanggal' in 'where clause'
CRITICAL - 2023-07-22 04:12:00 --> Call to a member function getResult() on bool
#0 C:\xampp\htdocs\in\app\Controllers\Home.php(860): App\Models\M_model->filter2('barang', '', '')
#1 C:\xampp\htdocs\in\system\CodeIgniter.php(832): App\Controllers\Home->cari_b()
#2 C:\xampp\htdocs\in\system\CodeIgniter.php(419): CodeIgniter\CodeIgniter->runController(Object(App\Controllers\Home))
#3 C:\xampp\htdocs\in\system\CodeIgniter.php(326): CodeIgniter\CodeIgniter->handleRequest(NULL, Object(Config\Cache), false)
#4 C:\xampp\htdocs\in\public\index.php(37): CodeIgniter\CodeIgniter->run()
#5 C:\xampp\htdocs\in\system\Commands\Server\rewrite.php(43): require_once('C:\\xampp\\htdocs...')
#6 {main}
ERROR - 2023-07-22 04:12:08 --> Unknown column 'barang.tanggal' in 'where clause'
CRITICAL - 2023-07-22 04:12:08 --> Call to a member function getResult() on bool
#0 C:\xampp\htdocs\in\app\Controllers\Home.php(860): App\Models\M_model->filter2('barang', '', '')
#1 C:\xampp\htdocs\in\system\CodeIgniter.php(832): App\Controllers\Home->cari_b()
#2 C:\xampp\htdocs\in\system\CodeIgniter.php(419): CodeIgniter\CodeIgniter->runController(Object(App\Controllers\Home))
#3 C:\xampp\htdocs\in\system\CodeIgniter.php(326): CodeIgniter\CodeIgniter->handleRequest(NULL, Object(Config\Cache), false)
#4 C:\xampp\htdocs\in\public\index.php(37): CodeIgniter\CodeIgniter->run()
#5 C:\xampp\htdocs\in\system\Commands\Server\rewrite.php(43): require_once('C:\\xampp\\htdocs...')
#6 {main}
ERROR - 2023-07-22 04:14:48 --> Unknown column 'barang.tanggal' in 'where clause'
CRITICAL - 2023-07-22 04:14:48 --> Call to a member function getResult() on bool
#0 C:\xampp\htdocs\in\app\Controllers\Home.php(860): App\Models\M_model->filter2('barang', '', '')
#1 C:\xampp\htdocs\in\system\CodeIgniter.php(832): App\Controllers\Home->cari_b()
#2 C:\xampp\htdocs\in\system\CodeIgniter.php(419): CodeIgniter\CodeIgniter->runController(Object(App\Controllers\Home))
#3 C:\xampp\htdocs\in\system\CodeIgniter.php(326): CodeIgniter\CodeIgniter->handleRequest(NULL, Object(Config\Cache), false)
#4 C:\xampp\htdocs\in\public\index.php(37): CodeIgniter\CodeIgniter->run()
#5 C:\xampp\htdocs\in\system\Commands\Server\rewrite.php(43): require_once('C:\\xampp\\htdocs...')
#6 {main}
ERROR - 2023-07-22 04:28:31 --> Unknown column 'barang.tanggal' in 'where clause'
CRITICAL - 2023-07-22 04:28:31 --> Call to a member function getResult() on bool
#0 C:\xampp\htdocs\in\app\Controllers\Home.php(961): App\Models\M_model->filter2('barang', NULL, NULL)
#1 C:\xampp\htdocs\in\system\CodeIgniter.php(832): App\Controllers\Home->excel_barang()
#2 C:\xampp\htdocs\in\system\CodeIgniter.php(419): CodeIgniter\CodeIgniter->runController(Object(App\Controllers\Home))
#3 C:\xampp\htdocs\in\system\CodeIgniter.php(326): CodeIgniter\CodeIgniter->handleRequest(NULL, Object(Config\Cache), false)
#4 C:\xampp\htdocs\in\public\index.php(37): CodeIgniter\CodeIgniter->run()
#5 C:\xampp\htdocs\in\system\Commands\Server\rewrite.php(43): require_once('C:\\xampp\\htdocs...')
#6 {main}
ERROR - 2023-07-22 04:28:36 --> Unknown column 'barang.tanggal' in 'where clause'
CRITICAL - 2023-07-22 04:28:36 --> Call to a member function getResult() on bool
#0 C:\xampp\htdocs\in\app\Controllers\Home.php(924): App\Models\M_model->filter2('barang', NULL, NULL)
#1 C:\xampp\htdocs\in\system\CodeIgniter.php(832): App\Controllers\Home->pdf_b()
#2 C:\xampp\htdocs\in\system\CodeIgniter.php(419): CodeIgniter\CodeIgniter->runController(Object(App\Controllers\Home))
#3 C:\xampp\htdocs\in\system\CodeIgniter.php(326): CodeIgniter\CodeIgniter->handleRequest(NULL, Object(Config\Cache), false)
#4 C:\xampp\htdocs\in\public\index.php(37): CodeIgniter\CodeIgniter->run()
#5 C:\xampp\htdocs\in\system\Commands\Server\rewrite.php(43): require_once('C:\\xampp\\htdocs...')
#6 {main}
ERROR - 2023-07-22 04:30:51 --> Unknown column 'barang.tanggal' in 'where clause'
CRITICAL - 2023-07-22 04:30:51 --> Call to a member function getResult() on bool
#0 C:\xampp\htdocs\in\app\Controllers\Home.php(924): App\Models\M_model->filter2('barang', NULL, NULL)
#1 C:\xampp\htdocs\in\system\CodeIgniter.php(832): App\Controllers\Home->pdf_b()
#2 C:\xampp\htdocs\in\system\CodeIgniter.php(419): CodeIgniter\CodeIgniter->runController(Object(App\Controllers\Home))
#3 C:\xampp\htdocs\in\system\CodeIgniter.php(326): CodeIgniter\CodeIgniter->handleRequest(NULL, Object(Config\Cache), false)
#4 C:\xampp\htdocs\in\public\index.php(37): CodeIgniter\CodeIgniter->run()
#5 C:\xampp\htdocs\in\system\Commands\Server\rewrite.php(43): require_once('C:\\xampp\\htdocs...')
#6 {main}
ERROR - 2023-07-22 04:30:54 --> Unknown column 'barang.tanggal' in 'where clause'
CRITICAL - 2023-07-22 04:30:54 --> Call to a member function getResult() on bool
#0 C:\xampp\htdocs\in\app\Controllers\Home.php(924): App\Models\M_model->filter2('barang', NULL, NULL)
#1 C:\xampp\htdocs\in\system\CodeIgniter.php(832): App\Controllers\Home->pdf_b()
#2 C:\xampp\htdocs\in\system\CodeIgniter.php(419): CodeIgniter\CodeIgniter->runController(Object(App\Controllers\Home))
#3 C:\xampp\htdocs\in\system\CodeIgniter.php(326): CodeIgniter\CodeIgniter->handleRequest(NULL, Object(Config\Cache), false)
#4 C:\xampp\htdocs\in\public\index.php(37): CodeIgniter\CodeIgniter->run()
#5 C:\xampp\htdocs\in\system\Commands\Server\rewrite.php(43): require_once('C:\\xampp\\htdocs...')
#6 {main}
ERROR - 2023-07-22 04:32:55 --> Unknown column 'barang.tanggal' in 'where clause'
CRITICAL - 2023-07-22 04:32:55 --> Call to a member function getResult() on bool
#0 C:\xampp\htdocs\in\app\Controllers\Home.php(924): App\Models\M_model->filter2('barang', NULL, NULL)
#1 C:\xampp\htdocs\in\system\CodeIgniter.php(832): App\Controllers\Home->pdf_b()
#2 C:\xampp\htdocs\in\system\CodeIgniter.php(419): CodeIgniter\CodeIgniter->runController(Object(App\Controllers\Home))
#3 C:\xampp\htdocs\in\system\CodeIgniter.php(326): CodeIgniter\CodeIgniter->handleRequest(NULL, Object(Config\Cache), false)
#4 C:\xampp\htdocs\in\public\index.php(37): CodeIgniter\CodeIgniter->run()
#5 C:\xampp\htdocs\in\system\Commands\Server\rewrite.php(43): require_once('C:\\xampp\\htdocs...')
#6 {main}
ERROR - 2023-07-22 04:32:59 --> Unknown column 'barang.tanggal' in 'where clause'
CRITICAL - 2023-07-22 04:32:59 --> Call to a member function getResult() on bool
#0 C:\xampp\htdocs\in\app\Controllers\Home.php(961): App\Models\M_model->filter2('barang', NULL, NULL)
#1 C:\xampp\htdocs\in\system\CodeIgniter.php(832): App\Controllers\Home->excel_barang()
#2 C:\xampp\htdocs\in\system\CodeIgniter.php(419): CodeIgniter\CodeIgniter->runController(Object(App\Controllers\Home))
#3 C:\xampp\htdocs\in\system\CodeIgniter.php(326): CodeIgniter\CodeIgniter->handleRequest(NULL, Object(Config\Cache), false)
#4 C:\xampp\htdocs\in\public\index.php(37): CodeIgniter\CodeIgniter->run()
#5 C:\xampp\htdocs\in\system\Commands\Server\rewrite.php(43): require_once('C:\\xampp\\htdocs...')
#6 {main}
ERROR - 2023-07-22 04:34:57 --> Unknown column 'barang.tanggal' in 'where clause'
CRITICAL - 2023-07-22 04:34:57 --> Call to a member function getResult() on bool
#0 C:\xampp\htdocs\in\app\Controllers\Home.php(961): App\Models\M_model->filter2('barang', NULL, NULL)
#1 C:\xampp\htdocs\in\system\CodeIgniter.php(832): App\Controllers\Home->excel_barang()
#2 C:\xampp\htdocs\in\system\CodeIgniter.php(419): CodeIgniter\CodeIgniter->runController(Object(App\Controllers\Home))
#3 C:\xampp\htdocs\in\system\CodeIgniter.php(326): CodeIgniter\CodeIgniter->handleRequest(NULL, Object(Config\Cache), false)
#4 C:\xampp\htdocs\in\public\index.php(37): CodeIgniter\CodeIgniter->run()
#5 C:\xampp\htdocs\in\system\Commands\Server\rewrite.php(43): require_once('C:\\xampp\\htdocs...')
#6 {main}
ERROR - 2023-07-22 04:35:00 --> Unknown column 'barang.tanggal' in 'where clause'
CRITICAL - 2023-07-22 04:35:00 --> Call to a member function getResult() on bool
#0 C:\xampp\htdocs\in\app\Controllers\Home.php(961): App\Models\M_model->filter2('barang', NULL, NULL)
#1 C:\xampp\htdocs\in\system\CodeIgniter.php(832): App\Controllers\Home->excel_barang()
#2 C:\xampp\htdocs\in\system\CodeIgniter.php(419): CodeIgniter\CodeIgniter->runController(Object(App\Controllers\Home))
#3 C:\xampp\htdocs\in\system\CodeIgniter.php(326): CodeIgniter\CodeIgniter->handleRequest(NULL, Object(Config\Cache), false)
#4 C:\xampp\htdocs\in\public\index.php(37): CodeIgniter\CodeIgniter->run()
#5 C:\xampp\htdocs\in\system\Commands\Server\rewrite.php(43): require_once('C:\\xampp\\htdocs...')
#6 {main}
CRITICAL - 2023-07-22 04:41:19 --> Invalid argument supplied for foreach()
#0 C:\xampp\htdocs\in\app\Views\c_barang.php(28): CodeIgniter\Debug\Exceptions->errorHandler(2, 'Invalid argumen...', 'C:\\xampp\\htdocs...', 28, Array)
#1 C:\xampp\htdocs\in\system\View\View.php(210): include('C:\\xampp\\htdocs...')
#2 C:\xampp\htdocs\in\system\View\View.php(213): CodeIgniter\View\View->CodeIgniter\View\{closure}()
#3 C:\xampp\htdocs\in\system\Common.php(1089): CodeIgniter\View\View->render('c_barang', Array, true)
#4 C:\xampp\htdocs\in\app\Controllers\Home.php(931): view('c_barang', Array)
#5 C:\xampp\htdocs\in\system\CodeIgniter.php(832): App\Controllers\Home->pdf_b()
#6 C:\xampp\htdocs\in\system\CodeIgniter.php(419): CodeIgniter\CodeIgniter->runController(Object(App\Controllers\Home))
#7 C:\xampp\htdocs\in\system\CodeIgniter.php(326): CodeIgniter\CodeIgniter->handleRequest(NULL, Object(Config\Cache), false)
#8 C:\xampp\htdocs\in\public\index.php(37): CodeIgniter\CodeIgniter->run()
#9 C:\xampp\htdocs\in\system\Commands\Server\rewrite.php(43): require_once('C:\\xampp\\htdocs...')
#10 {main}
CRITICAL - 2023-07-22 04:41:44 --> Invalid argument supplied for foreach()
#0 C:\xampp\htdocs\in\app\Views\c_barang.php(28): CodeIgniter\Debug\Exceptions->errorHandler(2, 'Invalid argumen...', 'C:\\xampp\\htdocs...', 28, Array)
#1 C:\xampp\htdocs\in\system\View\View.php(210): include('C:\\xampp\\htdocs...')
#2 C:\xampp\htdocs\in\system\View\View.php(213): CodeIgniter\View\View->CodeIgniter\View\{closure}()
#3 C:\xampp\htdocs\in\system\Common.php(1089): CodeIgniter\View\View->render('c_barang', Array, true)
#4 C:\xampp\htdocs\in\app\Controllers\Home.php(931): view('c_barang', Array)
#5 C:\xampp\htdocs\in\system\CodeIgniter.php(832): App\Controllers\Home->pdf_b()
#6 C:\xampp\htdocs\in\system\CodeIgniter.php(419): CodeIgniter\CodeIgniter->runController(Object(App\Controllers\Home))
#7 C:\xampp\htdocs\in\system\CodeIgniter.php(326): CodeIgniter\CodeIgniter->handleRequest(NULL, Object(Config\Cache), false)
#8 C:\xampp\htdocs\in\public\index.php(37): CodeIgniter\CodeIgniter->run()
#9 C:\xampp\htdocs\in\system\Commands\Server\rewrite.php(43): require_once('C:\\xampp\\htdocs...')
#10 {main}
CRITICAL - 2023-07-22 04:42:16 --> Invalid argument supplied for foreach()
#0 C:\xampp\htdocs\in\app\Views\c_barang.php(28): CodeIgniter\Debug\Exceptions->errorHandler(2, 'Invalid argumen...', 'C:\\xampp\\htdocs...', 28, Array)
#1 C:\xampp\htdocs\in\system\View\View.php(210): include('C:\\xampp\\htdocs...')
#2 C:\xampp\htdocs\in\system\View\View.php(213): CodeIgniter\View\View->CodeIgniter\View\{closure}()
#3 C:\xampp\htdocs\in\system\Common.php(1089): CodeIgniter\View\View->render('c_barang', Array, true)
#4 C:\xampp\htdocs\in\app\Controllers\Home.php(931): view('c_barang', Array)
#5 C:\xampp\htdocs\in\system\CodeIgniter.php(832): App\Controllers\Home->pdf_b()
#6 C:\xampp\htdocs\in\system\CodeIgniter.php(419): CodeIgniter\CodeIgniter->runController(Object(App\Controllers\Home))
#7 C:\xampp\htdocs\in\system\CodeIgniter.php(326): CodeIgniter\CodeIgniter->handleRequest(NULL, Object(Config\Cache), false)
#8 C:\xampp\htdocs\in\public\index.php(37): CodeIgniter\CodeIgniter->run()
#9 C:\xampp\htdocs\in\system\Commands\Server\rewrite.php(43): require_once('C:\\xampp\\htdocs...')
#10 {main}
CRITICAL - 2023-07-22 04:42:20 --> Invalid argument supplied for foreach()
#0 C:\xampp\htdocs\in\app\Views\c_barang.php(28): CodeIgniter\Debug\Exceptions->errorHandler(2, 'Invalid argumen...', 'C:\\xampp\\htdocs...', 28, Array)
#1 C:\xampp\htdocs\in\system\View\View.php(210): include('C:\\xampp\\htdocs...')
#2 C:\xampp\htdocs\in\system\View\View.php(213): CodeIgniter\View\View->CodeIgniter\View\{closure}()
#3 C:\xampp\htdocs\in\system\Common.php(1089): CodeIgniter\View\View->render('c_barang', Array, true)
#4 C:\xampp\htdocs\in\app\Controllers\Home.php(931): view('c_barang', Array)
#5 C:\xampp\htdocs\in\system\CodeIgniter.php(832): App\Controllers\Home->pdf_b()
#6 C:\xampp\htdocs\in\system\CodeIgniter.php(419): CodeIgniter\CodeIgniter->runController(Object(App\Controllers\Home))
#7 C:\xampp\htdocs\in\system\CodeIgniter.php(326): CodeIgniter\CodeIgniter->handleRequest(NULL, Object(Config\Cache), false)
#8 C:\xampp\htdocs\in\public\index.php(37): CodeIgniter\CodeIgniter->run()
#9 C:\xampp\htdocs\in\system\Commands\Server\rewrite.php(43): require_once('C:\\xampp\\htdocs...')
#10 {main}
CRITICAL - 2023-07-22 04:42:36 --> Invalid argument supplied for foreach()
#0 C:\xampp\htdocs\in\app\Views\c_barang.php(28): CodeIgniter\Debug\Exceptions->errorHandler(2, 'Invalid argumen...', 'C:\\xampp\\htdocs...', 28, Array)
#1 C:\xampp\htdocs\in\system\View\View.php(210): include('C:\\xampp\\htdocs...')
#2 C:\xampp\htdocs\in\system\View\View.php(213): CodeIgniter\View\View->CodeIgniter\View\{closure}()
#3 C:\xampp\htdocs\in\system\Common.php(1089): CodeIgniter\View\View->render('c_barang', Array, true)
#4 C:\xampp\htdocs\in\app\Controllers\Home.php(931): view('c_barang', Array)
#5 C:\xampp\htdocs\in\system\CodeIgniter.php(832): App\Controllers\Home->pdf_b()
#6 C:\xampp\htdocs\in\system\CodeIgniter.php(419): CodeIgniter\CodeIgniter->runController(Object(App\Controllers\Home))
#7 C:\xampp\htdocs\in\system\CodeIgniter.php(326): CodeIgniter\CodeIgniter->handleRequest(NULL, Object(Config\Cache), false)
#8 C:\xampp\htdocs\in\public\index.php(37): CodeIgniter\CodeIgniter->run()
#9 C:\xampp\htdocs\in\system\Commands\Server\rewrite.php(43): require_once('C:\\xampp\\htdocs...')
#10 {main}
CRITICAL - 2023-07-22 04:42:43 --> Invalid argument supplied for foreach()
#0 C:\xampp\htdocs\in\app\Views\c_barang.php(28): CodeIgniter\Debug\Exceptions->errorHandler(2, 'Invalid argumen...', 'C:\\xampp\\htdocs...', 28, Array)
#1 C:\xampp\htdocs\in\system\View\View.php(210): include('C:\\xampp\\htdocs...')
#2 C:\xampp\htdocs\in\system\View\View.php(213): CodeIgniter\View\View->CodeIgniter\View\{closure}()
#3 C:\xampp\htdocs\in\system\Common.php(1089): CodeIgniter\View\View->render('c_barang', Array, true)
#4 C:\xampp\htdocs\in\app\Controllers\Home.php(931): view('c_barang', Array)
#5 C:\xampp\htdocs\in\system\CodeIgniter.php(832): App\Controllers\Home->pdf_b()
#6 C:\xampp\htdocs\in\system\CodeIgniter.php(419): CodeIgniter\CodeIgniter->runController(Object(App\Controllers\Home))
#7 C:\xampp\htdocs\in\system\CodeIgniter.php(326): CodeIgniter\CodeIgniter->handleRequest(NULL, Object(Config\Cache), false)
#8 C:\xampp\htdocs\in\public\index.php(37): CodeIgniter\CodeIgniter->run()
#9 C:\xampp\htdocs\in\system\Commands\Server\rewrite.php(43): require_once('C:\\xampp\\htdocs...')
#10 {main}
CRITICAL - 2023-07-22 04:43:52 --> Invalid argument supplied for foreach()
#0 C:\xampp\htdocs\in\app\Views\c_barang.php(28): CodeIgniter\Debug\Exceptions->errorHandler(2, 'Invalid argumen...', 'C:\\xampp\\htdocs...', 28, Array)
#1 C:\xampp\htdocs\in\system\View\View.php(210): include('C:\\xampp\\htdocs...')
#2 C:\xampp\htdocs\in\system\View\View.php(213): CodeIgniter\View\View->CodeIgniter\View\{closure}()
#3 C:\xampp\htdocs\in\system\Common.php(1089): CodeIgniter\View\View->render('c_barang', Array, true)
#4 C:\xampp\htdocs\in\app\Controllers\Home.php(931): view('c_barang', Array)
#5 C:\xampp\htdocs\in\system\CodeIgniter.php(832): App\Controllers\Home->pdf_b()
#6 C:\xampp\htdocs\in\system\CodeIgniter.php(419): CodeIgniter\CodeIgniter->runController(Object(App\Controllers\Home))
#7 C:\xampp\htdocs\in\system\CodeIgniter.php(326): CodeIgniter\CodeIgniter->handleRequest(NULL, Object(Config\Cache), false)
#8 C:\xampp\htdocs\in\public\index.php(37): CodeIgniter\CodeIgniter->run()
#9 C:\xampp\htdocs\in\system\Commands\Server\rewrite.php(43): require_once('C:\\xampp\\htdocs...')
#10 {main}
CRITICAL - 2023-07-22 04:45:56 --> Invalid argument supplied for foreach()
#0 C:\xampp\htdocs\in\app\Views\c_barang.php(28): CodeIgniter\Debug\Exceptions->errorHandler(2, 'Invalid argumen...', 'C:\\xampp\\htdocs...', 28, Array)
#1 C:\xampp\htdocs\in\system\View\View.php(210): include('C:\\xampp\\htdocs...')
#2 C:\xampp\htdocs\in\system\View\View.php(213): CodeIgniter\View\View->CodeIgniter\View\{closure}()
#3 C:\xampp\htdocs\in\system\Common.php(1089): CodeIgniter\View\View->render('c_barang', Array, true)
#4 C:\xampp\htdocs\in\app\Controllers\Home.php(864): view('c_barang', Array)
#5 C:\xampp\htdocs\in\system\CodeIgniter.php(832): App\Controllers\Home->cari_b()
#6 C:\xampp\htdocs\in\system\CodeIgniter.php(419): CodeIgniter\CodeIgniter->runController(Object(App\Controllers\Home))
#7 C:\xampp\htdocs\in\system\CodeIgniter.php(326): CodeIgniter\CodeIgniter->handleRequest(NULL, Object(Config\Cache), false)
#8 C:\xampp\htdocs\in\public\index.php(37): CodeIgniter\CodeIgniter->run()
#9 C:\xampp\htdocs\in\system\Commands\Server\rewrite.php(43): require_once('C:\\xampp\\htdocs...')
#10 {main}
CRITICAL - 2023-07-22 04:47:00 --> Invalid argument supplied for foreach()
#0 C:\xampp\htdocs\in\app\Views\c_barang.php(28): CodeIgniter\Debug\Exceptions->errorHandler(2, 'Invalid argumen...', 'C:\\xampp\\htdocs...', 28, Array)
#1 C:\xampp\htdocs\in\system\View\View.php(210): include('C:\\xampp\\htdocs...')
#2 C:\xampp\htdocs\in\system\View\View.php(213): CodeIgniter\View\View->CodeIgniter\View\{closure}()
#3 C:\xampp\htdocs\in\system\Common.php(1089): CodeIgniter\View\View->render('c_barang', Array, true)
#4 C:\xampp\htdocs\in\app\Controllers\Home.php(864): view('c_barang', Array)
#5 C:\xampp\htdocs\in\system\CodeIgniter.php(832): App\Controllers\Home->cari_b()
#6 C:\xampp\htdocs\in\system\CodeIgniter.php(419): CodeIgniter\CodeIgniter->runController(Object(App\Controllers\Home))
#7 C:\xampp\htdocs\in\system\CodeIgniter.php(326): CodeIgniter\CodeIgniter->handleRequest(NULL, Object(Config\Cache), false)
#8 C:\xampp\htdocs\in\public\index.php(37): CodeIgniter\CodeIgniter->run()
#9 C:\xampp\htdocs\in\system\Commands\Server\rewrite.php(43): require_once('C:\\xampp\\htdocs...')
#10 {main}
CRITICAL - 2023-07-22 04:50:50 --> Invalid argument supplied for foreach()
#0 C:\xampp\htdocs\in\app\Views\c_barang.php(28): CodeIgniter\Debug\Exceptions->errorHandler(2, 'Invalid argumen...', 'C:\\xampp\\htdocs...', 28, Array)
#1 C:\xampp\htdocs\in\system\View\View.php(210): include('C:\\xampp\\htdocs...')
#2 C:\xampp\htdocs\in\system\View\View.php(213): CodeIgniter\View\View->CodeIgniter\View\{closure}()
#3 C:\xampp\htdocs\in\system\Common.php(1089): CodeIgniter\View\View->render('c_barang', Array, true)
#4 C:\xampp\htdocs\in\app\Controllers\Home.php(864): view('c_barang', Array)
#5 C:\xampp\htdocs\in\system\CodeIgniter.php(832): App\Controllers\Home->cari_b()
#6 C:\xampp\htdocs\in\system\CodeIgniter.php(419): CodeIgniter\CodeIgniter->runController(Object(App\Controllers\Home))
#7 C:\xampp\htdocs\in\system\CodeIgniter.php(326): CodeIgniter\CodeIgniter->handleRequest(NULL, Object(Config\Cache), false)
#8 C:\xampp\htdocs\in\public\index.php(37): CodeIgniter\CodeIgniter->run()
#9 C:\xampp\htdocs\in\system\Commands\Server\rewrite.php(43): require_once('C:\\xampp\\htdocs...')
#10 {main}
CRITICAL - 2023-07-22 04:51:00 --> Invalid argument supplied for foreach()
#0 C:\xampp\htdocs\in\app\Views\c_barang.php(28): CodeIgniter\Debug\Exceptions->errorHandler(2, 'Invalid argumen...', 'C:\\xampp\\htdocs...', 28, Array)
#1 C:\xampp\htdocs\in\system\View\View.php(210): include('C:\\xampp\\htdocs...')
#2 C:\xampp\htdocs\in\system\View\View.php(213): CodeIgniter\View\View->CodeIgniter\View\{closure}()
#3 C:\xampp\htdocs\in\system\Common.php(1089): CodeIgniter\View\View->render('c_barang', Array, true)
#4 C:\xampp\htdocs\in\app\Controllers\Home.php(931): view('c_barang', Array)
#5 C:\xampp\htdocs\in\system\CodeIgniter.php(832): App\Controllers\Home->pdf_b()
#6 C:\xampp\htdocs\in\system\CodeIgniter.php(419): CodeIgniter\CodeIgniter->runController(Object(App\Controllers\Home))
#7 C:\xampp\htdocs\in\system\CodeIgniter.php(326): CodeIgniter\CodeIgniter->handleRequest(NULL, Object(Config\Cache), false)
#8 C:\xampp\htdocs\in\public\index.php(37): CodeIgniter\CodeIgniter->run()
#9 C:\xampp\htdocs\in\system\Commands\Server\rewrite.php(43): require_once('C:\\xampp\\htdocs...')
#10 {main}
CRITICAL - 2023-07-22 04:54:34 --> Argument 2 passed to view() must be of the type array, null given, called in C:\xampp\htdocs\in\app\Controllers\Home.php on line 821
#0 C:\xampp\htdocs\in\app\Controllers\Home.php(821): view('filter', NULL)
#1 C:\xampp\htdocs\in\system\CodeIgniter.php(832): App\Controllers\Home->lbarang()
#2 C:\xampp\htdocs\in\system\CodeIgniter.php(419): CodeIgniter\CodeIgniter->runController(Object(App\Controllers\Home))
#3 C:\xampp\htdocs\in\system\CodeIgniter.php(326): CodeIgniter\CodeIgniter->handleRequest(NULL, Object(Config\Cache), false)
#4 C:\xampp\htdocs\in\public\index.php(37): CodeIgniter\CodeIgniter->run()
#5 C:\xampp\htdocs\in\system\Commands\Server\rewrite.php(43): require_once('C:\\xampp\\htdocs...')
#6 {main}
CRITICAL - 2023-07-22 04:54:57 --> Invalid argument supplied for foreach()
#0 C:\xampp\htdocs\in\app\Views\c_barang.php(28): CodeIgniter\Debug\Exceptions->errorHandler(2, 'Invalid argumen...', 'C:\\xampp\\htdocs...', 28, Array)
#1 C:\xampp\htdocs\in\system\View\View.php(210): include('C:\\xampp\\htdocs...')
#2 C:\xampp\htdocs\in\system\View\View.php(213): CodeIgniter\View\View->CodeIgniter\View\{closure}()
#3 C:\xampp\htdocs\in\system\Common.php(1089): CodeIgniter\View\View->render('c_barang', Array, true)
#4 C:\xampp\htdocs\in\app\Controllers\Home.php(864): view('c_barang', Array)
#5 C:\xampp\htdocs\in\system\CodeIgniter.php(832): App\Controllers\Home->cari_b()
#6 C:\xampp\htdocs\in\system\CodeIgniter.php(419): CodeIgniter\CodeIgniter->runController(Object(App\Controllers\Home))
#7 C:\xampp\htdocs\in\system\CodeIgniter.php(326): CodeIgniter\CodeIgniter->handleRequest(NULL, Object(Config\Cache), false)
#8 C:\xampp\htdocs\in\public\index.php(37): CodeIgniter\CodeIgniter->run()
#9 C:\xampp\htdocs\in\system\Commands\Server\rewrite.php(43): require_once('C:\\xampp\\htdocs...')
#10 {main}
CRITICAL - 2023-07-22 04:56:39 --> Invalid argument supplied for foreach()
#0 C:\xampp\htdocs\in\app\Views\c_barang.php(28): CodeIgniter\Debug\Exceptions->errorHandler(2, 'Invalid argumen...', 'C:\\xampp\\htdocs...', 28, Array)
#1 C:\xampp\htdocs\in\system\View\View.php(210): include('C:\\xampp\\htdocs...')
#2 C:\xampp\htdocs\in\system\View\View.php(213): CodeIgniter\View\View->CodeIgniter\View\{closure}()
#3 C:\xampp\htdocs\in\system\Common.php(1089): CodeIgniter\View\View->render('c_barang', Array, true)
#4 C:\xampp\htdocs\in\app\Controllers\Home.php(864): view('c_barang', Array)
#5 C:\xampp\htdocs\in\system\CodeIgniter.php(832): App\Controllers\Home->cari_b()
#6 C:\xampp\htdocs\in\system\CodeIgniter.php(419): CodeIgniter\CodeIgniter->runController(Object(App\Controllers\Home))
#7 C:\xampp\htdocs\in\system\CodeIgniter.php(326): CodeIgniter\CodeIgniter->handleRequest(NULL, Object(Config\Cache), false)
#8 C:\xampp\htdocs\in\public\index.php(37): CodeIgniter\CodeIgniter->run()
#9 C:\xampp\htdocs\in\system\Commands\Server\rewrite.php(43): require_once('C:\\xampp\\htdocs...')
#10 {main}
CRITICAL - 2023-07-22 04:56:42 --> Invalid argument supplied for foreach()
#0 C:\xampp\htdocs\in\app\Views\c_barang.php(28): CodeIgniter\Debug\Exceptions->errorHandler(2, 'Invalid argumen...', 'C:\\xampp\\htdocs...', 28, Array)
#1 C:\xampp\htdocs\in\system\View\View.php(210): include('C:\\xampp\\htdocs...')
#2 C:\xampp\htdocs\in\system\View\View.php(213): CodeIgniter\View\View->CodeIgniter\View\{closure}()
#3 C:\xampp\htdocs\in\system\Common.php(1089): CodeIgniter\View\View->render('c_barang', Array, true)
#4 C:\xampp\htdocs\in\app\Controllers\Home.php(864): view('c_barang', Array)
#5 C:\xampp\htdocs\in\system\CodeIgniter.php(832): App\Controllers\Home->cari_b()
#6 C:\xampp\htdocs\in\system\CodeIgniter.php(419): CodeIgniter\CodeIgniter->runController(Object(App\Controllers\Home))
#7 C:\xampp\htdocs\in\system\CodeIgniter.php(326): CodeIgniter\CodeIgniter->handleRequest(NULL, Object(Config\Cache), false)
#8 C:\xampp\htdocs\in\public\index.php(37): CodeIgniter\CodeIgniter->run()
#9 C:\xampp\htdocs\in\system\Commands\Server\rewrite.php(43): require_once('C:\\xampp\\htdocs...')
#10 {main}
CRITICAL - 2023-07-22 04:58:42 --> Invalid argument supplied for foreach()
#0 C:\xampp\htdocs\in\app\Views\c_barang.php(28): CodeIgniter\Debug\Exceptions->errorHandler(2, 'Invalid argumen...', 'C:\\xampp\\htdocs...', 28, Array)
#1 C:\xampp\htdocs\in\system\View\View.php(210): include('C:\\xampp\\htdocs...')
#2 C:\xampp\htdocs\in\system\View\View.php(213): CodeIgniter\View\View->CodeIgniter\View\{closure}()
#3 C:\xampp\htdocs\in\system\Common.php(1089): CodeIgniter\View\View->render('c_barang', Array, true)
#4 C:\xampp\htdocs\in\app\Controllers\Home.php(864): view('c_barang', Array)
#5 C:\xampp\htdocs\in\system\CodeIgniter.php(832): App\Controllers\Home->cari_b()
#6 C:\xampp\htdocs\in\system\CodeIgniter.php(419): CodeIgniter\CodeIgniter->runController(Object(App\Controllers\Home))
#7 C:\xampp\htdocs\in\system\CodeIgniter.php(326): CodeIgniter\CodeIgniter->handleRequest(NULL, Object(Config\Cache), false)
#8 C:\xampp\htdocs\in\public\index.php(37): CodeIgniter\CodeIgniter->run()
#9 C:\xampp\htdocs\in\system\Commands\Server\rewrite.php(43): require_once('C:\\xampp\\htdocs...')
#10 {main}
CRITICAL - 2023-07-22 05:01:38 --> syntax error, unexpected end of file
#0 C:\xampp\htdocs\in\system\View\View.php(213): CodeIgniter\View\View->CodeIgniter\View\{closure}()
#1 C:\xampp\htdocs\in\system\Common.php(1089): CodeIgniter\View\View->render('c_barang', Array, true)
#2 C:\xampp\htdocs\in\app\Controllers\Home.php(864): view('c_barang', Array)
#3 C:\xampp\htdocs\in\system\CodeIgniter.php(832): App\Controllers\Home->cari_b()
#4 C:\xampp\htdocs\in\system\CodeIgniter.php(419): CodeIgniter\CodeIgniter->runController(Object(App\Controllers\Home))
#5 C:\xampp\htdocs\in\system\CodeIgniter.php(326): CodeIgniter\CodeIgniter->handleRequest(NULL, Object(Config\Cache), false)
#6 C:\xampp\htdocs\in\public\index.php(37): CodeIgniter\CodeIgniter->run()
#7 C:\xampp\htdocs\in\system\Commands\Server\rewrite.php(43): require_once('C:\\xampp\\htdocs...')
#8 {main}
CRITICAL - 2023-07-22 05:02:11 --> syntax error, unexpected end of file
#0 C:\xampp\htdocs\in\system\View\View.php(213): CodeIgniter\View\View->CodeIgniter\View\{closure}()
#1 C:\xampp\htdocs\in\system\Common.php(1089): CodeIgniter\View\View->render('c_barang', Array, true)
#2 C:\xampp\htdocs\in\app\Controllers\Home.php(864): view('c_barang', Array)
#3 C:\xampp\htdocs\in\system\CodeIgniter.php(832): App\Controllers\Home->cari_b()
#4 C:\xampp\htdocs\in\system\CodeIgniter.php(419): CodeIgniter\CodeIgniter->runController(Object(App\Controllers\Home))
#5 C:\xampp\htdocs\in\system\CodeIgniter.php(326): CodeIgniter\CodeIgniter->handleRequest(NULL, Object(Config\Cache), false)
#6 C:\xampp\htdocs\in\public\index.php(37): CodeIgniter\CodeIgniter->run()
#7 C:\xampp\htdocs\in\system\Commands\Server\rewrite.php(43): require_once('C:\\xampp\\htdocs...')
#8 {main}
CRITICAL - 2023-07-22 05:02:30 --> Invalid argument supplied for foreach()
#0 C:\xampp\htdocs\in\app\Views\c_barang.php(23): CodeIgniter\Debug\Exceptions->errorHandler(2, 'Invalid argumen...', 'C:\\xampp\\htdocs...', 23, Array)
#1 C:\xampp\htdocs\in\system\View\View.php(210): include('C:\\xampp\\htdocs...')
#2 C:\xampp\htdocs\in\system\View\View.php(213): CodeIgniter\View\View->CodeIgniter\View\{closure}()
#3 C:\xampp\htdocs\in\system\Common.php(1089): CodeIgniter\View\View->render('c_barang', Array, true)
#4 C:\xampp\htdocs\in\app\Controllers\Home.php(864): view('c_barang', Array)
#5 C:\xampp\htdocs\in\system\CodeIgniter.php(832): App\Controllers\Home->cari_b()
#6 C:\xampp\htdocs\in\system\CodeIgniter.php(419): CodeIgniter\CodeIgniter->runController(Object(App\Controllers\Home))
#7 C:\xampp\htdocs\in\system\CodeIgniter.php(326): CodeIgniter\CodeIgniter->handleRequest(NULL, Object(Config\Cache), false)
#8 C:\xampp\htdocs\in\public\index.php(37): CodeIgniter\CodeIgniter->run()
#9 C:\xampp\htdocs\in\system\Commands\Server\rewrite.php(43): require_once('C:\\xampp\\htdocs...')
#10 {main}
CRITICAL - 2023-07-22 05:04:43 --> Invalid argument supplied for foreach()
#0 C:\xampp\htdocs\in\app\Views\c_barang.php(23): CodeIgniter\Debug\Exceptions->errorHandler(2, 'Invalid argumen...', 'C:\\xampp\\htdocs...', 23, Array)
#1 C:\xampp\htdocs\in\system\View\View.php(210): include('C:\\xampp\\htdocs...')
#2 C:\xampp\htdocs\in\system\View\View.php(213): CodeIgniter\View\View->CodeIgniter\View\{closure}()
#3 C:\xampp\htdocs\in\system\Common.php(1089): CodeIgniter\View\View->render('c_barang', Array, true)
#4 C:\xampp\htdocs\in\app\Controllers\Home.php(864): view('c_barang', Array)
#5 C:\xampp\htdocs\in\system\CodeIgniter.php(832): App\Controllers\Home->cari_b()
#6 C:\xampp\htdocs\in\system\CodeIgniter.php(419): CodeIgniter\CodeIgniter->runController(Object(App\Controllers\Home))
#7 C:\xampp\htdocs\in\system\CodeIgniter.php(326): CodeIgniter\CodeIgniter->handleRequest(NULL, Object(Config\Cache), false)
#8 C:\xampp\htdocs\in\public\index.php(37): CodeIgniter\CodeIgniter->run()
#9 C:\xampp\htdocs\in\system\Commands\Server\rewrite.php(43): require_once('C:\\xampp\\htdocs...')
#10 {main}
CRITICAL - 2023-07-22 05:06:47 --> Invalid argument supplied for foreach()
#0 C:\xampp\htdocs\in\app\Views\c_barang.php(23): CodeIgniter\Debug\Exceptions->errorHandler(2, 'Invalid argumen...', 'C:\\xampp\\htdocs...', 23, Array)
#1 C:\xampp\htdocs\in\system\View\View.php(210): include('C:\\xampp\\htdocs...')
#2 C:\xampp\htdocs\in\system\View\View.php(213): CodeIgniter\View\View->CodeIgniter\View\{closure}()
#3 C:\xampp\htdocs\in\system\Common.php(1089): CodeIgniter\View\View->render('c_barang', Array, true)
#4 C:\xampp\htdocs\in\app\Controllers\Home.php(931): view('c_barang', Array)
#5 C:\xampp\htdocs\in\system\CodeIgniter.php(832): App\Controllers\Home->pdf_b()
#6 C:\xampp\htdocs\in\system\CodeIgniter.php(419): CodeIgniter\CodeIgniter->runController(Object(App\Controllers\Home))
#7 C:\xampp\htdocs\in\system\CodeIgniter.php(326): CodeIgniter\CodeIgniter->handleRequest(NULL, Object(Config\Cache), false)
#8 C:\xampp\htdocs\in\public\index.php(37): CodeIgniter\CodeIgniter->run()
#9 C:\xampp\htdocs\in\system\Commands\Server\rewrite.php(43): require_once('C:\\xampp\\htdocs...')
#10 {main}
CRITICAL - 2023-07-22 05:07:14 --> Invalid argument supplied for foreach()
#0 C:\xampp\htdocs\in\app\Views\c_barang.php(23): CodeIgniter\Debug\Exceptions->errorHandler(2, 'Invalid argumen...', 'C:\\xampp\\htdocs...', 23, Array)
#1 C:\xampp\htdocs\in\system\View\View.php(210): include('C:\\xampp\\htdocs...')
#2 C:\xampp\htdocs\in\system\View\View.php(213): CodeIgniter\View\View->CodeIgniter\View\{closure}()
#3 C:\xampp\htdocs\in\system\Common.php(1089): CodeIgniter\View\View->render('c_barang', Array, true)
#4 C:\xampp\htdocs\in\app\Controllers\Home.php(931): view('c_barang', Array)
#5 C:\xampp\htdocs\in\system\CodeIgniter.php(832): App\Controllers\Home->pdf_b()
#6 C:\xampp\htdocs\in\system\CodeIgniter.php(419): CodeIgniter\CodeIgniter->runController(Object(App\Controllers\Home))
#7 C:\xampp\htdocs\in\system\CodeIgniter.php(326): CodeIgniter\CodeIgniter->handleRequest(NULL, Object(Config\Cache), false)
#8 C:\xampp\htdocs\in\public\index.php(37): CodeIgniter\CodeIgniter->run()
#9 C:\xampp\htdocs\in\system\Commands\Server\rewrite.php(43): require_once('C:\\xampp\\htdocs...')
#10 {main}
CRITICAL - 2023-07-22 05:07:16 --> Invalid argument supplied for foreach()
#0 C:\xampp\htdocs\in\app\Views\c_barang.php(23): CodeIgniter\Debug\Exceptions->errorHandler(2, 'Invalid argumen...', 'C:\\xampp\\htdocs...', 23, Array)
#1 C:\xampp\htdocs\in\system\View\View.php(210): include('C:\\xampp\\htdocs...')
#2 C:\xampp\htdocs\in\system\View\View.php(213): CodeIgniter\View\View->CodeIgniter\View\{closure}()
#3 C:\xampp\htdocs\in\system\Common.php(1089): CodeIgniter\View\View->render('c_barang', Array, true)
#4 C:\xampp\htdocs\in\app\Controllers\Home.php(931): view('c_barang', Array)
#5 C:\xampp\htdocs\in\system\CodeIgniter.php(832): App\Controllers\Home->pdf_b()
#6 C:\xampp\htdocs\in\system\CodeIgniter.php(419): CodeIgniter\CodeIgniter->runController(Object(App\Controllers\Home))
#7 C:\xampp\htdocs\in\system\CodeIgniter.php(326): CodeIgniter\CodeIgniter->handleRequest(NULL, Object(Config\Cache), false)
#8 C:\xampp\htdocs\in\public\index.php(37): CodeIgniter\CodeIgniter->run()
#9 C:\xampp\htdocs\in\system\Commands\Server\rewrite.php(43): require_once('C:\\xampp\\htdocs...')
#10 {main}
CRITICAL - 2023-07-22 05:07:19 --> Invalid argument supplied for foreach()
#0 C:\xampp\htdocs\in\app\Views\c_barang.php(23): CodeIgniter\Debug\Exceptions->errorHandler(2, 'Invalid argumen...', 'C:\\xampp\\htdocs...', 23, Array)
#1 C:\xampp\htdocs\in\system\View\View.php(210): include('C:\\xampp\\htdocs...')
#2 C:\xampp\htdocs\in\system\View\View.php(213): CodeIgniter\View\View->CodeIgniter\View\{closure}()
#3 C:\xampp\htdocs\in\system\Common.php(1089): CodeIgniter\View\View->render('c_barang', Array, true)
#4 C:\xampp\htdocs\in\app\Controllers\Home.php(931): view('c_barang', Array)
#5 C:\xampp\htdocs\in\system\CodeIgniter.php(832): App\Controllers\Home->pdf_b()
#6 C:\xampp\htdocs\in\system\CodeIgniter.php(419): CodeIgniter\CodeIgniter->runController(Object(App\Controllers\Home))
#7 C:\xampp\htdocs\in\system\CodeIgniter.php(326): CodeIgniter\CodeIgniter->handleRequest(NULL, Object(Config\Cache), false)
#8 C:\xampp\htdocs\in\public\index.php(37): CodeIgniter\CodeIgniter->run()
#9 C:\xampp\htdocs\in\system\Commands\Server\rewrite.php(43): require_once('C:\\xampp\\htdocs...')
#10 {main}
CRITICAL - 2023-07-22 05:07:23 --> Invalid argument supplied for foreach()
#0 C:\xampp\htdocs\in\app\Views\c_barang.php(23): CodeIgniter\Debug\Exceptions->errorHandler(2, 'Invalid argumen...', 'C:\\xampp\\htdocs...', 23, Array)
#1 C:\xampp\htdocs\in\system\View\View.php(210): include('C:\\xampp\\htdocs...')
#2 C:\xampp\htdocs\in\system\View\View.php(213): CodeIgniter\View\View->CodeIgniter\View\{closure}()
#3 C:\xampp\htdocs\in\system\Common.php(1089): CodeIgniter\View\View->render('c_barang', Array, true)
#4 C:\xampp\htdocs\in\app\Controllers\Home.php(931): view('c_barang', Array)
#5 C:\xampp\htdocs\in\system\CodeIgniter.php(832): App\Controllers\Home->pdf_b()
#6 C:\xampp\htdocs\in\system\CodeIgniter.php(419): CodeIgniter\CodeIgniter->runController(Object(App\Controllers\Home))
#7 C:\xampp\htdocs\in\system\CodeIgniter.php(326): CodeIgniter\CodeIgniter->handleRequest(NULL, Object(Config\Cache), false)
#8 C:\xampp\htdocs\in\public\index.php(37): CodeIgniter\CodeIgniter->run()
#9 C:\xampp\htdocs\in\system\Commands\Server\rewrite.php(43): require_once('C:\\xampp\\htdocs...')
#10 {main}
