CRITICAL - 2023-11-13 21:03:39 --> mysqli_query() expects parameter 1 to be mysqli, null given
#0 [internal function]: CodeIgniter\Debug\Exceptions->errorHandler(2, 'mysqli_query() ...', 'C:\\xampp\\htdocs...', 14, Array)
#1 C:\xampp\htdocs\tcc\app\Views\barang\barang.php(14): mysqli_query(NULL, 'SELECT max(id_b...')
#2 C:\xampp\htdocs\tcc\system\View\View.php(210): include('C:\\xampp\\htdocs...')
#3 C:\xampp\htdocs\tcc\system\View\View.php(213): CodeIgniter\View\View->CodeIgniter\View\{closure}()
#4 C:\xampp\htdocs\tcc\system\Common.php(1089): CodeIgniter\View\View->render('barang/barang', Array, true)
#5 C:\xampp\htdocs\tcc\app\Controllers\Home.php(45): view('barang/barang')
#6 C:\xampp\htdocs\tcc\system\CodeIgniter.php(832): App\Controllers\Home->barang()
#7 C:\xampp\htdocs\tcc\system\CodeIgniter.php(419): CodeIgniter\CodeIgniter->runController(Object(App\Controllers\Home))
#8 C:\xampp\htdocs\tcc\system\CodeIgniter.php(326): CodeIgniter\CodeIgniter->handleRequest(NULL, Object(Config\Cache), false)
#9 C:\xampp\htdocs\tcc\public\index.php(37): CodeIgniter\CodeIgniter->run()
#10 C:\xampp\htdocs\tcc\system\Commands\Server\rewrite.php(43): require_once('C:\\xampp\\htdocs...')
#11 {main}
CRITICAL - 2023-11-13 21:04:33 --> mysqli_query() expects parameter 1 to be mysqli, null given
#0 [internal function]: CodeIgniter\Debug\Exceptions->errorHandler(2, 'mysqli_query() ...', 'C:\\xampp\\htdocs...', 14, Array)
#1 C:\xampp\htdocs\tcc\app\Views\barang\barang.php(14): mysqli_query(NULL, 'SELECT max(id_b...')
#2 C:\xampp\htdocs\tcc\system\View\View.php(210): include('C:\\xampp\\htdocs...')
#3 C:\xampp\htdocs\tcc\system\View\View.php(213): CodeIgniter\View\View->CodeIgniter\View\{closure}()
#4 C:\xampp\htdocs\tcc\system\Common.php(1089): CodeIgniter\View\View->render('barang/barang', Array, true)
#5 C:\xampp\htdocs\tcc\app\Controllers\Home.php(45): view('barang/barang')
#6 C:\xampp\htdocs\tcc\system\CodeIgniter.php(832): App\Controllers\Home->barang()
#7 C:\xampp\htdocs\tcc\system\CodeIgniter.php(419): CodeIgniter\CodeIgniter->runController(Object(App\Controllers\Home))
#8 C:\xampp\htdocs\tcc\system\CodeIgniter.php(326): CodeIgniter\CodeIgniter->handleRequest(NULL, Object(Config\Cache), false)
#9 C:\xampp\htdocs\tcc\public\index.php(37): CodeIgniter\CodeIgniter->run()
#10 C:\xampp\htdocs\tcc\system\Commands\Server\rewrite.php(43): require_once('C:\\xampp\\htdocs...')
#11 {main}
CRITICAL - 2023-11-13 21:15:53 --> mysqli_query() expects parameter 1 to be mysqli, null given
#0 [internal function]: CodeIgniter\Debug\Exceptions->errorHandler(2, 'mysqli_query() ...', 'C:\\xampp\\htdocs...', 14, Array)
#1 C:\xampp\htdocs\tcc\app\Views\barang\barang.php(14): mysqli_query(NULL, 'SELECT max(id_b...')
#2 C:\xampp\htdocs\tcc\system\View\View.php(210): include('C:\\xampp\\htdocs...')
#3 C:\xampp\htdocs\tcc\system\View\View.php(213): CodeIgniter\View\View->CodeIgniter\View\{closure}()
#4 C:\xampp\htdocs\tcc\system\Common.php(1089): CodeIgniter\View\View->render('barang/barang', Array, true)
#5 C:\xampp\htdocs\tcc\app\Controllers\Home.php(45): view('barang/barang')
#6 C:\xampp\htdocs\tcc\system\CodeIgniter.php(832): App\Controllers\Home->barang()
#7 C:\xampp\htdocs\tcc\system\CodeIgniter.php(419): CodeIgniter\CodeIgniter->runController(Object(App\Controllers\Home))
#8 C:\xampp\htdocs\tcc\system\CodeIgniter.php(326): CodeIgniter\CodeIgniter->handleRequest(NULL, Object(Config\Cache), false)
#9 C:\xampp\htdocs\tcc\public\index.php(37): CodeIgniter\CodeIgniter->run()
#10 C:\xampp\htdocs\tcc\system\Commands\Server\rewrite.php(43): require_once('C:\\xampp\\htdocs...')
#11 {main}
CRITICAL - 2023-11-13 21:22:12 --> mysqli_query() expects parameter 1 to be mysqli, null given
#0 [internal function]: CodeIgniter\Debug\Exceptions->errorHandler(2, 'mysqli_query() ...', 'C:\\xampp\\htdocs...', 14, Array)
#1 C:\xampp\htdocs\tcc\app\Views\barang\barang.php(14): mysqli_query(NULL, 'SELECT max(id_b...')
#2 C:\xampp\htdocs\tcc\system\View\View.php(210): include('C:\\xampp\\htdocs...')
#3 C:\xampp\htdocs\tcc\system\View\View.php(213): CodeIgniter\View\View->CodeIgniter\View\{closure}()
#4 C:\xampp\htdocs\tcc\system\Common.php(1089): CodeIgniter\View\View->render('barang/barang', Array, true)
#5 C:\xampp\htdocs\tcc\app\Controllers\Home.php(53): view('barang/barang')
#6 C:\xampp\htdocs\tcc\system\CodeIgniter.php(832): App\Controllers\Home->barang()
#7 C:\xampp\htdocs\tcc\system\CodeIgniter.php(419): CodeIgniter\CodeIgniter->runController(Object(App\Controllers\Home))
#8 C:\xampp\htdocs\tcc\system\CodeIgniter.php(326): CodeIgniter\CodeIgniter->handleRequest(NULL, Object(Config\Cache), false)
#9 C:\xampp\htdocs\tcc\public\index.php(37): CodeIgniter\CodeIgniter->run()
#10 C:\xampp\htdocs\tcc\system\Commands\Server\rewrite.php(43): require_once('C:\\xampp\\htdocs...')
#11 {main}
CRITICAL - 2023-11-13 21:22:13 --> include(template/header.php): failed to open stream: No such file or directory
#0 C:\xampp\htdocs\tcc\app\Views\hal\laporan.php(1): CodeIgniter\Debug\Exceptions->errorHandler(2, 'include(templat...', 'C:\\xampp\\htdocs...', 1, Array)
#1 C:\xampp\htdocs\tcc\app\Views\hal\laporan.php(1): include()
#2 C:\xampp\htdocs\tcc\system\View\View.php(210): include('C:\\xampp\\htdocs...')
#3 C:\xampp\htdocs\tcc\system\View\View.php(213): CodeIgniter\View\View->CodeIgniter\View\{closure}()
#4 C:\xampp\htdocs\tcc\system\Common.php(1089): CodeIgniter\View\View->render('hal/laporan', Array, true)
#5 C:\xampp\htdocs\tcc\app\Controllers\Home.php(44): view('hal/laporan')
#6 C:\xampp\htdocs\tcc\system\CodeIgniter.php(832): App\Controllers\Home->laporan()
#7 C:\xampp\htdocs\tcc\system\CodeIgniter.php(419): CodeIgniter\CodeIgniter->runController(Object(App\Controllers\Home))
#8 C:\xampp\htdocs\tcc\system\CodeIgniter.php(326): CodeIgniter\CodeIgniter->handleRequest(NULL, Object(Config\Cache), false)
#9 C:\xampp\htdocs\tcc\public\index.php(37): CodeIgniter\CodeIgniter->run()
#10 C:\xampp\htdocs\tcc\system\Commands\Server\rewrite.php(43): require_once('C:\\xampp\\htdocs...')
#11 {main}
CRITICAL - 2023-11-13 21:22:30 --> mysqli_query() expects parameter 1 to be mysqli, null given
#0 [internal function]: CodeIgniter\Debug\Exceptions->errorHandler(2, 'mysqli_query() ...', 'C:\\xampp\\htdocs...', 6, Array)
#1 C:\xampp\htdocs\tcc\app\Views\hal\laporan.php(6): mysqli_query(NULL, 'SELECT * FROM l...')
#2 C:\xampp\htdocs\tcc\system\View\View.php(210): include('C:\\xampp\\htdocs...')
#3 C:\xampp\htdocs\tcc\system\View\View.php(213): CodeIgniter\View\View->CodeIgniter\View\{closure}()
#4 C:\xampp\htdocs\tcc\system\Common.php(1089): CodeIgniter\View\View->render('hal/laporan', Array, true)
#5 C:\xampp\htdocs\tcc\app\Controllers\Home.php(44): view('hal/laporan')
#6 C:\xampp\htdocs\tcc\system\CodeIgniter.php(832): App\Controllers\Home->laporan()
#7 C:\xampp\htdocs\tcc\system\CodeIgniter.php(419): CodeIgniter\CodeIgniter->runController(Object(App\Controllers\Home))
#8 C:\xampp\htdocs\tcc\system\CodeIgniter.php(326): CodeIgniter\CodeIgniter->handleRequest(NULL, Object(Config\Cache), false)
#9 C:\xampp\htdocs\tcc\public\index.php(37): CodeIgniter\CodeIgniter->run()
#10 C:\xampp\htdocs\tcc\system\Commands\Server\rewrite.php(43): require_once('C:\\xampp\\htdocs...')
#11 {main}
CRITICAL - 2023-11-13 21:33:54 --> mysqli_query() expects parameter 1 to be mysqli, null given
#0 [internal function]: CodeIgniter\Debug\Exceptions->errorHandler(2, 'mysqli_query() ...', 'C:\\xampp\\htdocs...', 6, Array)
#1 C:\xampp\htdocs\tcc\app\Views\hal\laporan.php(6): mysqli_query(NULL, 'SELECT * FROM l...')
#2 C:\xampp\htdocs\tcc\system\View\View.php(210): include('C:\\xampp\\htdocs...')
#3 C:\xampp\htdocs\tcc\system\View\View.php(213): CodeIgniter\View\View->CodeIgniter\View\{closure}()
#4 C:\xampp\htdocs\tcc\system\Common.php(1089): CodeIgniter\View\View->render('hal/laporan', Array, true)
#5 C:\xampp\htdocs\tcc\app\Controllers\Home.php(44): view('hal/laporan')
#6 C:\xampp\htdocs\tcc\system\CodeIgniter.php(832): App\Controllers\Home->laporan()
#7 C:\xampp\htdocs\tcc\system\CodeIgniter.php(419): CodeIgniter\CodeIgniter->runController(Object(App\Controllers\Home))
#8 C:\xampp\htdocs\tcc\system\CodeIgniter.php(326): CodeIgniter\CodeIgniter->handleRequest(NULL, Object(Config\Cache), false)
#9 C:\xampp\htdocs\tcc\public\index.php(37): CodeIgniter\CodeIgniter->run()
#10 C:\xampp\htdocs\tcc\system\Commands\Server\rewrite.php(43): require_once('C:\\xampp\\htdocs...')
#11 {main}
CRITICAL - 2023-11-13 21:35:42 --> mysqli_query(): Couldn't fetch mysqli
#0 [internal function]: CodeIgniter\Debug\Exceptions->errorHandler(2, 'mysqli_query():...', 'C:\\xampp\\htdocs...', 54, Array)
#1 C:\xampp\htdocs\tcc\app\Views\hal\laporan.php(54): mysqli_query(Object(mysqli), 'SELECT * FROM l...')
#2 C:\xampp\htdocs\tcc\system\View\View.php(210): include('C:\\xampp\\htdocs...')
#3 C:\xampp\htdocs\tcc\system\View\View.php(213): CodeIgniter\View\View->CodeIgniter\View\{closure}()
#4 C:\xampp\htdocs\tcc\system\Common.php(1089): CodeIgniter\View\View->render('hal/laporan', Array, true)
#5 C:\xampp\htdocs\tcc\app\Controllers\Home.php(44): view('hal/laporan')
#6 C:\xampp\htdocs\tcc\system\CodeIgniter.php(832): App\Controllers\Home->laporan()
#7 C:\xampp\htdocs\tcc\system\CodeIgniter.php(419): CodeIgniter\CodeIgniter->runController(Object(App\Controllers\Home))
#8 C:\xampp\htdocs\tcc\system\CodeIgniter.php(326): CodeIgniter\CodeIgniter->handleRequest(NULL, Object(Config\Cache), false)
#9 C:\xampp\htdocs\tcc\public\index.php(37): CodeIgniter\CodeIgniter->run()
#10 C:\xampp\htdocs\tcc\system\Commands\Server\rewrite.php(43): require_once('C:\\xampp\\htdocs...')
#11 {main}
CRITICAL - 2023-11-13 21:35:47 --> mysqli_query(): Couldn't fetch mysqli
#0 [internal function]: CodeIgniter\Debug\Exceptions->errorHandler(2, 'mysqli_query():...', 'C:\\xampp\\htdocs...', 54, Array)
#1 C:\xampp\htdocs\tcc\app\Views\hal\laporan.php(54): mysqli_query(Object(mysqli), 'SELECT * FROM l...')
#2 C:\xampp\htdocs\tcc\system\View\View.php(210): include('C:\\xampp\\htdocs...')
#3 C:\xampp\htdocs\tcc\system\View\View.php(213): CodeIgniter\View\View->CodeIgniter\View\{closure}()
#4 C:\xampp\htdocs\tcc\system\Common.php(1089): CodeIgniter\View\View->render('hal/laporan', Array, true)
#5 C:\xampp\htdocs\tcc\app\Controllers\Home.php(44): view('hal/laporan')
#6 C:\xampp\htdocs\tcc\system\CodeIgniter.php(832): App\Controllers\Home->laporan()
#7 C:\xampp\htdocs\tcc\system\CodeIgniter.php(419): CodeIgniter\CodeIgniter->runController(Object(App\Controllers\Home))
#8 C:\xampp\htdocs\tcc\system\CodeIgniter.php(326): CodeIgniter\CodeIgniter->handleRequest(NULL, Object(Config\Cache), false)
#9 C:\xampp\htdocs\tcc\public\index.php(37): CodeIgniter\CodeIgniter->run()
#10 C:\xampp\htdocs\tcc\system\Commands\Server\rewrite.php(43): require_once('C:\\xampp\\htdocs...')
#11 {main}
CRITICAL - 2023-11-13 21:39:15 --> mysqli_query(): Couldn't fetch mysqli
#0 [internal function]: CodeIgniter\Debug\Exceptions->errorHandler(2, 'mysqli_query():...', 'C:\\xampp\\htdocs...', 55, Array)
#1 C:\xampp\htdocs\tcc\app\Views\hal\laporan.php(55): mysqli_query(Object(mysqli), 'SELECT * FROM l...')
#2 C:\xampp\htdocs\tcc\system\View\View.php(210): include('C:\\xampp\\htdocs...')
#3 C:\xampp\htdocs\tcc\system\View\View.php(213): CodeIgniter\View\View->CodeIgniter\View\{closure}()
#4 C:\xampp\htdocs\tcc\system\Common.php(1089): CodeIgniter\View\View->render('hal/laporan', Array, true)
#5 C:\xampp\htdocs\tcc\app\Controllers\Home.php(44): view('hal/laporan')
#6 C:\xampp\htdocs\tcc\system\CodeIgniter.php(832): App\Controllers\Home->laporan()
#7 C:\xampp\htdocs\tcc\system\CodeIgniter.php(419): CodeIgniter\CodeIgniter->runController(Object(App\Controllers\Home))
#8 C:\xampp\htdocs\tcc\system\CodeIgniter.php(326): CodeIgniter\CodeIgniter->handleRequest(NULL, Object(Config\Cache), false)
#9 C:\xampp\htdocs\tcc\public\index.php(37): CodeIgniter\CodeIgniter->run()
#10 C:\xampp\htdocs\tcc\system\Commands\Server\rewrite.php(43): require_once('C:\\xampp\\htdocs...')
#11 {main}
CRITICAL - 2023-11-13 21:39:23 --> mysqli_query(): Couldn't fetch mysqli
#0 [internal function]: CodeIgniter\Debug\Exceptions->errorHandler(2, 'mysqli_query():...', 'C:\\xampp\\htdocs...', 55, Array)
#1 C:\xampp\htdocs\tcc\app\Views\hal\laporan.php(55): mysqli_query(Object(mysqli), 'SELECT * FROM l...')
#2 C:\xampp\htdocs\tcc\system\View\View.php(210): include('C:\\xampp\\htdocs...')
#3 C:\xampp\htdocs\tcc\system\View\View.php(213): CodeIgniter\View\View->CodeIgniter\View\{closure}()
#4 C:\xampp\htdocs\tcc\system\Common.php(1089): CodeIgniter\View\View->render('hal/laporan', Array, true)
#5 C:\xampp\htdocs\tcc\app\Controllers\Home.php(44): view('hal/laporan')
#6 C:\xampp\htdocs\tcc\system\CodeIgniter.php(832): App\Controllers\Home->laporan()
#7 C:\xampp\htdocs\tcc\system\CodeIgniter.php(419): CodeIgniter\CodeIgniter->runController(Object(App\Controllers\Home))
#8 C:\xampp\htdocs\tcc\system\CodeIgniter.php(326): CodeIgniter\CodeIgniter->handleRequest(NULL, Object(Config\Cache), false)
#9 C:\xampp\htdocs\tcc\public\index.php(37): CodeIgniter\CodeIgniter->run()
#10 C:\xampp\htdocs\tcc\system\Commands\Server\rewrite.php(43): require_once('C:\\xampp\\htdocs...')
#11 {main}
CRITICAL - 2023-11-13 21:42:27 --> mysqli_query() expects parameter 1 to be mysqli, null given
#0 [internal function]: CodeIgniter\Debug\Exceptions->errorHandler(2, 'mysqli_query() ...', 'C:\\xampp\\htdocs...', 14, Array)
#1 C:\xampp\htdocs\tcc\app\Views\barang\barang.php(14): mysqli_query(NULL, 'SELECT max(id_b...')
#2 C:\xampp\htdocs\tcc\system\View\View.php(210): include('C:\\xampp\\htdocs...')
#3 C:\xampp\htdocs\tcc\system\View\View.php(213): CodeIgniter\View\View->CodeIgniter\View\{closure}()
#4 C:\xampp\htdocs\tcc\system\Common.php(1089): CodeIgniter\View\View->render('barang/barang', Array, true)
#5 C:\xampp\htdocs\tcc\app\Controllers\Home.php(53): view('barang/barang')
#6 C:\xampp\htdocs\tcc\system\CodeIgniter.php(832): App\Controllers\Home->barang()
#7 C:\xampp\htdocs\tcc\system\CodeIgniter.php(419): CodeIgniter\CodeIgniter->runController(Object(App\Controllers\Home))
#8 C:\xampp\htdocs\tcc\system\CodeIgniter.php(326): CodeIgniter\CodeIgniter->handleRequest(NULL, Object(Config\Cache), false)
#9 C:\xampp\htdocs\tcc\public\index.php(37): CodeIgniter\CodeIgniter->run()
#10 C:\xampp\htdocs\tcc\system\Commands\Server\rewrite.php(43): require_once('C:\\xampp\\htdocs...')
#11 {main}
CRITICAL - 2023-11-13 21:45:19 --> mysqli_query() expects parameter 1 to be mysqli, null given
#0 [internal function]: CodeIgniter\Debug\Exceptions->errorHandler(2, 'mysqli_query() ...', 'C:\\xampp\\htdocs...', 14, Array)
#1 C:\xampp\htdocs\tcc\app\Views\barang\barang.php(14): mysqli_query(NULL, 'SELECT max(id_b...')
#2 C:\xampp\htdocs\tcc\system\View\View.php(210): include('C:\\xampp\\htdocs...')
#3 C:\xampp\htdocs\tcc\system\View\View.php(213): CodeIgniter\View\View->CodeIgniter\View\{closure}()
#4 C:\xampp\htdocs\tcc\system\Common.php(1089): CodeIgniter\View\View->render('barang/barang', Array, true)
#5 C:\xampp\htdocs\tcc\app\Controllers\Home.php(53): view('barang/barang')
#6 C:\xampp\htdocs\tcc\system\CodeIgniter.php(832): App\Controllers\Home->barang()
#7 C:\xampp\htdocs\tcc\system\CodeIgniter.php(419): CodeIgniter\CodeIgniter->runController(Object(App\Controllers\Home))
#8 C:\xampp\htdocs\tcc\system\CodeIgniter.php(326): CodeIgniter\CodeIgniter->handleRequest(NULL, Object(Config\Cache), false)
#9 C:\xampp\htdocs\tcc\public\index.php(37): CodeIgniter\CodeIgniter->run()
#10 C:\xampp\htdocs\tcc\system\Commands\Server\rewrite.php(43): require_once('C:\\xampp\\htdocs...')
#11 {main}
CRITICAL - 2023-11-13 21:55:11 --> include(template/header.php): failed to open stream: No such file or directory
#0 C:\xampp\htdocs\tcc\app\Views\hal\index.php(2): CodeIgniter\Debug\Exceptions->errorHandler(2, 'include(templat...', 'C:\\xampp\\htdocs...', 2, Array)
#1 C:\xampp\htdocs\tcc\app\Views\hal\index.php(2): include()
#2 C:\xampp\htdocs\tcc\system\View\View.php(210): include('C:\\xampp\\htdocs...')
#3 C:\xampp\htdocs\tcc\system\View\View.php(213): CodeIgniter\View\View->CodeIgniter\View\{closure}()
#4 C:\xampp\htdocs\tcc\system\Common.php(1089): CodeIgniter\View\View->render('hal/index', Array, true)
#5 C:\xampp\htdocs\tcc\app\Controllers\Home.php(36): view('hal/index')
#6 C:\xampp\htdocs\tcc\system\CodeIgniter.php(832): App\Controllers\Home->hal()
#7 C:\xampp\htdocs\tcc\system\CodeIgniter.php(419): CodeIgniter\CodeIgniter->runController(Object(App\Controllers\Home))
#8 C:\xampp\htdocs\tcc\system\CodeIgniter.php(326): CodeIgniter\CodeIgniter->handleRequest(NULL, Object(Config\Cache), false)
#9 C:\xampp\htdocs\tcc\public\index.php(37): CodeIgniter\CodeIgniter->run()
#10 C:\xampp\htdocs\tcc\system\Commands\Server\rewrite.php(43): require_once('C:\\xampp\\htdocs...')
#11 {main}
CRITICAL - 2023-11-13 21:55:26 --> mysqli_query() expects parameter 1 to be mysqli, null given
#0 [internal function]: CodeIgniter\Debug\Exceptions->errorHandler(2, 'mysqli_query() ...', 'C:\\xampp\\htdocs...', 3, Array)
#1 C:\xampp\htdocs\tcc\app\Views\hal\index.php(3): mysqli_query(NULL, 'SELECT * FROM b...')
#2 C:\xampp\htdocs\tcc\system\View\View.php(210): include('C:\\xampp\\htdocs...')
#3 C:\xampp\htdocs\tcc\system\View\View.php(213): CodeIgniter\View\View->CodeIgniter\View\{closure}()
#4 C:\xampp\htdocs\tcc\system\Common.php(1089): CodeIgniter\View\View->render('hal/index', Array, true)
#5 C:\xampp\htdocs\tcc\app\Controllers\Home.php(36): view('hal/index')
#6 C:\xampp\htdocs\tcc\system\CodeIgniter.php(832): App\Controllers\Home->hal()
#7 C:\xampp\htdocs\tcc\system\CodeIgniter.php(419): CodeIgniter\CodeIgniter->runController(Object(App\Controllers\Home))
#8 C:\xampp\htdocs\tcc\system\CodeIgniter.php(326): CodeIgniter\CodeIgniter->handleRequest(NULL, Object(Config\Cache), false)
#9 C:\xampp\htdocs\tcc\public\index.php(37): CodeIgniter\CodeIgniter->run()
#10 C:\xampp\htdocs\tcc\system\Commands\Server\rewrite.php(43): require_once('C:\\xampp\\htdocs...')
#11 {main}
CRITICAL - 2023-11-13 21:56:20 --> mysqli_query(): Couldn't fetch mysqli
#0 [internal function]: CodeIgniter\Debug\Exceptions->errorHandler(2, 'mysqli_query():...', 'C:\\xampp\\htdocs...', 114, Array)
#1 C:\xampp\htdocs\tcc\app\Views\hal\index.php(114): mysqli_query(Object(mysqli), 'SELECT * FROM k...')
#2 C:\xampp\htdocs\tcc\system\View\View.php(210): include('C:\\xampp\\htdocs...')
#3 C:\xampp\htdocs\tcc\system\View\View.php(213): CodeIgniter\View\View->CodeIgniter\View\{closure}()
#4 C:\xampp\htdocs\tcc\system\Common.php(1089): CodeIgniter\View\View->render('hal/index', Array, true)
#5 C:\xampp\htdocs\tcc\app\Controllers\Home.php(36): view('hal/index')
#6 C:\xampp\htdocs\tcc\system\CodeIgniter.php(832): App\Controllers\Home->hal()
#7 C:\xampp\htdocs\tcc\system\CodeIgniter.php(419): CodeIgniter\CodeIgniter->runController(Object(App\Controllers\Home))
#8 C:\xampp\htdocs\tcc\system\CodeIgniter.php(326): CodeIgniter\CodeIgniter->handleRequest(NULL, Object(Config\Cache), false)
#9 C:\xampp\htdocs\tcc\public\index.php(37): CodeIgniter\CodeIgniter->run()
#10 C:\xampp\htdocs\tcc\system\Commands\Server\rewrite.php(43): require_once('C:\\xampp\\htdocs...')
#11 {main}
CRITICAL - 2023-11-13 21:58:02 --> syntax error, unexpected '<', expecting end of file
#0 C:\xampp\htdocs\tcc\system\View\View.php(213): CodeIgniter\View\View->CodeIgniter\View\{closure}()
#1 C:\xampp\htdocs\tcc\system\Common.php(1089): CodeIgniter\View\View->render('hal/index', Array, true)
#2 C:\xampp\htdocs\tcc\app\Controllers\Home.php(36): view('hal/index')
#3 C:\xampp\htdocs\tcc\system\CodeIgniter.php(832): App\Controllers\Home->hal()
#4 C:\xampp\htdocs\tcc\system\CodeIgniter.php(419): CodeIgniter\CodeIgniter->runController(Object(App\Controllers\Home))
#5 C:\xampp\htdocs\tcc\system\CodeIgniter.php(326): CodeIgniter\CodeIgniter->handleRequest(NULL, Object(Config\Cache), false)
#6 C:\xampp\htdocs\tcc\public\index.php(37): CodeIgniter\CodeIgniter->run()
#7 C:\xampp\htdocs\tcc\system\Commands\Server\rewrite.php(43): require_once('C:\\xampp\\htdocs...')
#8 {main}
