ERROR - 2023-08-22 20:57:02 --> Error connecting to the database: No connection could be made because the target machine actively refused it.

CRITICAL - 2023-08-22 20:57:02 --> Unable to connect to the database.
Main connection [MySQLi]: No connection could be made because the target machine actively refused it.

#0 C:\xampp\htdocs\booking\system\Database\BaseConnection.php(577): CodeIgniter\Database\BaseConnection->initialize()
#1 C:\xampp\htdocs\booking\system\Database\BaseBuilder.php(1588): CodeIgniter\Database\BaseConnection->query('SELECT *\nFROM `...', Array, false)
#2 C:\xampp\htdocs\booking\app\Models\M_model.php(287): CodeIgniter\Database\BaseBuilder->getWhere(Array)
#3 C:\xampp\htdocs\booking\app\Controllers\Home.php(52): App\Models\M_model->getarray('user', Array)
#4 C:\xampp\htdocs\booking\system\CodeIgniter.php(832): App\Controllers\Home->aksi_login()
#5 C:\xampp\htdocs\booking\system\CodeIgniter.php(419): CodeIgniter\CodeIgniter->runController(Object(App\Controllers\Home))
#6 C:\xampp\htdocs\booking\system\CodeIgniter.php(326): CodeIgniter\CodeIgniter->handleRequest(NULL, Object(Config\Cache), false)
#7 C:\xampp\htdocs\booking\public\index.php(37): CodeIgniter\CodeIgniter->run()
#8 C:\xampp\htdocs\booking\system\Commands\Server\rewrite.php(43): require_once('C:\\xampp\\htdocs...')
#9 {main}
ERROR - 2023-08-22 20:57:31 --> Table 'hotel.rombel' doesn't exist
CRITICAL - 2023-08-22 20:57:31 --> Call to a member function getResult() on bool
#0 C:\xampp\htdocs\booking\app\Controllers\Home.php(18): App\Models\M_model->tampil('rombel')
#1 C:\xampp\htdocs\booking\system\CodeIgniter.php(832): App\Controllers\Home->index()
#2 C:\xampp\htdocs\booking\system\CodeIgniter.php(419): CodeIgniter\CodeIgniter->runController(Object(App\Controllers\Home))
#3 C:\xampp\htdocs\booking\system\CodeIgniter.php(326): CodeIgniter\CodeIgniter->handleRequest(NULL, Object(Config\Cache), false)
#4 C:\xampp\htdocs\booking\public\index.php(37): CodeIgniter\CodeIgniter->run()
#5 C:\xampp\htdocs\booking\system\Commands\Server\rewrite.php(43): require_once('C:\\xampp\\htdocs...')
#6 {main}
ERROR - 2023-08-22 20:57:35 --> Table 'hotel.rombel' doesn't exist
CRITICAL - 2023-08-22 20:57:35 --> Call to a member function getResult() on bool
#0 C:\xampp\htdocs\booking\app\Controllers\Home.php(18): App\Models\M_model->tampil('rombel')
#1 C:\xampp\htdocs\booking\system\CodeIgniter.php(832): App\Controllers\Home->index()
#2 C:\xampp\htdocs\booking\system\CodeIgniter.php(419): CodeIgniter\CodeIgniter->runController(Object(App\Controllers\Home))
#3 C:\xampp\htdocs\booking\system\CodeIgniter.php(326): CodeIgniter\CodeIgniter->handleRequest(NULL, Object(Config\Cache), false)
#4 C:\xampp\htdocs\booking\public\index.php(37): CodeIgniter\CodeIgniter->run()
#5 C:\xampp\htdocs\booking\system\Commands\Server\rewrite.php(43): require_once('C:\\xampp\\htdocs...')
#6 {main}
ERROR - 2023-08-22 20:57:40 --> Table 'hotel.rombel' doesn't exist
CRITICAL - 2023-08-22 20:57:40 --> Call to a member function getResult() on bool
#0 C:\xampp\htdocs\booking\app\Controllers\Home.php(18): App\Models\M_model->tampil('rombel')
#1 C:\xampp\htdocs\booking\system\CodeIgniter.php(832): App\Controllers\Home->index()
#2 C:\xampp\htdocs\booking\system\CodeIgniter.php(419): CodeIgniter\CodeIgniter->runController(Object(App\Controllers\Home))
#3 C:\xampp\htdocs\booking\system\CodeIgniter.php(326): CodeIgniter\CodeIgniter->handleRequest(NULL, Object(Config\Cache), false)
#4 C:\xampp\htdocs\booking\public\index.php(37): CodeIgniter\CodeIgniter->run()
#5 C:\xampp\htdocs\booking\system\Commands\Server\rewrite.php(43): require_once('C:\\xampp\\htdocs...')
#6 {main}
ERROR - 2023-08-22 20:58:42 --> Table 'hotel.rombel' doesn't exist
CRITICAL - 2023-08-22 20:58:42 --> Call to a member function getResult() on bool
#0 C:\xampp\htdocs\booking\app\Controllers\Home.php(18): App\Models\M_model->tampil('rombel')
#1 C:\xampp\htdocs\booking\system\CodeIgniter.php(832): App\Controllers\Home->index()
#2 C:\xampp\htdocs\booking\system\CodeIgniter.php(419): CodeIgniter\CodeIgniter->runController(Object(App\Controllers\Home))
#3 C:\xampp\htdocs\booking\system\CodeIgniter.php(326): CodeIgniter\CodeIgniter->handleRequest(NULL, Object(Config\Cache), false)
#4 C:\xampp\htdocs\booking\public\index.php(37): CodeIgniter\CodeIgniter->run()
#5 C:\xampp\htdocs\booking\system\Commands\Server\rewrite.php(43): require_once('C:\\xampp\\htdocs...')
#6 {main}
ERROR - 2023-08-22 20:58:48 --> Table 'hotel.rombel' doesn't exist
CRITICAL - 2023-08-22 20:58:48 --> Call to a member function getResult() on bool
#0 C:\xampp\htdocs\booking\app\Controllers\Home.php(18): App\Models\M_model->tampil('rombel')
#1 C:\xampp\htdocs\booking\system\CodeIgniter.php(832): App\Controllers\Home->index()
#2 C:\xampp\htdocs\booking\system\CodeIgniter.php(419): CodeIgniter\CodeIgniter->runController(Object(App\Controllers\Home))
#3 C:\xampp\htdocs\booking\system\CodeIgniter.php(326): CodeIgniter\CodeIgniter->handleRequest(NULL, Object(Config\Cache), false)
#4 C:\xampp\htdocs\booking\public\index.php(37): CodeIgniter\CodeIgniter->run()
#5 C:\xampp\htdocs\booking\system\Commands\Server\rewrite.php(43): require_once('C:\\xampp\\htdocs...')
#6 {main}
CRITICAL - 2023-08-22 20:59:16 --> count(): Parameter must be an array or an object that implements Countable
#0 C:\xampp\htdocs\booking\app\Views\index.php(8): CodeIgniter\Debug\Exceptions->errorHandler(2, 'count(): Parame...', 'C:\\xampp\\htdocs...', 8, Array)
#1 C:\xampp\htdocs\booking\system\View\View.php(210): include('C:\\xampp\\htdocs...')
#2 C:\xampp\htdocs\booking\system\View\View.php(213): CodeIgniter\View\View->CodeIgniter\View\{closure}()
#3 C:\xampp\htdocs\booking\system\Common.php(1089): CodeIgniter\View\View->render('index', Array, true)
#4 C:\xampp\htdocs\booking\app\Controllers\Home.php(24): view('index')
#5 C:\xampp\htdocs\booking\system\CodeIgniter.php(832): App\Controllers\Home->index()
#6 C:\xampp\htdocs\booking\system\CodeIgniter.php(419): CodeIgniter\CodeIgniter->runController(Object(App\Controllers\Home))
#7 C:\xampp\htdocs\booking\system\CodeIgniter.php(326): CodeIgniter\CodeIgniter->handleRequest(NULL, Object(Config\Cache), false)
#8 C:\xampp\htdocs\booking\public\index.php(37): CodeIgniter\CodeIgniter->run()
#9 C:\xampp\htdocs\booking\system\Commands\Server\rewrite.php(43): require_once('C:\\xampp\\htdocs...')
#10 {main}
CRITICAL - 2023-08-22 20:59:59 --> count(): Parameter must be an array or an object that implements Countable
#0 C:\xampp\htdocs\booking\app\Views\index.php(8): CodeIgniter\Debug\Exceptions->errorHandler(2, 'count(): Parame...', 'C:\\xampp\\htdocs...', 8, Array)
#1 C:\xampp\htdocs\booking\system\View\View.php(210): include('C:\\xampp\\htdocs...')
#2 C:\xampp\htdocs\booking\system\View\View.php(213): CodeIgniter\View\View->CodeIgniter\View\{closure}()
#3 C:\xampp\htdocs\booking\system\Common.php(1089): CodeIgniter\View\View->render('index', Array, true)
#4 C:\xampp\htdocs\booking\app\Controllers\Home.php(24): view('index')
#5 C:\xampp\htdocs\booking\system\CodeIgniter.php(832): App\Controllers\Home->index()
#6 C:\xampp\htdocs\booking\system\CodeIgniter.php(419): CodeIgniter\CodeIgniter->runController(Object(App\Controllers\Home))
#7 C:\xampp\htdocs\booking\system\CodeIgniter.php(326): CodeIgniter\CodeIgniter->handleRequest(NULL, Object(Config\Cache), false)
#8 C:\xampp\htdocs\booking\public\index.php(37): CodeIgniter\CodeIgniter->run()
#9 C:\xampp\htdocs\booking\system\Commands\Server\rewrite.php(43): require_once('C:\\xampp\\htdocs...')
#10 {main}
CRITICAL - 2023-08-22 21:56:28 --> Cannot redeclare App\Controllers\Home::tambah_in()
#0 [internal function]: CodeIgniter\Debug\Exceptions->shutdownHandler()
#1 {main}
CRITICAL - 2023-08-22 21:58:45 --> Invalid file: tambah_out.php
#0 C:\xampp\htdocs\booking\system\View\View.php(198): CodeIgniter\Exceptions\FrameworkException::forInvalidFile('tambah_out.php')
#1 C:\xampp\htdocs\booking\system\Common.php(1089): CodeIgniter\View\View->render('tambah_out', Array, true)
#2 C:\xampp\htdocs\booking\app\Controllers\Home.php(186): view('tambah_out', Array)
#3 C:\xampp\htdocs\booking\system\CodeIgniter.php(832): App\Controllers\Home->tambah_out()
#4 C:\xampp\htdocs\booking\system\CodeIgniter.php(419): CodeIgniter\CodeIgniter->runController(Object(App\Controllers\Home))
#5 C:\xampp\htdocs\booking\system\CodeIgniter.php(326): CodeIgniter\CodeIgniter->handleRequest(NULL, Object(Config\Cache), false)
#6 C:\xampp\htdocs\booking\public\index.php(37): CodeIgniter\CodeIgniter->run()
#7 C:\xampp\htdocs\booking\system\Commands\Server\rewrite.php(43): require_once('C:\\xampp\\htdocs...')
#8 {main}
