CRITICAL - 2023-08-20 07:55:05 --> Invalid argument supplied for foreach()
#0 C:\xampp\htdocs\in\app\Views\rombels.php(21): CodeIgniter\Debug\Exceptions->errorHandler(2, 'Invalid argumen...', 'C:\\xampp\\htdocs...', 21, Array)
#1 C:\xampp\htdocs\in\system\View\View.php(210): include('C:\\xampp\\htdocs...')
#2 C:\xampp\htdocs\in\system\View\View.php(213): CodeIgniter\View\View->CodeIgniter\View\{closure}()
#3 C:\xampp\htdocs\in\system\Common.php(1089): CodeIgniter\View\View->render('rombels', Array, true)
#4 C:\xampp\htdocs\in\app\Controllers\Home.php(1022): view('rombels', Array)
#5 C:\xampp\htdocs\in\system\CodeIgniter.php(832): App\Controllers\Home->rombels()
#6 C:\xampp\htdocs\in\system\CodeIgniter.php(419): CodeIgniter\CodeIgniter->runController(Object(App\Controllers\Home))
#7 C:\xampp\htdocs\in\system\CodeIgniter.php(326): CodeIgniter\CodeIgniter->handleRequest(NULL, Object(Config\Cache), false)
#8 C:\xampp\htdocs\in\public\index.php(37): CodeIgniter\CodeIgniter->run()
#9 C:\xampp\htdocs\in\system\Commands\Server\rewrite.php(43): require_once('C:\\xampp\\htdocs...')
#10 {main}
CRITICAL - 2023-08-20 07:55:22 --> Argument 2 passed to view() must be of the type array, null given, called in C:\xampp\htdocs\in\app\Controllers\Home.php on line 1022
#0 C:\xampp\htdocs\in\app\Controllers\Home.php(1022): view('rombels', NULL)
#1 C:\xampp\htdocs\in\system\CodeIgniter.php(832): App\Controllers\Home->rombels()
#2 C:\xampp\htdocs\in\system\CodeIgniter.php(419): CodeIgniter\CodeIgniter->runController(Object(App\Controllers\Home))
#3 C:\xampp\htdocs\in\system\CodeIgniter.php(326): CodeIgniter\CodeIgniter->handleRequest(NULL, Object(Config\Cache), false)
#4 C:\xampp\htdocs\in\public\index.php(37): CodeIgniter\CodeIgniter->run()
#5 C:\xampp\htdocs\in\system\Commands\Server\rewrite.php(43): require_once('C:\\xampp\\htdocs...')
#6 {main}
CRITICAL - 2023-08-20 08:17:38 --> Invalid argument supplied for foreach()
#0 C:\xampp\htdocs\in\app\Views\crombels.php(23): CodeIgniter\Debug\Exceptions->errorHandler(2, 'Invalid argumen...', 'C:\\xampp\\htdocs...', 23, Array)
#1 C:\xampp\htdocs\in\system\View\View.php(210): include('C:\\xampp\\htdocs...')
#2 C:\xampp\htdocs\in\system\View\View.php(213): CodeIgniter\View\View->CodeIgniter\View\{closure}()
#3 C:\xampp\htdocs\in\system\Common.php(1089): CodeIgniter\View\View->render('crombels', Array, true)
#4 C:\xampp\htdocs\in\app\Controllers\Home.php(1445): view('crombels', Array)
#5 C:\xampp\htdocs\in\system\CodeIgniter.php(832): App\Controllers\Home->pdf_rombels()
#6 C:\xampp\htdocs\in\system\CodeIgniter.php(419): CodeIgniter\CodeIgniter->runController(Object(App\Controllers\Home))
#7 C:\xampp\htdocs\in\system\CodeIgniter.php(326): CodeIgniter\CodeIgniter->handleRequest(NULL, Object(Config\Cache), false)
#8 C:\xampp\htdocs\in\public\index.php(37): CodeIgniter\CodeIgniter->run()
#9 C:\xampp\htdocs\in\system\Commands\Server\rewrite.php(43): require_once('C:\\xampp\\htdocs...')
#10 {main}
CRITICAL - 2023-08-20 08:19:20 --> Invalid argument supplied for foreach()
#0 C:\xampp\htdocs\in\app\Views\crombels.php(23): CodeIgniter\Debug\Exceptions->errorHandler(2, 'Invalid argumen...', 'C:\\xampp\\htdocs...', 23, Array)
#1 C:\xampp\htdocs\in\system\View\View.php(210): include('C:\\xampp\\htdocs...')
#2 C:\xampp\htdocs\in\system\View\View.php(213): CodeIgniter\View\View->CodeIgniter\View\{closure}()
#3 C:\xampp\htdocs\in\system\Common.php(1089): CodeIgniter\View\View->render('crombels', Array, true)
#4 C:\xampp\htdocs\in\app\Controllers\Home.php(1445): view('crombels', Array)
#5 C:\xampp\htdocs\in\system\CodeIgniter.php(832): App\Controllers\Home->pdf_rombels()
#6 C:\xampp\htdocs\in\system\CodeIgniter.php(419): CodeIgniter\CodeIgniter->runController(Object(App\Controllers\Home))
#7 C:\xampp\htdocs\in\system\CodeIgniter.php(326): CodeIgniter\CodeIgniter->handleRequest(NULL, Object(Config\Cache), false)
#8 C:\xampp\htdocs\in\public\index.php(37): CodeIgniter\CodeIgniter->run()
#9 C:\xampp\htdocs\in\system\Commands\Server\rewrite.php(43): require_once('C:\\xampp\\htdocs...')
#10 {main}
CRITICAL - 2023-08-20 08:22:10 --> Invalid argument supplied for foreach()
#0 C:\xampp\htdocs\in\app\Views\crombels.php(23): CodeIgniter\Debug\Exceptions->errorHandler(2, 'Invalid argumen...', 'C:\\xampp\\htdocs...', 23, Array)
#1 C:\xampp\htdocs\in\system\View\View.php(210): include('C:\\xampp\\htdocs...')
#2 C:\xampp\htdocs\in\system\View\View.php(213): CodeIgniter\View\View->CodeIgniter\View\{closure}()
#3 C:\xampp\htdocs\in\system\Common.php(1089): CodeIgniter\View\View->render('crombels', Array, true)
#4 C:\xampp\htdocs\in\app\Controllers\Home.php(1444): view('crombels', Array)
#5 C:\xampp\htdocs\in\system\CodeIgniter.php(832): App\Controllers\Home->pdf_rombels()
#6 C:\xampp\htdocs\in\system\CodeIgniter.php(419): CodeIgniter\CodeIgniter->runController(Object(App\Controllers\Home))
#7 C:\xampp\htdocs\in\system\CodeIgniter.php(326): CodeIgniter\CodeIgniter->handleRequest(NULL, Object(Config\Cache), false)
#8 C:\xampp\htdocs\in\public\index.php(37): CodeIgniter\CodeIgniter->run()
#9 C:\xampp\htdocs\in\system\Commands\Server\rewrite.php(43): require_once('C:\\xampp\\htdocs...')
#10 {main}
CRITICAL - 2023-08-20 08:22:14 --> Invalid argument supplied for foreach()
#0 C:\xampp\htdocs\in\app\Views\crombels.php(23): CodeIgniter\Debug\Exceptions->errorHandler(2, 'Invalid argumen...', 'C:\\xampp\\htdocs...', 23, Array)
#1 C:\xampp\htdocs\in\system\View\View.php(210): include('C:\\xampp\\htdocs...')
#2 C:\xampp\htdocs\in\system\View\View.php(213): CodeIgniter\View\View->CodeIgniter\View\{closure}()
#3 C:\xampp\htdocs\in\system\Common.php(1089): CodeIgniter\View\View->render('crombels', Array, true)
#4 C:\xampp\htdocs\in\app\Controllers\Home.php(1444): view('crombels', Array)
#5 C:\xampp\htdocs\in\system\CodeIgniter.php(832): App\Controllers\Home->pdf_rombels()
#6 C:\xampp\htdocs\in\system\CodeIgniter.php(419): CodeIgniter\CodeIgniter->runController(Object(App\Controllers\Home))
#7 C:\xampp\htdocs\in\system\CodeIgniter.php(326): CodeIgniter\CodeIgniter->handleRequest(NULL, Object(Config\Cache), false)
#8 C:\xampp\htdocs\in\public\index.php(37): CodeIgniter\CodeIgniter->run()
#9 C:\xampp\htdocs\in\system\Commands\Server\rewrite.php(43): require_once('C:\\xampp\\htdocs...')
#10 {main}
CRITICAL - 2023-08-20 08:23:11 --> Invalid argument supplied for foreach()
#0 C:\xampp\htdocs\in\app\Views\crombels.php(23): CodeIgniter\Debug\Exceptions->errorHandler(2, 'Invalid argumen...', 'C:\\xampp\\htdocs...', 23, Array)
#1 C:\xampp\htdocs\in\system\View\View.php(210): include('C:\\xampp\\htdocs...')
#2 C:\xampp\htdocs\in\system\View\View.php(213): CodeIgniter\View\View->CodeIgniter\View\{closure}()
#3 C:\xampp\htdocs\in\system\Common.php(1089): CodeIgniter\View\View->render('crombels', Array, true)
#4 C:\xampp\htdocs\in\app\Controllers\Home.php(1444): view('crombels', Array)
#5 C:\xampp\htdocs\in\system\CodeIgniter.php(832): App\Controllers\Home->pdf_rombels()
#6 C:\xampp\htdocs\in\system\CodeIgniter.php(419): CodeIgniter\CodeIgniter->runController(Object(App\Controllers\Home))
#7 C:\xampp\htdocs\in\system\CodeIgniter.php(326): CodeIgniter\CodeIgniter->handleRequest(NULL, Object(Config\Cache), false)
#8 C:\xampp\htdocs\in\public\index.php(37): CodeIgniter\CodeIgniter->run()
#9 C:\xampp\htdocs\in\system\Commands\Server\rewrite.php(43): require_once('C:\\xampp\\htdocs...')
#10 {main}
CRITICAL - 2023-08-20 08:25:29 --> Invalid argument supplied for foreach()
#0 C:\xampp\htdocs\in\app\Views\crombels.php(23): CodeIgniter\Debug\Exceptions->errorHandler(2, 'Invalid argumen...', 'C:\\xampp\\htdocs...', 23, Array)
#1 C:\xampp\htdocs\in\system\View\View.php(210): include('C:\\xampp\\htdocs...')
#2 C:\xampp\htdocs\in\system\View\View.php(213): CodeIgniter\View\View->CodeIgniter\View\{closure}()
#3 C:\xampp\htdocs\in\system\Common.php(1089): CodeIgniter\View\View->render('crombels', Array, true)
#4 C:\xampp\htdocs\in\app\Controllers\Home.php(1444): view('crombels', Array)
#5 C:\xampp\htdocs\in\system\CodeIgniter.php(832): App\Controllers\Home->pdf_rombels()
#6 C:\xampp\htdocs\in\system\CodeIgniter.php(419): CodeIgniter\CodeIgniter->runController(Object(App\Controllers\Home))
#7 C:\xampp\htdocs\in\system\CodeIgniter.php(326): CodeIgniter\CodeIgniter->handleRequest(NULL, Object(Config\Cache), false)
#8 C:\xampp\htdocs\in\public\index.php(37): CodeIgniter\CodeIgniter->run()
#9 C:\xampp\htdocs\in\system\Commands\Server\rewrite.php(43): require_once('C:\\xampp\\htdocs...')
#10 {main}
CRITICAL - 2023-08-20 08:28:00 --> Invalid argument supplied for foreach()
#0 C:\xampp\htdocs\in\app\Views\crombels.php(23): CodeIgniter\Debug\Exceptions->errorHandler(2, 'Invalid argumen...', 'C:\\xampp\\htdocs...', 23, Array)
#1 C:\xampp\htdocs\in\system\View\View.php(210): include('C:\\xampp\\htdocs...')
#2 C:\xampp\htdocs\in\system\View\View.php(213): CodeIgniter\View\View->CodeIgniter\View\{closure}()
#3 C:\xampp\htdocs\in\system\Common.php(1089): CodeIgniter\View\View->render('crombels', Array, true)
#4 C:\xampp\htdocs\in\app\Controllers\Home.php(1444): view('crombels', Array)
#5 C:\xampp\htdocs\in\system\CodeIgniter.php(832): App\Controllers\Home->pdf_rombels()
#6 C:\xampp\htdocs\in\system\CodeIgniter.php(419): CodeIgniter\CodeIgniter->runController(Object(App\Controllers\Home))
#7 C:\xampp\htdocs\in\system\CodeIgniter.php(326): CodeIgniter\CodeIgniter->handleRequest(NULL, Object(Config\Cache), false)
#8 C:\xampp\htdocs\in\public\index.php(37): CodeIgniter\CodeIgniter->run()
#9 C:\xampp\htdocs\in\system\Commands\Server\rewrite.php(43): require_once('C:\\xampp\\htdocs...')
#10 {main}
CRITICAL - 2023-08-20 08:29:19 --> Invalid argument supplied for foreach()
#0 C:\xampp\htdocs\in\app\Views\crombels.php(23): CodeIgniter\Debug\Exceptions->errorHandler(2, 'Invalid argumen...', 'C:\\xampp\\htdocs...', 23, Array)
#1 C:\xampp\htdocs\in\system\View\View.php(210): include('C:\\xampp\\htdocs...')
#2 C:\xampp\htdocs\in\system\View\View.php(213): CodeIgniter\View\View->CodeIgniter\View\{closure}()
#3 C:\xampp\htdocs\in\system\Common.php(1089): CodeIgniter\View\View->render('crombels', Array, true)
#4 C:\xampp\htdocs\in\app\Controllers\Home.php(1444): view('crombels', Array)
#5 C:\xampp\htdocs\in\system\CodeIgniter.php(832): App\Controllers\Home->pdf_rombels()
#6 C:\xampp\htdocs\in\system\CodeIgniter.php(419): CodeIgniter\CodeIgniter->runController(Object(App\Controllers\Home))
#7 C:\xampp\htdocs\in\system\CodeIgniter.php(326): CodeIgniter\CodeIgniter->handleRequest(NULL, Object(Config\Cache), false)
#8 C:\xampp\htdocs\in\public\index.php(37): CodeIgniter\CodeIgniter->run()
#9 C:\xampp\htdocs\in\system\Commands\Server\rewrite.php(43): require_once('C:\\xampp\\htdocs...')
#10 {main}
CRITICAL - 2023-08-20 08:30:23 --> Invalid argument supplied for foreach()
#0 C:\xampp\htdocs\in\app\Views\crombels.php(23): CodeIgniter\Debug\Exceptions->errorHandler(2, 'Invalid argumen...', 'C:\\xampp\\htdocs...', 23, Array)
#1 C:\xampp\htdocs\in\system\View\View.php(210): include('C:\\xampp\\htdocs...')
#2 C:\xampp\htdocs\in\system\View\View.php(213): CodeIgniter\View\View->CodeIgniter\View\{closure}()
#3 C:\xampp\htdocs\in\system\Common.php(1089): CodeIgniter\View\View->render('crombels', Array, true)
#4 C:\xampp\htdocs\in\app\Controllers\Home.php(1444): view('crombels', Array)
#5 C:\xampp\htdocs\in\system\CodeIgniter.php(832): App\Controllers\Home->pdf_rombels()
#6 C:\xampp\htdocs\in\system\CodeIgniter.php(419): CodeIgniter\CodeIgniter->runController(Object(App\Controllers\Home))
#7 C:\xampp\htdocs\in\system\CodeIgniter.php(326): CodeIgniter\CodeIgniter->handleRequest(NULL, Object(Config\Cache), false)
#8 C:\xampp\htdocs\in\public\index.php(37): CodeIgniter\CodeIgniter->run()
#9 C:\xampp\htdocs\in\system\Commands\Server\rewrite.php(43): require_once('C:\\xampp\\htdocs...')
#10 {main}
CRITICAL - 2023-08-20 08:31:43 --> Invalid argument supplied for foreach()
#0 C:\xampp\htdocs\in\app\Views\crombels.php(23): CodeIgniter\Debug\Exceptions->errorHandler(2, 'Invalid argumen...', 'C:\\xampp\\htdocs...', 23, Array)
#1 C:\xampp\htdocs\in\system\View\View.php(210): include('C:\\xampp\\htdocs...')
#2 C:\xampp\htdocs\in\system\View\View.php(213): CodeIgniter\View\View->CodeIgniter\View\{closure}()
#3 C:\xampp\htdocs\in\system\Common.php(1089): CodeIgniter\View\View->render('crombels', Array, true)
#4 C:\xampp\htdocs\in\app\Controllers\Home.php(1445): view('crombels', Array)
#5 C:\xampp\htdocs\in\system\CodeIgniter.php(832): App\Controllers\Home->pdf_rombels()
#6 C:\xampp\htdocs\in\system\CodeIgniter.php(419): CodeIgniter\CodeIgniter->runController(Object(App\Controllers\Home))
#7 C:\xampp\htdocs\in\system\CodeIgniter.php(326): CodeIgniter\CodeIgniter->handleRequest(NULL, Object(Config\Cache), false)
#8 C:\xampp\htdocs\in\public\index.php(37): CodeIgniter\CodeIgniter->run()
#9 C:\xampp\htdocs\in\system\Commands\Server\rewrite.php(43): require_once('C:\\xampp\\htdocs...')
#10 {main}
CRITICAL - 2023-08-20 08:32:03 --> Invalid argument supplied for foreach()
#0 C:\xampp\htdocs\in\app\Views\crombels.php(23): CodeIgniter\Debug\Exceptions->errorHandler(2, 'Invalid argumen...', 'C:\\xampp\\htdocs...', 23, Array)
#1 C:\xampp\htdocs\in\system\View\View.php(210): include('C:\\xampp\\htdocs...')
#2 C:\xampp\htdocs\in\system\View\View.php(213): CodeIgniter\View\View->CodeIgniter\View\{closure}()
#3 C:\xampp\htdocs\in\system\Common.php(1089): CodeIgniter\View\View->render('crombels', Array, true)
#4 C:\xampp\htdocs\in\app\Controllers\Home.php(1445): view('crombels', Array)
#5 C:\xampp\htdocs\in\system\CodeIgniter.php(832): App\Controllers\Home->pdf_rombels()
#6 C:\xampp\htdocs\in\system\CodeIgniter.php(419): CodeIgniter\CodeIgniter->runController(Object(App\Controllers\Home))
#7 C:\xampp\htdocs\in\system\CodeIgniter.php(326): CodeIgniter\CodeIgniter->handleRequest(NULL, Object(Config\Cache), false)
#8 C:\xampp\htdocs\in\public\index.php(37): CodeIgniter\CodeIgniter->run()
#9 C:\xampp\htdocs\in\system\Commands\Server\rewrite.php(43): require_once('C:\\xampp\\htdocs...')
#10 {main}
CRITICAL - 2023-08-20 08:33:35 --> Invalid argument supplied for foreach()
#0 C:\xampp\htdocs\in\app\Views\crombels.php(23): CodeIgniter\Debug\Exceptions->errorHandler(2, 'Invalid argumen...', 'C:\\xampp\\htdocs...', 23, Array)
#1 C:\xampp\htdocs\in\system\View\View.php(210): include('C:\\xampp\\htdocs...')
#2 C:\xampp\htdocs\in\system\View\View.php(213): CodeIgniter\View\View->CodeIgniter\View\{closure}()
#3 C:\xampp\htdocs\in\system\Common.php(1089): CodeIgniter\View\View->render('crombels', Array, true)
#4 C:\xampp\htdocs\in\app\Controllers\Home.php(1445): view('crombels', Array)
#5 C:\xampp\htdocs\in\system\CodeIgniter.php(832): App\Controllers\Home->pdf_rombels()
#6 C:\xampp\htdocs\in\system\CodeIgniter.php(419): CodeIgniter\CodeIgniter->runController(Object(App\Controllers\Home))
#7 C:\xampp\htdocs\in\system\CodeIgniter.php(326): CodeIgniter\CodeIgniter->handleRequest(NULL, Object(Config\Cache), false)
#8 C:\xampp\htdocs\in\public\index.php(37): CodeIgniter\CodeIgniter->run()
#9 C:\xampp\htdocs\in\system\Commands\Server\rewrite.php(43): require_once('C:\\xampp\\htdocs...')
#10 {main}
CRITICAL - 2023-08-20 08:34:21 --> Invalid argument supplied for foreach()
#0 C:\xampp\htdocs\in\app\Views\crombels.php(23): CodeIgniter\Debug\Exceptions->errorHandler(2, 'Invalid argumen...', 'C:\\xampp\\htdocs...', 23, Array)
#1 C:\xampp\htdocs\in\system\View\View.php(210): include('C:\\xampp\\htdocs...')
#2 C:\xampp\htdocs\in\system\View\View.php(213): CodeIgniter\View\View->CodeIgniter\View\{closure}()
#3 C:\xampp\htdocs\in\system\Common.php(1089): CodeIgniter\View\View->render('crombels', Array, true)
#4 C:\xampp\htdocs\in\app\Controllers\Home.php(1445): view('crombels', Array)
#5 C:\xampp\htdocs\in\system\CodeIgniter.php(832): App\Controllers\Home->pdf_rombels()
#6 C:\xampp\htdocs\in\system\CodeIgniter.php(419): CodeIgniter\CodeIgniter->runController(Object(App\Controllers\Home))
#7 C:\xampp\htdocs\in\system\CodeIgniter.php(326): CodeIgniter\CodeIgniter->handleRequest(NULL, Object(Config\Cache), false)
#8 C:\xampp\htdocs\in\public\index.php(37): CodeIgniter\CodeIgniter->run()
#9 C:\xampp\htdocs\in\system\Commands\Server\rewrite.php(43): require_once('C:\\xampp\\htdocs...')
#10 {main}
CRITICAL - 2023-08-20 08:35:20 --> Invalid argument supplied for foreach()
#0 C:\xampp\htdocs\in\app\Views\crombels.php(33): CodeIgniter\Debug\Exceptions->errorHandler(2, 'Invalid argumen...', 'C:\\xampp\\htdocs...', 33, Array)
#1 C:\xampp\htdocs\in\system\View\View.php(210): include('C:\\xampp\\htdocs...')
#2 C:\xampp\htdocs\in\system\View\View.php(213): CodeIgniter\View\View->CodeIgniter\View\{closure}()
#3 C:\xampp\htdocs\in\system\Common.php(1089): CodeIgniter\View\View->render('crombels', Array, true)
#4 C:\xampp\htdocs\in\app\Controllers\Home.php(1445): view('crombels', Array)
#5 C:\xampp\htdocs\in\system\CodeIgniter.php(832): App\Controllers\Home->pdf_rombels()
#6 C:\xampp\htdocs\in\system\CodeIgniter.php(419): CodeIgniter\CodeIgniter->runController(Object(App\Controllers\Home))
#7 C:\xampp\htdocs\in\system\CodeIgniter.php(326): CodeIgniter\CodeIgniter->handleRequest(NULL, Object(Config\Cache), false)
#8 C:\xampp\htdocs\in\public\index.php(37): CodeIgniter\CodeIgniter->run()
#9 C:\xampp\htdocs\in\system\Commands\Server\rewrite.php(43): require_once('C:\\xampp\\htdocs...')
#10 {main}
CRITICAL - 2023-08-20 08:35:50 --> Invalid argument supplied for foreach()
#0 C:\xampp\htdocs\in\app\Views\crombels.php(23): CodeIgniter\Debug\Exceptions->errorHandler(2, 'Invalid argumen...', 'C:\\xampp\\htdocs...', 23, Array)
#1 C:\xampp\htdocs\in\system\View\View.php(210): include('C:\\xampp\\htdocs...')
#2 C:\xampp\htdocs\in\system\View\View.php(213): CodeIgniter\View\View->CodeIgniter\View\{closure}()
#3 C:\xampp\htdocs\in\system\Common.php(1089): CodeIgniter\View\View->render('crombels', Array, true)
#4 C:\xampp\htdocs\in\app\Controllers\Home.php(1440): view('crombels', Array)
#5 C:\xampp\htdocs\in\system\CodeIgniter.php(832): App\Controllers\Home->pdf_rombels()
#6 C:\xampp\htdocs\in\system\CodeIgniter.php(419): CodeIgniter\CodeIgniter->runController(Object(App\Controllers\Home))
#7 C:\xampp\htdocs\in\system\CodeIgniter.php(326): CodeIgniter\CodeIgniter->handleRequest(NULL, Object(Config\Cache), false)
#8 C:\xampp\htdocs\in\public\index.php(37): CodeIgniter\CodeIgniter->run()
#9 C:\xampp\htdocs\in\system\Commands\Server\rewrite.php(43): require_once('C:\\xampp\\htdocs...')
#10 {main}
CRITICAL - 2023-08-20 08:41:34 --> Invalid argument supplied for foreach()
#0 C:\xampp\htdocs\in\app\Views\crombels.php(23): CodeIgniter\Debug\Exceptions->errorHandler(2, 'Invalid argumen...', 'C:\\xampp\\htdocs...', 23, Array)
#1 C:\xampp\htdocs\in\system\View\View.php(210): include('C:\\xampp\\htdocs...')
#2 C:\xampp\htdocs\in\system\View\View.php(213): CodeIgniter\View\View->CodeIgniter\View\{closure}()
#3 C:\xampp\htdocs\in\system\Common.php(1089): CodeIgniter\View\View->render('crombels', Array, true)
#4 C:\xampp\htdocs\in\app\Controllers\Home.php(1335): view('crombels', Array)
#5 C:\xampp\htdocs\in\system\CodeIgniter.php(832): App\Controllers\Home->pdf_rombels()
#6 C:\xampp\htdocs\in\system\CodeIgniter.php(419): CodeIgniter\CodeIgniter->runController(Object(App\Controllers\Home))
#7 C:\xampp\htdocs\in\system\CodeIgniter.php(326): CodeIgniter\CodeIgniter->handleRequest(NULL, Object(Config\Cache), false)
#8 C:\xampp\htdocs\in\public\index.php(37): CodeIgniter\CodeIgniter->run()
#9 C:\xampp\htdocs\in\system\Commands\Server\rewrite.php(43): require_once('C:\\xampp\\htdocs...')
#10 {main}
CRITICAL - 2023-08-20 08:43:02 --> Invalid argument supplied for foreach()
#0 C:\xampp\htdocs\in\app\Views\crombels.php(32): CodeIgniter\Debug\Exceptions->errorHandler(2, 'Invalid argumen...', 'C:\\xampp\\htdocs...', 32, Array)
#1 C:\xampp\htdocs\in\system\View\View.php(210): include('C:\\xampp\\htdocs...')
#2 C:\xampp\htdocs\in\system\View\View.php(213): CodeIgniter\View\View->CodeIgniter\View\{closure}()
#3 C:\xampp\htdocs\in\system\Common.php(1089): CodeIgniter\View\View->render('crombels', Array, true)
#4 C:\xampp\htdocs\in\app\Controllers\Home.php(1335): view('crombels', Array)
#5 C:\xampp\htdocs\in\system\CodeIgniter.php(832): App\Controllers\Home->pdf_rombels()
#6 C:\xampp\htdocs\in\system\CodeIgniter.php(419): CodeIgniter\CodeIgniter->runController(Object(App\Controllers\Home))
#7 C:\xampp\htdocs\in\system\CodeIgniter.php(326): CodeIgniter\CodeIgniter->handleRequest(NULL, Object(Config\Cache), false)
#8 C:\xampp\htdocs\in\public\index.php(37): CodeIgniter\CodeIgniter->run()
#9 C:\xampp\htdocs\in\system\Commands\Server\rewrite.php(43): require_once('C:\\xampp\\htdocs...')
#10 {main}
CRITICAL - 2023-08-20 08:43:49 --> Invalid argument supplied for foreach()
#0 C:\xampp\htdocs\in\app\Views\crombels.php(32): CodeIgniter\Debug\Exceptions->errorHandler(2, 'Invalid argumen...', 'C:\\xampp\\htdocs...', 32, Array)
#1 C:\xampp\htdocs\in\system\View\View.php(210): include('C:\\xampp\\htdocs...')
#2 C:\xampp\htdocs\in\system\View\View.php(213): CodeIgniter\View\View->CodeIgniter\View\{closure}()
#3 C:\xampp\htdocs\in\system\Common.php(1089): CodeIgniter\View\View->render('crombels', Array, true)
#4 C:\xampp\htdocs\in\app\Controllers\Home.php(1335): view('crombels', Array)
#5 C:\xampp\htdocs\in\system\CodeIgniter.php(832): App\Controllers\Home->pdf_rombels()
#6 C:\xampp\htdocs\in\system\CodeIgniter.php(419): CodeIgniter\CodeIgniter->runController(Object(App\Controllers\Home))
#7 C:\xampp\htdocs\in\system\CodeIgniter.php(326): CodeIgniter\CodeIgniter->handleRequest(NULL, Object(Config\Cache), false)
#8 C:\xampp\htdocs\in\public\index.php(37): CodeIgniter\CodeIgniter->run()
#9 C:\xampp\htdocs\in\system\Commands\Server\rewrite.php(43): require_once('C:\\xampp\\htdocs...')
#10 {main}
CRITICAL - 2023-08-20 08:47:46 --> Invalid argument supplied for foreach()
#0 C:\xampp\htdocs\in\app\Views\crombels.php(32): CodeIgniter\Debug\Exceptions->errorHandler(2, 'Invalid argumen...', 'C:\\xampp\\htdocs...', 32, Array)
#1 C:\xampp\htdocs\in\system\View\View.php(210): include('C:\\xampp\\htdocs...')
#2 C:\xampp\htdocs\in\system\View\View.php(213): CodeIgniter\View\View->CodeIgniter\View\{closure}()
#3 C:\xampp\htdocs\in\system\Common.php(1089): CodeIgniter\View\View->render('crombels', Array, true)
#4 C:\xampp\htdocs\in\app\Controllers\Home.php(1335): view('crombels', Array)
#5 C:\xampp\htdocs\in\system\CodeIgniter.php(832): App\Controllers\Home->pdf_rombels()
#6 C:\xampp\htdocs\in\system\CodeIgniter.php(419): CodeIgniter\CodeIgniter->runController(Object(App\Controllers\Home))
#7 C:\xampp\htdocs\in\system\CodeIgniter.php(326): CodeIgniter\CodeIgniter->handleRequest(NULL, Object(Config\Cache), false)
#8 C:\xampp\htdocs\in\public\index.php(37): CodeIgniter\CodeIgniter->run()
#9 C:\xampp\htdocs\in\system\Commands\Server\rewrite.php(43): require_once('C:\\xampp\\htdocs...')
#10 {main}
CRITICAL - 2023-08-20 08:49:49 --> Invalid argument supplied for foreach()
#0 C:\xampp\htdocs\in\app\Views\crombels.php(32): CodeIgniter\Debug\Exceptions->errorHandler(2, 'Invalid argumen...', 'C:\\xampp\\htdocs...', 32, Array)
#1 C:\xampp\htdocs\in\system\View\View.php(210): include('C:\\xampp\\htdocs...')
#2 C:\xampp\htdocs\in\system\View\View.php(213): CodeIgniter\View\View->CodeIgniter\View\{closure}()
#3 C:\xampp\htdocs\in\system\Common.php(1089): CodeIgniter\View\View->render('crombels', Array, true)
#4 C:\xampp\htdocs\in\app\Controllers\Home.php(1335): view('crombels', Array)
#5 C:\xampp\htdocs\in\system\CodeIgniter.php(832): App\Controllers\Home->pdf_rombels()
#6 C:\xampp\htdocs\in\system\CodeIgniter.php(419): CodeIgniter\CodeIgniter->runController(Object(App\Controllers\Home))
#7 C:\xampp\htdocs\in\system\CodeIgniter.php(326): CodeIgniter\CodeIgniter->handleRequest(NULL, Object(Config\Cache), false)
#8 C:\xampp\htdocs\in\public\index.php(37): CodeIgniter\CodeIgniter->run()
#9 C:\xampp\htdocs\in\system\Commands\Server\rewrite.php(43): require_once('C:\\xampp\\htdocs...')
#10 {main}
CRITICAL - 2023-08-20 08:51:21 --> Invalid argument supplied for foreach()
#0 C:\xampp\htdocs\in\app\Views\crombels.php(32): CodeIgniter\Debug\Exceptions->errorHandler(2, 'Invalid argumen...', 'C:\\xampp\\htdocs...', 32, Array)
#1 C:\xampp\htdocs\in\system\View\View.php(210): include('C:\\xampp\\htdocs...')
#2 C:\xampp\htdocs\in\system\View\View.php(213): CodeIgniter\View\View->CodeIgniter\View\{closure}()
#3 C:\xampp\htdocs\in\system\Common.php(1089): CodeIgniter\View\View->render('crombels', Array, true)
#4 C:\xampp\htdocs\in\app\Controllers\Home.php(1335): view('crombels', Array)
#5 C:\xampp\htdocs\in\system\CodeIgniter.php(832): App\Controllers\Home->pdf_rombels()
#6 C:\xampp\htdocs\in\system\CodeIgniter.php(419): CodeIgniter\CodeIgniter->runController(Object(App\Controllers\Home))
#7 C:\xampp\htdocs\in\system\CodeIgniter.php(326): CodeIgniter\CodeIgniter->handleRequest(NULL, Object(Config\Cache), false)
#8 C:\xampp\htdocs\in\public\index.php(37): CodeIgniter\CodeIgniter->run()
#9 C:\xampp\htdocs\in\system\Commands\Server\rewrite.php(43): require_once('C:\\xampp\\htdocs...')
#10 {main}
CRITICAL - 2023-08-20 08:52:12 --> Invalid argument supplied for foreach()
#0 C:\xampp\htdocs\in\app\Views\crombels.php(32): CodeIgniter\Debug\Exceptions->errorHandler(2, 'Invalid argumen...', 'C:\\xampp\\htdocs...', 32, Array)
#1 C:\xampp\htdocs\in\system\View\View.php(210): include('C:\\xampp\\htdocs...')
#2 C:\xampp\htdocs\in\system\View\View.php(213): CodeIgniter\View\View->CodeIgniter\View\{closure}()
#3 C:\xampp\htdocs\in\system\Common.php(1089): CodeIgniter\View\View->render('crombels', Array, true)
#4 C:\xampp\htdocs\in\app\Controllers\Home.php(1335): view('crombels', Array)
#5 C:\xampp\htdocs\in\system\CodeIgniter.php(832): App\Controllers\Home->pdf_rombels()
#6 C:\xampp\htdocs\in\system\CodeIgniter.php(419): CodeIgniter\CodeIgniter->runController(Object(App\Controllers\Home))
#7 C:\xampp\htdocs\in\system\CodeIgniter.php(326): CodeIgniter\CodeIgniter->handleRequest(NULL, Object(Config\Cache), false)
#8 C:\xampp\htdocs\in\public\index.php(37): CodeIgniter\CodeIgniter->run()
#9 C:\xampp\htdocs\in\system\Commands\Server\rewrite.php(43): require_once('C:\\xampp\\htdocs...')
#10 {main}
CRITICAL - 2023-08-20 08:53:58 --> Invalid argument supplied for foreach()
#0 C:\xampp\htdocs\in\app\Views\crombels.php(32): CodeIgniter\Debug\Exceptions->errorHandler(2, 'Invalid argumen...', 'C:\\xampp\\htdocs...', 32, Array)
#1 C:\xampp\htdocs\in\system\View\View.php(210): include('C:\\xampp\\htdocs...')
#2 C:\xampp\htdocs\in\system\View\View.php(213): CodeIgniter\View\View->CodeIgniter\View\{closure}()
#3 C:\xampp\htdocs\in\system\Common.php(1089): CodeIgniter\View\View->render('crombels', Array, true)
#4 C:\xampp\htdocs\in\app\Controllers\Home.php(1334): view('crombels', Array)
#5 C:\xampp\htdocs\in\system\CodeIgniter.php(832): App\Controllers\Home->pdf_rombels()
#6 C:\xampp\htdocs\in\system\CodeIgniter.php(419): CodeIgniter\CodeIgniter->runController(Object(App\Controllers\Home))
#7 C:\xampp\htdocs\in\system\CodeIgniter.php(326): CodeIgniter\CodeIgniter->handleRequest(NULL, Object(Config\Cache), false)
#8 C:\xampp\htdocs\in\public\index.php(37): CodeIgniter\CodeIgniter->run()
#9 C:\xampp\htdocs\in\system\Commands\Server\rewrite.php(43): require_once('C:\\xampp\\htdocs...')
#10 {main}
CRITICAL - 2023-08-20 08:59:29 --> Invalid argument supplied for foreach()
#0 C:\xampp\htdocs\in\app\Views\crombels.php(32): CodeIgniter\Debug\Exceptions->errorHandler(2, 'Invalid argumen...', 'C:\\xampp\\htdocs...', 32, Array)
#1 C:\xampp\htdocs\in\system\View\View.php(210): include('C:\\xampp\\htdocs...')
#2 C:\xampp\htdocs\in\system\View\View.php(213): CodeIgniter\View\View->CodeIgniter\View\{closure}()
#3 C:\xampp\htdocs\in\system\Common.php(1089): CodeIgniter\View\View->render('crombels', Array, true)
#4 C:\xampp\htdocs\in\app\Controllers\Home.php(1334): view('crombels', Array)
#5 C:\xampp\htdocs\in\system\CodeIgniter.php(832): App\Controllers\Home->pdf_rombels()
#6 C:\xampp\htdocs\in\system\CodeIgniter.php(419): CodeIgniter\CodeIgniter->runController(Object(App\Controllers\Home))
#7 C:\xampp\htdocs\in\system\CodeIgniter.php(326): CodeIgniter\CodeIgniter->handleRequest(NULL, Object(Config\Cache), false)
#8 C:\xampp\htdocs\in\public\index.php(37): CodeIgniter\CodeIgniter->run()
#9 C:\xampp\htdocs\in\system\Commands\Server\rewrite.php(43): require_once('C:\\xampp\\htdocs...')
#10 {main}
CRITICAL - 2023-08-20 08:59:55 --> Invalid argument supplied for foreach()
#0 C:\xampp\htdocs\in\app\Views\crombels.php(32): CodeIgniter\Debug\Exceptions->errorHandler(2, 'Invalid argumen...', 'C:\\xampp\\htdocs...', 32, Array)
#1 C:\xampp\htdocs\in\system\View\View.php(210): include('C:\\xampp\\htdocs...')
#2 C:\xampp\htdocs\in\system\View\View.php(213): CodeIgniter\View\View->CodeIgniter\View\{closure}()
#3 C:\xampp\htdocs\in\system\Common.php(1089): CodeIgniter\View\View->render('crombels', Array, true)
#4 C:\xampp\htdocs\in\app\Controllers\Home.php(1329): view('crombels', Array)
#5 C:\xampp\htdocs\in\system\CodeIgniter.php(832): App\Controllers\Home->pdf_rombels()
#6 C:\xampp\htdocs\in\system\CodeIgniter.php(419): CodeIgniter\CodeIgniter->runController(Object(App\Controllers\Home))
#7 C:\xampp\htdocs\in\system\CodeIgniter.php(326): CodeIgniter\CodeIgniter->handleRequest(NULL, Object(Config\Cache), false)
#8 C:\xampp\htdocs\in\public\index.php(37): CodeIgniter\CodeIgniter->run()
#9 C:\xampp\htdocs\in\system\Commands\Server\rewrite.php(43): require_once('C:\\xampp\\htdocs...')
#10 {main}
CRITICAL - 2023-08-20 09:23:12 --> Invalid argument supplied for foreach()
#0 C:\xampp\htdocs\in\app\Views\cp.php(33): CodeIgniter\Debug\Exceptions->errorHandler(2, 'Invalid argumen...', 'C:\\xampp\\htdocs...', 33, Array)
#1 C:\xampp\htdocs\in\system\View\View.php(210): include('C:\\xampp\\htdocs...')
#2 C:\xampp\htdocs\in\system\View\View.php(213): CodeIgniter\View\View->CodeIgniter\View\{closure}()
#3 C:\xampp\htdocs\in\system\Common.php(1089): CodeIgniter\View\View->render('cp', Array, true)
#4 C:\xampp\htdocs\in\app\Controllers\Home.php(1256): view('cp', Array)
#5 C:\xampp\htdocs\in\system\CodeIgniter.php(832): App\Controllers\Home->pdf_c()
#6 C:\xampp\htdocs\in\system\CodeIgniter.php(419): CodeIgniter\CodeIgniter->runController(Object(App\Controllers\Home))
#7 C:\xampp\htdocs\in\system\CodeIgniter.php(326): CodeIgniter\CodeIgniter->handleRequest(NULL, Object(Config\Cache), false)
#8 C:\xampp\htdocs\in\public\index.php(37): CodeIgniter\CodeIgniter->run()
#9 C:\xampp\htdocs\in\system\Commands\Server\rewrite.php(43): require_once('C:\\xampp\\htdocs...')
#10 {main}
CRITICAL - 2023-08-20 09:24:30 --> Invalid argument supplied for foreach()
#0 C:\xampp\htdocs\in\app\Views\cp.php(33): CodeIgniter\Debug\Exceptions->errorHandler(2, 'Invalid argumen...', 'C:\\xampp\\htdocs...', 33, Array)
#1 C:\xampp\htdocs\in\system\View\View.php(210): include('C:\\xampp\\htdocs...')
#2 C:\xampp\htdocs\in\system\View\View.php(213): CodeIgniter\View\View->CodeIgniter\View\{closure}()
#3 C:\xampp\htdocs\in\system\Common.php(1089): CodeIgniter\View\View->render('cp', Array, true)
#4 C:\xampp\htdocs\in\app\Controllers\Home.php(1256): view('cp', Array)
#5 C:\xampp\htdocs\in\system\CodeIgniter.php(832): App\Controllers\Home->pdf_c()
#6 C:\xampp\htdocs\in\system\CodeIgniter.php(419): CodeIgniter\CodeIgniter->runController(Object(App\Controllers\Home))
#7 C:\xampp\htdocs\in\system\CodeIgniter.php(326): CodeIgniter\CodeIgniter->handleRequest(NULL, Object(Config\Cache), false)
#8 C:\xampp\htdocs\in\public\index.php(37): CodeIgniter\CodeIgniter->run()
#9 C:\xampp\htdocs\in\system\Commands\Server\rewrite.php(43): require_once('C:\\xampp\\htdocs...')
#10 {main}
ERROR - 2023-08-20 12:10:17 --> Table 'inventaris.as' doesn't exist
CRITICAL - 2023-08-20 12:10:17 --> Call to a member function getResult() on bool
#0 C:\xampp\htdocs\in\app\Controllers\Home.php(19): App\Models\M_model->tampil('as')
#1 C:\xampp\htdocs\in\system\CodeIgniter.php(832): App\Controllers\Home->index()
#2 C:\xampp\htdocs\in\system\CodeIgniter.php(419): CodeIgniter\CodeIgniter->runController(Object(App\Controllers\Home))
#3 C:\xampp\htdocs\in\system\CodeIgniter.php(326): CodeIgniter\CodeIgniter->handleRequest(NULL, Object(Config\Cache), false)
#4 C:\xampp\htdocs\in\public\index.php(37): CodeIgniter\CodeIgniter->run()
#5 C:\xampp\htdocs\in\system\Commands\Server\rewrite.php(43): require_once('C:\\xampp\\htdocs...')
#6 {main}
ERROR - 2023-08-20 12:10:29 --> Table 'inventaris.as' doesn't exist
CRITICAL - 2023-08-20 12:10:29 --> Call to a member function getResult() on bool
#0 C:\xampp\htdocs\in\app\Controllers\Home.php(19): App\Models\M_model->tampil('as')
#1 C:\xampp\htdocs\in\system\CodeIgniter.php(832): App\Controllers\Home->index()
#2 C:\xampp\htdocs\in\system\CodeIgniter.php(419): CodeIgniter\CodeIgniter->runController(Object(App\Controllers\Home))
#3 C:\xampp\htdocs\in\system\CodeIgniter.php(326): CodeIgniter\CodeIgniter->handleRequest(NULL, Object(Config\Cache), false)
#4 C:\xampp\htdocs\in\public\index.php(37): CodeIgniter\CodeIgniter->run()
#5 C:\xampp\htdocs\in\system\Commands\Server\rewrite.php(43): require_once('C:\\xampp\\htdocs...')
#6 {main}
ERROR - 2023-08-20 12:10:57 --> Table 'inventaris.as' doesn't exist
CRITICAL - 2023-08-20 12:10:57 --> Call to a member function getResult() on bool
#0 C:\xampp\htdocs\in\app\Controllers\Home.php(19): App\Models\M_model->tampil('as')
#1 C:\xampp\htdocs\in\system\CodeIgniter.php(832): App\Controllers\Home->index()
#2 C:\xampp\htdocs\in\system\CodeIgniter.php(419): CodeIgniter\CodeIgniter->runController(Object(App\Controllers\Home))
#3 C:\xampp\htdocs\in\system\CodeIgniter.php(326): CodeIgniter\CodeIgniter->handleRequest(NULL, Object(Config\Cache), false)
#4 C:\xampp\htdocs\in\public\index.php(37): CodeIgniter\CodeIgniter->run()
#5 C:\xampp\htdocs\in\system\Commands\Server\rewrite.php(43): require_once('C:\\xampp\\htdocs...')
#6 {main}
