CRITICAL - 2023-11-20 18:39:45 --> mysqli_connect(): (HY000/2002): No connection could be made because the target machine actively refused it.

#0 [internal function]: CodeIgniter\Debug\Exceptions->errorHandler(2, 'mysqli_connect(...', 'C:\\xampp\\htdocs...', 15, Array)
#1 C:\xampp\htdocs\tcc\app\Views\setting\pengaturan.php(15): mysqli_connect('localhost', 'root', '', 'tokoacc')
#2 C:\xampp\htdocs\tcc\system\View\View.php(210): include('C:\\xampp\\htdocs...')
#3 C:\xampp\htdocs\tcc\system\View\View.php(213): CodeIgniter\View\View->CodeIgniter\View\{closure}()
#4 C:\xampp\htdocs\tcc\system\Common.php(1089): CodeIgniter\View\View->render('setting/pengatu...', Array, true)
#5 C:\xampp\htdocs\tcc\app\Controllers\Home.php(58): view('setting/pengatu...')
#6 C:\xampp\htdocs\tcc\system\CodeIgniter.php(832): App\Controllers\Home->setting()
#7 C:\xampp\htdocs\tcc\system\CodeIgniter.php(419): CodeIgniter\CodeIgniter->runController(Object(App\Controllers\Home))
#8 C:\xampp\htdocs\tcc\system\CodeIgniter.php(326): CodeIgniter\CodeIgniter->handleRequest(NULL, Object(Config\Cache), false)
#9 C:\xampp\htdocs\tcc\public\index.php(37): CodeIgniter\CodeIgniter->run()
#10 C:\xampp\htdocs\tcc\system\Commands\Server\rewrite.php(43): require_once('C:\\xampp\\htdocs...')
#11 {main}
CRITICAL - 2023-11-20 18:39:50 --> mysqli_connect(): (HY000/2002): No connection could be made because the target machine actively refused it.

#0 [internal function]: CodeIgniter\Debug\Exceptions->errorHandler(2, 'mysqli_connect(...', 'C:\\xampp\\htdocs...', 15, Array)
#1 C:\xampp\htdocs\tcc\app\Views\setting\pengaturan.php(15): mysqli_connect('localhost', 'root', '', 'tokoacc')
#2 C:\xampp\htdocs\tcc\system\View\View.php(210): include('C:\\xampp\\htdocs...')
#3 C:\xampp\htdocs\tcc\system\View\View.php(213): CodeIgniter\View\View->CodeIgniter\View\{closure}()
#4 C:\xampp\htdocs\tcc\system\Common.php(1089): CodeIgniter\View\View->render('setting/pengatu...', Array, true)
#5 C:\xampp\htdocs\tcc\app\Controllers\Home.php(58): view('setting/pengatu...')
#6 C:\xampp\htdocs\tcc\system\CodeIgniter.php(832): App\Controllers\Home->setting()
#7 C:\xampp\htdocs\tcc\system\CodeIgniter.php(419): CodeIgniter\CodeIgniter->runController(Object(App\Controllers\Home))
#8 C:\xampp\htdocs\tcc\system\CodeIgniter.php(326): CodeIgniter\CodeIgniter->handleRequest(NULL, Object(Config\Cache), false)
#9 C:\xampp\htdocs\tcc\public\index.php(37): CodeIgniter\CodeIgniter->run()
#10 C:\xampp\htdocs\tcc\system\Commands\Server\rewrite.php(43): require_once('C:\\xampp\\htdocs...')
#11 {main}
CRITICAL - 2023-11-20 18:39:59 --> mysqli_connect(): (HY000/2002): No connection could be made because the target machine actively refused it.

#0 [internal function]: CodeIgniter\Debug\Exceptions->errorHandler(2, 'mysqli_connect(...', 'C:\\xampp\\htdocs...', 15, Array)
#1 C:\xampp\htdocs\tcc\app\Views\setting\pengaturan.php(15): mysqli_connect('localhost', 'root', '', 'tokoacc')
#2 C:\xampp\htdocs\tcc\system\View\View.php(210): include('C:\\xampp\\htdocs...')
#3 C:\xampp\htdocs\tcc\system\View\View.php(213): CodeIgniter\View\View->CodeIgniter\View\{closure}()
#4 C:\xampp\htdocs\tcc\system\Common.php(1089): CodeIgniter\View\View->render('setting/pengatu...', Array, true)
#5 C:\xampp\htdocs\tcc\app\Controllers\Home.php(58): view('setting/pengatu...')
#6 C:\xampp\htdocs\tcc\system\CodeIgniter.php(832): App\Controllers\Home->setting()
#7 C:\xampp\htdocs\tcc\system\CodeIgniter.php(419): CodeIgniter\CodeIgniter->runController(Object(App\Controllers\Home))
#8 C:\xampp\htdocs\tcc\system\CodeIgniter.php(326): CodeIgniter\CodeIgniter->handleRequest(NULL, Object(Config\Cache), false)
#9 C:\xampp\htdocs\tcc\public\index.php(37): CodeIgniter\CodeIgniter->run()
#10 C:\xampp\htdocs\tcc\system\Commands\Server\rewrite.php(43): require_once('C:\\xampp\\htdocs...')
#11 {main}
CRITICAL - 2023-11-20 18:40:04 --> mysqli_connect(): (HY000/2002): No connection could be made because the target machine actively refused it.

#0 [internal function]: CodeIgniter\Debug\Exceptions->errorHandler(2, 'mysqli_connect(...', 'C:\\xampp\\htdocs...', 9, Array)
#1 C:\xampp\htdocs\tcc\app\Views\hal\laporan.php(9): mysqli_connect('localhost', 'root', '', 'tokoacc')
#2 C:\xampp\htdocs\tcc\system\View\View.php(210): include('C:\\xampp\\htdocs...')
#3 C:\xampp\htdocs\tcc\system\View\View.php(213): CodeIgniter\View\View->CodeIgniter\View\{closure}()
#4 C:\xampp\htdocs\tcc\system\Common.php(1089): CodeIgniter\View\View->render('hal/laporan', Array, true)
#5 C:\xampp\htdocs\tcc\app\Controllers\Home.php(39): view('hal/laporan')
#6 C:\xampp\htdocs\tcc\system\CodeIgniter.php(832): App\Controllers\Home->laporan()
#7 C:\xampp\htdocs\tcc\system\CodeIgniter.php(419): CodeIgniter\CodeIgniter->runController(Object(App\Controllers\Home))
#8 C:\xampp\htdocs\tcc\system\CodeIgniter.php(326): CodeIgniter\CodeIgniter->handleRequest(NULL, Object(Config\Cache), false)
#9 C:\xampp\htdocs\tcc\public\index.php(37): CodeIgniter\CodeIgniter->run()
#10 C:\xampp\htdocs\tcc\system\Commands\Server\rewrite.php(43): require_once('C:\\xampp\\htdocs...')
#11 {main}
CRITICAL - 2023-11-20 19:51:23 --> Too few arguments to function App\Controllers\Home::hapus_laporan(), 0 passed in C:\xampp\htdocs\tcc\system\CodeIgniter.php on line 832 and exactly 1 expected
#0 C:\xampp\htdocs\tcc\system\CodeIgniter.php(832): App\Controllers\Home->hapus_laporan()
#1 C:\xampp\htdocs\tcc\system\CodeIgniter.php(419): CodeIgniter\CodeIgniter->runController(Object(App\Controllers\Home))
#2 C:\xampp\htdocs\tcc\system\CodeIgniter.php(326): CodeIgniter\CodeIgniter->handleRequest(NULL, Object(Config\Cache), false)
#3 C:\xampp\htdocs\tcc\public\index.php(37): CodeIgniter\CodeIgniter->run()
#4 C:\xampp\htdocs\tcc\system\Commands\Server\rewrite.php(43): require_once('C:\\xampp\\htdocs...')
#5 {main}
CRITICAL - 2023-11-20 19:52:34 --> Too few arguments to function App\Controllers\Home::hapus_laporan(), 0 passed in C:\xampp\htdocs\tcc\system\CodeIgniter.php on line 832 and exactly 1 expected
#0 C:\xampp\htdocs\tcc\system\CodeIgniter.php(832): App\Controllers\Home->hapus_laporan()
#1 C:\xampp\htdocs\tcc\system\CodeIgniter.php(419): CodeIgniter\CodeIgniter->runController(Object(App\Controllers\Home))
#2 C:\xampp\htdocs\tcc\system\CodeIgniter.php(326): CodeIgniter\CodeIgniter->handleRequest(NULL, Object(Config\Cache), false)
#3 C:\xampp\htdocs\tcc\public\index.php(37): CodeIgniter\CodeIgniter->run()
#4 C:\xampp\htdocs\tcc\system\Commands\Server\rewrite.php(43): require_once('C:\\xampp\\htdocs...')
#5 {main}
CRITICAL - 2023-11-20 19:53:16 --> Too few arguments to function App\Controllers\Home::hapus_laporan(), 0 passed in C:\xampp\htdocs\tcc\system\CodeIgniter.php on line 832 and exactly 1 expected
#0 C:\xampp\htdocs\tcc\system\CodeIgniter.php(832): App\Controllers\Home->hapus_laporan()
#1 C:\xampp\htdocs\tcc\system\CodeIgniter.php(419): CodeIgniter\CodeIgniter->runController(Object(App\Controllers\Home))
#2 C:\xampp\htdocs\tcc\system\CodeIgniter.php(326): CodeIgniter\CodeIgniter->handleRequest(NULL, Object(Config\Cache), false)
#3 C:\xampp\htdocs\tcc\public\index.php(37): CodeIgniter\CodeIgniter->run()
#4 C:\xampp\htdocs\tcc\system\Commands\Server\rewrite.php(43): require_once('C:\\xampp\\htdocs...')
#5 {main}
CRITICAL - 2023-11-20 19:53:20 --> Too few arguments to function App\Controllers\Home::hapus_laporan(), 0 passed in C:\xampp\htdocs\tcc\system\CodeIgniter.php on line 832 and exactly 1 expected
#0 C:\xampp\htdocs\tcc\system\CodeIgniter.php(832): App\Controllers\Home->hapus_laporan()
#1 C:\xampp\htdocs\tcc\system\CodeIgniter.php(419): CodeIgniter\CodeIgniter->runController(Object(App\Controllers\Home))
#2 C:\xampp\htdocs\tcc\system\CodeIgniter.php(326): CodeIgniter\CodeIgniter->handleRequest(NULL, Object(Config\Cache), false)
#3 C:\xampp\htdocs\tcc\public\index.php(37): CodeIgniter\CodeIgniter->run()
#4 C:\xampp\htdocs\tcc\system\Commands\Server\rewrite.php(43): require_once('C:\\xampp\\htdocs...')
#5 {main}
CRITICAL - 2023-11-20 19:54:15 --> Too few arguments to function App\Controllers\Home::hapus_laporan(), 0 passed in C:\xampp\htdocs\tcc\system\CodeIgniter.php on line 832 and exactly 1 expected
#0 C:\xampp\htdocs\tcc\system\CodeIgniter.php(832): App\Controllers\Home->hapus_laporan()
#1 C:\xampp\htdocs\tcc\system\CodeIgniter.php(419): CodeIgniter\CodeIgniter->runController(Object(App\Controllers\Home))
#2 C:\xampp\htdocs\tcc\system\CodeIgniter.php(326): CodeIgniter\CodeIgniter->handleRequest(NULL, Object(Config\Cache), false)
#3 C:\xampp\htdocs\tcc\public\index.php(37): CodeIgniter\CodeIgniter->run()
#4 C:\xampp\htdocs\tcc\system\Commands\Server\rewrite.php(43): require_once('C:\\xampp\\htdocs...')
#5 {main}
CRITICAL - 2023-11-20 19:54:34 --> Too few arguments to function App\Controllers\Home::hapus_laporan(), 0 passed in C:\xampp\htdocs\tcc\system\CodeIgniter.php on line 832 and exactly 1 expected
#0 C:\xampp\htdocs\tcc\system\CodeIgniter.php(832): App\Controllers\Home->hapus_laporan()
#1 C:\xampp\htdocs\tcc\system\CodeIgniter.php(419): CodeIgniter\CodeIgniter->runController(Object(App\Controllers\Home))
#2 C:\xampp\htdocs\tcc\system\CodeIgniter.php(326): CodeIgniter\CodeIgniter->handleRequest(NULL, Object(Config\Cache), false)
#3 C:\xampp\htdocs\tcc\public\index.php(37): CodeIgniter\CodeIgniter->run()
#4 C:\xampp\htdocs\tcc\system\Commands\Server\rewrite.php(43): require_once('C:\\xampp\\htdocs...')
#5 {main}
CRITICAL - 2023-11-20 19:55:44 --> Too few arguments to function App\Controllers\Home::hapus_laporan(), 0 passed in C:\xampp\htdocs\tcc\system\CodeIgniter.php on line 832 and exactly 1 expected
#0 C:\xampp\htdocs\tcc\system\CodeIgniter.php(832): App\Controllers\Home->hapus_laporan()
#1 C:\xampp\htdocs\tcc\system\CodeIgniter.php(419): CodeIgniter\CodeIgniter->runController(Object(App\Controllers\Home))
#2 C:\xampp\htdocs\tcc\system\CodeIgniter.php(326): CodeIgniter\CodeIgniter->handleRequest(NULL, Object(Config\Cache), false)
#3 C:\xampp\htdocs\tcc\public\index.php(37): CodeIgniter\CodeIgniter->run()
#4 C:\xampp\htdocs\tcc\system\Commands\Server\rewrite.php(43): require_once('C:\\xampp\\htdocs...')
#5 {main}
CRITICAL - 2023-11-20 19:55:49 --> Too few arguments to function App\Controllers\Home::hapus_laporan(), 0 passed in C:\xampp\htdocs\tcc\system\CodeIgniter.php on line 832 and exactly 1 expected
#0 C:\xampp\htdocs\tcc\system\CodeIgniter.php(832): App\Controllers\Home->hapus_laporan()
#1 C:\xampp\htdocs\tcc\system\CodeIgniter.php(419): CodeIgniter\CodeIgniter->runController(Object(App\Controllers\Home))
#2 C:\xampp\htdocs\tcc\system\CodeIgniter.php(326): CodeIgniter\CodeIgniter->handleRequest(NULL, Object(Config\Cache), false)
#3 C:\xampp\htdocs\tcc\public\index.php(37): CodeIgniter\CodeIgniter->run()
#4 C:\xampp\htdocs\tcc\system\Commands\Server\rewrite.php(43): require_once('C:\\xampp\\htdocs...')
#5 {main}
CRITICAL - 2023-11-20 21:15:25 --> mysqli_connect(): (HY000/2002): No connection could be made because the target machine actively refused it.

#0 [internal function]: CodeIgniter\Debug\Exceptions->errorHandler(2, 'mysqli_connect(...', 'C:\\xampp\\htdocs...', 9, Array)
#1 C:\xampp\htdocs\tcc\app\Views\barang\barang.php(9): mysqli_connect('localhost', 'root', '', 'tokoacc')
#2 C:\xampp\htdocs\tcc\system\View\View.php(210): include('C:\\xampp\\htdocs...')
#3 C:\xampp\htdocs\tcc\system\View\View.php(213): CodeIgniter\View\View->CodeIgniter\View\{closure}()
#4 C:\xampp\htdocs\tcc\system\Common.php(1089): CodeIgniter\View\View->render('barang/barang', Array, true)
#5 C:\xampp\htdocs\tcc\app\Controllers\Home.php(58): view('barang/barang')
#6 C:\xampp\htdocs\tcc\system\CodeIgniter.php(832): App\Controllers\Home->barang()
#7 C:\xampp\htdocs\tcc\system\CodeIgniter.php(419): CodeIgniter\CodeIgniter->runController(Object(App\Controllers\Home))
#8 C:\xampp\htdocs\tcc\system\CodeIgniter.php(326): CodeIgniter\CodeIgniter->handleRequest(NULL, Object(Config\Cache), false)
#9 C:\xampp\htdocs\tcc\public\index.php(37): CodeIgniter\CodeIgniter->run()
#10 C:\xampp\htdocs\tcc\system\Commands\Server\rewrite.php(43): require_once('C:\\xampp\\htdocs...')
#11 {main}
