CRITICAL - 2023-07-19 07:18:23 --> You must set the database table to be used with your query.
#0 C:\xampp\htdocs\in\system\Model.php(545): CodeIgniter\Database\BaseConnection->table(NULL)
#1 C:\xampp\htdocs\in\system\Model.php(722): CodeIgniter\Model->builder()
#2 C:\xampp\htdocs\in\app\Controllers\Home.php(182): CodeIgniter\Model->__call('getArrow', Array)
#3 C:\xampp\htdocs\in\system\CodeIgniter.php(832): App\Controllers\Home->edit_rombel('1')
#4 C:\xampp\htdocs\in\system\CodeIgniter.php(419): CodeIgniter\CodeIgniter->runController(Object(App\Controllers\Home))
#5 C:\xampp\htdocs\in\system\CodeIgniter.php(326): CodeIgniter\CodeIgniter->handleRequest(NULL, Object(Config\Cache), false)
#6 C:\xampp\htdocs\in\public\index.php(37): CodeIgniter\CodeIgniter->run()
#7 C:\xampp\htdocs\in\system\Commands\Server\rewrite.php(43): require_once('C:\\xampp\\htdocs...')
#8 {main}
CRITICAL - 2023-07-19 07:18:23 --> You must set the database table to be used with your query.
#0 C:\xampp\htdocs\in\system\Model.php(545): CodeIgniter\Database\BaseConnection->table(NULL)
#1 C:\xampp\htdocs\in\system\Model.php(722): CodeIgniter\Model->builder()
#2 C:\xampp\htdocs\in\app\Controllers\Home.php(182): CodeIgniter\Model->__call('getArrow', Array)
#3 C:\xampp\htdocs\in\system\CodeIgniter.php(832): App\Controllers\Home->edit_rombel('1')
#4 C:\xampp\htdocs\in\system\CodeIgniter.php(419): CodeIgniter\CodeIgniter->runController(Object(App\Controllers\Home))
#5 C:\xampp\htdocs\in\system\CodeIgniter.php(326): CodeIgniter\CodeIgniter->handleRequest(NULL, Object(Config\Cache), false)
#6 C:\xampp\htdocs\in\public\index.php(37): CodeIgniter\CodeIgniter->run()
#7 C:\xampp\htdocs\in\system\Commands\Server\rewrite.php(43): require_once('C:\\xampp\\htdocs...')
#8 {main}
CRITICAL - 2023-07-19 07:26:48 --> You must set the database table to be used with your query.
#0 C:\xampp\htdocs\in\system\Model.php(545): CodeIgniter\Database\BaseConnection->table(NULL)
#1 C:\xampp\htdocs\in\system\Model.php(722): CodeIgniter\Model->builder()
#2 C:\xampp\htdocs\in\app\Controllers\Home.php(182): CodeIgniter\Model->__call('getArrow', Array)
#3 C:\xampp\htdocs\in\system\CodeIgniter.php(832): App\Controllers\Home->edit_rombel('0')
#4 C:\xampp\htdocs\in\system\CodeIgniter.php(419): CodeIgniter\CodeIgniter->runController(Object(App\Controllers\Home))
#5 C:\xampp\htdocs\in\system\CodeIgniter.php(326): CodeIgniter\CodeIgniter->handleRequest(NULL, Object(Config\Cache), false)
#6 C:\xampp\htdocs\in\public\index.php(37): CodeIgniter\CodeIgniter->run()
#7 C:\xampp\htdocs\in\system\Commands\Server\rewrite.php(43): require_once('C:\\xampp\\htdocs...')
#8 {main}
CRITICAL - 2023-07-19 07:27:06 --> You must set the database table to be used with your query.
#0 C:\xampp\htdocs\in\system\Model.php(545): CodeIgniter\Database\BaseConnection->table(NULL)
#1 C:\xampp\htdocs\in\system\Model.php(722): CodeIgniter\Model->builder()
#2 C:\xampp\htdocs\in\app\Controllers\Home.php(182): CodeIgniter\Model->__call('getArrow', Array)
#3 C:\xampp\htdocs\in\system\CodeIgniter.php(832): App\Controllers\Home->edit_rombel('0')
#4 C:\xampp\htdocs\in\system\CodeIgniter.php(419): CodeIgniter\CodeIgniter->runController(Object(App\Controllers\Home))
#5 C:\xampp\htdocs\in\system\CodeIgniter.php(326): CodeIgniter\CodeIgniter->handleRequest(NULL, Object(Config\Cache), false)
#6 C:\xampp\htdocs\in\public\index.php(37): CodeIgniter\CodeIgniter->run()
#7 C:\xampp\htdocs\in\system\Commands\Server\rewrite.php(43): require_once('C:\\xampp\\htdocs...')
#8 {main}
CRITICAL - 2023-07-19 07:27:09 --> You must set the database table to be used with your query.
#0 C:\xampp\htdocs\in\system\Model.php(545): CodeIgniter\Database\BaseConnection->table(NULL)
#1 C:\xampp\htdocs\in\system\Model.php(722): CodeIgniter\Model->builder()
#2 C:\xampp\htdocs\in\app\Controllers\Home.php(182): CodeIgniter\Model->__call('getArrow', Array)
#3 C:\xampp\htdocs\in\system\CodeIgniter.php(832): App\Controllers\Home->edit_rombel('0')
#4 C:\xampp\htdocs\in\system\CodeIgniter.php(419): CodeIgniter\CodeIgniter->runController(Object(App\Controllers\Home))
#5 C:\xampp\htdocs\in\system\CodeIgniter.php(326): CodeIgniter\CodeIgniter->handleRequest(NULL, Object(Config\Cache), false)
#6 C:\xampp\htdocs\in\public\index.php(37): CodeIgniter\CodeIgniter->run()
#7 C:\xampp\htdocs\in\system\Commands\Server\rewrite.php(43): require_once('C:\\xampp\\htdocs...')
#8 {main}
CRITICAL - 2023-07-19 07:27:09 --> You must set the database table to be used with your query.
#0 C:\xampp\htdocs\in\system\Model.php(545): CodeIgniter\Database\BaseConnection->table(NULL)
#1 C:\xampp\htdocs\in\system\Model.php(722): CodeIgniter\Model->builder()
#2 C:\xampp\htdocs\in\app\Controllers\Home.php(182): CodeIgniter\Model->__call('getArrow', Array)
#3 C:\xampp\htdocs\in\system\CodeIgniter.php(832): App\Controllers\Home->edit_rombel('0')
#4 C:\xampp\htdocs\in\system\CodeIgniter.php(419): CodeIgniter\CodeIgniter->runController(Object(App\Controllers\Home))
#5 C:\xampp\htdocs\in\system\CodeIgniter.php(326): CodeIgniter\CodeIgniter->handleRequest(NULL, Object(Config\Cache), false)
#6 C:\xampp\htdocs\in\public\index.php(37): CodeIgniter\CodeIgniter->run()
#7 C:\xampp\htdocs\in\system\Commands\Server\rewrite.php(43): require_once('C:\\xampp\\htdocs...')
#8 {main}
CRITICAL - 2023-07-19 07:28:43 --> You must set the database table to be used with your query.
#0 C:\xampp\htdocs\in\system\Model.php(545): CodeIgniter\Database\BaseConnection->table(NULL)
#1 C:\xampp\htdocs\in\system\Model.php(722): CodeIgniter\Model->builder()
#2 C:\xampp\htdocs\in\app\Controllers\Home.php(182): CodeIgniter\Model->__call('getArrow', Array)
#3 C:\xampp\htdocs\in\system\CodeIgniter.php(832): App\Controllers\Home->edit_rombel('0')
#4 C:\xampp\htdocs\in\system\CodeIgniter.php(419): CodeIgniter\CodeIgniter->runController(Object(App\Controllers\Home))
#5 C:\xampp\htdocs\in\system\CodeIgniter.php(326): CodeIgniter\CodeIgniter->handleRequest(NULL, Object(Config\Cache), false)
#6 C:\xampp\htdocs\in\public\index.php(37): CodeIgniter\CodeIgniter->run()
#7 C:\xampp\htdocs\in\system\Commands\Server\rewrite.php(43): require_once('C:\\xampp\\htdocs...')
#8 {main}
ERROR - 2023-07-19 07:29:40 --> Column 'id_rombel' cannot be null
CRITICAL - 2023-07-19 07:33:34 --> You must set the database table to be used with your query.
#0 C:\xampp\htdocs\in\system\Model.php(545): CodeIgniter\Database\BaseConnection->table(NULL)
#1 C:\xampp\htdocs\in\system\Model.php(722): CodeIgniter\Model->builder()
#2 C:\xampp\htdocs\in\app\Controllers\Home.php(182): CodeIgniter\Model->__call('getArrow', Array)
#3 C:\xampp\htdocs\in\system\CodeIgniter.php(832): App\Controllers\Home->edit_rombel('0')
#4 C:\xampp\htdocs\in\system\CodeIgniter.php(419): CodeIgniter\CodeIgniter->runController(Object(App\Controllers\Home))
#5 C:\xampp\htdocs\in\system\CodeIgniter.php(326): CodeIgniter\CodeIgniter->handleRequest(NULL, Object(Config\Cache), false)
#6 C:\xampp\htdocs\in\public\index.php(37): CodeIgniter\CodeIgniter->run()
#7 C:\xampp\htdocs\in\system\Commands\Server\rewrite.php(43): require_once('C:\\xampp\\htdocs...')
#8 {main}
CRITICAL - 2023-07-19 07:35:42 --> You must set the database table to be used with your query.
#0 C:\xampp\htdocs\in\system\Model.php(545): CodeIgniter\Database\BaseConnection->table(NULL)
#1 C:\xampp\htdocs\in\system\Model.php(722): CodeIgniter\Model->builder()
#2 C:\xampp\htdocs\in\app\Controllers\Home.php(182): CodeIgniter\Model->__call('getArrow', Array)
#3 C:\xampp\htdocs\in\system\CodeIgniter.php(832): App\Controllers\Home->edit_rombel('0')
#4 C:\xampp\htdocs\in\system\CodeIgniter.php(419): CodeIgniter\CodeIgniter->runController(Object(App\Controllers\Home))
#5 C:\xampp\htdocs\in\system\CodeIgniter.php(326): CodeIgniter\CodeIgniter->handleRequest(NULL, Object(Config\Cache), false)
#6 C:\xampp\htdocs\in\public\index.php(37): CodeIgniter\CodeIgniter->run()
#7 C:\xampp\htdocs\in\system\Commands\Server\rewrite.php(43): require_once('C:\\xampp\\htdocs...')
#8 {main}
CRITICAL - 2023-07-19 07:35:42 --> You must set the database table to be used with your query.
#0 C:\xampp\htdocs\in\system\Model.php(545): CodeIgniter\Database\BaseConnection->table(NULL)
#1 C:\xampp\htdocs\in\system\Model.php(722): CodeIgniter\Model->builder()
#2 C:\xampp\htdocs\in\app\Controllers\Home.php(182): CodeIgniter\Model->__call('getArrow', Array)
#3 C:\xampp\htdocs\in\system\CodeIgniter.php(832): App\Controllers\Home->edit_rombel('0')
#4 C:\xampp\htdocs\in\system\CodeIgniter.php(419): CodeIgniter\CodeIgniter->runController(Object(App\Controllers\Home))
#5 C:\xampp\htdocs\in\system\CodeIgniter.php(326): CodeIgniter\CodeIgniter->handleRequest(NULL, Object(Config\Cache), false)
#6 C:\xampp\htdocs\in\public\index.php(37): CodeIgniter\CodeIgniter->run()
#7 C:\xampp\htdocs\in\system\Commands\Server\rewrite.php(43): require_once('C:\\xampp\\htdocs...')
#8 {main}
CRITICAL - 2023-07-19 07:43:42 --> Cannot redeclare App\Controllers\Home::tambah_p()
#0 [internal function]: CodeIgniter\Debug\Exceptions->shutdownHandler()
#1 {main}
CRITICAL - 2023-07-19 07:44:16 --> Invalid argument supplied for foreach()
#0 C:\xampp\htdocs\in\app\Views\guru.php(21): CodeIgniter\Debug\Exceptions->errorHandler(2, 'Invalid argumen...', 'C:\\xampp\\htdocs...', 21, Array)
#1 C:\xampp\htdocs\in\system\View\View.php(210): include('C:\\xampp\\htdocs...')
#2 C:\xampp\htdocs\in\system\View\View.php(213): CodeIgniter\View\View->CodeIgniter\View\{closure}()
#3 C:\xampp\htdocs\in\system\Common.php(1089): CodeIgniter\View\View->render('guru', Array, true)
#4 C:\xampp\htdocs\in\app\Controllers\Home.php(230): view('guru', Array)
#5 C:\xampp\htdocs\in\system\CodeIgniter.php(832): App\Controllers\Home->guru()
#6 C:\xampp\htdocs\in\system\CodeIgniter.php(419): CodeIgniter\CodeIgniter->runController(Object(App\Controllers\Home))
#7 C:\xampp\htdocs\in\system\CodeIgniter.php(326): CodeIgniter\CodeIgniter->handleRequest(NULL, Object(Config\Cache), false)
#8 C:\xampp\htdocs\in\public\index.php(37): CodeIgniter\CodeIgniter->run()
#9 C:\xampp\htdocs\in\system\Commands\Server\rewrite.php(43): require_once('C:\\xampp\\htdocs...')
#10 {main}
ERROR - 2023-07-19 08:04:15 --> Unknown column 'nik' in 'field list'
ERROR - 2023-07-19 08:04:59 --> Unknown column 'guru' in 'field list'
ERROR - 2023-07-19 08:06:39 --> Unknown column 'guru' in 'field list'
ERROR - 2023-07-19 08:07:52 --> Unknown column 'guru' in 'field list'
ERROR - 2023-07-19 08:07:52 --> Unknown column 'guru' in 'field list'
ERROR - 2023-07-19 08:24:54 --> Unknown column 'guru' in 'field list'
ERROR - 2023-07-19 08:24:54 --> Unknown column 'guru' in 'field list'
ERROR - 2023-07-19 08:28:35 --> Unknown column 'guru' in 'field list'
ERROR - 2023-07-19 08:28:35 --> Unknown column 'guru' in 'field list'
CRITICAL - 2023-07-19 08:40:41 --> Invalid argument supplied for foreach()
#0 C:\xampp\htdocs\in\app\Views\barang.php(23): CodeIgniter\Debug\Exceptions->errorHandler(2, 'Invalid argumen...', 'C:\\xampp\\htdocs...', 23, Array)
#1 C:\xampp\htdocs\in\system\View\View.php(210): include('C:\\xampp\\htdocs...')
#2 C:\xampp\htdocs\in\system\View\View.php(213): CodeIgniter\View\View->CodeIgniter\View\{closure}()
#3 C:\xampp\htdocs\in\system\Common.php(1089): CodeIgniter\View\View->render('barang', Array, true)
#4 C:\xampp\htdocs\in\app\Controllers\Home.php(306): view('barang', Array)
#5 C:\xampp\htdocs\in\system\CodeIgniter.php(832): App\Controllers\Home->barang()
#6 C:\xampp\htdocs\in\system\CodeIgniter.php(419): CodeIgniter\CodeIgniter->runController(Object(App\Controllers\Home))
#7 C:\xampp\htdocs\in\system\CodeIgniter.php(326): CodeIgniter\CodeIgniter->handleRequest(NULL, Object(Config\Cache), false)
#8 C:\xampp\htdocs\in\public\index.php(37): CodeIgniter\CodeIgniter->run()
#9 C:\xampp\htdocs\in\system\Commands\Server\rewrite.php(43): require_once('C:\\xampp\\htdocs...')
#10 {main}
ERROR - 2023-07-19 09:00:06 --> Column 'jumlah_rusak' cannot be null
ERROR - 2023-07-19 09:02:11 --> Column 'jumlah_rusak' cannot be null
ERROR - 2023-07-19 09:38:11 --> Table 'inventaris.users' doesn't exist
CRITICAL - 2023-07-19 09:38:11 --> Call to a member function getRowArray() on bool
#0 C:\xampp\htdocs\in\app\Controllers\Home.php(47): App\Models\M_model->fusionArray('users', 'levels', 'users.level_id=...', Array)
#1 C:\xampp\htdocs\in\system\CodeIgniter.php(832): App\Controllers\Home->actlogin()
#2 C:\xampp\htdocs\in\system\CodeIgniter.php(419): CodeIgniter\CodeIgniter->runController(Object(App\Controllers\Home))
#3 C:\xampp\htdocs\in\system\CodeIgniter.php(326): CodeIgniter\CodeIgniter->handleRequest(NULL, Object(Config\Cache), false)
#4 C:\xampp\htdocs\in\public\index.php(37): CodeIgniter\CodeIgniter->run()
#5 C:\xampp\htdocs\in\system\Commands\Server\rewrite.php(43): require_once('C:\\xampp\\htdocs...')
#6 {main}
ERROR - 2023-07-19 09:54:33 --> Column 'kode_barang' cannot be null
ERROR - 2023-07-19 10:02:39 --> Column 'kode_barang' cannot be null
CRITICAL - 2023-07-19 10:33:15 --> You must set the database table to be used with your query.
#0 C:\xampp\htdocs\in\system\Model.php(545): CodeIgniter\Database\BaseConnection->table(NULL)
#1 C:\xampp\htdocs\in\system\Model.php(722): CodeIgniter\Model->builder()
#2 C:\xampp\htdocs\in\app\Controllers\Home.php(52): CodeIgniter\Model->__call('getRowArray', Array)
#3 C:\xampp\htdocs\in\system\CodeIgniter.php(832): App\Controllers\Home->aksi_login()
#4 C:\xampp\htdocs\in\system\CodeIgniter.php(419): CodeIgniter\CodeIgniter->runController(Object(App\Controllers\Home))
#5 C:\xampp\htdocs\in\system\CodeIgniter.php(326): CodeIgniter\CodeIgniter->handleRequest(NULL, Object(Config\Cache), false)
#6 C:\xampp\htdocs\in\public\index.php(37): CodeIgniter\CodeIgniter->run()
#7 C:\xampp\htdocs\in\system\Commands\Server\rewrite.php(43): require_once('C:\\xampp\\htdocs...')
#8 {main}
CRITICAL - 2023-07-19 20:19:39 --> You must set the database table to be used with your query.
#0 C:\xampp\htdocs\in\system\Model.php(545): CodeIgniter\Database\BaseConnection->table(NULL)
#1 C:\xampp\htdocs\in\system\Model.php(722): CodeIgniter\Model->builder()
#2 C:\xampp\htdocs\in\app\Controllers\Home.php(192): CodeIgniter\Model->__call('getArrow', Array)
#3 C:\xampp\htdocs\in\system\CodeIgniter.php(832): App\Controllers\Home->edit_rombel('0')
#4 C:\xampp\htdocs\in\system\CodeIgniter.php(419): CodeIgniter\CodeIgniter->runController(Object(App\Controllers\Home))
#5 C:\xampp\htdocs\in\system\CodeIgniter.php(326): CodeIgniter\CodeIgniter->handleRequest(NULL, Object(Config\Cache), false)
#6 C:\xampp\htdocs\in\public\index.php(37): CodeIgniter\CodeIgniter->run()
#7 C:\xampp\htdocs\in\system\Commands\Server\rewrite.php(43): require_once('C:\\xampp\\htdocs...')
#8 {main}
CRITICAL - 2023-07-19 20:20:34 --> You must set the database table to be used with your query.
#0 C:\xampp\htdocs\in\system\Model.php(545): CodeIgniter\Database\BaseConnection->table(NULL)
#1 C:\xampp\htdocs\in\system\Model.php(722): CodeIgniter\Model->builder()
#2 C:\xampp\htdocs\in\app\Controllers\Home.php(192): CodeIgniter\Model->__call('getArrow', Array)
#3 C:\xampp\htdocs\in\system\CodeIgniter.php(832): App\Controllers\Home->edit_rombel('0')
#4 C:\xampp\htdocs\in\system\CodeIgniter.php(419): CodeIgniter\CodeIgniter->runController(Object(App\Controllers\Home))
#5 C:\xampp\htdocs\in\system\CodeIgniter.php(326): CodeIgniter\CodeIgniter->handleRequest(NULL, Object(Config\Cache), false)
#6 C:\xampp\htdocs\in\public\index.php(37): CodeIgniter\CodeIgniter->run()
#7 C:\xampp\htdocs\in\system\Commands\Server\rewrite.php(43): require_once('C:\\xampp\\htdocs...')
#8 {main}
CRITICAL - 2023-07-19 20:21:27 --> You must set the database table to be used with your query.
#0 C:\xampp\htdocs\in\system\Model.php(545): CodeIgniter\Database\BaseConnection->table(NULL)
#1 C:\xampp\htdocs\in\system\Model.php(722): CodeIgniter\Model->builder()
#2 C:\xampp\htdocs\in\app\Controllers\Home.php(192): CodeIgniter\Model->__call('getArrow', Array)
#3 C:\xampp\htdocs\in\system\CodeIgniter.php(832): App\Controllers\Home->edit_rombel('0')
#4 C:\xampp\htdocs\in\system\CodeIgniter.php(419): CodeIgniter\CodeIgniter->runController(Object(App\Controllers\Home))
#5 C:\xampp\htdocs\in\system\CodeIgniter.php(326): CodeIgniter\CodeIgniter->handleRequest(NULL, Object(Config\Cache), false)
#6 C:\xampp\htdocs\in\public\index.php(37): CodeIgniter\CodeIgniter->run()
#7 C:\xampp\htdocs\in\system\Commands\Server\rewrite.php(43): require_once('C:\\xampp\\htdocs...')
#8 {main}
CRITICAL - 2023-07-19 20:21:31 --> You must set the database table to be used with your query.
#0 C:\xampp\htdocs\in\system\Model.php(545): CodeIgniter\Database\BaseConnection->table(NULL)
#1 C:\xampp\htdocs\in\system\Model.php(722): CodeIgniter\Model->builder()
#2 C:\xampp\htdocs\in\app\Controllers\Home.php(192): CodeIgniter\Model->__call('getArrow', Array)
#3 C:\xampp\htdocs\in\system\CodeIgniter.php(832): App\Controllers\Home->edit_rombel('2')
#4 C:\xampp\htdocs\in\system\CodeIgniter.php(419): CodeIgniter\CodeIgniter->runController(Object(App\Controllers\Home))
#5 C:\xampp\htdocs\in\system\CodeIgniter.php(326): CodeIgniter\CodeIgniter->handleRequest(NULL, Object(Config\Cache), false)
#6 C:\xampp\htdocs\in\public\index.php(37): CodeIgniter\CodeIgniter->run()
#7 C:\xampp\htdocs\in\system\Commands\Server\rewrite.php(43): require_once('C:\\xampp\\htdocs...')
#8 {main}
CRITICAL - 2023-07-19 20:21:50 --> You must set the database table to be used with your query.
#0 C:\xampp\htdocs\in\system\Model.php(545): CodeIgniter\Database\BaseConnection->table(NULL)
#1 C:\xampp\htdocs\in\system\Model.php(722): CodeIgniter\Model->builder()
#2 C:\xampp\htdocs\in\app\Controllers\Home.php(192): CodeIgniter\Model->__call('getArrow', Array)
#3 C:\xampp\htdocs\in\system\CodeIgniter.php(832): App\Controllers\Home->edit_rombel('2')
#4 C:\xampp\htdocs\in\system\CodeIgniter.php(419): CodeIgniter\CodeIgniter->runController(Object(App\Controllers\Home))
#5 C:\xampp\htdocs\in\system\CodeIgniter.php(326): CodeIgniter\CodeIgniter->handleRequest(NULL, Object(Config\Cache), false)
#6 C:\xampp\htdocs\in\public\index.php(37): CodeIgniter\CodeIgniter->run()
#7 C:\xampp\htdocs\in\system\Commands\Server\rewrite.php(43): require_once('C:\\xampp\\htdocs...')
#8 {main}
CRITICAL - 2023-07-19 20:23:03 --> You must set the database table to be used with your query.
#0 C:\xampp\htdocs\in\system\Model.php(545): CodeIgniter\Database\BaseConnection->table(NULL)
#1 C:\xampp\htdocs\in\system\Model.php(722): CodeIgniter\Model->builder()
#2 C:\xampp\htdocs\in\app\Controllers\Home.php(192): CodeIgniter\Model->__call('getArrow', Array)
#3 C:\xampp\htdocs\in\system\CodeIgniter.php(832): App\Controllers\Home->edit_rombel('2')
#4 C:\xampp\htdocs\in\system\CodeIgniter.php(419): CodeIgniter\CodeIgniter->runController(Object(App\Controllers\Home))
#5 C:\xampp\htdocs\in\system\CodeIgniter.php(326): CodeIgniter\CodeIgniter->handleRequest(NULL, Object(Config\Cache), false)
#6 C:\xampp\htdocs\in\public\index.php(37): CodeIgniter\CodeIgniter->run()
#7 C:\xampp\htdocs\in\system\Commands\Server\rewrite.php(43): require_once('C:\\xampp\\htdocs...')
#8 {main}
CRITICAL - 2023-07-19 20:23:08 --> You must set the database table to be used with your query.
#0 C:\xampp\htdocs\in\system\Model.php(545): CodeIgniter\Database\BaseConnection->table(NULL)
#1 C:\xampp\htdocs\in\system\Model.php(722): CodeIgniter\Model->builder()
#2 C:\xampp\htdocs\in\app\Controllers\Home.php(192): CodeIgniter\Model->__call('getArrow', Array)
#3 C:\xampp\htdocs\in\system\CodeIgniter.php(832): App\Controllers\Home->edit_rombel('2')
#4 C:\xampp\htdocs\in\system\CodeIgniter.php(419): CodeIgniter\CodeIgniter->runController(Object(App\Controllers\Home))
#5 C:\xampp\htdocs\in\system\CodeIgniter.php(326): CodeIgniter\CodeIgniter->handleRequest(NULL, Object(Config\Cache), false)
#6 C:\xampp\htdocs\in\public\index.php(37): CodeIgniter\CodeIgniter->run()
#7 C:\xampp\htdocs\in\system\Commands\Server\rewrite.php(43): require_once('C:\\xampp\\htdocs...')
#8 {main}
CRITICAL - 2023-07-19 20:29:21 --> Cannot redeclare App\Controllers\Home::tambah_bk()
#0 [internal function]: CodeIgniter\Debug\Exceptions->shutdownHandler()
#1 {main}
CRITICAL - 2023-07-19 20:33:02 --> Too few arguments to function App\Controllers\Home::edit_bm(), 0 passed in C:\xampp\htdocs\in\system\CodeIgniter.php on line 832 and exactly 1 expected
#0 C:\xampp\htdocs\in\system\CodeIgniter.php(832): App\Controllers\Home->edit_bm()
#1 C:\xampp\htdocs\in\system\CodeIgniter.php(419): CodeIgniter\CodeIgniter->runController(Object(App\Controllers\Home))
#2 C:\xampp\htdocs\in\system\CodeIgniter.php(326): CodeIgniter\CodeIgniter->handleRequest(NULL, Object(Config\Cache), false)
#3 C:\xampp\htdocs\in\public\index.php(37): CodeIgniter\CodeIgniter->run()
#4 C:\xampp\htdocs\in\system\Commands\Server\rewrite.php(43): require_once('C:\\xampp\\htdocs...')
#5 {main}
