ERROR - 2023-11-12 21:13:41 --> Error connecting to the database: No connection could be made because the target machine actively refused it.

CRITICAL - 2023-11-12 21:13:41 --> Unable to connect to the database.
Main connection [MySQLi]: No connection could be made because the target machine actively refused it.

#0 C:\xampp\htdocs\tcc\system\Database\BaseConnection.php(577): CodeIgniter\Database\BaseConnection->initialize()
#1 C:\xampp\htdocs\tcc\system\Database\BaseBuilder.php(1588): CodeIgniter\Database\BaseConnection->query('SELECT *\nFROM `...', Array, false)
#2 C:\xampp\htdocs\tcc\app\Models\M_model.php(294): CodeIgniter\Database\BaseBuilder->getWhere(Array)
#3 C:\xampp\htdocs\tcc\app\Controllers\Home.php(59): App\Models\M_model->getarray('user', Array)
#4 C:\xampp\htdocs\tcc\system\CodeIgniter.php(832): App\Controllers\Home->aksi_login()
#5 C:\xampp\htdocs\tcc\system\CodeIgniter.php(419): CodeIgniter\CodeIgniter->runController(Object(App\Controllers\Home))
#6 C:\xampp\htdocs\tcc\system\CodeIgniter.php(326): CodeIgniter\CodeIgniter->handleRequest(NULL, Object(Config\Cache), false)
#7 C:\xampp\htdocs\tcc\public\index.php(37): CodeIgniter\CodeIgniter->run()
#8 C:\xampp\htdocs\tcc\system\Commands\Server\rewrite.php(43): require_once('C:\\xampp\\htdocs...')
#9 {main}
CRITICAL - 2023-11-12 21:18:06 --> Invalid file: dashboard.php
#0 C:\xampp\htdocs\tcc\system\View\View.php(198): CodeIgniter\Exceptions\FrameworkException::forInvalidFile('dashboard.php')
#1 C:\xampp\htdocs\tcc\system\Common.php(1089): CodeIgniter\View\View->render('dashboard', Array, true)
#2 C:\xampp\htdocs\tcc\app\Controllers\Home.php(24): view('dashboard')
#3 C:\xampp\htdocs\tcc\system\CodeIgniter.php(832): App\Controllers\Home->index()
#4 C:\xampp\htdocs\tcc\system\CodeIgniter.php(419): CodeIgniter\CodeIgniter->runController(Object(App\Controllers\Home))
#5 C:\xampp\htdocs\tcc\system\CodeIgniter.php(326): CodeIgniter\CodeIgniter->handleRequest(NULL, Object(Config\Cache), false)
#6 C:\xampp\htdocs\tcc\public\index.php(37): CodeIgniter\CodeIgniter->run()
#7 C:\xampp\htdocs\tcc\system\Commands\Server\rewrite.php(43): require_once('C:\\xampp\\htdocs...')
#8 {main}
CRITICAL - 2023-11-12 21:26:00 --> mysqli_query() expects parameter 1 to be mysqli, null given
#0 [internal function]: CodeIgniter\Debug\Exceptions->errorHandler(2, 'mysqli_query() ...', 'C:\\xampp\\htdocs...', 9, Array)
#1 C:\xampp\htdocs\tcc\app\Views\barang\barang.php(9): mysqli_query(NULL, 'insert into bar...')
#2 C:\xampp\htdocs\tcc\system\View\View.php(210): include('C:\\xampp\\htdocs...')
#3 C:\xampp\htdocs\tcc\system\View\View.php(213): CodeIgniter\View\View->CodeIgniter\View\{closure}()
#4 C:\xampp\htdocs\tcc\system\Common.php(1089): CodeIgniter\View\View->render('barang/barang', Array, true)
#5 C:\xampp\htdocs\tcc\app\Controllers\Home.php(35): view('barang/barang')
#6 C:\xampp\htdocs\tcc\system\CodeIgniter.php(832): App\Controllers\Home->barang()
#7 C:\xampp\htdocs\tcc\system\CodeIgniter.php(419): CodeIgniter\CodeIgniter->runController(Object(App\Controllers\Home))
#8 C:\xampp\htdocs\tcc\system\CodeIgniter.php(326): CodeIgniter\CodeIgniter->handleRequest(NULL, Object(Config\Cache), false)
#9 C:\xampp\htdocs\tcc\public\index.php(37): CodeIgniter\CodeIgniter->run()
#10 C:\xampp\htdocs\tcc\system\Commands\Server\rewrite.php(43): require_once('C:\\xampp\\htdocs...')
#11 {main}
CRITICAL - 2023-11-12 21:26:33 --> mysqli_query() expects parameter 1 to be mysqli, null given
#0 [internal function]: CodeIgniter\Debug\Exceptions->errorHandler(2, 'mysqli_query() ...', 'C:\\xampp\\htdocs...', 9, Array)
#1 C:\xampp\htdocs\tcc\app\Views\barang\barang.php(9): mysqli_query(NULL, 'insert into bar...')
#2 C:\xampp\htdocs\tcc\system\View\View.php(210): include('C:\\xampp\\htdocs...')
#3 C:\xampp\htdocs\tcc\system\View\View.php(213): CodeIgniter\View\View->CodeIgniter\View\{closure}()
#4 C:\xampp\htdocs\tcc\system\Common.php(1089): CodeIgniter\View\View->render('barang/barang', Array, true)
#5 C:\xampp\htdocs\tcc\app\Controllers\Home.php(35): view('barang/barang')
#6 C:\xampp\htdocs\tcc\system\CodeIgniter.php(832): App\Controllers\Home->barang()
#7 C:\xampp\htdocs\tcc\system\CodeIgniter.php(419): CodeIgniter\CodeIgniter->runController(Object(App\Controllers\Home))
#8 C:\xampp\htdocs\tcc\system\CodeIgniter.php(326): CodeIgniter\CodeIgniter->handleRequest(NULL, Object(Config\Cache), false)
#9 C:\xampp\htdocs\tcc\public\index.php(37): CodeIgniter\CodeIgniter->run()
#10 C:\xampp\htdocs\tcc\system\Commands\Server\rewrite.php(43): require_once('C:\\xampp\\htdocs...')
#11 {main}
CRITICAL - 2023-11-12 21:27:56 --> mysqli_query() expects parameter 1 to be mysqli, null given
#0 [internal function]: CodeIgniter\Debug\Exceptions->errorHandler(2, 'mysqli_query() ...', 'C:\\xampp\\htdocs...', 9, Array)
#1 C:\xampp\htdocs\tcc\app\Views\barang\barang.php(9): mysqli_query(NULL, 'insert into bar...')
#2 C:\xampp\htdocs\tcc\system\View\View.php(210): include('C:\\xampp\\htdocs...')
#3 C:\xampp\htdocs\tcc\system\View\View.php(213): CodeIgniter\View\View->CodeIgniter\View\{closure}()
#4 C:\xampp\htdocs\tcc\system\Common.php(1089): CodeIgniter\View\View->render('barang/barang', Array, true)
#5 C:\xampp\htdocs\tcc\app\Controllers\Home.php(35): view('barang/barang')
#6 C:\xampp\htdocs\tcc\system\CodeIgniter.php(832): App\Controllers\Home->barang()
#7 C:\xampp\htdocs\tcc\system\CodeIgniter.php(419): CodeIgniter\CodeIgniter->runController(Object(App\Controllers\Home))
#8 C:\xampp\htdocs\tcc\system\CodeIgniter.php(326): CodeIgniter\CodeIgniter->handleRequest(NULL, Object(Config\Cache), false)
#9 C:\xampp\htdocs\tcc\public\index.php(37): CodeIgniter\CodeIgniter->run()
#10 C:\xampp\htdocs\tcc\system\Commands\Server\rewrite.php(43): require_once('C:\\xampp\\htdocs...')
#11 {main}
CRITICAL - 2023-11-12 21:33:06 --> mysqli_query() expects parameter 1 to be mysqli, null given
#0 [internal function]: CodeIgniter\Debug\Exceptions->errorHandler(2, 'mysqli_query() ...', 'C:\\xampp\\htdocs...', 9, Array)
#1 C:\xampp\htdocs\tcc\app\Views\barang\barang.php(9): mysqli_query(NULL, 'insert into bar...')
#2 C:\xampp\htdocs\tcc\system\View\View.php(210): include('C:\\xampp\\htdocs...')
#3 C:\xampp\htdocs\tcc\system\View\View.php(213): CodeIgniter\View\View->CodeIgniter\View\{closure}()
#4 C:\xampp\htdocs\tcc\system\Common.php(1089): CodeIgniter\View\View->render('barang/barang', Array, true)
#5 C:\xampp\htdocs\tcc\app\Controllers\Home.php(35): view('barang/barang')
#6 C:\xampp\htdocs\tcc\system\CodeIgniter.php(832): App\Controllers\Home->barang()
#7 C:\xampp\htdocs\tcc\system\CodeIgniter.php(419): CodeIgniter\CodeIgniter->runController(Object(App\Controllers\Home))
#8 C:\xampp\htdocs\tcc\system\CodeIgniter.php(326): CodeIgniter\CodeIgniter->handleRequest(NULL, Object(Config\Cache), false)
#9 C:\xampp\htdocs\tcc\public\index.php(37): CodeIgniter\CodeIgniter->run()
#10 C:\xampp\htdocs\tcc\system\Commands\Server\rewrite.php(43): require_once('C:\\xampp\\htdocs...')
#11 {main}
CRITICAL - 2023-11-12 21:33:21 --> mysqli_query() expects parameter 1 to be mysqli, null given
#0 [internal function]: CodeIgniter\Debug\Exceptions->errorHandler(2, 'mysqli_query() ...', 'C:\\xampp\\htdocs...', 9, Array)
#1 C:\xampp\htdocs\tcc\app\Views\barang\barang.php(9): mysqli_query(NULL, 'insert into bar...')
#2 C:\xampp\htdocs\tcc\system\View\View.php(210): include('C:\\xampp\\htdocs...')
#3 C:\xampp\htdocs\tcc\system\View\View.php(213): CodeIgniter\View\View->CodeIgniter\View\{closure}()
#4 C:\xampp\htdocs\tcc\system\Common.php(1089): CodeIgniter\View\View->render('barang/barang', Array, true)
#5 C:\xampp\htdocs\tcc\app\Controllers\Home.php(35): view('barang/barang')
#6 C:\xampp\htdocs\tcc\system\CodeIgniter.php(832): App\Controllers\Home->barang()
#7 C:\xampp\htdocs\tcc\system\CodeIgniter.php(419): CodeIgniter\CodeIgniter->runController(Object(App\Controllers\Home))
#8 C:\xampp\htdocs\tcc\system\CodeIgniter.php(326): CodeIgniter\CodeIgniter->handleRequest(NULL, Object(Config\Cache), false)
#9 C:\xampp\htdocs\tcc\public\index.php(37): CodeIgniter\CodeIgniter->run()
#10 C:\xampp\htdocs\tcc\system\Commands\Server\rewrite.php(43): require_once('C:\\xampp\\htdocs...')
#11 {main}
CRITICAL - 2023-11-12 21:33:29 --> Call to undefined function mysql_query()
#0 C:\xampp\htdocs\tcc\system\View\View.php(210): include()
#1 C:\xampp\htdocs\tcc\system\View\View.php(213): CodeIgniter\View\View->CodeIgniter\View\{closure}()
#2 C:\xampp\htdocs\tcc\system\Common.php(1089): CodeIgniter\View\View->render('barang/barang', Array, true)
#3 C:\xampp\htdocs\tcc\app\Controllers\Home.php(35): view('barang/barang')
#4 C:\xampp\htdocs\tcc\system\CodeIgniter.php(832): App\Controllers\Home->barang()
#5 C:\xampp\htdocs\tcc\system\CodeIgniter.php(419): CodeIgniter\CodeIgniter->runController(Object(App\Controllers\Home))
#6 C:\xampp\htdocs\tcc\system\CodeIgniter.php(326): CodeIgniter\CodeIgniter->handleRequest(NULL, Object(Config\Cache), false)
#7 C:\xampp\htdocs\tcc\public\index.php(37): CodeIgniter\CodeIgniter->run()
#8 C:\xampp\htdocs\tcc\system\Commands\Server\rewrite.php(43): require_once('C:\\xampp\\htdocs...')
#9 {main}
CRITICAL - 2023-11-12 21:42:42 --> mysqli_query() expects parameter 1 to be mysqli, null given
#0 [internal function]: CodeIgniter\Debug\Exceptions->errorHandler(2, 'mysqli_query() ...', 'C:\\xampp\\htdocs...', 10, Array)
#1 C:\xampp\htdocs\tcc\app\Views\barang\barang.php(10): mysqli_query(NULL, 'insert into bar...')
#2 C:\xampp\htdocs\tcc\system\View\View.php(210): include('C:\\xampp\\htdocs...')
#3 C:\xampp\htdocs\tcc\system\View\View.php(213): CodeIgniter\View\View->CodeIgniter\View\{closure}()
#4 C:\xampp\htdocs\tcc\system\Common.php(1089): CodeIgniter\View\View->render('barang/barang', Array, true)
#5 C:\xampp\htdocs\tcc\app\Controllers\Home.php(35): view('barang/barang')
#6 C:\xampp\htdocs\tcc\system\CodeIgniter.php(832): App\Controllers\Home->barang()
#7 C:\xampp\htdocs\tcc\system\CodeIgniter.php(419): CodeIgniter\CodeIgniter->runController(Object(App\Controllers\Home))
#8 C:\xampp\htdocs\tcc\system\CodeIgniter.php(326): CodeIgniter\CodeIgniter->handleRequest(NULL, Object(Config\Cache), false)
#9 C:\xampp\htdocs\tcc\public\index.php(37): CodeIgniter\CodeIgniter->run()
#10 C:\xampp\htdocs\tcc\system\Commands\Server\rewrite.php(43): require_once('C:\\xampp\\htdocs...')
#11 {main}
CRITICAL - 2023-11-12 21:43:32 --> mysqli_query() expects parameter 1 to be mysqli, null given
#0 [internal function]: CodeIgniter\Debug\Exceptions->errorHandler(2, 'mysqli_query() ...', 'C:\\xampp\\htdocs...', 10, Array)
#1 C:\xampp\htdocs\tcc\app\Views\barang\barang.php(10): mysqli_query(NULL, 'insert into bar...')
#2 C:\xampp\htdocs\tcc\system\View\View.php(210): include('C:\\xampp\\htdocs...')
#3 C:\xampp\htdocs\tcc\system\View\View.php(213): CodeIgniter\View\View->CodeIgniter\View\{closure}()
#4 C:\xampp\htdocs\tcc\system\Common.php(1089): CodeIgniter\View\View->render('barang/barang', Array, true)
#5 C:\xampp\htdocs\tcc\app\Controllers\Home.php(35): view('barang/barang')
#6 C:\xampp\htdocs\tcc\system\CodeIgniter.php(832): App\Controllers\Home->barang()
#7 C:\xampp\htdocs\tcc\system\CodeIgniter.php(419): CodeIgniter\CodeIgniter->runController(Object(App\Controllers\Home))
#8 C:\xampp\htdocs\tcc\system\CodeIgniter.php(326): CodeIgniter\CodeIgniter->handleRequest(NULL, Object(Config\Cache), false)
#9 C:\xampp\htdocs\tcc\public\index.php(37): CodeIgniter\CodeIgniter->run()
#10 C:\xampp\htdocs\tcc\system\Commands\Server\rewrite.php(43): require_once('C:\\xampp\\htdocs...')
#11 {main}
CRITICAL - 2023-11-12 21:44:03 --> include(template/header.php): failed to open stream: No such file or directory
#0 C:\xampp\htdocs\tcc\app\Views\barang\barang.php(1): CodeIgniter\Debug\Exceptions->errorHandler(2, 'include(templat...', 'C:\\xampp\\htdocs...', 1, Array)
#1 C:\xampp\htdocs\tcc\app\Views\barang\barang.php(1): include()
#2 C:\xampp\htdocs\tcc\system\View\View.php(210): include('C:\\xampp\\htdocs...')
#3 C:\xampp\htdocs\tcc\system\View\View.php(213): CodeIgniter\View\View->CodeIgniter\View\{closure}()
#4 C:\xampp\htdocs\tcc\system\Common.php(1089): CodeIgniter\View\View->render('barang/barang', Array, true)
#5 C:\xampp\htdocs\tcc\app\Controllers\Home.php(35): view('barang/barang')
#6 C:\xampp\htdocs\tcc\system\CodeIgniter.php(832): App\Controllers\Home->barang()
#7 C:\xampp\htdocs\tcc\system\CodeIgniter.php(419): CodeIgniter\CodeIgniter->runController(Object(App\Controllers\Home))
#8 C:\xampp\htdocs\tcc\system\CodeIgniter.php(326): CodeIgniter\CodeIgniter->handleRequest(NULL, Object(Config\Cache), false)
#9 C:\xampp\htdocs\tcc\public\index.php(37): CodeIgniter\CodeIgniter->run()
#10 C:\xampp\htdocs\tcc\system\Commands\Server\rewrite.php(43): require_once('C:\\xampp\\htdocs...')
#11 {main}
CRITICAL - 2023-11-12 21:44:32 --> include(template/header.php): failed to open stream: No such file or directory
#0 C:\xampp\htdocs\tcc\app\Views\barang\barang.php(1): CodeIgniter\Debug\Exceptions->errorHandler(2, 'include(templat...', 'C:\\xampp\\htdocs...', 1, Array)
#1 C:\xampp\htdocs\tcc\app\Views\barang\barang.php(1): include()
#2 C:\xampp\htdocs\tcc\system\View\View.php(210): include('C:\\xampp\\htdocs...')
#3 C:\xampp\htdocs\tcc\system\View\View.php(213): CodeIgniter\View\View->CodeIgniter\View\{closure}()
#4 C:\xampp\htdocs\tcc\system\Common.php(1089): CodeIgniter\View\View->render('barang/barang', Array, true)
#5 C:\xampp\htdocs\tcc\app\Controllers\Home.php(35): view('barang/barang')
#6 C:\xampp\htdocs\tcc\system\CodeIgniter.php(832): App\Controllers\Home->barang()
#7 C:\xampp\htdocs\tcc\system\CodeIgniter.php(419): CodeIgniter\CodeIgniter->runController(Object(App\Controllers\Home))
#8 C:\xampp\htdocs\tcc\system\CodeIgniter.php(326): CodeIgniter\CodeIgniter->handleRequest(NULL, Object(Config\Cache), false)
#9 C:\xampp\htdocs\tcc\public\index.php(37): CodeIgniter\CodeIgniter->run()
#10 C:\xampp\htdocs\tcc\system\Commands\Server\rewrite.php(43): require_once('C:\\xampp\\htdocs...')
#11 {main}
CRITICAL - 2023-11-12 21:44:45 --> mysqli_query() expects parameter 1 to be mysqli, null given
#0 [internal function]: CodeIgniter\Debug\Exceptions->errorHandler(2, 'mysqli_query() ...', 'C:\\xampp\\htdocs...', 9, Array)
#1 C:\xampp\htdocs\tcc\app\Views\barang\barang.php(9): mysqli_query(NULL, 'insert into bar...')
#2 C:\xampp\htdocs\tcc\system\View\View.php(210): include('C:\\xampp\\htdocs...')
#3 C:\xampp\htdocs\tcc\system\View\View.php(213): CodeIgniter\View\View->CodeIgniter\View\{closure}()
#4 C:\xampp\htdocs\tcc\system\Common.php(1089): CodeIgniter\View\View->render('barang/barang', Array, true)
#5 C:\xampp\htdocs\tcc\app\Controllers\Home.php(35): view('barang/barang')
#6 C:\xampp\htdocs\tcc\system\CodeIgniter.php(832): App\Controllers\Home->barang()
#7 C:\xampp\htdocs\tcc\system\CodeIgniter.php(419): CodeIgniter\CodeIgniter->runController(Object(App\Controllers\Home))
#8 C:\xampp\htdocs\tcc\system\CodeIgniter.php(326): CodeIgniter\CodeIgniter->handleRequest(NULL, Object(Config\Cache), false)
#9 C:\xampp\htdocs\tcc\public\index.php(37): CodeIgniter\CodeIgniter->run()
#10 C:\xampp\htdocs\tcc\system\Commands\Server\rewrite.php(43): require_once('C:\\xampp\\htdocs...')
#11 {main}
CRITICAL - 2023-11-12 21:45:44 --> mysqli_query() expects parameter 1 to be mysqli, null given
#0 [internal function]: CodeIgniter\Debug\Exceptions->errorHandler(2, 'mysqli_query() ...', 'C:\\xampp\\htdocs...', 14, Array)
#1 C:\xampp\htdocs\tcc\app\Views\barang\barang.php(14): mysqli_query(NULL, 'SELECT max(id_b...')
#2 C:\xampp\htdocs\tcc\system\View\View.php(210): include('C:\\xampp\\htdocs...')
#3 C:\xampp\htdocs\tcc\system\View\View.php(213): CodeIgniter\View\View->CodeIgniter\View\{closure}()
#4 C:\xampp\htdocs\tcc\system\Common.php(1089): CodeIgniter\View\View->render('barang/barang', Array, true)
#5 C:\xampp\htdocs\tcc\app\Controllers\Home.php(35): view('barang/barang')
#6 C:\xampp\htdocs\tcc\system\CodeIgniter.php(832): App\Controllers\Home->barang()
#7 C:\xampp\htdocs\tcc\system\CodeIgniter.php(419): CodeIgniter\CodeIgniter->runController(Object(App\Controllers\Home))
#8 C:\xampp\htdocs\tcc\system\CodeIgniter.php(326): CodeIgniter\CodeIgniter->handleRequest(NULL, Object(Config\Cache), false)
#9 C:\xampp\htdocs\tcc\public\index.php(37): CodeIgniter\CodeIgniter->run()
#10 C:\xampp\htdocs\tcc\system\Commands\Server\rewrite.php(43): require_once('C:\\xampp\\htdocs...')
#11 {main}
CRITICAL - 2023-11-12 21:47:21 --> mysqli_query() expects parameter 1 to be mysqli, null given
#0 [internal function]: CodeIgniter\Debug\Exceptions->errorHandler(2, 'mysqli_query() ...', 'C:\\xampp\\htdocs...', 14, Array)
#1 C:\xampp\htdocs\tcc\app\Views\barang\barang.php(14): mysqli_query(NULL, 'SELECT max(id_b...')
#2 C:\xampp\htdocs\tcc\system\View\View.php(210): include('C:\\xampp\\htdocs...')
#3 C:\xampp\htdocs\tcc\system\View\View.php(213): CodeIgniter\View\View->CodeIgniter\View\{closure}()
#4 C:\xampp\htdocs\tcc\system\Common.php(1089): CodeIgniter\View\View->render('barang/barang', Array, true)
#5 C:\xampp\htdocs\tcc\app\Controllers\Home.php(35): view('barang/barang')
#6 C:\xampp\htdocs\tcc\system\CodeIgniter.php(832): App\Controllers\Home->barang()
#7 C:\xampp\htdocs\tcc\system\CodeIgniter.php(419): CodeIgniter\CodeIgniter->runController(Object(App\Controllers\Home))
#8 C:\xampp\htdocs\tcc\system\CodeIgniter.php(326): CodeIgniter\CodeIgniter->handleRequest(NULL, Object(Config\Cache), false)
#9 C:\xampp\htdocs\tcc\public\index.php(37): CodeIgniter\CodeIgniter->run()
#10 C:\xampp\htdocs\tcc\system\Commands\Server\rewrite.php(43): require_once('C:\\xampp\\htdocs...')
#11 {main}
CRITICAL - 2023-11-12 21:49:14 --> Invalid file: hal/barang.php
#0 C:\xampp\htdocs\tcc\system\View\View.php(198): CodeIgniter\Exceptions\FrameworkException::forInvalidFile('hal/barang.php')
#1 C:\xampp\htdocs\tcc\system\Common.php(1089): CodeIgniter\View\View->render('hal/barang', Array, true)
#2 C:\xampp\htdocs\tcc\app\Controllers\Home.php(35): view('hal/barang')
#3 C:\xampp\htdocs\tcc\system\CodeIgniter.php(832): App\Controllers\Home->hal()
#4 C:\xampp\htdocs\tcc\system\CodeIgniter.php(419): CodeIgniter\CodeIgniter->runController(Object(App\Controllers\Home))
#5 C:\xampp\htdocs\tcc\system\CodeIgniter.php(326): CodeIgniter\CodeIgniter->handleRequest(NULL, Object(Config\Cache), false)
#6 C:\xampp\htdocs\tcc\public\index.php(37): CodeIgniter\CodeIgniter->run()
#7 C:\xampp\htdocs\tcc\system\Commands\Server\rewrite.php(43): require_once('C:\\xampp\\htdocs...')
#8 {main}
CRITICAL - 2023-11-12 21:49:34 --> include(template/header.php): failed to open stream: No such file or directory
#0 C:\xampp\htdocs\tcc\app\Views\hal\index.php(2): CodeIgniter\Debug\Exceptions->errorHandler(2, 'include(templat...', 'C:\\xampp\\htdocs...', 2, Array)
#1 C:\xampp\htdocs\tcc\app\Views\hal\index.php(2): include()
#2 C:\xampp\htdocs\tcc\system\View\View.php(210): include('C:\\xampp\\htdocs...')
#3 C:\xampp\htdocs\tcc\system\View\View.php(213): CodeIgniter\View\View->CodeIgniter\View\{closure}()
#4 C:\xampp\htdocs\tcc\system\Common.php(1089): CodeIgniter\View\View->render('hal/index', Array, true)
#5 C:\xampp\htdocs\tcc\app\Controllers\Home.php(35): view('hal/index')
#6 C:\xampp\htdocs\tcc\system\CodeIgniter.php(832): App\Controllers\Home->hal()
#7 C:\xampp\htdocs\tcc\system\CodeIgniter.php(419): CodeIgniter\CodeIgniter->runController(Object(App\Controllers\Home))
#8 C:\xampp\htdocs\tcc\system\CodeIgniter.php(326): CodeIgniter\CodeIgniter->handleRequest(NULL, Object(Config\Cache), false)
#9 C:\xampp\htdocs\tcc\public\index.php(37): CodeIgniter\CodeIgniter->run()
#10 C:\xampp\htdocs\tcc\system\Commands\Server\rewrite.php(43): require_once('C:\\xampp\\htdocs...')
#11 {main}
CRITICAL - 2023-11-12 21:49:54 --> include(template/header.php): failed to open stream: No such file or directory
#0 C:\xampp\htdocs\tcc\app\Views\hal\index.php(2): CodeIgniter\Debug\Exceptions->errorHandler(2, 'include(templat...', 'C:\\xampp\\htdocs...', 2, Array)
#1 C:\xampp\htdocs\tcc\app\Views\hal\index.php(2): include()
#2 C:\xampp\htdocs\tcc\system\View\View.php(210): include('C:\\xampp\\htdocs...')
#3 C:\xampp\htdocs\tcc\system\View\View.php(213): CodeIgniter\View\View->CodeIgniter\View\{closure}()
#4 C:\xampp\htdocs\tcc\system\Common.php(1089): CodeIgniter\View\View->render('hal/index', Array, true)
#5 C:\xampp\htdocs\tcc\app\Controllers\Home.php(35): view('hal/index')
#6 C:\xampp\htdocs\tcc\system\CodeIgniter.php(832): App\Controllers\Home->hal()
#7 C:\xampp\htdocs\tcc\system\CodeIgniter.php(419): CodeIgniter\CodeIgniter->runController(Object(App\Controllers\Home))
#8 C:\xampp\htdocs\tcc\system\CodeIgniter.php(326): CodeIgniter\CodeIgniter->handleRequest(NULL, Object(Config\Cache), false)
#9 C:\xampp\htdocs\tcc\public\index.php(37): CodeIgniter\CodeIgniter->run()
#10 C:\xampp\htdocs\tcc\system\Commands\Server\rewrite.php(43): require_once('C:\\xampp\\htdocs...')
#11 {main}
CRITICAL - 2023-11-12 21:52:40 --> mysqli_query() expects parameter 1 to be mysqli, null given
#0 [internal function]: CodeIgniter\Debug\Exceptions->errorHandler(2, 'mysqli_query() ...', 'C:\\xampp\\htdocs...', 14, Array)
#1 C:\xampp\htdocs\tcc\app\Views\barang\barang.php(14): mysqli_query(NULL, 'SELECT max(id_b...')
#2 C:\xampp\htdocs\tcc\system\View\View.php(210): include('C:\\xampp\\htdocs...')
#3 C:\xampp\htdocs\tcc\system\View\View.php(213): CodeIgniter\View\View->CodeIgniter\View\{closure}()
#4 C:\xampp\htdocs\tcc\system\Common.php(1089): CodeIgniter\View\View->render('barang/barang', Array, true)
#5 C:\xampp\htdocs\tcc\app\Controllers\Home.php(45): view('barang/barang')
#6 C:\xampp\htdocs\tcc\system\CodeIgniter.php(832): App\Controllers\Home->barang()
#7 C:\xampp\htdocs\tcc\system\CodeIgniter.php(419): CodeIgniter\CodeIgniter->runController(Object(App\Controllers\Home))
#8 C:\xampp\htdocs\tcc\system\CodeIgniter.php(326): CodeIgniter\CodeIgniter->handleRequest(NULL, Object(Config\Cache), false)
#9 C:\xampp\htdocs\tcc\public\index.php(37): CodeIgniter\CodeIgniter->run()
#10 C:\xampp\htdocs\tcc\system\Commands\Server\rewrite.php(43): require_once('C:\\xampp\\htdocs...')
#11 {main}
CRITICAL - 2023-11-12 21:54:44 --> mysqli_query() expects parameter 1 to be mysqli, null given
#0 [internal function]: CodeIgniter\Debug\Exceptions->errorHandler(2, 'mysqli_query() ...', 'C:\\xampp\\htdocs...', 14, Array)
#1 C:\xampp\htdocs\tcc\app\Views\barang\barang.php(14): mysqli_query(NULL, 'SELECT max(id_b...')
#2 C:\xampp\htdocs\tcc\system\View\View.php(210): include('C:\\xampp\\htdocs...')
#3 C:\xampp\htdocs\tcc\system\View\View.php(213): CodeIgniter\View\View->CodeIgniter\View\{closure}()
#4 C:\xampp\htdocs\tcc\system\Common.php(1089): CodeIgniter\View\View->render('barang/barang', Array, true)
#5 C:\xampp\htdocs\tcc\app\Controllers\Home.php(45): view('barang/barang')
#6 C:\xampp\htdocs\tcc\system\CodeIgniter.php(832): App\Controllers\Home->barang()
#7 C:\xampp\htdocs\tcc\system\CodeIgniter.php(419): CodeIgniter\CodeIgniter->runController(Object(App\Controllers\Home))
#8 C:\xampp\htdocs\tcc\system\CodeIgniter.php(326): CodeIgniter\CodeIgniter->handleRequest(NULL, Object(Config\Cache), false)
#9 C:\xampp\htdocs\tcc\public\index.php(37): CodeIgniter\CodeIgniter->run()
#10 C:\xampp\htdocs\tcc\system\Commands\Server\rewrite.php(43): require_once('C:\\xampp\\htdocs...')
#11 {main}
CRITICAL - 2023-11-12 21:55:07 --> mysqli_query() expects parameter 1 to be mysqli, null given
#0 [internal function]: CodeIgniter\Debug\Exceptions->errorHandler(2, 'mysqli_query() ...', 'C:\\xampp\\htdocs...', 14, Array)
#1 C:\xampp\htdocs\tcc\app\Views\barang\barang.php(14): mysqli_query(NULL, 'SELECT max(id_b...')
#2 C:\xampp\htdocs\tcc\system\View\View.php(210): include('C:\\xampp\\htdocs...')
#3 C:\xampp\htdocs\tcc\system\View\View.php(213): CodeIgniter\View\View->CodeIgniter\View\{closure}()
#4 C:\xampp\htdocs\tcc\system\Common.php(1089): CodeIgniter\View\View->render('barang/barang', Array, true)
#5 C:\xampp\htdocs\tcc\app\Controllers\Home.php(45): view('barang/barang')
#6 C:\xampp\htdocs\tcc\system\CodeIgniter.php(832): App\Controllers\Home->barang()
#7 C:\xampp\htdocs\tcc\system\CodeIgniter.php(419): CodeIgniter\CodeIgniter->runController(Object(App\Controllers\Home))
#8 C:\xampp\htdocs\tcc\system\CodeIgniter.php(326): CodeIgniter\CodeIgniter->handleRequest(NULL, Object(Config\Cache), false)
#9 C:\xampp\htdocs\tcc\public\index.php(37): CodeIgniter\CodeIgniter->run()
#10 C:\xampp\htdocs\tcc\system\Commands\Server\rewrite.php(43): require_once('C:\\xampp\\htdocs...')
#11 {main}
CRITICAL - 2023-11-12 21:55:56 --> mysqli_query() expects parameter 1 to be mysqli, null given
#0 [internal function]: CodeIgniter\Debug\Exceptions->errorHandler(2, 'mysqli_query() ...', 'C:\\xampp\\htdocs...', 14, Array)
#1 C:\xampp\htdocs\tcc\app\Views\barang\barang.php(14): mysqli_query(NULL, 'SELECT max(id_b...')
#2 C:\xampp\htdocs\tcc\system\View\View.php(210): include('C:\\xampp\\htdocs...')
#3 C:\xampp\htdocs\tcc\system\View\View.php(213): CodeIgniter\View\View->CodeIgniter\View\{closure}()
#4 C:\xampp\htdocs\tcc\system\Common.php(1089): CodeIgniter\View\View->render('barang/barang', Array, true)
#5 C:\xampp\htdocs\tcc\app\Controllers\Home.php(45): view('barang/barang')
#6 C:\xampp\htdocs\tcc\system\CodeIgniter.php(832): App\Controllers\Home->barang()
#7 C:\xampp\htdocs\tcc\system\CodeIgniter.php(419): CodeIgniter\CodeIgniter->runController(Object(App\Controllers\Home))
#8 C:\xampp\htdocs\tcc\system\CodeIgniter.php(326): CodeIgniter\CodeIgniter->handleRequest(NULL, Object(Config\Cache), false)
#9 C:\xampp\htdocs\tcc\public\index.php(37): CodeIgniter\CodeIgniter->run()
#10 C:\xampp\htdocs\tcc\system\Commands\Server\rewrite.php(43): require_once('C:\\xampp\\htdocs...')
#11 {main}
CRITICAL - 2023-11-12 21:56:15 --> mysqli_query() expects parameter 1 to be mysqli, null given
#0 [internal function]: CodeIgniter\Debug\Exceptions->errorHandler(2, 'mysqli_query() ...', 'C:\\xampp\\htdocs...', 14, Array)
#1 C:\xampp\htdocs\tcc\app\Views\barang\barang.php(14): mysqli_query(NULL, 'SELECT max(id_b...')
#2 C:\xampp\htdocs\tcc\system\View\View.php(210): include('C:\\xampp\\htdocs...')
#3 C:\xampp\htdocs\tcc\system\View\View.php(213): CodeIgniter\View\View->CodeIgniter\View\{closure}()
#4 C:\xampp\htdocs\tcc\system\Common.php(1089): CodeIgniter\View\View->render('barang/barang', Array, true)
#5 C:\xampp\htdocs\tcc\app\Controllers\Home.php(45): view('barang/barang')
#6 C:\xampp\htdocs\tcc\system\CodeIgniter.php(832): App\Controllers\Home->barang()
#7 C:\xampp\htdocs\tcc\system\CodeIgniter.php(419): CodeIgniter\CodeIgniter->runController(Object(App\Controllers\Home))
#8 C:\xampp\htdocs\tcc\system\CodeIgniter.php(326): CodeIgniter\CodeIgniter->handleRequest(NULL, Object(Config\Cache), false)
#9 C:\xampp\htdocs\tcc\public\index.php(37): CodeIgniter\CodeIgniter->run()
#10 C:\xampp\htdocs\tcc\system\Commands\Server\rewrite.php(43): require_once('C:\\xampp\\htdocs...')
#11 {main}
CRITICAL - 2023-11-12 21:56:26 --> mysqli_query() expects parameter 1 to be mysqli, null given
#0 [internal function]: CodeIgniter\Debug\Exceptions->errorHandler(2, 'mysqli_query() ...', 'C:\\xampp\\htdocs...', 14, Array)
#1 C:\xampp\htdocs\tcc\app\Views\barang\barang.php(14): mysqli_query(NULL, 'SELECT max(id_b...')
#2 C:\xampp\htdocs\tcc\system\View\View.php(210): include('C:\\xampp\\htdocs...')
#3 C:\xampp\htdocs\tcc\system\View\View.php(213): CodeIgniter\View\View->CodeIgniter\View\{closure}()
#4 C:\xampp\htdocs\tcc\system\Common.php(1089): CodeIgniter\View\View->render('barang/barang', Array, true)
#5 C:\xampp\htdocs\tcc\app\Controllers\Home.php(45): view('barang/barang')
#6 C:\xampp\htdocs\tcc\system\CodeIgniter.php(832): App\Controllers\Home->barang()
#7 C:\xampp\htdocs\tcc\system\CodeIgniter.php(419): CodeIgniter\CodeIgniter->runController(Object(App\Controllers\Home))
#8 C:\xampp\htdocs\tcc\system\CodeIgniter.php(326): CodeIgniter\CodeIgniter->handleRequest(NULL, Object(Config\Cache), false)
#9 C:\xampp\htdocs\tcc\public\index.php(37): CodeIgniter\CodeIgniter->run()
#10 C:\xampp\htdocs\tcc\system\Commands\Server\rewrite.php(43): require_once('C:\\xampp\\htdocs...')
#11 {main}
CRITICAL - 2023-11-12 21:57:44 --> mysqli_query() expects parameter 1 to be mysqli, null given
#0 [internal function]: CodeIgniter\Debug\Exceptions->errorHandler(2, 'mysqli_query() ...', 'C:\\xampp\\htdocs...', 14, Array)
#1 C:\xampp\htdocs\tcc\app\Views\barang\barang.php(14): mysqli_query(NULL, 'SELECT max(id_b...')
#2 C:\xampp\htdocs\tcc\system\View\View.php(210): include('C:\\xampp\\htdocs...')
#3 C:\xampp\htdocs\tcc\system\View\View.php(213): CodeIgniter\View\View->CodeIgniter\View\{closure}()
#4 C:\xampp\htdocs\tcc\system\Common.php(1089): CodeIgniter\View\View->render('barang/barang', Array, true)
#5 C:\xampp\htdocs\tcc\app\Controllers\Home.php(45): view('barang/barang')
#6 C:\xampp\htdocs\tcc\system\CodeIgniter.php(832): App\Controllers\Home->barang()
#7 C:\xampp\htdocs\tcc\system\CodeIgniter.php(419): CodeIgniter\CodeIgniter->runController(Object(App\Controllers\Home))
#8 C:\xampp\htdocs\tcc\system\CodeIgniter.php(326): CodeIgniter\CodeIgniter->handleRequest(NULL, Object(Config\Cache), false)
#9 C:\xampp\htdocs\tcc\public\index.php(37): CodeIgniter\CodeIgniter->run()
#10 C:\xampp\htdocs\tcc\system\Commands\Server\rewrite.php(43): require_once('C:\\xampp\\htdocs...')
#11 {main}
CRITICAL - 2023-11-12 21:57:45 --> mysqli_query() expects parameter 1 to be mysqli, null given
#0 [internal function]: CodeIgniter\Debug\Exceptions->errorHandler(2, 'mysqli_query() ...', 'C:\\xampp\\htdocs...', 14, Array)
#1 C:\xampp\htdocs\tcc\app\Views\barang\barang.php(14): mysqli_query(NULL, 'SELECT max(id_b...')
#2 C:\xampp\htdocs\tcc\system\View\View.php(210): include('C:\\xampp\\htdocs...')
#3 C:\xampp\htdocs\tcc\system\View\View.php(213): CodeIgniter\View\View->CodeIgniter\View\{closure}()
#4 C:\xampp\htdocs\tcc\system\Common.php(1089): CodeIgniter\View\View->render('barang/barang', Array, true)
#5 C:\xampp\htdocs\tcc\app\Controllers\Home.php(45): view('barang/barang')
#6 C:\xampp\htdocs\tcc\system\CodeIgniter.php(832): App\Controllers\Home->barang()
#7 C:\xampp\htdocs\tcc\system\CodeIgniter.php(419): CodeIgniter\CodeIgniter->runController(Object(App\Controllers\Home))
#8 C:\xampp\htdocs\tcc\system\CodeIgniter.php(326): CodeIgniter\CodeIgniter->handleRequest(NULL, Object(Config\Cache), false)
#9 C:\xampp\htdocs\tcc\public\index.php(37): CodeIgniter\CodeIgniter->run()
#10 C:\xampp\htdocs\tcc\system\Commands\Server\rewrite.php(43): require_once('C:\\xampp\\htdocs...')
#11 {main}
CRITICAL - 2023-11-12 21:57:45 --> mysqli_query() expects parameter 1 to be mysqli, null given
#0 [internal function]: CodeIgniter\Debug\Exceptions->errorHandler(2, 'mysqli_query() ...', 'C:\\xampp\\htdocs...', 14, Array)
#1 C:\xampp\htdocs\tcc\app\Views\barang\barang.php(14): mysqli_query(NULL, 'SELECT max(id_b...')
#2 C:\xampp\htdocs\tcc\system\View\View.php(210): include('C:\\xampp\\htdocs...')
#3 C:\xampp\htdocs\tcc\system\View\View.php(213): CodeIgniter\View\View->CodeIgniter\View\{closure}()
#4 C:\xampp\htdocs\tcc\system\Common.php(1089): CodeIgniter\View\View->render('barang/barang', Array, true)
#5 C:\xampp\htdocs\tcc\app\Controllers\Home.php(45): view('barang/barang')
#6 C:\xampp\htdocs\tcc\system\CodeIgniter.php(832): App\Controllers\Home->barang()
#7 C:\xampp\htdocs\tcc\system\CodeIgniter.php(419): CodeIgniter\CodeIgniter->runController(Object(App\Controllers\Home))
#8 C:\xampp\htdocs\tcc\system\CodeIgniter.php(326): CodeIgniter\CodeIgniter->handleRequest(NULL, Object(Config\Cache), false)
#9 C:\xampp\htdocs\tcc\public\index.php(37): CodeIgniter\CodeIgniter->run()
#10 C:\xampp\htdocs\tcc\system\Commands\Server\rewrite.php(43): require_once('C:\\xampp\\htdocs...')
#11 {main}
CRITICAL - 2023-11-12 21:57:45 --> mysqli_query() expects parameter 1 to be mysqli, null given
#0 [internal function]: CodeIgniter\Debug\Exceptions->errorHandler(2, 'mysqli_query() ...', 'C:\\xampp\\htdocs...', 14, Array)
#1 C:\xampp\htdocs\tcc\app\Views\barang\barang.php(14): mysqli_query(NULL, 'SELECT max(id_b...')
#2 C:\xampp\htdocs\tcc\system\View\View.php(210): include('C:\\xampp\\htdocs...')
#3 C:\xampp\htdocs\tcc\system\View\View.php(213): CodeIgniter\View\View->CodeIgniter\View\{closure}()
#4 C:\xampp\htdocs\tcc\system\Common.php(1089): CodeIgniter\View\View->render('barang/barang', Array, true)
#5 C:\xampp\htdocs\tcc\app\Controllers\Home.php(45): view('barang/barang')
#6 C:\xampp\htdocs\tcc\system\CodeIgniter.php(832): App\Controllers\Home->barang()
#7 C:\xampp\htdocs\tcc\system\CodeIgniter.php(419): CodeIgniter\CodeIgniter->runController(Object(App\Controllers\Home))
#8 C:\xampp\htdocs\tcc\system\CodeIgniter.php(326): CodeIgniter\CodeIgniter->handleRequest(NULL, Object(Config\Cache), false)
#9 C:\xampp\htdocs\tcc\public\index.php(37): CodeIgniter\CodeIgniter->run()
#10 C:\xampp\htdocs\tcc\system\Commands\Server\rewrite.php(43): require_once('C:\\xampp\\htdocs...')
#11 {main}
CRITICAL - 2023-11-12 21:57:46 --> mysqli_query() expects parameter 1 to be mysqli, null given
#0 [internal function]: CodeIgniter\Debug\Exceptions->errorHandler(2, 'mysqli_query() ...', 'C:\\xampp\\htdocs...', 14, Array)
#1 C:\xampp\htdocs\tcc\app\Views\barang\barang.php(14): mysqli_query(NULL, 'SELECT max(id_b...')
#2 C:\xampp\htdocs\tcc\system\View\View.php(210): include('C:\\xampp\\htdocs...')
#3 C:\xampp\htdocs\tcc\system\View\View.php(213): CodeIgniter\View\View->CodeIgniter\View\{closure}()
#4 C:\xampp\htdocs\tcc\system\Common.php(1089): CodeIgniter\View\View->render('barang/barang', Array, true)
#5 C:\xampp\htdocs\tcc\app\Controllers\Home.php(45): view('barang/barang')
#6 C:\xampp\htdocs\tcc\system\CodeIgniter.php(832): App\Controllers\Home->barang()
#7 C:\xampp\htdocs\tcc\system\CodeIgniter.php(419): CodeIgniter\CodeIgniter->runController(Object(App\Controllers\Home))
#8 C:\xampp\htdocs\tcc\system\CodeIgniter.php(326): CodeIgniter\CodeIgniter->handleRequest(NULL, Object(Config\Cache), false)
#9 C:\xampp\htdocs\tcc\public\index.php(37): CodeIgniter\CodeIgniter->run()
#10 C:\xampp\htdocs\tcc\system\Commands\Server\rewrite.php(43): require_once('C:\\xampp\\htdocs...')
#11 {main}
CRITICAL - 2023-11-12 21:57:46 --> mysqli_query() expects parameter 1 to be mysqli, null given
#0 [internal function]: CodeIgniter\Debug\Exceptions->errorHandler(2, 'mysqli_query() ...', 'C:\\xampp\\htdocs...', 14, Array)
#1 C:\xampp\htdocs\tcc\app\Views\barang\barang.php(14): mysqli_query(NULL, 'SELECT max(id_b...')
#2 C:\xampp\htdocs\tcc\system\View\View.php(210): include('C:\\xampp\\htdocs...')
#3 C:\xampp\htdocs\tcc\system\View\View.php(213): CodeIgniter\View\View->CodeIgniter\View\{closure}()
#4 C:\xampp\htdocs\tcc\system\Common.php(1089): CodeIgniter\View\View->render('barang/barang', Array, true)
#5 C:\xampp\htdocs\tcc\app\Controllers\Home.php(45): view('barang/barang')
#6 C:\xampp\htdocs\tcc\system\CodeIgniter.php(832): App\Controllers\Home->barang()
#7 C:\xampp\htdocs\tcc\system\CodeIgniter.php(419): CodeIgniter\CodeIgniter->runController(Object(App\Controllers\Home))
#8 C:\xampp\htdocs\tcc\system\CodeIgniter.php(326): CodeIgniter\CodeIgniter->handleRequest(NULL, Object(Config\Cache), false)
#9 C:\xampp\htdocs\tcc\public\index.php(37): CodeIgniter\CodeIgniter->run()
#10 C:\xampp\htdocs\tcc\system\Commands\Server\rewrite.php(43): require_once('C:\\xampp\\htdocs...')
#11 {main}
CRITICAL - 2023-11-12 22:00:16 --> mysqli_fetch_array() expects parameter 1 to be mysqli_result, null given
#0 [internal function]: CodeIgniter\Debug\Exceptions->errorHandler(2, 'mysqli_fetch_ar...', 'C:\\xampp\\htdocs...', 15, Array)
#1 C:\xampp\htdocs\tcc\app\Views\barang\barang.php(15): mysqli_fetch_array(NULL)
#2 C:\xampp\htdocs\tcc\system\View\View.php(210): include('C:\\xampp\\htdocs...')
#3 C:\xampp\htdocs\tcc\system\View\View.php(213): CodeIgniter\View\View->CodeIgniter\View\{closure}()
#4 C:\xampp\htdocs\tcc\system\Common.php(1089): CodeIgniter\View\View->render('barang/barang', Array, true)
#5 C:\xampp\htdocs\tcc\app\Controllers\Home.php(45): view('barang/barang')
#6 C:\xampp\htdocs\tcc\system\CodeIgniter.php(832): App\Controllers\Home->barang()
#7 C:\xampp\htdocs\tcc\system\CodeIgniter.php(419): CodeIgniter\CodeIgniter->runController(Object(App\Controllers\Home))
#8 C:\xampp\htdocs\tcc\system\CodeIgniter.php(326): CodeIgniter\CodeIgniter->handleRequest(NULL, Object(Config\Cache), false)
#9 C:\xampp\htdocs\tcc\public\index.php(37): CodeIgniter\CodeIgniter->run()
#10 C:\xampp\htdocs\tcc\system\Commands\Server\rewrite.php(43): require_once('C:\\xampp\\htdocs...')
#11 {main}
CRITICAL - 2023-11-12 22:00:24 --> mysqli_query() expects parameter 1 to be mysqli, null given
#0 [internal function]: CodeIgniter\Debug\Exceptions->errorHandler(2, 'mysqli_query() ...', 'C:\\xampp\\htdocs...', 86, Array)
#1 C:\xampp\htdocs\tcc\app\Views\barang\barang.php(86): mysqli_query(NULL, 'select * from b...')
#2 C:\xampp\htdocs\tcc\system\View\View.php(210): include('C:\\xampp\\htdocs...')
#3 C:\xampp\htdocs\tcc\system\View\View.php(213): CodeIgniter\View\View->CodeIgniter\View\{closure}()
#4 C:\xampp\htdocs\tcc\system\Common.php(1089): CodeIgniter\View\View->render('barang/barang', Array, true)
#5 C:\xampp\htdocs\tcc\app\Controllers\Home.php(45): view('barang/barang')
#6 C:\xampp\htdocs\tcc\system\CodeIgniter.php(832): App\Controllers\Home->barang()
#7 C:\xampp\htdocs\tcc\system\CodeIgniter.php(419): CodeIgniter\CodeIgniter->runController(Object(App\Controllers\Home))
#8 C:\xampp\htdocs\tcc\system\CodeIgniter.php(326): CodeIgniter\CodeIgniter->handleRequest(NULL, Object(Config\Cache), false)
#9 C:\xampp\htdocs\tcc\public\index.php(37): CodeIgniter\CodeIgniter->run()
#10 C:\xampp\htdocs\tcc\system\Commands\Server\rewrite.php(43): require_once('C:\\xampp\\htdocs...')
#11 {main}
CRITICAL - 2023-11-12 22:01:08 --> mysqli_query() expects parameter 1 to be mysqli, null given
#0 [internal function]: CodeIgniter\Debug\Exceptions->errorHandler(2, 'mysqli_query() ...', 'C:\\xampp\\htdocs...', 86, Array)
#1 C:\xampp\htdocs\tcc\app\Views\barang\barang.php(86): mysqli_query(NULL, 'select * from b...')
#2 C:\xampp\htdocs\tcc\system\View\View.php(210): include('C:\\xampp\\htdocs...')
#3 C:\xampp\htdocs\tcc\system\View\View.php(213): CodeIgniter\View\View->CodeIgniter\View\{closure}()
#4 C:\xampp\htdocs\tcc\system\Common.php(1089): CodeIgniter\View\View->render('barang/barang', Array, true)
#5 C:\xampp\htdocs\tcc\app\Controllers\Home.php(45): view('barang/barang')
#6 C:\xampp\htdocs\tcc\system\CodeIgniter.php(832): App\Controllers\Home->barang()
#7 C:\xampp\htdocs\tcc\system\CodeIgniter.php(419): CodeIgniter\CodeIgniter->runController(Object(App\Controllers\Home))
#8 C:\xampp\htdocs\tcc\system\CodeIgniter.php(326): CodeIgniter\CodeIgniter->handleRequest(NULL, Object(Config\Cache), false)
#9 C:\xampp\htdocs\tcc\public\index.php(37): CodeIgniter\CodeIgniter->run()
#10 C:\xampp\htdocs\tcc\system\Commands\Server\rewrite.php(43): require_once('C:\\xampp\\htdocs...')
#11 {main}
CRITICAL - 2023-11-12 22:01:13 --> mysqli_fetch_array() expects parameter 1 to be mysqli_result, null given
#0 [internal function]: CodeIgniter\Debug\Exceptions->errorHandler(2, 'mysqli_fetch_ar...', 'C:\\xampp\\htdocs...', 87, Array)
#1 C:\xampp\htdocs\tcc\app\Views\barang\barang.php(87): mysqli_fetch_array(NULL)
#2 C:\xampp\htdocs\tcc\system\View\View.php(210): include('C:\\xampp\\htdocs...')
#3 C:\xampp\htdocs\tcc\system\View\View.php(213): CodeIgniter\View\View->CodeIgniter\View\{closure}()
#4 C:\xampp\htdocs\tcc\system\Common.php(1089): CodeIgniter\View\View->render('barang/barang', Array, true)
#5 C:\xampp\htdocs\tcc\app\Controllers\Home.php(45): view('barang/barang')
#6 C:\xampp\htdocs\tcc\system\CodeIgniter.php(832): App\Controllers\Home->barang()
#7 C:\xampp\htdocs\tcc\system\CodeIgniter.php(419): CodeIgniter\CodeIgniter->runController(Object(App\Controllers\Home))
#8 C:\xampp\htdocs\tcc\system\CodeIgniter.php(326): CodeIgniter\CodeIgniter->handleRequest(NULL, Object(Config\Cache), false)
#9 C:\xampp\htdocs\tcc\public\index.php(37): CodeIgniter\CodeIgniter->run()
#10 C:\xampp\htdocs\tcc\system\Commands\Server\rewrite.php(43): require_once('C:\\xampp\\htdocs...')
#11 {main}
CRITICAL - 2023-11-12 22:01:18 --> syntax error, unexpected '}', expecting end of file
#0 C:\xampp\htdocs\tcc\system\View\View.php(213): CodeIgniter\View\View->CodeIgniter\View\{closure}()
#1 C:\xampp\htdocs\tcc\system\Common.php(1089): CodeIgniter\View\View->render('barang/barang', Array, true)
#2 C:\xampp\htdocs\tcc\app\Controllers\Home.php(45): view('barang/barang')
#3 C:\xampp\htdocs\tcc\system\CodeIgniter.php(832): App\Controllers\Home->barang()
#4 C:\xampp\htdocs\tcc\system\CodeIgniter.php(419): CodeIgniter\CodeIgniter->runController(Object(App\Controllers\Home))
#5 C:\xampp\htdocs\tcc\system\CodeIgniter.php(326): CodeIgniter\CodeIgniter->handleRequest(NULL, Object(Config\Cache), false)
#6 C:\xampp\htdocs\tcc\public\index.php(37): CodeIgniter\CodeIgniter->run()
#7 C:\xampp\htdocs\tcc\system\Commands\Server\rewrite.php(43): require_once('C:\\xampp\\htdocs...')
#8 {main}
CRITICAL - 2023-11-12 22:01:31 --> syntax error, unexpected '}', expecting end of file
#0 C:\xampp\htdocs\tcc\system\View\View.php(213): CodeIgniter\View\View->CodeIgniter\View\{closure}()
#1 C:\xampp\htdocs\tcc\system\Common.php(1089): CodeIgniter\View\View->render('barang/barang', Array, true)
#2 C:\xampp\htdocs\tcc\app\Controllers\Home.php(45): view('barang/barang')
#3 C:\xampp\htdocs\tcc\system\CodeIgniter.php(832): App\Controllers\Home->barang()
#4 C:\xampp\htdocs\tcc\system\CodeIgniter.php(419): CodeIgniter\CodeIgniter->runController(Object(App\Controllers\Home))
#5 C:\xampp\htdocs\tcc\system\CodeIgniter.php(326): CodeIgniter\CodeIgniter->handleRequest(NULL, Object(Config\Cache), false)
#6 C:\xampp\htdocs\tcc\public\index.php(37): CodeIgniter\CodeIgniter->run()
#7 C:\xampp\htdocs\tcc\system\Commands\Server\rewrite.php(43): require_once('C:\\xampp\\htdocs...')
#8 {main}
CRITICAL - 2023-11-12 22:01:47 --> mysqli_query() expects parameter 1 to be mysqli, null given
#0 [internal function]: CodeIgniter\Debug\Exceptions->errorHandler(2, 'mysqli_query() ...', 'C:\\xampp\\htdocs...', 9, Array)
#1 C:\xampp\htdocs\tcc\app\Views\barang\barang.php(9): mysqli_query(NULL, 'insert into bar...')
#2 C:\xampp\htdocs\tcc\system\View\View.php(210): include('C:\\xampp\\htdocs...')
#3 C:\xampp\htdocs\tcc\system\View\View.php(213): CodeIgniter\View\View->CodeIgniter\View\{closure}()
#4 C:\xampp\htdocs\tcc\system\Common.php(1089): CodeIgniter\View\View->render('barang/barang', Array, true)
#5 C:\xampp\htdocs\tcc\app\Controllers\Home.php(45): view('barang/barang')
#6 C:\xampp\htdocs\tcc\system\CodeIgniter.php(832): App\Controllers\Home->barang()
#7 C:\xampp\htdocs\tcc\system\CodeIgniter.php(419): CodeIgniter\CodeIgniter->runController(Object(App\Controllers\Home))
#8 C:\xampp\htdocs\tcc\system\CodeIgniter.php(326): CodeIgniter\CodeIgniter->handleRequest(NULL, Object(Config\Cache), false)
#9 C:\xampp\htdocs\tcc\public\index.php(37): CodeIgniter\CodeIgniter->run()
#10 C:\xampp\htdocs\tcc\system\Commands\Server\rewrite.php(43): require_once('C:\\xampp\\htdocs...')
#11 {main}
CRITICAL - 2023-11-12 22:03:40 --> mysqli_query() expects parameter 1 to be mysqli, null given
#0 [internal function]: CodeIgniter\Debug\Exceptions->errorHandler(2, 'mysqli_query() ...', 'C:\\xampp\\htdocs...', 14, Array)
#1 C:\xampp\htdocs\tcc\app\Views\barang\barang.php(14): mysqli_query(NULL, 'SELECT max(id_b...')
#2 C:\xampp\htdocs\tcc\system\View\View.php(210): include('C:\\xampp\\htdocs...')
#3 C:\xampp\htdocs\tcc\system\View\View.php(213): CodeIgniter\View\View->CodeIgniter\View\{closure}()
#4 C:\xampp\htdocs\tcc\system\Common.php(1089): CodeIgniter\View\View->render('barang/barang', Array, true)
#5 C:\xampp\htdocs\tcc\app\Controllers\Home.php(45): view('barang/barang')
#6 C:\xampp\htdocs\tcc\system\CodeIgniter.php(832): App\Controllers\Home->barang()
#7 C:\xampp\htdocs\tcc\system\CodeIgniter.php(419): CodeIgniter\CodeIgniter->runController(Object(App\Controllers\Home))
#8 C:\xampp\htdocs\tcc\system\CodeIgniter.php(326): CodeIgniter\CodeIgniter->handleRequest(NULL, Object(Config\Cache), false)
#9 C:\xampp\htdocs\tcc\public\index.php(37): CodeIgniter\CodeIgniter->run()
#10 C:\xampp\htdocs\tcc\system\Commands\Server\rewrite.php(43): require_once('C:\\xampp\\htdocs...')
#11 {main}
CRITICAL - 2023-11-12 22:05:14 --> mysqli_query() expects parameter 1 to be mysqli, null given
#0 [internal function]: CodeIgniter\Debug\Exceptions->errorHandler(2, 'mysqli_query() ...', 'C:\\xampp\\htdocs...', 14, Array)
#1 C:\xampp\htdocs\tcc\app\Views\barang\barang.php(14): mysqli_query(NULL, 'SELECT max(id) ...')
#2 C:\xampp\htdocs\tcc\system\View\View.php(210): include('C:\\xampp\\htdocs...')
#3 C:\xampp\htdocs\tcc\system\View\View.php(213): CodeIgniter\View\View->CodeIgniter\View\{closure}()
#4 C:\xampp\htdocs\tcc\system\Common.php(1089): CodeIgniter\View\View->render('barang/barang', Array, true)
#5 C:\xampp\htdocs\tcc\app\Controllers\Home.php(45): view('barang/barang')
#6 C:\xampp\htdocs\tcc\system\CodeIgniter.php(832): App\Controllers\Home->barang()
#7 C:\xampp\htdocs\tcc\system\CodeIgniter.php(419): CodeIgniter\CodeIgniter->runController(Object(App\Controllers\Home))
#8 C:\xampp\htdocs\tcc\system\CodeIgniter.php(326): CodeIgniter\CodeIgniter->handleRequest(NULL, Object(Config\Cache), false)
#9 C:\xampp\htdocs\tcc\public\index.php(37): CodeIgniter\CodeIgniter->run()
#10 C:\xampp\htdocs\tcc\system\Commands\Server\rewrite.php(43): require_once('C:\\xampp\\htdocs...')
#11 {main}
CRITICAL - 2023-11-12 22:05:23 --> mysqli_query() expects parameter 1 to be mysqli, null given
#0 [internal function]: CodeIgniter\Debug\Exceptions->errorHandler(2, 'mysqli_query() ...', 'C:\\xampp\\htdocs...', 14, Array)
#1 C:\xampp\htdocs\tcc\app\Views\barang\barang.php(14): mysqli_query(NULL, 'SELECT max(id_b...')
#2 C:\xampp\htdocs\tcc\system\View\View.php(210): include('C:\\xampp\\htdocs...')
#3 C:\xampp\htdocs\tcc\system\View\View.php(213): CodeIgniter\View\View->CodeIgniter\View\{closure}()
#4 C:\xampp\htdocs\tcc\system\Common.php(1089): CodeIgniter\View\View->render('barang/barang', Array, true)
#5 C:\xampp\htdocs\tcc\app\Controllers\Home.php(45): view('barang/barang')
#6 C:\xampp\htdocs\tcc\system\CodeIgniter.php(832): App\Controllers\Home->barang()
#7 C:\xampp\htdocs\tcc\system\CodeIgniter.php(419): CodeIgniter\CodeIgniter->runController(Object(App\Controllers\Home))
#8 C:\xampp\htdocs\tcc\system\CodeIgniter.php(326): CodeIgniter\CodeIgniter->handleRequest(NULL, Object(Config\Cache), false)
#9 C:\xampp\htdocs\tcc\public\index.php(37): CodeIgniter\CodeIgniter->run()
#10 C:\xampp\htdocs\tcc\system\Commands\Server\rewrite.php(43): require_once('C:\\xampp\\htdocs...')
#11 {main}
