CRITICAL - 2023-08-06 06:39:59 --> syntax error, unexpected 'public' (T_PUBLIC)
#0 C:\xampp\htdocs\in\system\Router\Router.php(175): CodeIgniter\Router\Router->autoRoute('home/rombel')
#1 C:\xampp\htdocs\in\system\CodeIgniter.php(726): CodeIgniter\Router\Router->handle('home/rombel')
#2 C:\xampp\htdocs\in\system\CodeIgniter.php(368): CodeIgniter\CodeIgniter->tryToRouteIt(Object(CodeIgniter\Router\RouteCollection))
#3 C:\xampp\htdocs\in\system\CodeIgniter.php(326): CodeIgniter\CodeIgniter->handleRequest(NULL, Object(Config\Cache), false)
#4 C:\xampp\htdocs\in\public\index.php(37): CodeIgniter\CodeIgniter->run()
#5 C:\xampp\htdocs\in\system\Commands\Server\rewrite.php(43): require_once('C:\\xampp\\htdocs...')
#6 {main}
CRITICAL - 2023-08-06 20:14:26 --> syntax error, unexpected '->' (T_OBJECT_OPERATOR)
#0 C:\xampp\htdocs\in\system\Router\Router.php(175): CodeIgniter\Router\Router->autoRoute('home/excel_p')
#1 C:\xampp\htdocs\in\system\CodeIgniter.php(726): CodeIgniter\Router\Router->handle('home/excel_p')
#2 C:\xampp\htdocs\in\system\CodeIgniter.php(368): CodeIgniter\CodeIgniter->tryToRouteIt(Object(CodeIgniter\Router\RouteCollection))
#3 C:\xampp\htdocs\in\system\CodeIgniter.php(326): CodeIgniter\CodeIgniter->handleRequest(NULL, Object(Config\Cache), false)
#4 C:\xampp\htdocs\in\public\index.php(37): CodeIgniter\CodeIgniter->run()
#5 C:\xampp\htdocs\in\system\Commands\Server\rewrite.php(43): require_once('C:\\xampp\\htdocs...')
#6 {main}
CRITICAL - 2023-08-06 20:14:38 --> syntax error, unexpected '->' (T_OBJECT_OPERATOR)
#0 C:\xampp\htdocs\in\system\Router\Router.php(175): CodeIgniter\Router\Router->autoRoute('home/excel_p')
#1 C:\xampp\htdocs\in\system\CodeIgniter.php(726): CodeIgniter\Router\Router->handle('home/excel_p')
#2 C:\xampp\htdocs\in\system\CodeIgniter.php(368): CodeIgniter\CodeIgniter->tryToRouteIt(Object(CodeIgniter\Router\RouteCollection))
#3 C:\xampp\htdocs\in\system\CodeIgniter.php(326): CodeIgniter\CodeIgniter->handleRequest(NULL, Object(Config\Cache), false)
#4 C:\xampp\htdocs\in\public\index.php(37): CodeIgniter\CodeIgniter->run()
#5 C:\xampp\htdocs\in\system\Commands\Server\rewrite.php(43): require_once('C:\\xampp\\htdocs...')
#6 {main}
