CRITICAL - 2023-05-24 01:12:16 --> Undefined variable $pass
#0 C:\laragon\www\CIdonasi\app\Controllers\Home.php(23): CodeIgniter\Debug\Exceptions->errorHandler(2, 'Undefined varia...', 'C:\\laragon\\www\\...', 23)
#1 C:\laragon\www\CIdonasi\system\CodeIgniter.php(832): App\Controllers\Home->login()
#2 C:\laragon\www\CIdonasi\system\CodeIgniter.php(419): CodeIgniter\CodeIgniter->runController(Object(App\Controllers\Home))
#3 C:\laragon\www\CIdonasi\system\CodeIgniter.php(326): CodeIgniter\CodeIgniter->handleRequest(NULL, Object(Config\Cache), false)
#4 C:\laragon\www\CIdonasi\public\index.php(37): CodeIgniter\CodeIgniter->run()
#5 {main}
CRITICAL - 2023-05-24 01:12:16 --> Undefined variable $pass
#0 C:\laragon\www\CIdonasi\app\Controllers\Home.php(23): CodeIgniter\Debug\Exceptions->errorHandler(2, 'Undefined varia...', 'C:\\laragon\\www\\...', 23)
#1 C:\laragon\www\CIdonasi\system\CodeIgniter.php(832): App\Controllers\Home->login()
#2 C:\laragon\www\CIdonasi\system\CodeIgniter.php(419): CodeIgniter\CodeIgniter->runController(Object(App\Controllers\Home))
#3 C:\laragon\www\CIdonasi\system\CodeIgniter.php(326): CodeIgniter\CodeIgniter->handleRequest(NULL, Object(Config\Cache), false)
#4 C:\laragon\www\CIdonasi\public\index.php(37): CodeIgniter\CodeIgniter->run()
#5 {main}
CRITICAL - 2023-05-24 01:18:07 --> syntax error, unexpected variable "$cek"
#0 C:\laragon\www\CIdonasi\system\Autoloader\Autoloader.php(241): CodeIgniter\Autoloader\Autoloader->includeFile('C:\\laragon\\www\\...')
#1 C:\laragon\www\CIdonasi\system\Autoloader\Autoloader.php(219): CodeIgniter\Autoloader\Autoloader->loadInNamespace('App\\Controllers...')
#2 [internal function]: CodeIgniter\Autoloader\Autoloader->loadClass('App\\Controllers...')
#3 C:\laragon\www\CIdonasi\system\CodeIgniter.php(797): class_exists('\\App\\Controller...', true)
#4 C:\laragon\www\CIdonasi\system\CodeIgniter.php(406): CodeIgniter\CodeIgniter->startController()
#5 C:\laragon\www\CIdonasi\system\CodeIgniter.php(326): CodeIgniter\CodeIgniter->handleRequest(NULL, Object(Config\Cache), false)
#6 C:\laragon\www\CIdonasi\public\index.php(37): CodeIgniter\CodeIgniter->run()
#7 {main}
CRITICAL - 2023-05-24 01:18:07 --> syntax error, unexpected variable "$cek"
#0 C:\laragon\www\CIdonasi\system\Autoloader\Autoloader.php(241): CodeIgniter\Autoloader\Autoloader->includeFile('C:\\laragon\\www\\...')
#1 C:\laragon\www\CIdonasi\system\Autoloader\Autoloader.php(219): CodeIgniter\Autoloader\Autoloader->loadInNamespace('App\\Controllers...')
#2 [internal function]: CodeIgniter\Autoloader\Autoloader->loadClass('App\\Controllers...')
#3 C:\laragon\www\CIdonasi\system\CodeIgniter.php(797): class_exists('\\App\\Controller...', true)
#4 C:\laragon\www\CIdonasi\system\CodeIgniter.php(406): CodeIgniter\CodeIgniter->startController()
#5 C:\laragon\www\CIdonasi\system\CodeIgniter.php(326): CodeIgniter\CodeIgniter->handleRequest(NULL, Object(Config\Cache), false)
#6 C:\laragon\www\CIdonasi\public\index.php(37): CodeIgniter\CodeIgniter->run()
#7 {main}
CRITICAL - 2023-05-24 01:18:08 --> syntax error, unexpected variable "$cek"
#0 C:\laragon\www\CIdonasi\system\Router\Router.php(175): CodeIgniter\Router\Router->autoRoute('home/login')
#1 C:\laragon\www\CIdonasi\system\CodeIgniter.php(726): CodeIgniter\Router\Router->handle('home/login')
#2 C:\laragon\www\CIdonasi\system\CodeIgniter.php(368): CodeIgniter\CodeIgniter->tryToRouteIt(Object(CodeIgniter\Router\RouteCollection))
#3 C:\laragon\www\CIdonasi\system\CodeIgniter.php(326): CodeIgniter\CodeIgniter->handleRequest(NULL, Object(Config\Cache), false)
#4 C:\laragon\www\CIdonasi\public\index.php(37): CodeIgniter\CodeIgniter->run()
#5 {main}
CRITICAL - 2023-05-24 01:18:09 --> syntax error, unexpected variable "$cek"
#0 C:\laragon\www\CIdonasi\system\Router\Router.php(175): CodeIgniter\Router\Router->autoRoute('home/login')
#1 C:\laragon\www\CIdonasi\system\CodeIgniter.php(726): CodeIgniter\Router\Router->handle('home/login')
#2 C:\laragon\www\CIdonasi\system\CodeIgniter.php(368): CodeIgniter\CodeIgniter->tryToRouteIt(Object(CodeIgniter\Router\RouteCollection))
#3 C:\laragon\www\CIdonasi\system\CodeIgniter.php(326): CodeIgniter\CodeIgniter->handleRequest(NULL, Object(Config\Cache), false)
#4 C:\laragon\www\CIdonasi\public\index.php(37): CodeIgniter\CodeIgniter->run()
#5 {main}
CRITICAL - 2023-05-24 01:18:13 --> syntax error, unexpected variable "$cek"
#0 C:\laragon\www\CIdonasi\system\Router\Router.php(175): CodeIgniter\Router\Router->autoRoute('home/login')
#1 C:\laragon\www\CIdonasi\system\CodeIgniter.php(726): CodeIgniter\Router\Router->handle('home/login')
#2 C:\laragon\www\CIdonasi\system\CodeIgniter.php(368): CodeIgniter\CodeIgniter->tryToRouteIt(Object(CodeIgniter\Router\RouteCollection))
#3 C:\laragon\www\CIdonasi\system\CodeIgniter.php(326): CodeIgniter\CodeIgniter->handleRequest(NULL, Object(Config\Cache), false)
#4 C:\laragon\www\CIdonasi\public\index.php(37): CodeIgniter\CodeIgniter->run()
#5 {main}
CRITICAL - 2023-05-24 01:18:13 --> syntax error, unexpected variable "$cek"
#0 C:\laragon\www\CIdonasi\system\Router\Router.php(175): CodeIgniter\Router\Router->autoRoute('home/login')
#1 C:\laragon\www\CIdonasi\system\CodeIgniter.php(726): CodeIgniter\Router\Router->handle('home/login')
#2 C:\laragon\www\CIdonasi\system\CodeIgniter.php(368): CodeIgniter\CodeIgniter->tryToRouteIt(Object(CodeIgniter\Router\RouteCollection))
#3 C:\laragon\www\CIdonasi\system\CodeIgniter.php(326): CodeIgniter\CodeIgniter->handleRequest(NULL, Object(Config\Cache), false)
#4 C:\laragon\www\CIdonasi\public\index.php(37): CodeIgniter\CodeIgniter->run()
#5 {main}
CRITICAL - 2023-05-24 01:37:45 --> Cannot use object of type stdClass as array
#0 C:\laragon\www\CIdonasi\system\View\View.php(210): include()
#1 C:\laragon\www\CIdonasi\system\View\View.php(213): CodeIgniter\View\View->CodeIgniter\View\{closure}()
#2 C:\laragon\www\CIdonasi\system\Common.php(1089): CodeIgniter\View\View->render('users/users', Array, true)
#3 C:\laragon\www\CIdonasi\app\Controllers\Home.php(81): view('users/users', Array)
#4 C:\laragon\www\CIdonasi\system\CodeIgniter.php(832): App\Controllers\Home->user()
#5 C:\laragon\www\CIdonasi\system\CodeIgniter.php(419): CodeIgniter\CodeIgniter->runController(Object(App\Controllers\Home))
#6 C:\laragon\www\CIdonasi\system\CodeIgniter.php(326): CodeIgniter\CodeIgniter->handleRequest(NULL, Object(Config\Cache), false)
#7 C:\laragon\www\CIdonasi\public\index.php(37): CodeIgniter\CodeIgniter->run()
#8 {main}
CRITICAL - 2023-05-24 01:37:45 --> Cannot use object of type stdClass as array
#0 C:\laragon\www\CIdonasi\system\View\View.php(210): include()
#1 C:\laragon\www\CIdonasi\system\View\View.php(213): CodeIgniter\View\View->CodeIgniter\View\{closure}()
#2 C:\laragon\www\CIdonasi\system\Common.php(1089): CodeIgniter\View\View->render('users/users', Array, true)
#3 C:\laragon\www\CIdonasi\app\Controllers\Home.php(81): view('users/users', Array)
#4 C:\laragon\www\CIdonasi\system\CodeIgniter.php(832): App\Controllers\Home->user()
#5 C:\laragon\www\CIdonasi\system\CodeIgniter.php(419): CodeIgniter\CodeIgniter->runController(Object(App\Controllers\Home))
#6 C:\laragon\www\CIdonasi\system\CodeIgniter.php(326): CodeIgniter\CodeIgniter->handleRequest(NULL, Object(Config\Cache), false)
#7 C:\laragon\www\CIdonasi\public\index.php(37): CodeIgniter\CodeIgniter->run()
#8 {main}
CRITICAL - 2023-05-24 01:40:02 --> Undefined variable $class
#0 C:\laragon\www\CIdonasi\app\Views\users\users.php(28): CodeIgniter\Debug\Exceptions->errorHandler(2, 'Undefined varia...', 'C:\\laragon\\www\\...', 28)
#1 C:\laragon\www\CIdonasi\system\View\View.php(210): include('C:\\laragon\\www\\...')
#2 C:\laragon\www\CIdonasi\system\View\View.php(213): CodeIgniter\View\View->CodeIgniter\View\{closure}()
#3 C:\laragon\www\CIdonasi\system\Common.php(1089): CodeIgniter\View\View->render('users/users', Array, true)
#4 C:\laragon\www\CIdonasi\app\Controllers\Home.php(81): view('users/users', Array)
#5 C:\laragon\www\CIdonasi\system\CodeIgniter.php(832): App\Controllers\Home->user()
#6 C:\laragon\www\CIdonasi\system\CodeIgniter.php(419): CodeIgniter\CodeIgniter->runController(Object(App\Controllers\Home))
#7 C:\laragon\www\CIdonasi\system\CodeIgniter.php(326): CodeIgniter\CodeIgniter->handleRequest(NULL, Object(Config\Cache), false)
#8 C:\laragon\www\CIdonasi\public\index.php(37): CodeIgniter\CodeIgniter->run()
#9 {main}
CRITICAL - 2023-05-24 01:40:02 --> Undefined variable $class
#0 C:\laragon\www\CIdonasi\app\Views\users\users.php(28): CodeIgniter\Debug\Exceptions->errorHandler(2, 'Undefined varia...', 'C:\\laragon\\www\\...', 28)
#1 C:\laragon\www\CIdonasi\system\View\View.php(210): include('C:\\laragon\\www\\...')
#2 C:\laragon\www\CIdonasi\system\View\View.php(213): CodeIgniter\View\View->CodeIgniter\View\{closure}()
#3 C:\laragon\www\CIdonasi\system\Common.php(1089): CodeIgniter\View\View->render('users/users', Array, true)
#4 C:\laragon\www\CIdonasi\app\Controllers\Home.php(81): view('users/users', Array)
#5 C:\laragon\www\CIdonasi\system\CodeIgniter.php(832): App\Controllers\Home->user()
#6 C:\laragon\www\CIdonasi\system\CodeIgniter.php(419): CodeIgniter\CodeIgniter->runController(Object(App\Controllers\Home))
#7 C:\laragon\www\CIdonasi\system\CodeIgniter.php(326): CodeIgniter\CodeIgniter->handleRequest(NULL, Object(Config\Cache), false)
#8 C:\laragon\www\CIdonasi\public\index.php(37): CodeIgniter\CodeIgniter->run()
#9 {main}
CRITICAL - 2023-05-24 23:44:33 --> Invalid file: donatur/donatur.php
#0 C:\laragon\www\CIdonasi\system\View\View.php(198): CodeIgniter\Exceptions\FrameworkException::forInvalidFile('donatur/donatur...')
#1 C:\laragon\www\CIdonasi\system\Common.php(1089): CodeIgniter\View\View->render('donatur/donatur', Array, true)
#2 C:\laragon\www\CIdonasi\app\Controllers\Home.php(125): view('donatur/donatur', Array)
#3 C:\laragon\www\CIdonasi\system\CodeIgniter.php(832): App\Controllers\Home->donatur()
#4 C:\laragon\www\CIdonasi\system\CodeIgniter.php(419): CodeIgniter\CodeIgniter->runController(Object(App\Controllers\Home))
#5 C:\laragon\www\CIdonasi\system\CodeIgniter.php(326): CodeIgniter\CodeIgniter->handleRequest(NULL, Object(Config\Cache), false)
#6 C:\laragon\www\CIdonasi\public\index.php(37): CodeIgniter\CodeIgniter->run()
#7 {main}
CRITICAL - 2023-05-24 23:44:33 --> Invalid file: donatur/donatur.php
#0 C:\laragon\www\CIdonasi\system\View\View.php(198): CodeIgniter\Exceptions\FrameworkException::forInvalidFile('donatur/donatur...')
#1 C:\laragon\www\CIdonasi\system\Common.php(1089): CodeIgniter\View\View->render('donatur/donatur', Array, true)
#2 C:\laragon\www\CIdonasi\app\Controllers\Home.php(125): view('donatur/donatur', Array)
#3 C:\laragon\www\CIdonasi\system\CodeIgniter.php(832): App\Controllers\Home->donatur()
#4 C:\laragon\www\CIdonasi\system\CodeIgniter.php(419): CodeIgniter\CodeIgniter->runController(Object(App\Controllers\Home))
#5 C:\laragon\www\CIdonasi\system\CodeIgniter.php(326): CodeIgniter\CodeIgniter->handleRequest(NULL, Object(Config\Cache), false)
#6 C:\laragon\www\CIdonasi\public\index.php(37): CodeIgniter\CodeIgniter->run()
#7 {main}
CRITICAL - 2023-05-24 23:51:09 --> Cannot redeclare App\Controllers\Home::donatur()
#0 [internal function]: CodeIgniter\Debug\Exceptions->shutdownHandler()
#1 {main}
CRITICAL - 2023-05-24 23:51:09 --> Cannot redeclare App\Controllers\Home::donatur()
#0 [internal function]: CodeIgniter\Debug\Exceptions->shutdownHandler()
#1 {main}
CRITICAL - 2023-05-24 23:51:24 --> Undefined property: stdClass::$bank
#0 C:\laragon\www\CIdonasi\app\Views\tempat\tempat.php(28): CodeIgniter\Debug\Exceptions->errorHandler(2, 'Undefined prope...', 'C:\\laragon\\www\\...', 28)
#1 C:\laragon\www\CIdonasi\system\View\View.php(210): include('C:\\laragon\\www\\...')
#2 C:\laragon\www\CIdonasi\system\View\View.php(213): CodeIgniter\View\View->CodeIgniter\View\{closure}()
#3 C:\laragon\www\CIdonasi\system\Common.php(1089): CodeIgniter\View\View->render('tempat/tempat', Array, true)
#4 C:\laragon\www\CIdonasi\app\Controllers\Home.php(144): view('tempat/tempat', Array)
#5 C:\laragon\www\CIdonasi\system\CodeIgniter.php(832): App\Controllers\Home->tempat()
#6 C:\laragon\www\CIdonasi\system\CodeIgniter.php(419): CodeIgniter\CodeIgniter->runController(Object(App\Controllers\Home))
#7 C:\laragon\www\CIdonasi\system\CodeIgniter.php(326): CodeIgniter\CodeIgniter->handleRequest(NULL, Object(Config\Cache), false)
#8 C:\laragon\www\CIdonasi\public\index.php(37): CodeIgniter\CodeIgniter->run()
#9 {main}
CRITICAL - 2023-05-24 23:51:24 --> Undefined property: stdClass::$bank
#0 C:\laragon\www\CIdonasi\app\Views\tempat\tempat.php(28): CodeIgniter\Debug\Exceptions->errorHandler(2, 'Undefined prope...', 'C:\\laragon\\www\\...', 28)
#1 C:\laragon\www\CIdonasi\system\View\View.php(210): include('C:\\laragon\\www\\...')
#2 C:\laragon\www\CIdonasi\system\View\View.php(213): CodeIgniter\View\View->CodeIgniter\View\{closure}()
#3 C:\laragon\www\CIdonasi\system\Common.php(1089): CodeIgniter\View\View->render('tempat/tempat', Array, true)
#4 C:\laragon\www\CIdonasi\app\Controllers\Home.php(144): view('tempat/tempat', Array)
#5 C:\laragon\www\CIdonasi\system\CodeIgniter.php(832): App\Controllers\Home->tempat()
#6 C:\laragon\www\CIdonasi\system\CodeIgniter.php(419): CodeIgniter\CodeIgniter->runController(Object(App\Controllers\Home))
#7 C:\laragon\www\CIdonasi\system\CodeIgniter.php(326): CodeIgniter\CodeIgniter->handleRequest(NULL, Object(Config\Cache), false)
#8 C:\laragon\www\CIdonasi\public\index.php(37): CodeIgniter\CodeIgniter->run()
#9 {main}
