CRITICAL - 2023-10-18 21:39:17 --> syntax error, unexpected 'public' (T_PUBLIC)
#0 C:\xampp\htdocs\kebun\system\Autoloader\Autoloader.php(241): CodeIgniter\Autoloader\Autoloader->includeFile('C:\\xampp\\htdocs...')
#1 C:\xampp\htdocs\kebun\system\Autoloader\Autoloader.php(219): CodeIgniter\Autoloader\Autoloader->loadInNamespace('App\\Models\\M_mo...')
#2 [internal function]: CodeIgniter\Autoloader\Autoloader->loadClass('App\\Models\\M_mo...')
#3 C:\xampp\htdocs\kebun\app\Controllers\Home.php(16): spl_autoload_call('App\\Models\\M_mo...')
#4 C:\xampp\htdocs\kebun\system\CodeIgniter.php(832): App\Controllers\Home->index()
#5 C:\xampp\htdocs\kebun\system\CodeIgniter.php(419): CodeIgniter\CodeIgniter->runController(Object(App\Controllers\Home))
#6 C:\xampp\htdocs\kebun\system\CodeIgniter.php(326): CodeIgniter\CodeIgniter->handleRequest(NULL, Object(Config\Cache), false)
#7 C:\xampp\htdocs\kebun\public\index.php(37): CodeIgniter\CodeIgniter->run()
#8 C:\xampp\htdocs\kebun\system\Commands\Server\rewrite.php(43): require_once('C:\\xampp\\htdocs...')
#9 {main}
CRITICAL - 2023-10-18 21:39:18 --> syntax error, unexpected 'public' (T_PUBLIC)
#0 C:\xampp\htdocs\kebun\system\Autoloader\Autoloader.php(241): CodeIgniter\Autoloader\Autoloader->includeFile('C:\\xampp\\htdocs...')
#1 C:\xampp\htdocs\kebun\system\Autoloader\Autoloader.php(219): CodeIgniter\Autoloader\Autoloader->loadInNamespace('App\\Models\\M_mo...')
#2 [internal function]: CodeIgniter\Autoloader\Autoloader->loadClass('App\\Models\\M_mo...')
#3 C:\xampp\htdocs\kebun\app\Controllers\Home.php(16): spl_autoload_call('App\\Models\\M_mo...')
#4 C:\xampp\htdocs\kebun\system\CodeIgniter.php(832): App\Controllers\Home->index()
#5 C:\xampp\htdocs\kebun\system\CodeIgniter.php(419): CodeIgniter\CodeIgniter->runController(Object(App\Controllers\Home))
#6 C:\xampp\htdocs\kebun\system\CodeIgniter.php(326): CodeIgniter\CodeIgniter->handleRequest(NULL, Object(Config\Cache), false)
#7 C:\xampp\htdocs\kebun\public\index.php(37): CodeIgniter\CodeIgniter->run()
#8 C:\xampp\htdocs\kebun\system\Commands\Server\rewrite.php(43): require_once('C:\\xampp\\htdocs...')
#9 {main}
CRITICAL - 2023-10-18 21:39:18 --> syntax error, unexpected 'public' (T_PUBLIC)
#0 C:\xampp\htdocs\kebun\system\Autoloader\Autoloader.php(241): CodeIgniter\Autoloader\Autoloader->includeFile('C:\\xampp\\htdocs...')
#1 C:\xampp\htdocs\kebun\system\Autoloader\Autoloader.php(219): CodeIgniter\Autoloader\Autoloader->loadInNamespace('App\\Models\\M_mo...')
#2 [internal function]: CodeIgniter\Autoloader\Autoloader->loadClass('App\\Models\\M_mo...')
#3 C:\xampp\htdocs\kebun\app\Controllers\Home.php(16): spl_autoload_call('App\\Models\\M_mo...')
#4 C:\xampp\htdocs\kebun\system\CodeIgniter.php(832): App\Controllers\Home->index()
#5 C:\xampp\htdocs\kebun\system\CodeIgniter.php(419): CodeIgniter\CodeIgniter->runController(Object(App\Controllers\Home))
#6 C:\xampp\htdocs\kebun\system\CodeIgniter.php(326): CodeIgniter\CodeIgniter->handleRequest(NULL, Object(Config\Cache), false)
#7 C:\xampp\htdocs\kebun\public\index.php(37): CodeIgniter\CodeIgniter->run()
#8 C:\xampp\htdocs\kebun\system\Commands\Server\rewrite.php(43): require_once('C:\\xampp\\htdocs...')
#9 {main}
CRITICAL - 2023-10-18 21:39:18 --> syntax error, unexpected 'public' (T_PUBLIC)
#0 C:\xampp\htdocs\kebun\system\Autoloader\Autoloader.php(241): CodeIgniter\Autoloader\Autoloader->includeFile('C:\\xampp\\htdocs...')
#1 C:\xampp\htdocs\kebun\system\Autoloader\Autoloader.php(219): CodeIgniter\Autoloader\Autoloader->loadInNamespace('App\\Models\\M_mo...')
#2 [internal function]: CodeIgniter\Autoloader\Autoloader->loadClass('App\\Models\\M_mo...')
#3 C:\xampp\htdocs\kebun\app\Controllers\Home.php(16): spl_autoload_call('App\\Models\\M_mo...')
#4 C:\xampp\htdocs\kebun\system\CodeIgniter.php(832): App\Controllers\Home->index()
#5 C:\xampp\htdocs\kebun\system\CodeIgniter.php(419): CodeIgniter\CodeIgniter->runController(Object(App\Controllers\Home))
#6 C:\xampp\htdocs\kebun\system\CodeIgniter.php(326): CodeIgniter\CodeIgniter->handleRequest(NULL, Object(Config\Cache), false)
#7 C:\xampp\htdocs\kebun\public\index.php(37): CodeIgniter\CodeIgniter->run()
#8 C:\xampp\htdocs\kebun\system\Commands\Server\rewrite.php(43): require_once('C:\\xampp\\htdocs...')
#9 {main}
